[1.446s] Invoking command in '/home/yahboom/S24_RobotProgramming_eloquent/lab3/roscourse_ws/src/teleop_twist_keyboard': PYTHONPATH=/home/yahboom/S24_RobotProgramming_eloquent/lab3/roscourse_ws/src/build/teleop_twist_keyboard/prefix_override:/home/yahboom/S24_RobotProgramming_eloquent/lab3/roscourse_ws/src/install/teleop_twist_keyboard/lib/python3.8/site-packages:${PYTHONPATH} /usr/bin/python3 setup.py egg_info --egg-base ../build/teleop_twist_keyboard build --build-base /home/yahboom/S24_RobotProgramming_eloquent/lab3/roscourse_ws/src/build/teleop_twist_keyboard/build install --record /home/yahboom/S24_RobotProgramming_eloquent/lab3/roscourse_ws/src/build/teleop_twist_keyboard/install.log --single-version-externally-managed
[1.684s] running egg_info
[1.684s] creating ../build/teleop_twist_keyboard/teleop_twist_keyboard.egg-info
[1.685s] writing ../build/teleop_twist_keyboard/teleop_twist_keyboard.egg-info/PKG-INFO
[1.685s] writing dependency_links to ../build/teleop_twist_keyboard/teleop_twist_keyboard.egg-info/dependency_links.txt
[1.685s] writing entry points to ../build/teleop_twist_keyboard/teleop_twist_keyboard.egg-info/entry_points.txt
[1.685s] writing requirements to ../build/teleop_twist_keyboard/teleop_twist_keyboard.egg-info/requires.txt
[1.685s] writing top-level names to ../build/teleop_twist_keyboard/teleop_twist_keyboard.egg-info/top_level.txt
[1.687s] writing manifest file '../build/teleop_twist_keyboard/teleop_twist_keyboard.egg-info/SOURCES.txt'
[1.724s] reading manifest file '../build/teleop_twist_keyboard/teleop_twist_keyboard.egg-info/SOURCES.txt'
[1.725s] writing manifest file '../build/teleop_twist_keyboard/teleop_twist_keyboard.egg-info/SOURCES.txt'
[1.725s] running build
[1.725s] running build_py
[1.725s] creating /home/yahboom/S24_RobotProgramming_eloquent/lab3/roscourse_ws/src/build/teleop_twist_keyboard/build
[1.726s] creating /home/yahboom/S24_RobotProgramming_eloquent/lab3/roscourse_ws/src/build/teleop_twist_keyboard/build/lib
[1.726s] copying teleop_twist_keyboard.py -> /home/yahboom/S24_RobotProgramming_eloquent/lab3/roscourse_ws/src/build/teleop_twist_keyboard/build/lib
[1.727s] running install
[1.728s] running install_lib
[1.730s] copying /home/yahboom/S24_RobotProgramming_eloquent/lab3/roscourse_ws/src/build/teleop_twist_keyboard/build/lib/teleop_twist_keyboard.py -> /home/yahboom/S24_RobotProgramming_eloquent/lab3/roscourse_ws/src/install/teleop_twist_keyboard/lib/python3.8/site-packages
[1.731s] byte-compiling /home/yahboom/S24_RobotProgramming_eloquent/lab3/roscourse_ws/src/install/teleop_twist_keyboard/lib/python3.8/site-packages/teleop_twist_keyboard.py to teleop_twist_keyboard.cpython-38.pyc
[1.734s] running install_data
[1.735s] creating /home/yahboom/S24_RobotProgramming_eloquent/lab3/roscourse_ws/src/install/teleop_twist_keyboard/share/ament_index
[1.735s] creating /home/yahboom/S24_RobotProgramming_eloquent/lab3/roscourse_ws/src/install/teleop_twist_keyboard/share/ament_index/resource_index
[1.735s] creating /home/yahboom/S24_RobotProgramming_eloquent/lab3/roscourse_ws/src/install/teleop_twist_keyboard/share/ament_index/resource_index/packages
[1.735s] copying resource/teleop_twist_keyboard -> /home/yahboom/S24_RobotProgramming_eloquent/lab3/roscourse_ws/src/install/teleop_twist_keyboard/share/ament_index/resource_index/packages
[1.736s] copying package.xml -> /home/yahboom/S24_RobotProgramming_eloquent/lab3/roscourse_ws/src/install/teleop_twist_keyboard/share/teleop_twist_keyboard
[1.736s] running install_egg_info
[1.738s] Copying ../build/teleop_twist_keyboard/teleop_twist_keyboard.egg-info to /home/yahboom/S24_RobotProgramming_eloquent/lab3/roscourse_ws/src/install/teleop_twist_keyboard/lib/python3.8/site-packages/teleop_twist_keyboard-2.3.2-py3.8.egg-info
[1.739s] running install_scripts
[1.757s] Installing teleop_twist_keyboard script to /home/yahboom/S24_RobotProgramming_eloquent/lab3/roscourse_ws/src/install/teleop_twist_keyboard/lib/teleop_twist_keyboard
[1.757s] writing list of installed files to '/home/yahboom/S24_RobotProgramming_eloquent/lab3/roscourse_ws/src/build/teleop_twist_keyboard/install.log'
[1.779s] Invoked command in '/home/yahboom/S24_RobotProgramming_eloquent/lab3/roscourse_ws/src/teleop_twist_keyboard' returned '0': PYTHONPATH=/home/yahboom/S24_RobotProgramming_eloquent/lab3/roscourse_ws/src/build/teleop_twist_keyboard/prefix_override:/home/yahboom/S24_RobotProgramming_eloquent/lab3/roscourse_ws/src/install/teleop_twist_keyboard/lib/python3.8/site-packages:${PYTHONPATH} /usr/bin/python3 setup.py egg_info --egg-base ../build/teleop_twist_keyboard build --build-base /home/yahboom/S24_RobotProgramming_eloquent/lab3/roscourse_ws/src/build/teleop_twist_keyboard/build install --record /home/yahboom/S24_RobotProgramming_eloquent/lab3/roscourse_ws/src/build/teleop_twist_keyboard/install.log --single-version-externally-managed
