[1.716s] DEBUG:colcon:Command line arguments: ['/usr/bin/colcon', 'build']
[1.718s] DEBUG:colcon:Parsed command line arguments: Namespace(allow_overriding=[], ament_cmake_args=None, base_paths=['.'], build_base='build', catkin_cmake_args=None, catkin_skip_building_tests=False, cmake_args=None, cmake_clean_cache=False, cmake_clean_first=False, cmake_force_configure=False, cmake_target=None, cmake_target_skip_unavailable=False, continue_on_error=False, event_handlers=None, executor='parallel', ignore_user_meta=False, install_base='install', log_base=None, log_level=None, main=<bound method BuildVerb.main of <colcon_core.verb.build.BuildVerb object at 0x7ff3b50f24f0>>, merge_install=False, metas=['./colcon.meta'], packages_above=None, packages_above_and_dependencies=None, packages_above_depth=None, packages_end=None, packages_ignore=None, packages_ignore_regex=None, packages_select=None, packages_select_build_failed=False, packages_select_by_dep=None, packages_select_regex=None, packages_select_test_failures=False, packages_skip=None, packages_skip_build_finished=False, packages_skip_by_dep=None, packages_skip_regex=None, packages_skip_test_passed=False, packages_skip_up_to=None, packages_start=None, packages_up_to=None, packages_up_to_regex=None, parallel_workers=4, paths=None, symlink_install=False, test_result_base=None, verb_extension=<colcon_core.verb.build.BuildVerb object at 0x7ff3b50f24f0>, verb_name='build', verb_parser=<colcon_defaults.argument_parser.defaults.DefaultArgumentsDecorator object at 0x7ff3b50f2a30>)
[1.957s] Level 1:colcon.colcon_core.package_discovery:discover_packages(colcon_meta) check parameters
[1.959s] Level 1:colcon.colcon_core.package_discovery:discover_packages(recursive) check parameters
[1.960s] Level 1:colcon.colcon_core.package_discovery:discover_packages(ignore) check parameters
[1.961s] Level 1:colcon.colcon_core.package_discovery:discover_packages(path) check parameters
[1.962s] Level 1:colcon.colcon_core.package_discovery:discover_packages(colcon_meta) discover
[1.963s] Level 1:colcon.colcon_core.package_discovery:discover_packages(recursive) discover
[1.964s] INFO:colcon.colcon_core.package_discovery:Crawling recursively for packages in '/home/yahboom/ArchDocs/ArchDocs/S24_RobotProgramming_eloquent/lab6/roscourse_sim_ws'
[1.968s] Level 1:colcon.colcon_core.package_identification:_identify(.) by extensions ['ignore', 'ignore_ament_install']
[1.969s] Level 1:colcon.colcon_core.package_identification:_identify(.) by extension 'ignore'
[1.971s] Level 1:colcon.colcon_core.package_identification:_identify(.) by extension 'ignore_ament_install'
[1.973s] Level 1:colcon.colcon_core.package_identification:_identify(.) by extensions ['colcon_pkg']
[1.974s] Level 1:colcon.colcon_core.package_identification:_identify(.) by extension 'colcon_pkg'
[1.976s] Level 1:colcon.colcon_core.package_identification:_identify(.) by extensions ['colcon_meta']
[1.976s] Level 1:colcon.colcon_core.package_identification:_identify(.) by extension 'colcon_meta'
[1.977s] Level 1:colcon.colcon_core.package_identification:_identify(.) by extensions ['ros']
[1.978s] Level 1:colcon.colcon_core.package_identification:_identify(.) by extension 'ros'
[2.062s] Level 1:colcon.colcon_core.package_identification:_identify(.) by extensions ['cmake', 'python']
[2.063s] Level 1:colcon.colcon_core.package_identification:_identify(.) by extension 'cmake'
[2.065s] Level 1:colcon.colcon_core.package_identification:_identify(.) by extension 'python'
[2.066s] Level 1:colcon.colcon_core.package_identification:_identify(.) by extensions ['python_setup_py']
[2.067s] Level 1:colcon.colcon_core.package_identification:_identify(.) by extension 'python_setup_py'
[2.072s] Level 1:colcon.colcon_core.package_identification:_identify(build) by extensions ['ignore', 'ignore_ament_install']
[2.073s] Level 1:colcon.colcon_core.package_identification:_identify(build) by extension 'ignore'
[2.074s] Level 1:colcon.colcon_core.package_identification:_identify(build) ignored
[2.078s] Level 1:colcon.colcon_core.package_identification:_identify(install) by extensions ['ignore', 'ignore_ament_install']
[2.080s] Level 1:colcon.colcon_core.package_identification:_identify(install) by extension 'ignore'
[2.081s] Level 1:colcon.colcon_core.package_identification:_identify(install) ignored
[2.088s] Level 1:colcon.colcon_core.package_identification:_identify(log) by extensions ['ignore', 'ignore_ament_install']
[2.089s] Level 1:colcon.colcon_core.package_identification:_identify(log) by extension 'ignore'
[2.090s] Level 1:colcon.colcon_core.package_identification:_identify(log) ignored
[2.094s] Level 1:colcon.colcon_core.package_identification:_identify(src) by extensions ['ignore', 'ignore_ament_install']
[2.095s] Level 1:colcon.colcon_core.package_identification:_identify(src) by extension 'ignore'
[2.097s] Level 1:colcon.colcon_core.package_identification:_identify(src) by extension 'ignore_ament_install'
[2.098s] Level 1:colcon.colcon_core.package_identification:_identify(src) by extensions ['colcon_pkg']
[2.099s] Level 1:colcon.colcon_core.package_identification:_identify(src) by extension 'colcon_pkg'
[2.101s] Level 1:colcon.colcon_core.package_identification:_identify(src) by extensions ['colcon_meta']
[2.101s] Level 1:colcon.colcon_core.package_identification:_identify(src) by extension 'colcon_meta'
[2.102s] Level 1:colcon.colcon_core.package_identification:_identify(src) by extensions ['ros']
[2.103s] Level 1:colcon.colcon_core.package_identification:_identify(src) by extension 'ros'
[2.107s] Level 1:colcon.colcon_core.package_identification:_identify(src) by extensions ['cmake', 'python']
[2.107s] Level 1:colcon.colcon_core.package_identification:_identify(src) by extension 'cmake'
[2.109s] Level 1:colcon.colcon_core.package_identification:_identify(src) by extension 'python'
[2.110s] Level 1:colcon.colcon_core.package_identification:_identify(src) by extensions ['python_setup_py']
[2.111s] Level 1:colcon.colcon_core.package_identification:_identify(src) by extension 'python_setup_py'
[2.118s] Level 1:colcon.colcon_core.package_identification:_identify(src/my_robot) by extensions ['ignore', 'ignore_ament_install']
[2.119s] Level 1:colcon.colcon_core.package_identification:_identify(src/my_robot) by extension 'ignore'
[2.120s] Level 1:colcon.colcon_core.package_identification:_identify(src/my_robot) by extension 'ignore_ament_install'
[2.122s] Level 1:colcon.colcon_core.package_identification:_identify(src/my_robot) by extensions ['colcon_pkg']
[2.123s] Level 1:colcon.colcon_core.package_identification:_identify(src/my_robot) by extension 'colcon_pkg'
[2.125s] Level 1:colcon.colcon_core.package_identification:_identify(src/my_robot) by extensions ['colcon_meta']
[2.125s] Level 1:colcon.colcon_core.package_identification:_identify(src/my_robot) by extension 'colcon_meta'
[2.126s] Level 1:colcon.colcon_core.package_identification:_identify(src/my_robot) by extensions ['ros']
[2.127s] Level 1:colcon.colcon_core.package_identification:_identify(src/my_robot) by extension 'ros'
[2.153s] DEBUG:colcon.colcon_core.package_identification:Package 'src/my_robot' with type 'ros.ament_python' and name 'my_robot'
[2.154s] Level 1:colcon.colcon_core.package_discovery:discover_packages(recursive) using defaults
[2.155s] Level 1:colcon.colcon_core.package_discovery:discover_packages(ignore) discover
[2.156s] Level 1:colcon.colcon_core.package_discovery:discover_packages(ignore) using defaults
[2.157s] Level 1:colcon.colcon_core.package_discovery:discover_packages(path) discover
[2.157s] Level 1:colcon.colcon_core.package_discovery:discover_packages(path) using defaults
[2.280s] Level 1:colcon.colcon_core.package_discovery:discover_packages(prefix_path) check parameters
[2.281s] Level 1:colcon.colcon_core.package_discovery:discover_packages(prefix_path) discover
[2.311s] DEBUG:colcon.colcon_installed_package_information.package_discovery:Found 10 installed packages in /home/yahboom/yahboomcar_ros2_ws/software/library_ws/install
[2.318s] DEBUG:colcon.colcon_installed_package_information.package_discovery:Found 20 installed packages in /home/yahboom/yahboomcar_ros2_ws/yahboomcar_ws/install
[2.327s] DEBUG:colcon.colcon_installed_package_information.package_discovery:Found 341 installed packages in /opt/ros/foxy
[2.336s] Level 1:colcon.colcon_core.package_discovery:discover_packages(prefix_path) using defaults
[2.791s] Level 5:colcon.colcon_core.verb:set package 'my_robot' build argument 'cmake_args' from command line to 'None'
[2.792s] Level 5:colcon.colcon_core.verb:set package 'my_robot' build argument 'cmake_target' from command line to 'None'
[2.792s] Level 5:colcon.colcon_core.verb:set package 'my_robot' build argument 'cmake_target_skip_unavailable' from command line to 'False'
[2.793s] Level 5:colcon.colcon_core.verb:set package 'my_robot' build argument 'cmake_clean_cache' from command line to 'False'
[2.794s] Level 5:colcon.colcon_core.verb:set package 'my_robot' build argument 'cmake_clean_first' from command line to 'False'
[2.795s] Level 5:colcon.colcon_core.verb:set package 'my_robot' build argument 'cmake_force_configure' from command line to 'False'
[2.796s] Level 5:colcon.colcon_core.verb:set package 'my_robot' build argument 'ament_cmake_args' from command line to 'None'
[2.796s] Level 5:colcon.colcon_core.verb:set package 'my_robot' build argument 'catkin_cmake_args' from command line to 'None'
[2.797s] Level 5:colcon.colcon_core.verb:set package 'my_robot' build argument 'catkin_skip_building_tests' from command line to 'False'
[2.798s] DEBUG:colcon.colcon_core.verb:Building package 'my_robot' with the following arguments: {'ament_cmake_args': None, 'build_base': '/home/yahboom/ArchDocs/ArchDocs/S24_RobotProgramming_eloquent/lab6/roscourse_sim_ws/build/my_robot', 'catkin_cmake_args': None, 'catkin_skip_building_tests': False, 'cmake_args': None, 'cmake_clean_cache': False, 'cmake_clean_first': False, 'cmake_force_configure': False, 'cmake_target': None, 'cmake_target_skip_unavailable': False, 'install_base': '/home/yahboom/ArchDocs/ArchDocs/S24_RobotProgramming_eloquent/lab6/roscourse_sim_ws/install/my_robot', 'merge_install': False, 'path': '/home/yahboom/ArchDocs/ArchDocs/S24_RobotProgramming_eloquent/lab6/roscourse_sim_ws/src/my_robot', 'symlink_install': False, 'test_result_base': None}
[2.801s] INFO:colcon.colcon_core.executor:Executing jobs using 'parallel' executor
[2.817s] DEBUG:colcon.colcon_parallel_executor.executor.parallel:run_until_complete
[2.819s] INFO:colcon.colcon_ros.task.ament_python.build:Building ROS package in '/home/yahboom/ArchDocs/ArchDocs/S24_RobotProgramming_eloquent/lab6/roscourse_sim_ws/src/my_robot' with build type 'ament_python'
[2.820s] Level 1:colcon.colcon_core.shell:create_environment_hook('my_robot', 'ament_prefix_path')
[2.856s] INFO:colcon.colcon_core.plugin_system:Skipping extension 'colcon_core.shell.bat': Not used on non-Windows systems
[2.857s] INFO:colcon.colcon_core.shell:Creating environment hook '/home/yahboom/ArchDocs/ArchDocs/S24_RobotProgramming_eloquent/lab6/roscourse_sim_ws/install/my_robot/share/my_robot/hook/ament_prefix_path.ps1'
[2.876s] INFO:colcon.colcon_core.shell:Creating environment descriptor '/home/yahboom/ArchDocs/ArchDocs/S24_RobotProgramming_eloquent/lab6/roscourse_sim_ws/install/my_robot/share/my_robot/hook/ament_prefix_path.dsv'
[2.885s] INFO:colcon.colcon_core.shell:Creating environment hook '/home/yahboom/ArchDocs/ArchDocs/S24_RobotProgramming_eloquent/lab6/roscourse_sim_ws/install/my_robot/share/my_robot/hook/ament_prefix_path.sh'
[2.903s] INFO:colcon.colcon_core.shell:Skip shell extension 'powershell' for command environment: Not usable outside of PowerShell
[2.904s] DEBUG:colcon.colcon_core.shell:Skip shell extension 'dsv' for command environment
[4.212s] INFO:colcon.colcon_core.task.python.build:Building Python package in '/home/yahboom/ArchDocs/ArchDocs/S24_RobotProgramming_eloquent/lab6/roscourse_sim_ws/src/my_robot'
[4.220s] INFO:colcon.colcon_core.shell:Skip shell extension 'powershell' for command environment: Not usable outside of PowerShell
[4.221s] DEBUG:colcon.colcon_core.shell:Skip shell extension 'dsv' for command environment
[6.671s] DEBUG:colcon.colcon_core.event_handler.log_command:Invoking command in '/home/yahboom/ArchDocs/ArchDocs/S24_RobotProgramming_eloquent/lab6/roscourse_sim_ws/src/my_robot': PYTHONPATH=/home/yahboom/ArchDocs/ArchDocs/S24_RobotProgramming_eloquent/lab6/roscourse_sim_ws/build/my_robot/prefix_override:/home/yahboom/ArchDocs/ArchDocs/S24_RobotProgramming_eloquent/lab6/roscourse_sim_ws/install/my_robot/lib/python3.8/site-packages:${PYTHONPATH} /usr/bin/python3 setup.py egg_info --egg-base ../../build/my_robot build --build-base /home/yahboom/ArchDocs/ArchDocs/S24_RobotProgramming_eloquent/lab6/roscourse_sim_ws/build/my_robot/build install --record /home/yahboom/ArchDocs/ArchDocs/S24_RobotProgramming_eloquent/lab6/roscourse_sim_ws/build/my_robot/install.log --install-scripts $base/lib/my_robot --single-version-externally-managed
[8.316s] DEBUG:colcon.colcon_core.event_handler.log_command:Invoked command in '/home/yahboom/ArchDocs/ArchDocs/S24_RobotProgramming_eloquent/lab6/roscourse_sim_ws/src/my_robot' returned '0': PYTHONPATH=/home/yahboom/ArchDocs/ArchDocs/S24_RobotProgramming_eloquent/lab6/roscourse_sim_ws/build/my_robot/prefix_override:/home/yahboom/ArchDocs/ArchDocs/S24_RobotProgramming_eloquent/lab6/roscourse_sim_ws/install/my_robot/lib/python3.8/site-packages:${PYTHONPATH} /usr/bin/python3 setup.py egg_info --egg-base ../../build/my_robot build --build-base /home/yahboom/ArchDocs/ArchDocs/S24_RobotProgramming_eloquent/lab6/roscourse_sim_ws/build/my_robot/build install --record /home/yahboom/ArchDocs/ArchDocs/S24_RobotProgramming_eloquent/lab6/roscourse_sim_ws/build/my_robot/install.log --install-scripts $base/lib/my_robot --single-version-externally-managed
[8.351s] Level 1:colcon.colcon_core.environment:checking '/home/yahboom/ArchDocs/ArchDocs/S24_RobotProgramming_eloquent/lab6/roscourse_sim_ws/install/my_robot' for CMake module files
[8.377s] Level 1:colcon.colcon_core.environment:checking '/home/yahboom/ArchDocs/ArchDocs/S24_RobotProgramming_eloquent/lab6/roscourse_sim_ws/install/my_robot' for CMake config files
[8.425s] Level 1:colcon.colcon_core.environment:checking '/home/yahboom/ArchDocs/ArchDocs/S24_RobotProgramming_eloquent/lab6/roscourse_sim_ws/install/my_robot/lib'
[8.428s] Level 1:colcon.colcon_core.environment:checking '/home/yahboom/ArchDocs/ArchDocs/S24_RobotProgramming_eloquent/lab6/roscourse_sim_ws/install/my_robot/bin'
[8.430s] Level 1:colcon.colcon_core.environment:checking '/home/yahboom/ArchDocs/ArchDocs/S24_RobotProgramming_eloquent/lab6/roscourse_sim_ws/install/my_robot/lib/pkgconfig/my_robot.pc'
[8.432s] Level 1:colcon.colcon_core.environment:checking '/home/yahboom/ArchDocs/ArchDocs/S24_RobotProgramming_eloquent/lab6/roscourse_sim_ws/install/my_robot/lib/python3.8/site-packages'
[8.434s] Level 1:colcon.colcon_core.shell:create_environment_hook('my_robot', 'pythonpath')
[8.440s] INFO:colcon.colcon_core.shell:Creating environment hook '/home/yahboom/ArchDocs/ArchDocs/S24_RobotProgramming_eloquent/lab6/roscourse_sim_ws/install/my_robot/share/my_robot/hook/pythonpath.ps1'
[8.447s] INFO:colcon.colcon_core.shell:Creating environment descriptor '/home/yahboom/ArchDocs/ArchDocs/S24_RobotProgramming_eloquent/lab6/roscourse_sim_ws/install/my_robot/share/my_robot/hook/pythonpath.dsv'
[8.453s] INFO:colcon.colcon_core.shell:Creating environment hook '/home/yahboom/ArchDocs/ArchDocs/S24_RobotProgramming_eloquent/lab6/roscourse_sim_ws/install/my_robot/share/my_robot/hook/pythonpath.sh'
[8.461s] Level 1:colcon.colcon_core.environment:checking '/home/yahboom/ArchDocs/ArchDocs/S24_RobotProgramming_eloquent/lab6/roscourse_sim_ws/install/my_robot/bin'
[8.462s] Level 1:colcon.colcon_core.environment:create_environment_scripts_only(my_robot)
[8.469s] INFO:colcon.colcon_core.shell:Creating package script '/home/yahboom/ArchDocs/ArchDocs/S24_RobotProgramming_eloquent/lab6/roscourse_sim_ws/install/my_robot/share/my_robot/package.ps1'
[8.487s] INFO:colcon.colcon_core.shell:Creating package descriptor '/home/yahboom/ArchDocs/ArchDocs/S24_RobotProgramming_eloquent/lab6/roscourse_sim_ws/install/my_robot/share/my_robot/package.dsv'
[8.496s] INFO:colcon.colcon_core.shell:Creating package script '/home/yahboom/ArchDocs/ArchDocs/S24_RobotProgramming_eloquent/lab6/roscourse_sim_ws/install/my_robot/share/my_robot/package.sh'
[8.506s] INFO:colcon.colcon_core.shell:Creating package script '/home/yahboom/ArchDocs/ArchDocs/S24_RobotProgramming_eloquent/lab6/roscourse_sim_ws/install/my_robot/share/my_robot/package.bash'
[8.516s] INFO:colcon.colcon_core.shell:Creating package script '/home/yahboom/ArchDocs/ArchDocs/S24_RobotProgramming_eloquent/lab6/roscourse_sim_ws/install/my_robot/share/my_robot/package.zsh'
[8.526s] Level 1:colcon.colcon_core.environment:create_file_with_runtime_dependencies(/home/yahboom/ArchDocs/ArchDocs/S24_RobotProgramming_eloquent/lab6/roscourse_sim_ws/install/my_robot/share/colcon-core/packages/my_robot)
[8.536s] DEBUG:colcon.colcon_parallel_executor.executor.parallel:closing loop
[8.537s] DEBUG:colcon.colcon_parallel_executor.executor.parallel:loop closed
[8.539s] DEBUG:colcon.colcon_parallel_executor.executor.parallel:run_until_complete finished with '0'
[8.540s] DEBUG:colcon.colcon_core.event_reactor:joining thread
[8.578s] INFO:colcon.colcon_core.plugin_system:Skipping extension 'colcon_notification.desktop_notification.terminal_notifier': Not used on non-Darwin systems
[8.580s] INFO:colcon.colcon_core.plugin_system:Skipping extension 'colcon_notification.desktop_notification.win32': Not used on non-Windows systems
[8.581s] INFO:colcon.colcon_notification.desktop_notification:Sending desktop notification using 'notify2'
[8.685s] DEBUG:colcon.colcon_core.event_reactor:joined thread
[8.692s] INFO:colcon.colcon_core.shell:Creating prefix script '/home/yahboom/ArchDocs/ArchDocs/S24_RobotProgramming_eloquent/lab6/roscourse_sim_ws/install/local_setup.ps1'
[8.702s] INFO:colcon.colcon_core.shell:Creating prefix util module '/home/yahboom/ArchDocs/ArchDocs/S24_RobotProgramming_eloquent/lab6/roscourse_sim_ws/install/_local_setup_util_ps1.py'
[8.713s] INFO:colcon.colcon_core.shell:Creating prefix chain script '/home/yahboom/ArchDocs/ArchDocs/S24_RobotProgramming_eloquent/lab6/roscourse_sim_ws/install/setup.ps1'
[8.727s] INFO:colcon.colcon_core.shell:Creating prefix script '/home/yahboom/ArchDocs/ArchDocs/S24_RobotProgramming_eloquent/lab6/roscourse_sim_ws/install/local_setup.sh'
[8.734s] INFO:colcon.colcon_core.shell:Creating prefix util module '/home/yahboom/ArchDocs/ArchDocs/S24_RobotProgramming_eloquent/lab6/roscourse_sim_ws/install/_local_setup_util_sh.py'
[8.740s] INFO:colcon.colcon_core.shell:Creating prefix chain script '/home/yahboom/ArchDocs/ArchDocs/S24_RobotProgramming_eloquent/lab6/roscourse_sim_ws/install/setup.sh'
[8.761s] INFO:colcon.colcon_core.shell:Creating prefix script '/home/yahboom/ArchDocs/ArchDocs/S24_RobotProgramming_eloquent/lab6/roscourse_sim_ws/install/local_setup.bash'
[8.771s] INFO:colcon.colcon_core.shell:Creating prefix chain script '/home/yahboom/ArchDocs/ArchDocs/S24_RobotProgramming_eloquent/lab6/roscourse_sim_ws/install/setup.bash'
[8.787s] INFO:colcon.colcon_core.shell:Creating prefix script '/home/yahboom/ArchDocs/ArchDocs/S24_RobotProgramming_eloquent/lab6/roscourse_sim_ws/install/local_setup.zsh'
[8.801s] INFO:colcon.colcon_core.shell:Creating prefix chain script '/home/yahboom/ArchDocs/ArchDocs/S24_RobotProgramming_eloquent/lab6/roscourse_sim_ws/install/setup.zsh'
