[0.884s] Invoking command in '/home/yahboom/S24_RobotProgramming_eloquent/lab3/roscourse_ws/src/python_turtle': PYTHONPATH=/home/yahboom/S24_RobotProgramming_eloquent/lab3/roscourse_ws/build/python_turtle/prefix_override:/home/yahboom/S24_RobotProgramming_eloquent/lab3/roscourse_ws/install/python_turtle/lib/python3.8/site-packages:${PYTHONPATH} /usr/bin/python3 setup.py egg_info --egg-base ../../build/python_turtle build --build-base /home/yahboom/S24_RobotProgramming_eloquent/lab3/roscourse_ws/build/python_turtle/build install --record /home/yahboom/S24_RobotProgramming_eloquent/lab3/roscourse_ws/build/python_turtle/install.log --install-scripts $base/lib/python_turtle --single-version-externally-managed
[1.118s] running egg_info
[1.118s] creating ../../build/python_turtle/python_turtle.egg-info
[1.118s] writing ../../build/python_turtle/python_turtle.egg-info/PKG-INFO
[1.118s] writing dependency_links to ../../build/python_turtle/python_turtle.egg-info/dependency_links.txt
[1.118s] writing entry points to ../../build/python_turtle/python_turtle.egg-info/entry_points.txt
[1.118s] writing requirements to ../../build/python_turtle/python_turtle.egg-info/requires.txt
[1.118s] writing top-level names to ../../build/python_turtle/python_turtle.egg-info/top_level.txt
[1.119s] writing manifest file '../../build/python_turtle/python_turtle.egg-info/SOURCES.txt'
[1.148s] reading manifest file '../../build/python_turtle/python_turtle.egg-info/SOURCES.txt'
[1.149s] writing manifest file '../../build/python_turtle/python_turtle.egg-info/SOURCES.txt'
[1.149s] running build
[1.149s] running build_py
[1.149s] creating /home/yahboom/S24_RobotProgramming_eloquent/lab3/roscourse_ws/build/python_turtle/build
[1.149s] creating /home/yahboom/S24_RobotProgramming_eloquent/lab3/roscourse_ws/build/python_turtle/build/lib
[1.150s] creating /home/yahboom/S24_RobotProgramming_eloquent/lab3/roscourse_ws/build/python_turtle/build/lib/python_turtle
[1.150s] copying python_turtle/__init__.py -> /home/yahboom/S24_RobotProgramming_eloquent/lab3/roscourse_ws/build/python_turtle/build/lib/python_turtle
[1.150s] copying python_turtle/turtlebot_client.py -> /home/yahboom/S24_RobotProgramming_eloquent/lab3/roscourse_ws/build/python_turtle/build/lib/python_turtle
[1.150s] copying python_turtle/turtlebot_server.py -> /home/yahboom/S24_RobotProgramming_eloquent/lab3/roscourse_ws/build/python_turtle/build/lib/python_turtle
[1.150s] running install
[1.151s] running install_lib
[1.152s] creating /home/yahboom/S24_RobotProgramming_eloquent/lab3/roscourse_ws/install/python_turtle/lib/python3.8/site-packages/python_turtle
[1.152s] copying /home/yahboom/S24_RobotProgramming_eloquent/lab3/roscourse_ws/build/python_turtle/build/lib/python_turtle/__init__.py -> /home/yahboom/S24_RobotProgramming_eloquent/lab3/roscourse_ws/install/python_turtle/lib/python3.8/site-packages/python_turtle
[1.152s] copying /home/yahboom/S24_RobotProgramming_eloquent/lab3/roscourse_ws/build/python_turtle/build/lib/python_turtle/turtlebot_client.py -> /home/yahboom/S24_RobotProgramming_eloquent/lab3/roscourse_ws/install/python_turtle/lib/python3.8/site-packages/python_turtle
[1.152s] copying /home/yahboom/S24_RobotProgramming_eloquent/lab3/roscourse_ws/build/python_turtle/build/lib/python_turtle/turtlebot_server.py -> /home/yahboom/S24_RobotProgramming_eloquent/lab3/roscourse_ws/install/python_turtle/lib/python3.8/site-packages/python_turtle
[1.153s] byte-compiling /home/yahboom/S24_RobotProgramming_eloquent/lab3/roscourse_ws/install/python_turtle/lib/python3.8/site-packages/python_turtle/__init__.py to __init__.cpython-38.pyc
[1.154s] byte-compiling /home/yahboom/S24_RobotProgramming_eloquent/lab3/roscourse_ws/install/python_turtle/lib/python3.8/site-packages/python_turtle/turtlebot_client.py to turtlebot_client.cpython-38.pyc
[1.155s] byte-compiling /home/yahboom/S24_RobotProgramming_eloquent/lab3/roscourse_ws/install/python_turtle/lib/python3.8/site-packages/python_turtle/turtlebot_server.py to turtlebot_server.cpython-38.pyc
[1.155s] running install_data
[1.156s] creating /home/yahboom/S24_RobotProgramming_eloquent/lab3/roscourse_ws/install/python_turtle/share/ament_index
[1.156s] creating /home/yahboom/S24_RobotProgramming_eloquent/lab3/roscourse_ws/install/python_turtle/share/ament_index/resource_index
[1.156s] creating /home/yahboom/S24_RobotProgramming_eloquent/lab3/roscourse_ws/install/python_turtle/share/ament_index/resource_index/packages
[1.156s] copying resource/python_turtle -> /home/yahboom/S24_RobotProgramming_eloquent/lab3/roscourse_ws/install/python_turtle/share/ament_index/resource_index/packages
[1.156s] copying package.xml -> /home/yahboom/S24_RobotProgramming_eloquent/lab3/roscourse_ws/install/python_turtle/share/python_turtle
[1.156s] running install_egg_info
[1.158s] Copying ../../build/python_turtle/python_turtle.egg-info to /home/yahboom/S24_RobotProgramming_eloquent/lab3/roscourse_ws/install/python_turtle/lib/python3.8/site-packages/python_turtle-0.0.0-py3.8.egg-info
[1.159s] running install_scripts
[1.172s] Installing turtlebot_client script to /home/yahboom/S24_RobotProgramming_eloquent/lab3/roscourse_ws/install/python_turtle/lib/python_turtle
[1.172s] Installing turtlebot_server script to /home/yahboom/S24_RobotProgramming_eloquent/lab3/roscourse_ws/install/python_turtle/lib/python_turtle
[1.173s] writing list of installed files to '/home/yahboom/S24_RobotProgramming_eloquent/lab3/roscourse_ws/build/python_turtle/install.log'
[1.191s] Invoked command in '/home/yahboom/S24_RobotProgramming_eloquent/lab3/roscourse_ws/src/python_turtle' returned '0': PYTHONPATH=/home/yahboom/S24_RobotProgramming_eloquent/lab3/roscourse_ws/build/python_turtle/prefix_override:/home/yahboom/S24_RobotProgramming_eloquent/lab3/roscourse_ws/install/python_turtle/lib/python3.8/site-packages:${PYTHONPATH} /usr/bin/python3 setup.py egg_info --egg-base ../../build/python_turtle build --build-base /home/yahboom/S24_RobotProgramming_eloquent/lab3/roscourse_ws/build/python_turtle/build install --record /home/yahboom/S24_RobotProgramming_eloquent/lab3/roscourse_ws/build/python_turtle/install.log --install-scripts $base/lib/python_turtle --single-version-externally-managed
