[0.057s] Invoking command in '/home/yahboom/S24_RobotProgramming_Master/S24_RobotProgramming_eloquent/project_ws/build/draw_shape_interfaces': CMAKE_PREFIX_PATH=${CMAKE_PREFIX_PATH}:/home/yahboom/S24_RobotProgramming_Master/S24_RobotProgramming_eloquent/project_ws/install/rosmaster_sim:/home/yahboom/S24_RobotProgramming_Master/S24_RobotProgramming_eloquent/project_ws/install/draw_shape:/home/yahboom/yahboomcar_ros2_ws/yahboomcar_ws/install/yahboomcar_voice_ctrl:/home/yahboom/yahboomcar_ros2_ws/yahboomcar_ws/install/yahboomcar_visual:/home/yahboom/yahboomcar_ros2_ws/yahboomcar_ws/install/yahboomcar_rviz:/home/yahboom/yahboomcar_ros2_ws/yahboomcar_ws/install/yahboomcar_nav:/home/yahboom/yahboomcar_ros2_ws/yahboomcar_ws/install/yahboomcar_multi:/home/yahboom/yahboomcar_ros2_ws/yahboomcar_ws/install/yahboomcar_mediapipe:/home/yahboom/yahboomcar_ros2_ws/yahboomcar_ws/install/yahboomcar_linefollow:/home/yahboom/yahboomcar_ros2_ws/yahboomcar_ws/install/yahboomcar_laser:/home/yahboom/yahboomcar_ros2_ws/yahboomcar_ws/install/yahboomcar_description_x1:/home/yahboom/yahboomcar_ros2_ws/yahboomcar_ws/install/yahboomcar_description:/home/yahboom/yahboomcar_ros2_ws/yahboomcar_ws/install/yahboomcar_ctrl:/home/yahboom/yahboomcar_ros2_ws/yahboomcar_ws/install/yahboomcar_bringup:/home/yahboom/yahboomcar_ros2_ws/yahboomcar_ws/install/yahboomcar_astra:/home/yahboom/yahboomcar_ros2_ws/yahboomcar_ws/install/robot_pose_publisher:/home/yahboom/yahboomcar_ros2_ws/yahboomcar_ws/install/laserscan_to_point_pulisher:/opt/ros/foxy /usr/bin/cmake --build /home/yahboom/S24_RobotProgramming_Master/S24_RobotProgramming_eloquent/project_ws/build/draw_shape_interfaces -- -j4 -l4
[0.153s] -- Found ament_cmake: 0.9.11 (/opt/ros/foxy/share/ament_cmake/cmake)
[0.229s] -- Found PythonInterp: /usr/bin/python3 (found suitable version "3.8.10", minimum required is "3") 
[0.229s] -- Using PYTHON_EXECUTABLE: /usr/bin/python3
[0.638s] -- Found ament_lint_auto: 0.9.8 (/opt/ros/foxy/share/ament_lint_auto/cmake)
[0.758s] -- Found rosidl_default_generators: 1.0.1 (/opt/ros/foxy/share/rosidl_default_generators/cmake)
[0.774s] -- Using all available rosidl_typesupport_c: rosidl_typesupport_fastrtps_c;rosidl_typesupport_introspection_c
[0.776s] -- Found rosidl_adapter: 1.3.0 (/opt/ros/foxy/share/rosidl_adapter/cmake)
[1.028s] -- Using all available rosidl_typesupport_cpp: rosidl_typesupport_fastrtps_cpp;rosidl_typesupport_introspection_cpp
[1.112s] -- Found PythonInterp: /usr/bin/python3 (found version "3.8.10") 
[1.249s] -- Found ament_cmake_ros: 0.9.2 (/opt/ros/foxy/share/ament_cmake_ros/cmake)
[1.445s] -- Using all available rosidl_typesupport_c: rosidl_typesupport_fastrtps_c;rosidl_typesupport_introspection_c
[1.462s] -- Using all available rosidl_typesupport_cpp: rosidl_typesupport_fastrtps_cpp;rosidl_typesupport_introspection_cpp
[1.522s] -- Found PythonInterp: /usr/bin/python3 (found suitable version "3.8.10", minimum required is "3.5") 
[1.523s] -- Found python_cmake_module: 0.8.1 (/opt/ros/foxy/share/python_cmake_module/cmake)
[1.577s] -- Using PYTHON_EXECUTABLE: /usr/bin/python3
[1.577s] -- Using PYTHON_INCLUDE_DIRS: /usr/include/python3.8
[1.577s] -- Using PYTHON_LIBRARIES: /usr/lib/x86_64-linux-gnu/libpython3.8.so
[1.619s] -- Added test 'copyright' to check source files copyright and LICENSE
[1.622s] -- Added test 'lint_cmake' to check CMake code style
[1.624s] -- Added test 'xmllint' to check XML markup files
[1.633s] -- Configuring done
[1.727s] -- Generating done
[1.739s] -- Build files have been written to: /home/yahboom/S24_RobotProgramming_Master/S24_RobotProgramming_eloquent/project_ws/build/draw_shape_interfaces
[1.794s] [35m[1mScanning dependencies of target draw_shape_interfaces__cpp[0m
[1.796s] [  2%] [34m[1mGenerating C code for ROS interfaces[0m
[1.819s] [  5%] [34m[1mGenerating C++ code for ROS interfaces[0m
[2.457s] [  5%] Built target draw_shape_interfaces__cpp
[2.484s] [  7%] [34m[1mGenerating C++ introspection for ROS interfaces[0m
[2.525s] [ 10%] [34m[1mGenerating C++ type support dispatch for ROS interfaces[0m
[2.525s] [ 12%] [34m[1mGenerating C++ type support for eProsima Fast-RTPS[0m
[2.535s] [35m[1mScanning dependencies of target draw_shape_interfaces__rosidl_generator_c[0m
[2.574s] [ 15%] [32mBuilding C object CMakeFiles/draw_shape_interfaces__rosidl_generator_c.dir/rosidl_generator_c/draw_shape_interfaces/msg/detail/shape_def__functions.c.o[0m
[2.784s] [ 17%] [32mBuilding C object CMakeFiles/draw_shape_interfaces__rosidl_generator_c.dir/rosidl_generator_c/draw_shape_interfaces/srv/detail/go_to_point__functions.c.o[0m
[2.924s] [ 20%] [32m[1mLinking C shared library libdraw_shape_interfaces__rosidl_generator_c.so[0m
[3.003s] [ 20%] Built target draw_shape_interfaces__rosidl_generator_c
[3.029s] [ 23%] [34m[1mGenerating C type support dispatch for ROS interfaces[0m
[3.115s] [35m[1mScanning dependencies of target draw_shape_interfaces__rosidl_typesupport_cpp[0m
[3.163s] [ 25%] [32mBuilding CXX object CMakeFiles/draw_shape_interfaces__rosidl_typesupport_cpp.dir/rosidl_typesupport_cpp/draw_shape_interfaces/msg/shape_def__type_support.cpp.o[0m
[3.179s] [35m[1mScanning dependencies of target draw_shape_interfaces__rosidl_typesupport_introspection_cpp[0m
[3.238s] [ 28%] [32mBuilding CXX object CMakeFiles/draw_shape_interfaces__rosidl_typesupport_introspection_cpp.dir/rosidl_typesupport_introspection_cpp/draw_shape_interfaces/msg/detail/shape_def__type_support.cpp.o[0m
[3.338s] [35m[1mScanning dependencies of target draw_shape_interfaces__rosidl_typesupport_fastrtps_cpp[0m
[3.399s] [ 30%] [32mBuilding CXX object CMakeFiles/draw_shape_interfaces__rosidl_typesupport_fastrtps_cpp.dir/rosidl_typesupport_fastrtps_cpp/draw_shape_interfaces/msg/detail/dds_fastrtps/shape_def__type_support.cpp.o[0m
[3.635s] [35m[1mScanning dependencies of target draw_shape_interfaces__rosidl_typesupport_c[0m
[3.671s] [ 33%] [32mBuilding CXX object CMakeFiles/draw_shape_interfaces__rosidl_typesupport_c.dir/rosidl_typesupport_c/draw_shape_interfaces/msg/shape_def__type_support.cpp.o[0m
[3.812s] [ 35%] [32mBuilding CXX object CMakeFiles/draw_shape_interfaces__rosidl_typesupport_c.dir/rosidl_typesupport_c/draw_shape_interfaces/srv/go_to_point__type_support.cpp.o[0m
[3.898s] [ 38%] [32mBuilding CXX object CMakeFiles/draw_shape_interfaces__rosidl_typesupport_cpp.dir/rosidl_typesupport_cpp/draw_shape_interfaces/srv/go_to_point__type_support.cpp.o[0m
[3.915s] [ 41%] [32m[1mLinking CXX shared library libdraw_shape_interfaces__rosidl_typesupport_c.so[0m
[3.958s] [ 43%] [32mBuilding CXX object CMakeFiles/draw_shape_interfaces__rosidl_typesupport_introspection_cpp.dir/rosidl_typesupport_introspection_cpp/draw_shape_interfaces/srv/detail/go_to_point__type_support.cpp.o[0m
[4.027s] [ 43%] Built target draw_shape_interfaces__rosidl_typesupport_c
[4.060s] [ 46%] [34m[1mGenerating C introspection for ROS interfaces[0m
[4.389s] [ 48%] [32mBuilding CXX object CMakeFiles/draw_shape_interfaces__rosidl_typesupport_fastrtps_cpp.dir/rosidl_typesupport_fastrtps_cpp/draw_shape_interfaces/srv/detail/dds_fastrtps/go_to_point__type_support.cpp.o[0m
[4.548s] [ 51%] [32m[1mLinking CXX shared library libdraw_shape_interfaces__rosidl_typesupport_cpp.so[0m
[4.666s] [ 51%] Built target draw_shape_interfaces__rosidl_typesupport_cpp
[4.695s] [ 53%] [32m[1mLinking CXX shared library libdraw_shape_interfaces__rosidl_typesupport_introspection_cpp.so[0m
[4.740s] [35m[1mScanning dependencies of target draw_shape_interfaces__rosidl_typesupport_introspection_c[0m
[4.774s] [ 56%] [32mBuilding C object CMakeFiles/draw_shape_interfaces__rosidl_typesupport_introspection_c.dir/rosidl_typesupport_introspection_c/draw_shape_interfaces/msg/detail/shape_def__type_support.c.o[0m
[4.790s] [ 58%] [32mBuilding C object CMakeFiles/draw_shape_interfaces__rosidl_typesupport_introspection_c.dir/rosidl_typesupport_introspection_c/draw_shape_interfaces/srv/detail/go_to_point__type_support.c.o[0m
[4.843s] [ 58%] Built target draw_shape_interfaces__rosidl_typesupport_introspection_cpp
[4.876s] [ 61%] [32m[1mLinking C shared library libdraw_shape_interfaces__rosidl_typesupport_introspection_c.so[0m
[4.945s] [ 61%] Built target draw_shape_interfaces__rosidl_typesupport_introspection_c
[5.166s] [ 64%] [32m[1mLinking CXX shared library libdraw_shape_interfaces__rosidl_typesupport_fastrtps_cpp.so[0m
[5.306s] [ 64%] Built target draw_shape_interfaces__rosidl_typesupport_fastrtps_cpp
[5.324s] [ 66%] [34m[1mGenerating C type support for eProsima Fast-RTPS[0m
[5.728s] [35m[1mScanning dependencies of target draw_shape_interfaces__rosidl_typesupport_fastrtps_c[0m
[5.756s] [ 69%] [32mBuilding CXX object CMakeFiles/draw_shape_interfaces__rosidl_typesupport_fastrtps_c.dir/rosidl_typesupport_fastrtps_c/draw_shape_interfaces/msg/detail/shape_def__type_support_c.cpp.o[0m
[5.756s] [ 71%] [32mBuilding CXX object CMakeFiles/draw_shape_interfaces__rosidl_typesupport_fastrtps_c.dir/rosidl_typesupport_fastrtps_c/draw_shape_interfaces/srv/detail/go_to_point__type_support_c.cpp.o[0m
[6.329s] [ 74%] [32m[1mLinking CXX shared library libdraw_shape_interfaces__rosidl_typesupport_fastrtps_c.so[0m
[6.463s] [ 74%] Built target draw_shape_interfaces__rosidl_typesupport_fastrtps_c
[6.502s] [ 74%] Built target draw_shape_interfaces
[6.524s] [35m[1mScanning dependencies of target draw_shape_interfaces__py[0m
[6.543s] [ 76%] [34m[1mGenerating Python code for ROS interfaces[0m
[7.310s] [ 76%] Built target draw_shape_interfaces__py
[7.331s] [35m[1mScanning dependencies of target draw_shape_interfaces__python[0m
[7.360s] [ 79%] [32mBuilding C object CMakeFiles/draw_shape_interfaces__python.dir/rosidl_generator_py/draw_shape_interfaces/srv/_go_to_point_s.c.o[0m
[7.362s] [ 82%] [32mBuilding C object CMakeFiles/draw_shape_interfaces__python.dir/rosidl_generator_py/draw_shape_interfaces/msg/_shape_def_s.c.o[0m
[7.514s] [ 84%] [32m[1mLinking C shared library rosidl_generator_py/draw_shape_interfaces/libdraw_shape_interfaces__python.so[0m
[7.583s] [ 84%] Built target draw_shape_interfaces__python
[7.604s] [35m[1mScanning dependencies of target draw_shape_interfaces__rosidl_typesupport_introspection_c__pyext[0m
[7.607s] [35m[1mScanning dependencies of target draw_shape_interfaces__rosidl_typesupport_c__pyext[0m
[7.607s] [35m[1mScanning dependencies of target draw_shape_interfaces__rosidl_typesupport_fastrtps_c__pyext[0m
[7.635s] [ 87%] [32mBuilding C object CMakeFiles/draw_shape_interfaces__rosidl_typesupport_introspection_c__pyext.dir/rosidl_generator_py/draw_shape_interfaces/_draw_shape_interfaces_s.ep.rosidl_typesupport_introspection_c.c.o[0m
[7.642s] [ 89%] [32mBuilding C object CMakeFiles/draw_shape_interfaces__rosidl_typesupport_c__pyext.dir/rosidl_generator_py/draw_shape_interfaces/_draw_shape_interfaces_s.ep.rosidl_typesupport_c.c.o[0m
[7.646s] [ 92%] [32mBuilding C object CMakeFiles/draw_shape_interfaces__rosidl_typesupport_fastrtps_c__pyext.dir/rosidl_generator_py/draw_shape_interfaces/_draw_shape_interfaces_s.ep.rosidl_typesupport_fastrtps_c.c.o[0m
[7.794s] [ 94%] [32m[1mLinking C shared library rosidl_generator_py/draw_shape_interfaces/draw_shape_interfaces_s__rosidl_typesupport_c.cpython-38-x86_64-linux-gnu.so[0m
[7.827s] [ 97%] [32m[1mLinking CXX shared library rosidl_generator_py/draw_shape_interfaces/draw_shape_interfaces_s__rosidl_typesupport_fastrtps_c.cpython-38-x86_64-linux-gnu.so[0m
[7.833s] [100%] [32m[1mLinking C shared library rosidl_generator_py/draw_shape_interfaces/draw_shape_interfaces_s__rosidl_typesupport_introspection_c.cpython-38-x86_64-linux-gnu.so[0m
[7.873s] [100%] Built target draw_shape_interfaces__rosidl_typesupport_c__pyext
[7.898s] [100%] Built target draw_shape_interfaces__rosidl_typesupport_introspection_c__pyext
[7.955s] [100%] Built target draw_shape_interfaces__rosidl_typesupport_fastrtps_c__pyext
[7.976s] Invoked command in '/home/yahboom/S24_RobotProgramming_Master/S24_RobotProgramming_eloquent/project_ws/build/draw_shape_interfaces' returned '0': CMAKE_PREFIX_PATH=${CMAKE_PREFIX_PATH}:/home/yahboom/S24_RobotProgramming_Master/S24_RobotProgramming_eloquent/project_ws/install/rosmaster_sim:/home/yahboom/S24_RobotProgramming_Master/S24_RobotProgramming_eloquent/project_ws/install/draw_shape:/home/yahboom/yahboomcar_ros2_ws/yahboomcar_ws/install/yahboomcar_voice_ctrl:/home/yahboom/yahboomcar_ros2_ws/yahboomcar_ws/install/yahboomcar_visual:/home/yahboom/yahboomcar_ros2_ws/yahboomcar_ws/install/yahboomcar_rviz:/home/yahboom/yahboomcar_ros2_ws/yahboomcar_ws/install/yahboomcar_nav:/home/yahboom/yahboomcar_ros2_ws/yahboomcar_ws/install/yahboomcar_multi:/home/yahboom/yahboomcar_ros2_ws/yahboomcar_ws/install/yahboomcar_mediapipe:/home/yahboom/yahboomcar_ros2_ws/yahboomcar_ws/install/yahboomcar_linefollow:/home/yahboom/yahboomcar_ros2_ws/yahboomcar_ws/install/yahboomcar_laser:/home/yahboom/yahboomcar_ros2_ws/yahboomcar_ws/install/yahboomcar_description_x1:/home/yahboom/yahboomcar_ros2_ws/yahboomcar_ws/install/yahboomcar_description:/home/yahboom/yahboomcar_ros2_ws/yahboomcar_ws/install/yahboomcar_ctrl:/home/yahboom/yahboomcar_ros2_ws/yahboomcar_ws/install/yahboomcar_bringup:/home/yahboom/yahboomcar_ros2_ws/yahboomcar_ws/install/yahboomcar_astra:/home/yahboom/yahboomcar_ros2_ws/yahboomcar_ws/install/robot_pose_publisher:/home/yahboom/yahboomcar_ros2_ws/yahboomcar_ws/install/laserscan_to_point_pulisher:/opt/ros/foxy /usr/bin/cmake --build /home/yahboom/S24_RobotProgramming_Master/S24_RobotProgramming_eloquent/project_ws/build/draw_shape_interfaces -- -j4 -l4
[8.146s] Invoking command in '/home/yahboom/S24_RobotProgramming_Master/S24_RobotProgramming_eloquent/project_ws/build/draw_shape_interfaces': CMAKE_PREFIX_PATH=${CMAKE_PREFIX_PATH}:/home/yahboom/S24_RobotProgramming_Master/S24_RobotProgramming_eloquent/project_ws/install/rosmaster_sim:/home/yahboom/S24_RobotProgramming_Master/S24_RobotProgramming_eloquent/project_ws/install/draw_shape:/home/yahboom/yahboomcar_ros2_ws/yahboomcar_ws/install/yahboomcar_voice_ctrl:/home/yahboom/yahboomcar_ros2_ws/yahboomcar_ws/install/yahboomcar_visual:/home/yahboom/yahboomcar_ros2_ws/yahboomcar_ws/install/yahboomcar_rviz:/home/yahboom/yahboomcar_ros2_ws/yahboomcar_ws/install/yahboomcar_nav:/home/yahboom/yahboomcar_ros2_ws/yahboomcar_ws/install/yahboomcar_multi:/home/yahboom/yahboomcar_ros2_ws/yahboomcar_ws/install/yahboomcar_mediapipe:/home/yahboom/yahboomcar_ros2_ws/yahboomcar_ws/install/yahboomcar_linefollow:/home/yahboom/yahboomcar_ros2_ws/yahboomcar_ws/install/yahboomcar_laser:/home/yahboom/yahboomcar_ros2_ws/yahboomcar_ws/install/yahboomcar_description_x1:/home/yahboom/yahboomcar_ros2_ws/yahboomcar_ws/install/yahboomcar_description:/home/yahboom/yahboomcar_ros2_ws/yahboomcar_ws/install/yahboomcar_ctrl:/home/yahboom/yahboomcar_ros2_ws/yahboomcar_ws/install/yahboomcar_bringup:/home/yahboom/yahboomcar_ros2_ws/yahboomcar_ws/install/yahboomcar_astra:/home/yahboom/yahboomcar_ros2_ws/yahboomcar_ws/install/robot_pose_publisher:/home/yahboom/yahboomcar_ros2_ws/yahboomcar_ws/install/laserscan_to_point_pulisher:/opt/ros/foxy /usr/bin/cmake --install /home/yahboom/S24_RobotProgramming_Master/S24_RobotProgramming_eloquent/project_ws/build/draw_shape_interfaces
[8.162s] -- Install configuration: ""
[8.163s] -- Installing: /home/yahboom/S24_RobotProgramming_Master/S24_RobotProgramming_eloquent/project_ws/install/draw_shape_interfaces/share/ament_index/resource_index/rosidl_interfaces/draw_shape_interfaces
[8.164s] -- Up-to-date: /home/yahboom/S24_RobotProgramming_Master/S24_RobotProgramming_eloquent/project_ws/install/draw_shape_interfaces/include/draw_shape_interfaces
[8.164s] -- Up-to-date: /home/yahboom/S24_RobotProgramming_Master/S24_RobotProgramming_eloquent/project_ws/install/draw_shape_interfaces/include/draw_shape_interfaces/msg
[8.164s] -- Up-to-date: /home/yahboom/S24_RobotProgramming_Master/S24_RobotProgramming_eloquent/project_ws/install/draw_shape_interfaces/include/draw_shape_interfaces/msg/rosidl_generator_c__visibility_control.h
[8.164s] -- Installing: /home/yahboom/S24_RobotProgramming_Master/S24_RobotProgramming_eloquent/project_ws/install/draw_shape_interfaces/include/draw_shape_interfaces/msg/shape_def.h
[8.164s] -- Up-to-date: /home/yahboom/S24_RobotProgramming_Master/S24_RobotProgramming_eloquent/project_ws/install/draw_shape_interfaces/include/draw_shape_interfaces/msg/detail
[8.165s] -- Installing: /home/yahboom/S24_RobotProgramming_Master/S24_RobotProgramming_eloquent/project_ws/install/draw_shape_interfaces/include/draw_shape_interfaces/msg/detail/shape_def__struct.h
[8.165s] -- Installing: /home/yahboom/S24_RobotProgramming_Master/S24_RobotProgramming_eloquent/project_ws/install/draw_shape_interfaces/include/draw_shape_interfaces/msg/detail/shape_def__functions.h
[8.165s] -- Installing: /home/yahboom/S24_RobotProgramming_Master/S24_RobotProgramming_eloquent/project_ws/install/draw_shape_interfaces/include/draw_shape_interfaces/msg/detail/shape_def__functions.c
[8.165s] -- Installing: /home/yahboom/S24_RobotProgramming_Master/S24_RobotProgramming_eloquent/project_ws/install/draw_shape_interfaces/include/draw_shape_interfaces/msg/detail/shape_def__type_support.h
[8.166s] -- Installing: /home/yahboom/S24_RobotProgramming_Master/S24_RobotProgramming_eloquent/project_ws/install/draw_shape_interfaces/include/draw_shape_interfaces/srv
[8.167s] -- Installing: /home/yahboom/S24_RobotProgramming_Master/S24_RobotProgramming_eloquent/project_ws/install/draw_shape_interfaces/include/draw_shape_interfaces/srv/go_to_point.h
[8.167s] -- Installing: /home/yahboom/S24_RobotProgramming_Master/S24_RobotProgramming_eloquent/project_ws/install/draw_shape_interfaces/include/draw_shape_interfaces/srv/detail
[8.167s] -- Installing: /home/yahboom/S24_RobotProgramming_Master/S24_RobotProgramming_eloquent/project_ws/install/draw_shape_interfaces/include/draw_shape_interfaces/srv/detail/go_to_point__type_support.h
[8.167s] -- Installing: /home/yahboom/S24_RobotProgramming_Master/S24_RobotProgramming_eloquent/project_ws/install/draw_shape_interfaces/include/draw_shape_interfaces/srv/detail/go_to_point__functions.c
[8.167s] -- Installing: /home/yahboom/S24_RobotProgramming_Master/S24_RobotProgramming_eloquent/project_ws/install/draw_shape_interfaces/include/draw_shape_interfaces/srv/detail/go_to_point__struct.h
[8.168s] -- Installing: /home/yahboom/S24_RobotProgramming_Master/S24_RobotProgramming_eloquent/project_ws/install/draw_shape_interfaces/include/draw_shape_interfaces/srv/detail/go_to_point__functions.h
[8.168s] -- Up-to-date: /home/yahboom/S24_RobotProgramming_Master/S24_RobotProgramming_eloquent/project_ws/install/draw_shape_interfaces/share/draw_shape_interfaces/environment/library_path.sh
[8.168s] -- Installing: /home/yahboom/S24_RobotProgramming_Master/S24_RobotProgramming_eloquent/project_ws/install/draw_shape_interfaces/share/draw_shape_interfaces/environment/library_path.dsv
[8.168s] -- Installing: /home/yahboom/S24_RobotProgramming_Master/S24_RobotProgramming_eloquent/project_ws/install/draw_shape_interfaces/lib/libdraw_shape_interfaces__rosidl_generator_c.so
[8.169s] -- Set runtime path of "/home/yahboom/S24_RobotProgramming_Master/S24_RobotProgramming_eloquent/project_ws/install/draw_shape_interfaces/lib/libdraw_shape_interfaces__rosidl_generator_c.so" to ""
[8.169s] -- Up-to-date: /home/yahboom/S24_RobotProgramming_Master/S24_RobotProgramming_eloquent/project_ws/install/draw_shape_interfaces/include/draw_shape_interfaces
[8.169s] -- Up-to-date: /home/yahboom/S24_RobotProgramming_Master/S24_RobotProgramming_eloquent/project_ws/install/draw_shape_interfaces/include/draw_shape_interfaces/msg
[8.170s] -- Up-to-date: /home/yahboom/S24_RobotProgramming_Master/S24_RobotProgramming_eloquent/project_ws/install/draw_shape_interfaces/include/draw_shape_interfaces/msg/detail
[8.170s] -- Installing: /home/yahboom/S24_RobotProgramming_Master/S24_RobotProgramming_eloquent/project_ws/install/draw_shape_interfaces/include/draw_shape_interfaces/msg/detail/shape_def__rosidl_typesupport_fastrtps_c.h
[8.170s] -- Up-to-date: /home/yahboom/S24_RobotProgramming_Master/S24_RobotProgramming_eloquent/project_ws/install/draw_shape_interfaces/include/draw_shape_interfaces/msg/rosidl_typesupport_fastrtps_c__visibility_control.h
[8.170s] -- Up-to-date: /home/yahboom/S24_RobotProgramming_Master/S24_RobotProgramming_eloquent/project_ws/install/draw_shape_interfaces/include/draw_shape_interfaces/srv
[8.170s] -- Up-to-date: /home/yahboom/S24_RobotProgramming_Master/S24_RobotProgramming_eloquent/project_ws/install/draw_shape_interfaces/include/draw_shape_interfaces/srv/detail
[8.171s] -- Installing: /home/yahboom/S24_RobotProgramming_Master/S24_RobotProgramming_eloquent/project_ws/install/draw_shape_interfaces/include/draw_shape_interfaces/srv/detail/go_to_point__rosidl_typesupport_fastrtps_c.h
[8.171s] -- Installing: /home/yahboom/S24_RobotProgramming_Master/S24_RobotProgramming_eloquent/project_ws/install/draw_shape_interfaces/lib/libdraw_shape_interfaces__rosidl_typesupport_fastrtps_c.so
[8.172s] -- Set runtime path of "/home/yahboom/S24_RobotProgramming_Master/S24_RobotProgramming_eloquent/project_ws/install/draw_shape_interfaces/lib/libdraw_shape_interfaces__rosidl_typesupport_fastrtps_c.so" to ""
[8.172s] -- Up-to-date: /home/yahboom/S24_RobotProgramming_Master/S24_RobotProgramming_eloquent/project_ws/install/draw_shape_interfaces/include/draw_shape_interfaces
[8.172s] -- Up-to-date: /home/yahboom/S24_RobotProgramming_Master/S24_RobotProgramming_eloquent/project_ws/install/draw_shape_interfaces/include/draw_shape_interfaces/msg
[8.172s] -- Up-to-date: /home/yahboom/S24_RobotProgramming_Master/S24_RobotProgramming_eloquent/project_ws/install/draw_shape_interfaces/include/draw_shape_interfaces/msg/detail
[8.172s] -- Installing: /home/yahboom/S24_RobotProgramming_Master/S24_RobotProgramming_eloquent/project_ws/install/draw_shape_interfaces/include/draw_shape_interfaces/msg/detail/shape_def__rosidl_typesupport_fastrtps_cpp.hpp
[8.173s] -- Up-to-date: /home/yahboom/S24_RobotProgramming_Master/S24_RobotProgramming_eloquent/project_ws/install/draw_shape_interfaces/include/draw_shape_interfaces/msg/detail/dds_fastrtps
[8.173s] -- Up-to-date: /home/yahboom/S24_RobotProgramming_Master/S24_RobotProgramming_eloquent/project_ws/install/draw_shape_interfaces/include/draw_shape_interfaces/msg/rosidl_typesupport_fastrtps_cpp__visibility_control.h
[8.173s] -- Up-to-date: /home/yahboom/S24_RobotProgramming_Master/S24_RobotProgramming_eloquent/project_ws/install/draw_shape_interfaces/include/draw_shape_interfaces/srv
[8.173s] -- Up-to-date: /home/yahboom/S24_RobotProgramming_Master/S24_RobotProgramming_eloquent/project_ws/install/draw_shape_interfaces/include/draw_shape_interfaces/srv/detail
[8.174s] -- Installing: /home/yahboom/S24_RobotProgramming_Master/S24_RobotProgramming_eloquent/project_ws/install/draw_shape_interfaces/include/draw_shape_interfaces/srv/detail/go_to_point__rosidl_typesupport_fastrtps_cpp.hpp
[8.174s] -- Installing: /home/yahboom/S24_RobotProgramming_Master/S24_RobotProgramming_eloquent/project_ws/install/draw_shape_interfaces/include/draw_shape_interfaces/srv/detail/dds_fastrtps
[8.174s] -- Installing: /home/yahboom/S24_RobotProgramming_Master/S24_RobotProgramming_eloquent/project_ws/install/draw_shape_interfaces/lib/libdraw_shape_interfaces__rosidl_typesupport_fastrtps_cpp.so
[8.175s] -- Set runtime path of "/home/yahboom/S24_RobotProgramming_Master/S24_RobotProgramming_eloquent/project_ws/install/draw_shape_interfaces/lib/libdraw_shape_interfaces__rosidl_typesupport_fastrtps_cpp.so" to ""
[8.175s] -- Up-to-date: /home/yahboom/S24_RobotProgramming_Master/S24_RobotProgramming_eloquent/project_ws/install/draw_shape_interfaces/include/draw_shape_interfaces
[8.175s] -- Up-to-date: /home/yahboom/S24_RobotProgramming_Master/S24_RobotProgramming_eloquent/project_ws/install/draw_shape_interfaces/include/draw_shape_interfaces/msg
[8.175s] -- Up-to-date: /home/yahboom/S24_RobotProgramming_Master/S24_RobotProgramming_eloquent/project_ws/install/draw_shape_interfaces/include/draw_shape_interfaces/msg/detail
[8.176s] -- Installing: /home/yahboom/S24_RobotProgramming_Master/S24_RobotProgramming_eloquent/project_ws/install/draw_shape_interfaces/include/draw_shape_interfaces/msg/detail/shape_def__rosidl_typesupport_introspection_c.h
[8.176s] -- Installing: /home/yahboom/S24_RobotProgramming_Master/S24_RobotProgramming_eloquent/project_ws/install/draw_shape_interfaces/include/draw_shape_interfaces/msg/detail/shape_def__type_support.c
[8.176s] -- Up-to-date: /home/yahboom/S24_RobotProgramming_Master/S24_RobotProgramming_eloquent/project_ws/install/draw_shape_interfaces/include/draw_shape_interfaces/msg/rosidl_typesupport_introspection_c__visibility_control.h
[8.176s] -- Up-to-date: /home/yahboom/S24_RobotProgramming_Master/S24_RobotProgramming_eloquent/project_ws/install/draw_shape_interfaces/include/draw_shape_interfaces/srv
[8.176s] -- Up-to-date: /home/yahboom/S24_RobotProgramming_Master/S24_RobotProgramming_eloquent/project_ws/install/draw_shape_interfaces/include/draw_shape_interfaces/srv/detail
[8.176s] -- Installing: /home/yahboom/S24_RobotProgramming_Master/S24_RobotProgramming_eloquent/project_ws/install/draw_shape_interfaces/include/draw_shape_interfaces/srv/detail/go_to_point__rosidl_typesupport_introspection_c.h
[8.177s] -- Installing: /home/yahboom/S24_RobotProgramming_Master/S24_RobotProgramming_eloquent/project_ws/install/draw_shape_interfaces/include/draw_shape_interfaces/srv/detail/go_to_point__type_support.c
[8.177s] -- Installing: /home/yahboom/S24_RobotProgramming_Master/S24_RobotProgramming_eloquent/project_ws/install/draw_shape_interfaces/lib/libdraw_shape_interfaces__rosidl_typesupport_introspection_c.so
[8.177s] -- Set runtime path of "/home/yahboom/S24_RobotProgramming_Master/S24_RobotProgramming_eloquent/project_ws/install/draw_shape_interfaces/lib/libdraw_shape_interfaces__rosidl_typesupport_introspection_c.so" to ""
[8.177s] -- Installing: /home/yahboom/S24_RobotProgramming_Master/S24_RobotProgramming_eloquent/project_ws/install/draw_shape_interfaces/lib/libdraw_shape_interfaces__rosidl_typesupport_c.so
[8.178s] -- Set runtime path of "/home/yahboom/S24_RobotProgramming_Master/S24_RobotProgramming_eloquent/project_ws/install/draw_shape_interfaces/lib/libdraw_shape_interfaces__rosidl_typesupport_c.so" to ""
[8.178s] -- Up-to-date: /home/yahboom/S24_RobotProgramming_Master/S24_RobotProgramming_eloquent/project_ws/install/draw_shape_interfaces/include/draw_shape_interfaces
[8.178s] -- Up-to-date: /home/yahboom/S24_RobotProgramming_Master/S24_RobotProgramming_eloquent/project_ws/install/draw_shape_interfaces/include/draw_shape_interfaces/msg
[8.179s] -- Up-to-date: /home/yahboom/S24_RobotProgramming_Master/S24_RobotProgramming_eloquent/project_ws/install/draw_shape_interfaces/include/draw_shape_interfaces/msg/detail
[8.179s] -- Installing: /home/yahboom/S24_RobotProgramming_Master/S24_RobotProgramming_eloquent/project_ws/install/draw_shape_interfaces/include/draw_shape_interfaces/msg/detail/shape_def__traits.hpp
[8.179s] -- Installing: /home/yahboom/S24_RobotProgramming_Master/S24_RobotProgramming_eloquent/project_ws/install/draw_shape_interfaces/include/draw_shape_interfaces/msg/detail/shape_def__builder.hpp
[8.182s] -- Installing: /home/yahboom/S24_RobotProgramming_Master/S24_RobotProgramming_eloquent/project_ws/install/draw_shape_interfaces/include/draw_shape_interfaces/msg/detail/shape_def__struct.hpp
[8.182s] -- Installing: /home/yahboom/S24_RobotProgramming_Master/S24_RobotProgramming_eloquent/project_ws/install/draw_shape_interfaces/include/draw_shape_interfaces/msg/shape_def.hpp
[8.182s] -- Up-to-date: /home/yahboom/S24_RobotProgramming_Master/S24_RobotProgramming_eloquent/project_ws/install/draw_shape_interfaces/include/draw_shape_interfaces/srv
[8.183s] -- Up-to-date: /home/yahboom/S24_RobotProgramming_Master/S24_RobotProgramming_eloquent/project_ws/install/draw_shape_interfaces/include/draw_shape_interfaces/srv/detail
[8.183s] -- Installing: /home/yahboom/S24_RobotProgramming_Master/S24_RobotProgramming_eloquent/project_ws/install/draw_shape_interfaces/include/draw_shape_interfaces/srv/detail/go_to_point__traits.hpp
[8.183s] -- Installing: /home/yahboom/S24_RobotProgramming_Master/S24_RobotProgramming_eloquent/project_ws/install/draw_shape_interfaces/include/draw_shape_interfaces/srv/detail/go_to_point__struct.hpp
[8.183s] -- Installing: /home/yahboom/S24_RobotProgramming_Master/S24_RobotProgramming_eloquent/project_ws/install/draw_shape_interfaces/include/draw_shape_interfaces/srv/detail/go_to_point__builder.hpp
[8.184s] -- Installing: /home/yahboom/S24_RobotProgramming_Master/S24_RobotProgramming_eloquent/project_ws/install/draw_shape_interfaces/include/draw_shape_interfaces/srv/go_to_point.hpp
[8.184s] -- Up-to-date: /home/yahboom/S24_RobotProgramming_Master/S24_RobotProgramming_eloquent/project_ws/install/draw_shape_interfaces/include/draw_shape_interfaces
[8.184s] -- Up-to-date: /home/yahboom/S24_RobotProgramming_Master/S24_RobotProgramming_eloquent/project_ws/install/draw_shape_interfaces/include/draw_shape_interfaces/msg
[8.184s] -- Up-to-date: /home/yahboom/S24_RobotProgramming_Master/S24_RobotProgramming_eloquent/project_ws/install/draw_shape_interfaces/include/draw_shape_interfaces/msg/detail
[8.184s] -- Installing: /home/yahboom/S24_RobotProgramming_Master/S24_RobotProgramming_eloquent/project_ws/install/draw_shape_interfaces/include/draw_shape_interfaces/msg/detail/shape_def__rosidl_typesupport_introspection_cpp.hpp
[8.184s] -- Installing: /home/yahboom/S24_RobotProgramming_Master/S24_RobotProgramming_eloquent/project_ws/install/draw_shape_interfaces/include/draw_shape_interfaces/msg/detail/shape_def__type_support.cpp
[8.184s] -- Up-to-date: /home/yahboom/S24_RobotProgramming_Master/S24_RobotProgramming_eloquent/project_ws/install/draw_shape_interfaces/include/draw_shape_interfaces/srv
[8.185s] -- Up-to-date: /home/yahboom/S24_RobotProgramming_Master/S24_RobotProgramming_eloquent/project_ws/install/draw_shape_interfaces/include/draw_shape_interfaces/srv/detail
[8.185s] -- Installing: /home/yahboom/S24_RobotProgramming_Master/S24_RobotProgramming_eloquent/project_ws/install/draw_shape_interfaces/include/draw_shape_interfaces/srv/detail/go_to_point__type_support.cpp
[8.185s] -- Installing: /home/yahboom/S24_RobotProgramming_Master/S24_RobotProgramming_eloquent/project_ws/install/draw_shape_interfaces/include/draw_shape_interfaces/srv/detail/go_to_point__rosidl_typesupport_introspection_cpp.hpp
[8.185s] -- Installing: /home/yahboom/S24_RobotProgramming_Master/S24_RobotProgramming_eloquent/project_ws/install/draw_shape_interfaces/lib/libdraw_shape_interfaces__rosidl_typesupport_introspection_cpp.so
[8.185s] -- Set runtime path of "/home/yahboom/S24_RobotProgramming_Master/S24_RobotProgramming_eloquent/project_ws/install/draw_shape_interfaces/lib/libdraw_shape_interfaces__rosidl_typesupport_introspection_cpp.so" to ""
[8.186s] -- Installing: /home/yahboom/S24_RobotProgramming_Master/S24_RobotProgramming_eloquent/project_ws/install/draw_shape_interfaces/lib/libdraw_shape_interfaces__rosidl_typesupport_cpp.so
[8.186s] -- Set runtime path of "/home/yahboom/S24_RobotProgramming_Master/S24_RobotProgramming_eloquent/project_ws/install/draw_shape_interfaces/lib/libdraw_shape_interfaces__rosidl_typesupport_cpp.so" to ""
[8.187s] -- Up-to-date: /home/yahboom/S24_RobotProgramming_Master/S24_RobotProgramming_eloquent/project_ws/install/draw_shape_interfaces/share/draw_shape_interfaces/environment/pythonpath.sh
[8.187s] -- Installing: /home/yahboom/S24_RobotProgramming_Master/S24_RobotProgramming_eloquent/project_ws/install/draw_shape_interfaces/share/draw_shape_interfaces/environment/pythonpath.dsv
[8.187s] -- Installing: /home/yahboom/S24_RobotProgramming_Master/S24_RobotProgramming_eloquent/project_ws/install/draw_shape_interfaces/lib/python3.8/site-packages/draw_shape_interfaces/__init__.py
[8.246s] Compiling '/home/yahboom/S24_RobotProgramming_Master/S24_RobotProgramming_eloquent/project_ws/install/draw_shape_interfaces/lib/python3.8/site-packages/draw_shape_interfaces/__init__.py'...
[8.252s] -- Up-to-date: /home/yahboom/S24_RobotProgramming_Master/S24_RobotProgramming_eloquent/project_ws/install/draw_shape_interfaces/lib/python3.8/site-packages/draw_shape_interfaces/msg
[8.252s] -- Installing: /home/yahboom/S24_RobotProgramming_Master/S24_RobotProgramming_eloquent/project_ws/install/draw_shape_interfaces/lib/python3.8/site-packages/draw_shape_interfaces/msg/_shape_def.py
[8.253s] -- Installing: /home/yahboom/S24_RobotProgramming_Master/S24_RobotProgramming_eloquent/project_ws/install/draw_shape_interfaces/lib/python3.8/site-packages/draw_shape_interfaces/msg/__init__.py
[8.253s] -- Installing: /home/yahboom/S24_RobotProgramming_Master/S24_RobotProgramming_eloquent/project_ws/install/draw_shape_interfaces/lib/python3.8/site-packages/draw_shape_interfaces/msg/_shape_def_s.c
[8.253s] -- Installing: /home/yahboom/S24_RobotProgramming_Master/S24_RobotProgramming_eloquent/project_ws/install/draw_shape_interfaces/lib/python3.8/site-packages/draw_shape_interfaces/srv
[8.253s] -- Installing: /home/yahboom/S24_RobotProgramming_Master/S24_RobotProgramming_eloquent/project_ws/install/draw_shape_interfaces/lib/python3.8/site-packages/draw_shape_interfaces/srv/_go_to_point_s.c
[8.253s] -- Installing: /home/yahboom/S24_RobotProgramming_Master/S24_RobotProgramming_eloquent/project_ws/install/draw_shape_interfaces/lib/python3.8/site-packages/draw_shape_interfaces/srv/_go_to_point.py
[8.254s] -- Installing: /home/yahboom/S24_RobotProgramming_Master/S24_RobotProgramming_eloquent/project_ws/install/draw_shape_interfaces/lib/python3.8/site-packages/draw_shape_interfaces/srv/__init__.py
[8.254s] -- Installing: /home/yahboom/S24_RobotProgramming_Master/S24_RobotProgramming_eloquent/project_ws/install/draw_shape_interfaces/lib/python3.8/site-packages/draw_shape_interfaces/draw_shape_interfaces_s__rosidl_typesupport_fastrtps_c.cpython-38-x86_64-linux-gnu.so
[8.255s] -- Set runtime path of "/home/yahboom/S24_RobotProgramming_Master/S24_RobotProgramming_eloquent/project_ws/install/draw_shape_interfaces/lib/python3.8/site-packages/draw_shape_interfaces/draw_shape_interfaces_s__rosidl_typesupport_fastrtps_c.cpython-38-x86_64-linux-gnu.so" to ""
[8.256s] -- Installing: /home/yahboom/S24_RobotProgramming_Master/S24_RobotProgramming_eloquent/project_ws/install/draw_shape_interfaces/lib/python3.8/site-packages/draw_shape_interfaces/draw_shape_interfaces_s__rosidl_typesupport_introspection_c.cpython-38-x86_64-linux-gnu.so
[8.256s] -- Set runtime path of "/home/yahboom/S24_RobotProgramming_Master/S24_RobotProgramming_eloquent/project_ws/install/draw_shape_interfaces/lib/python3.8/site-packages/draw_shape_interfaces/draw_shape_interfaces_s__rosidl_typesupport_introspection_c.cpython-38-x86_64-linux-gnu.so" to ""
[8.257s] -- Installing: /home/yahboom/S24_RobotProgramming_Master/S24_RobotProgramming_eloquent/project_ws/install/draw_shape_interfaces/lib/python3.8/site-packages/draw_shape_interfaces/draw_shape_interfaces_s__rosidl_typesupport_c.cpython-38-x86_64-linux-gnu.so
[8.258s] -- Set runtime path of "/home/yahboom/S24_RobotProgramming_Master/S24_RobotProgramming_eloquent/project_ws/install/draw_shape_interfaces/lib/python3.8/site-packages/draw_shape_interfaces/draw_shape_interfaces_s__rosidl_typesupport_c.cpython-38-x86_64-linux-gnu.so" to ""
[8.258s] -- Installing: /home/yahboom/S24_RobotProgramming_Master/S24_RobotProgramming_eloquent/project_ws/install/draw_shape_interfaces/lib/libdraw_shape_interfaces__python.so
[8.259s] -- Set runtime path of "/home/yahboom/S24_RobotProgramming_Master/S24_RobotProgramming_eloquent/project_ws/install/draw_shape_interfaces/lib/libdraw_shape_interfaces__python.so" to ""
[8.259s] -- Up-to-date: /home/yahboom/S24_RobotProgramming_Master/S24_RobotProgramming_eloquent/project_ws/install/draw_shape_interfaces/share/draw_shape_interfaces/msg/ShapeDef.idl
[8.259s] -- Installing: /home/yahboom/S24_RobotProgramming_Master/S24_RobotProgramming_eloquent/project_ws/install/draw_shape_interfaces/share/draw_shape_interfaces/srv/GoToPoint.idl
[8.259s] -- Up-to-date: /home/yahboom/S24_RobotProgramming_Master/S24_RobotProgramming_eloquent/project_ws/install/draw_shape_interfaces/share/draw_shape_interfaces/msg/ShapeDef.msg
[8.260s] -- Installing: /home/yahboom/S24_RobotProgramming_Master/S24_RobotProgramming_eloquent/project_ws/install/draw_shape_interfaces/share/draw_shape_interfaces/srv/GoToPoint.srv
[8.260s] -- Installing: /home/yahboom/S24_RobotProgramming_Master/S24_RobotProgramming_eloquent/project_ws/install/draw_shape_interfaces/share/draw_shape_interfaces/srv/GoToPoint_Request.msg
[8.260s] -- Installing: /home/yahboom/S24_RobotProgramming_Master/S24_RobotProgramming_eloquent/project_ws/install/draw_shape_interfaces/share/draw_shape_interfaces/srv/GoToPoint_Response.msg
[8.261s] -- Up-to-date: /home/yahboom/S24_RobotProgramming_Master/S24_RobotProgramming_eloquent/project_ws/install/draw_shape_interfaces/share/ament_index/resource_index/package_run_dependencies/draw_shape_interfaces
[8.261s] -- Installing: /home/yahboom/S24_RobotProgramming_Master/S24_RobotProgramming_eloquent/project_ws/install/draw_shape_interfaces/share/ament_index/resource_index/parent_prefix_path/draw_shape_interfaces
[8.261s] -- Up-to-date: /home/yahboom/S24_RobotProgramming_Master/S24_RobotProgramming_eloquent/project_ws/install/draw_shape_interfaces/share/draw_shape_interfaces/environment/ament_prefix_path.sh
[8.261s] -- Installing: /home/yahboom/S24_RobotProgramming_Master/S24_RobotProgramming_eloquent/project_ws/install/draw_shape_interfaces/share/draw_shape_interfaces/environment/ament_prefix_path.dsv
[8.262s] -- Up-to-date: /home/yahboom/S24_RobotProgramming_Master/S24_RobotProgramming_eloquent/project_ws/install/draw_shape_interfaces/share/draw_shape_interfaces/environment/path.sh
[8.262s] -- Installing: /home/yahboom/S24_RobotProgramming_Master/S24_RobotProgramming_eloquent/project_ws/install/draw_shape_interfaces/share/draw_shape_interfaces/environment/path.dsv
[8.262s] -- Up-to-date: /home/yahboom/S24_RobotProgramming_Master/S24_RobotProgramming_eloquent/project_ws/install/draw_shape_interfaces/share/draw_shape_interfaces/local_setup.bash
[8.262s] -- Up-to-date: /home/yahboom/S24_RobotProgramming_Master/S24_RobotProgramming_eloquent/project_ws/install/draw_shape_interfaces/share/draw_shape_interfaces/local_setup.sh
[8.262s] -- Up-to-date: /home/yahboom/S24_RobotProgramming_Master/S24_RobotProgramming_eloquent/project_ws/install/draw_shape_interfaces/share/draw_shape_interfaces/local_setup.zsh
[8.262s] -- Installing: /home/yahboom/S24_RobotProgramming_Master/S24_RobotProgramming_eloquent/project_ws/install/draw_shape_interfaces/share/draw_shape_interfaces/local_setup.dsv
[8.263s] -- Installing: /home/yahboom/S24_RobotProgramming_Master/S24_RobotProgramming_eloquent/project_ws/install/draw_shape_interfaces/share/draw_shape_interfaces/package.dsv
[8.263s] -- Up-to-date: /home/yahboom/S24_RobotProgramming_Master/S24_RobotProgramming_eloquent/project_ws/install/draw_shape_interfaces/share/ament_index/resource_index/packages/draw_shape_interfaces
[8.263s] -- Up-to-date: /home/yahboom/S24_RobotProgramming_Master/S24_RobotProgramming_eloquent/project_ws/install/draw_shape_interfaces/share/draw_shape_interfaces/cmake/draw_shape_interfaces__rosidl_generator_cExport.cmake
[8.264s] -- Installing: /home/yahboom/S24_RobotProgramming_Master/S24_RobotProgramming_eloquent/project_ws/install/draw_shape_interfaces/share/draw_shape_interfaces/cmake/draw_shape_interfaces__rosidl_generator_cExport-noconfig.cmake
[8.264s] -- Up-to-date: /home/yahboom/S24_RobotProgramming_Master/S24_RobotProgramming_eloquent/project_ws/install/draw_shape_interfaces/share/draw_shape_interfaces/cmake/draw_shape_interfaces__rosidl_typesupport_introspection_cExport.cmake
[8.265s] -- Installing: /home/yahboom/S24_RobotProgramming_Master/S24_RobotProgramming_eloquent/project_ws/install/draw_shape_interfaces/share/draw_shape_interfaces/cmake/draw_shape_interfaces__rosidl_typesupport_introspection_cExport-noconfig.cmake
[8.266s] -- Up-to-date: /home/yahboom/S24_RobotProgramming_Master/S24_RobotProgramming_eloquent/project_ws/install/draw_shape_interfaces/share/draw_shape_interfaces/cmake/draw_shape_interfaces__rosidl_typesupport_cExport.cmake
[8.266s] -- Installing: /home/yahboom/S24_RobotProgramming_Master/S24_RobotProgramming_eloquent/project_ws/install/draw_shape_interfaces/share/draw_shape_interfaces/cmake/draw_shape_interfaces__rosidl_typesupport_cExport-noconfig.cmake
[8.266s] -- Up-to-date: /home/yahboom/S24_RobotProgramming_Master/S24_RobotProgramming_eloquent/project_ws/install/draw_shape_interfaces/share/draw_shape_interfaces/cmake/draw_shape_interfaces__rosidl_generator_cppExport.cmake
[8.267s] -- Up-to-date: /home/yahboom/S24_RobotProgramming_Master/S24_RobotProgramming_eloquent/project_ws/install/draw_shape_interfaces/share/draw_shape_interfaces/cmake/draw_shape_interfaces__rosidl_typesupport_introspection_cppExport.cmake
[8.267s] -- Installing: /home/yahboom/S24_RobotProgramming_Master/S24_RobotProgramming_eloquent/project_ws/install/draw_shape_interfaces/share/draw_shape_interfaces/cmake/draw_shape_interfaces__rosidl_typesupport_introspection_cppExport-noconfig.cmake
[8.267s] -- Up-to-date: /home/yahboom/S24_RobotProgramming_Master/S24_RobotProgramming_eloquent/project_ws/install/draw_shape_interfaces/share/draw_shape_interfaces/cmake/draw_shape_interfaces__rosidl_typesupport_cppExport.cmake
[8.268s] -- Installing: /home/yahboom/S24_RobotProgramming_Master/S24_RobotProgramming_eloquent/project_ws/install/draw_shape_interfaces/share/draw_shape_interfaces/cmake/draw_shape_interfaces__rosidl_typesupport_cppExport-noconfig.cmake
[8.268s] -- Installing: /home/yahboom/S24_RobotProgramming_Master/S24_RobotProgramming_eloquent/project_ws/install/draw_shape_interfaces/share/draw_shape_interfaces/cmake/rosidl_cmake-extras.cmake
[8.268s] -- Up-to-date: /home/yahboom/S24_RobotProgramming_Master/S24_RobotProgramming_eloquent/project_ws/install/draw_shape_interfaces/share/draw_shape_interfaces/cmake/ament_cmake_export_dependencies-extras.cmake
[8.268s] -- Up-to-date: /home/yahboom/S24_RobotProgramming_Master/S24_RobotProgramming_eloquent/project_ws/install/draw_shape_interfaces/share/draw_shape_interfaces/cmake/ament_cmake_export_libraries-extras.cmake
[8.269s] -- Up-to-date: /home/yahboom/S24_RobotProgramming_Master/S24_RobotProgramming_eloquent/project_ws/install/draw_shape_interfaces/share/draw_shape_interfaces/cmake/ament_cmake_export_targets-extras.cmake
[8.269s] -- Up-to-date: /home/yahboom/S24_RobotProgramming_Master/S24_RobotProgramming_eloquent/project_ws/install/draw_shape_interfaces/share/draw_shape_interfaces/cmake/ament_cmake_export_include_directories-extras.cmake
[8.269s] -- Up-to-date: /home/yahboom/S24_RobotProgramming_Master/S24_RobotProgramming_eloquent/project_ws/install/draw_shape_interfaces/share/draw_shape_interfaces/cmake/rosidl_cmake_export_typesupport_libraries-extras.cmake
[8.269s] -- Up-to-date: /home/yahboom/S24_RobotProgramming_Master/S24_RobotProgramming_eloquent/project_ws/install/draw_shape_interfaces/share/draw_shape_interfaces/cmake/rosidl_cmake_export_typesupport_targets-extras.cmake
[8.269s] -- Up-to-date: /home/yahboom/S24_RobotProgramming_Master/S24_RobotProgramming_eloquent/project_ws/install/draw_shape_interfaces/share/draw_shape_interfaces/cmake/draw_shape_interfacesConfig.cmake
[8.270s] -- Up-to-date: /home/yahboom/S24_RobotProgramming_Master/S24_RobotProgramming_eloquent/project_ws/install/draw_shape_interfaces/share/draw_shape_interfaces/cmake/draw_shape_interfacesConfig-version.cmake
[8.270s] -- Up-to-date: /home/yahboom/S24_RobotProgramming_Master/S24_RobotProgramming_eloquent/project_ws/install/draw_shape_interfaces/share/draw_shape_interfaces/package.xml
[8.276s] Invoked command in '/home/yahboom/S24_RobotProgramming_Master/S24_RobotProgramming_eloquent/project_ws/build/draw_shape_interfaces' returned '0': CMAKE_PREFIX_PATH=${CMAKE_PREFIX_PATH}:/home/yahboom/S24_RobotProgramming_Master/S24_RobotProgramming_eloquent/project_ws/install/rosmaster_sim:/home/yahboom/S24_RobotProgramming_Master/S24_RobotProgramming_eloquent/project_ws/install/draw_shape:/home/yahboom/yahboomcar_ros2_ws/yahboomcar_ws/install/yahboomcar_voice_ctrl:/home/yahboom/yahboomcar_ros2_ws/yahboomcar_ws/install/yahboomcar_visual:/home/yahboom/yahboomcar_ros2_ws/yahboomcar_ws/install/yahboomcar_rviz:/home/yahboom/yahboomcar_ros2_ws/yahboomcar_ws/install/yahboomcar_nav:/home/yahboom/yahboomcar_ros2_ws/yahboomcar_ws/install/yahboomcar_multi:/home/yahboom/yahboomcar_ros2_ws/yahboomcar_ws/install/yahboomcar_mediapipe:/home/yahboom/yahboomcar_ros2_ws/yahboomcar_ws/install/yahboomcar_linefollow:/home/yahboom/yahboomcar_ros2_ws/yahboomcar_ws/install/yahboomcar_laser:/home/yahboom/yahboomcar_ros2_ws/yahboomcar_ws/install/yahboomcar_description_x1:/home/yahboom/yahboomcar_ros2_ws/yahboomcar_ws/install/yahboomcar_description:/home/yahboom/yahboomcar_ros2_ws/yahboomcar_ws/install/yahboomcar_ctrl:/home/yahboom/yahboomcar_ros2_ws/yahboomcar_ws/install/yahboomcar_bringup:/home/yahboom/yahboomcar_ros2_ws/yahboomcar_ws/install/yahboomcar_astra:/home/yahboom/yahboomcar_ros2_ws/yahboomcar_ws/install/robot_pose_publisher:/home/yahboom/yahboomcar_ros2_ws/yahboomcar_ws/install/laserscan_to_point_pulisher:/opt/ros/foxy /usr/bin/cmake --install /home/yahboom/S24_RobotProgramming_Master/S24_RobotProgramming_eloquent/project_ws/build/draw_shape_interfaces
