[1.461s] Invoking command in '/home/yahboom/S24_RobotProgramming_eloquent/lab3/roscourse_ws/src/python_turtle': PYTHONPATH=/home/yahboom/S24_RobotProgramming_eloquent/lab3/roscourse_ws/src/build/python_turtle/prefix_override:/home/yahboom/S24_RobotProgramming_eloquent/lab3/roscourse_ws/src/install/python_turtle/lib/python3.8/site-packages:${PYTHONPATH} /usr/bin/python3 setup.py egg_info --egg-base ../build/python_turtle build --build-base /home/yahboom/S24_RobotProgramming_eloquent/lab3/roscourse_ws/src/build/python_turtle/build install --record /home/yahboom/S24_RobotProgramming_eloquent/lab3/roscourse_ws/src/build/python_turtle/install.log --install-scripts $base/lib/python_turtle --single-version-externally-managed
[1.701s] running egg_info
[1.702s] creating ../build/python_turtle/python_turtle.egg-info
[1.702s] writing ../build/python_turtle/python_turtle.egg-info/PKG-INFO
[1.703s] writing dependency_links to ../build/python_turtle/python_turtle.egg-info/dependency_links.txt
[1.703s] writing entry points to ../build/python_turtle/python_turtle.egg-info/entry_points.txt
[1.703s] writing requirements to ../build/python_turtle/python_turtle.egg-info/requires.txt
[1.704s] writing top-level names to ../build/python_turtle/python_turtle.egg-info/top_level.txt
[1.707s] writing manifest file '../build/python_turtle/python_turtle.egg-info/SOURCES.txt'
[1.749s] reading manifest file '../build/python_turtle/python_turtle.egg-info/SOURCES.txt'
[1.750s] writing manifest file '../build/python_turtle/python_turtle.egg-info/SOURCES.txt'
[1.751s] running build
[1.751s] running build_py
[1.752s] creating /home/yahboom/S24_RobotProgramming_eloquent/lab3/roscourse_ws/src/build/python_turtle/build
[1.753s] creating /home/yahboom/S24_RobotProgramming_eloquent/lab3/roscourse_ws/src/build/python_turtle/build/lib
[1.753s] creating /home/yahboom/S24_RobotProgramming_eloquent/lab3/roscourse_ws/src/build/python_turtle/build/lib/python_turtle
[1.753s] copying python_turtle/__init__.py -> /home/yahboom/S24_RobotProgramming_eloquent/lab3/roscourse_ws/src/build/python_turtle/build/lib/python_turtle
[1.753s] copying python_turtle/turtlebot_client.py -> /home/yahboom/S24_RobotProgramming_eloquent/lab3/roscourse_ws/src/build/python_turtle/build/lib/python_turtle
[1.754s] copying python_turtle/turtlebot_server.py -> /home/yahboom/S24_RobotProgramming_eloquent/lab3/roscourse_ws/src/build/python_turtle/build/lib/python_turtle
[1.754s] copying python_turtle/service_client.py -> /home/yahboom/S24_RobotProgramming_eloquent/lab3/roscourse_ws/src/build/python_turtle/build/lib/python_turtle
[1.755s] running install
[1.756s] running install_lib
[1.758s] creating /home/yahboom/S24_RobotProgramming_eloquent/lab3/roscourse_ws/src/install/python_turtle/lib/python3.8/site-packages/python_turtle
[1.758s] copying /home/yahboom/S24_RobotProgramming_eloquent/lab3/roscourse_ws/src/build/python_turtle/build/lib/python_turtle/__init__.py -> /home/yahboom/S24_RobotProgramming_eloquent/lab3/roscourse_ws/src/install/python_turtle/lib/python3.8/site-packages/python_turtle
[1.758s] copying /home/yahboom/S24_RobotProgramming_eloquent/lab3/roscourse_ws/src/build/python_turtle/build/lib/python_turtle/turtlebot_client.py -> /home/yahboom/S24_RobotProgramming_eloquent/lab3/roscourse_ws/src/install/python_turtle/lib/python3.8/site-packages/python_turtle
[1.758s] copying /home/yahboom/S24_RobotProgramming_eloquent/lab3/roscourse_ws/src/build/python_turtle/build/lib/python_turtle/turtlebot_server.py -> /home/yahboom/S24_RobotProgramming_eloquent/lab3/roscourse_ws/src/install/python_turtle/lib/python3.8/site-packages/python_turtle
[1.758s] copying /home/yahboom/S24_RobotProgramming_eloquent/lab3/roscourse_ws/src/build/python_turtle/build/lib/python_turtle/service_client.py -> /home/yahboom/S24_RobotProgramming_eloquent/lab3/roscourse_ws/src/install/python_turtle/lib/python3.8/site-packages/python_turtle
[1.759s] byte-compiling /home/yahboom/S24_RobotProgramming_eloquent/lab3/roscourse_ws/src/install/python_turtle/lib/python3.8/site-packages/python_turtle/__init__.py to __init__.cpython-38.pyc
[1.760s] byte-compiling /home/yahboom/S24_RobotProgramming_eloquent/lab3/roscourse_ws/src/install/python_turtle/lib/python3.8/site-packages/python_turtle/turtlebot_client.py to turtlebot_client.cpython-38.pyc
[1.760s] byte-compiling /home/yahboom/S24_RobotProgramming_eloquent/lab3/roscourse_ws/src/install/python_turtle/lib/python3.8/site-packages/python_turtle/turtlebot_server.py to turtlebot_server.cpython-38.pyc
[1.761s] byte-compiling /home/yahboom/S24_RobotProgramming_eloquent/lab3/roscourse_ws/src/install/python_turtle/lib/python3.8/site-packages/python_turtle/service_client.py to service_client.cpython-38.pyc
[1.762s] running install_data
[1.762s] creating /home/yahboom/S24_RobotProgramming_eloquent/lab3/roscourse_ws/src/install/python_turtle/share/ament_index
[1.763s] creating /home/yahboom/S24_RobotProgramming_eloquent/lab3/roscourse_ws/src/install/python_turtle/share/ament_index/resource_index
[1.763s] creating /home/yahboom/S24_RobotProgramming_eloquent/lab3/roscourse_ws/src/install/python_turtle/share/ament_index/resource_index/packages
[1.763s] copying resource/python_turtle -> /home/yahboom/S24_RobotProgramming_eloquent/lab3/roscourse_ws/src/install/python_turtle/share/ament_index/resource_index/packages
[1.763s] copying package.xml -> /home/yahboom/S24_RobotProgramming_eloquent/lab3/roscourse_ws/src/install/python_turtle/share/python_turtle
[1.763s] running install_egg_info
[1.765s] Copying ../build/python_turtle/python_turtle.egg-info to /home/yahboom/S24_RobotProgramming_eloquent/lab3/roscourse_ws/src/install/python_turtle/lib/python3.8/site-packages/python_turtle-0.0.0-py3.8.egg-info
[1.766s] running install_scripts
[1.793s] Installing service_client script to /home/yahboom/S24_RobotProgramming_eloquent/lab3/roscourse_ws/src/install/python_turtle/lib/python_turtle
[1.794s] Installing turtlebot_client script to /home/yahboom/S24_RobotProgramming_eloquent/lab3/roscourse_ws/src/install/python_turtle/lib/python_turtle
[1.794s] Installing turtlebot_server script to /home/yahboom/S24_RobotProgramming_eloquent/lab3/roscourse_ws/src/install/python_turtle/lib/python_turtle
[1.795s] writing list of installed files to '/home/yahboom/S24_RobotProgramming_eloquent/lab3/roscourse_ws/src/build/python_turtle/install.log'
[1.838s] Invoked command in '/home/yahboom/S24_RobotProgramming_eloquent/lab3/roscourse_ws/src/python_turtle' returned '0': PYTHONPATH=/home/yahboom/S24_RobotProgramming_eloquent/lab3/roscourse_ws/src/build/python_turtle/prefix_override:/home/yahboom/S24_RobotProgramming_eloquent/lab3/roscourse_ws/src/install/python_turtle/lib/python3.8/site-packages:${PYTHONPATH} /usr/bin/python3 setup.py egg_info --egg-base ../build/python_turtle build --build-base /home/yahboom/S24_RobotProgramming_eloquent/lab3/roscourse_ws/src/build/python_turtle/build install --record /home/yahboom/S24_RobotProgramming_eloquent/lab3/roscourse_ws/src/build/python_turtle/install.log --install-scripts $base/lib/python_turtle --single-version-externally-managed
