[0.912s] Invoking command in '/home/yahboom/S24_RobotProgramming_eloquent/Lab3/roscourse_ws/src/python_turtle': AMENT_PREFIX_PATH=/home/yahboom/S24_RobotProgramming_eloquent/Lab3/roscourse_ws/install/turtle_interfaces:${AMENT_PREFIX_PATH} CMAKE_PREFIX_PATH=/home/yahboom/S24_RobotProgramming_eloquent/Lab3/roscourse_ws/install/turtle_interfaces:${CMAKE_PREFIX_PATH} LD_LIBRARY_PATH=/home/yahboom/S24_RobotProgramming_eloquent/Lab3/roscourse_ws/install/turtle_interfaces/lib:${LD_LIBRARY_PATH} PYTHONPATH=/home/yahboom/S24_RobotProgramming_eloquent/Lab3/roscourse_ws/build/python_turtle/prefix_override:/home/yahboom/S24_RobotProgramming_eloquent/Lab3/roscourse_ws/install/python_turtle/lib/python3.8/site-packages:/home/yahboom/S24_RobotProgramming_eloquent/Lab3/roscourse_ws/install/turtle_interfaces/lib/python3.8/site-packages:${PYTHONPATH} /usr/bin/python3 setup.py egg_info --egg-base ../../build/python_turtle build --build-base /home/yahboom/S24_RobotProgramming_eloquent/Lab3/roscourse_ws/build/python_turtle/build install --record /home/yahboom/S24_RobotProgramming_eloquent/Lab3/roscourse_ws/build/python_turtle/install.log --install-scripts $base/lib/python_turtle --single-version-externally-managed
[1.181s] running egg_info
[1.183s] writing ../../build/python_turtle/python_turtle.egg-info/PKG-INFO
[1.183s] writing dependency_links to ../../build/python_turtle/python_turtle.egg-info/dependency_links.txt
[1.184s] writing entry points to ../../build/python_turtle/python_turtle.egg-info/entry_points.txt
[1.184s] writing requirements to ../../build/python_turtle/python_turtle.egg-info/requires.txt
[1.185s] writing top-level names to ../../build/python_turtle/python_turtle.egg-info/top_level.txt
[1.233s] reading manifest file '../../build/python_turtle/python_turtle.egg-info/SOURCES.txt'
[1.235s] writing manifest file '../../build/python_turtle/python_turtle.egg-info/SOURCES.txt'
[1.236s] running build
[1.236s] running build_py
[1.236s] copying python_turtle/service_client.py -> /home/yahboom/S24_RobotProgramming_eloquent/Lab3/roscourse_ws/build/python_turtle/build/lib/python_turtle
[1.236s] running install
[1.238s] running install_lib
[1.240s] copying /home/yahboom/S24_RobotProgramming_eloquent/Lab3/roscourse_ws/build/python_turtle/build/lib/python_turtle/service_client.py -> /home/yahboom/S24_RobotProgramming_eloquent/Lab3/roscourse_ws/install/python_turtle/lib/python3.8/site-packages/python_turtle
[1.242s] byte-compiling /home/yahboom/S24_RobotProgramming_eloquent/Lab3/roscourse_ws/install/python_turtle/lib/python3.8/site-packages/python_turtle/turtlebot_server.py to turtlebot_server.cpython-38.pyc
[1.244s] Sorry: TabError: inconsistent use of tabs and spaces in indentation (turtlebot_server.py, line 14)
[1.244s] byte-compiling /home/yahboom/S24_RobotProgramming_eloquent/Lab3/roscourse_ws/install/python_turtle/lib/python3.8/site-packages/python_turtle/service_client.py to service_client.cpython-38.pyc
[1.245s] running install_data
[1.246s] running install_egg_info
[1.249s] removing '/home/yahboom/S24_RobotProgramming_eloquent/Lab3/roscourse_ws/install/python_turtle/lib/python3.8/site-packages/python_turtle-0.0.0-py3.8.egg-info' (and everything under it)
[1.250s] Copying ../../build/python_turtle/python_turtle.egg-info to /home/yahboom/S24_RobotProgramming_eloquent/Lab3/roscourse_ws/install/python_turtle/lib/python3.8/site-packages/python_turtle-0.0.0-py3.8.egg-info
[1.251s] running install_scripts
[1.280s] Installing service_client script to /home/yahboom/S24_RobotProgramming_eloquent/Lab3/roscourse_ws/install/python_turtle/lib/python_turtle
[1.280s] Installing turtlebot_client script to /home/yahboom/S24_RobotProgramming_eloquent/Lab3/roscourse_ws/install/python_turtle/lib/python_turtle
[1.281s] Installing turtlebot_server script to /home/yahboom/S24_RobotProgramming_eloquent/Lab3/roscourse_ws/install/python_turtle/lib/python_turtle
[1.284s] writing list of installed files to '/home/yahboom/S24_RobotProgramming_eloquent/Lab3/roscourse_ws/build/python_turtle/install.log'
[1.329s] Invoked command in '/home/yahboom/S24_RobotProgramming_eloquent/Lab3/roscourse_ws/src/python_turtle' returned '0': AMENT_PREFIX_PATH=/home/yahboom/S24_RobotProgramming_eloquent/Lab3/roscourse_ws/install/turtle_interfaces:${AMENT_PREFIX_PATH} CMAKE_PREFIX_PATH=/home/yahboom/S24_RobotProgramming_eloquent/Lab3/roscourse_ws/install/turtle_interfaces:${CMAKE_PREFIX_PATH} LD_LIBRARY_PATH=/home/yahboom/S24_RobotProgramming_eloquent/Lab3/roscourse_ws/install/turtle_interfaces/lib:${LD_LIBRARY_PATH} PYTHONPATH=/home/yahboom/S24_RobotProgramming_eloquent/Lab3/roscourse_ws/build/python_turtle/prefix_override:/home/yahboom/S24_RobotProgramming_eloquent/Lab3/roscourse_ws/install/python_turtle/lib/python3.8/site-packages:/home/yahboom/S24_RobotProgramming_eloquent/Lab3/roscourse_ws/install/turtle_interfaces/lib/python3.8/site-packages:${PYTHONPATH} /usr/bin/python3 setup.py egg_info --egg-base ../../build/python_turtle build --build-base /home/yahboom/S24_RobotProgramming_eloquent/Lab3/roscourse_ws/build/python_turtle/build install --record /home/yahboom/S24_RobotProgramming_eloquent/Lab3/roscourse_ws/build/python_turtle/install.log --install-scripts $base/lib/python_turtle --single-version-externally-managed
