[0.779s] Invoking command in '/home/yahboom/S24_RobotProgramming_Master/S24_RobotProgramming_eloquent/project_ws/src/rosmaster_sim': PYTHONPATH=/home/yahboom/S24_RobotProgramming_Master/S24_RobotProgramming_eloquent/project_ws/build/rosmaster_sim/prefix_override:/home/yahboom/S24_RobotProgramming_Master/S24_RobotProgramming_eloquent/project_ws/install/rosmaster_sim/lib/python3.8/site-packages:${PYTHONPATH} /usr/bin/python3 setup.py egg_info --egg-base ../../build/rosmaster_sim build --build-base /home/yahboom/S24_RobotProgramming_Master/S24_RobotProgramming_eloquent/project_ws/build/rosmaster_sim/build install --record /home/yahboom/S24_RobotProgramming_Master/S24_RobotProgramming_eloquent/project_ws/build/rosmaster_sim/install.log --install-scripts $base/lib/rosmaster_sim --single-version-externally-managed
[1.021s] running egg_info
[1.021s] writing ../../build/rosmaster_sim/rosmaster_sim.egg-info/PKG-INFO
[1.022s] writing dependency_links to ../../build/rosmaster_sim/rosmaster_sim.egg-info/dependency_links.txt
[1.022s] writing entry points to ../../build/rosmaster_sim/rosmaster_sim.egg-info/entry_points.txt
[1.023s] writing requirements to ../../build/rosmaster_sim/rosmaster_sim.egg-info/requires.txt
[1.023s] writing top-level names to ../../build/rosmaster_sim/rosmaster_sim.egg-info/top_level.txt
[1.055s] reading manifest file '../../build/rosmaster_sim/rosmaster_sim.egg-info/SOURCES.txt'
[1.056s] writing manifest file '../../build/rosmaster_sim/rosmaster_sim.egg-info/SOURCES.txt'
[1.056s] running build
[1.056s] running build_py
[1.057s] running install
[1.058s] running install_lib
[1.060s] running install_data
[1.061s] copying urdf/yahboomcar_X3.urdf -> /home/yahboom/S24_RobotProgramming_Master/S24_RobotProgramming_eloquent/project_ws/install/rosmaster_sim/share/rosmaster_sim
[1.061s] copying urdf/yahboomcar_X3.urdf -> /home/yahboom/S24_RobotProgramming_Master/S24_RobotProgramming_eloquent/project_ws/install/rosmaster_sim/share/rosmaster_sim/urdf
[1.061s] running install_egg_info
[1.063s] removing '/home/yahboom/S24_RobotProgramming_Master/S24_RobotProgramming_eloquent/project_ws/install/rosmaster_sim/lib/python3.8/site-packages/rosmaster_sim-0.0.0-py3.8.egg-info' (and everything under it)
[1.064s] Copying ../../build/rosmaster_sim/rosmaster_sim.egg-info to /home/yahboom/S24_RobotProgramming_Master/S24_RobotProgramming_eloquent/project_ws/install/rosmaster_sim/lib/python3.8/site-packages/rosmaster_sim-0.0.0-py3.8.egg-info
[1.065s] running install_scripts
[1.084s] writing list of installed files to '/home/yahboom/S24_RobotProgramming_Master/S24_RobotProgramming_eloquent/project_ws/build/rosmaster_sim/install.log'
[1.111s] Invoked command in '/home/yahboom/S24_RobotProgramming_Master/S24_RobotProgramming_eloquent/project_ws/src/rosmaster_sim' returned '0': PYTHONPATH=/home/yahboom/S24_RobotProgramming_Master/S24_RobotProgramming_eloquent/project_ws/build/rosmaster_sim/prefix_override:/home/yahboom/S24_RobotProgramming_Master/S24_RobotProgramming_eloquent/project_ws/install/rosmaster_sim/lib/python3.8/site-packages:${PYTHONPATH} /usr/bin/python3 setup.py egg_info --egg-base ../../build/rosmaster_sim build --build-base /home/yahboom/S24_RobotProgramming_Master/S24_RobotProgramming_eloquent/project_ws/build/rosmaster_sim/build install --record /home/yahboom/S24_RobotProgramming_Master/S24_RobotProgramming_eloquent/project_ws/build/rosmaster_sim/install.log --install-scripts $base/lib/rosmaster_sim --single-version-externally-managed
