[0.712s] Invoking command in '/home/yahboom/S24_RobotProgramming_eloquent/lab6/roscourse_sim-ws/src/my_robot': PYTHONPATH=/home/yahboom/S24_RobotProgramming_eloquent/lab6/roscourse_sim-ws/build/my_robot/prefix_override:/home/yahboom/S24_RobotProgramming_eloquent/lab6/roscourse_sim-ws/install/my_robot/lib/python3.8/site-packages:${PYTHONPATH} /usr/bin/python3 setup.py egg_info --egg-base ../../build/my_robot build --build-base /home/yahboom/S24_RobotProgramming_eloquent/lab6/roscourse_sim-ws/build/my_robot/build install --record /home/yahboom/S24_RobotProgramming_eloquent/lab6/roscourse_sim-ws/build/my_robot/install.log --install-scripts $base/lib/my_robot --single-version-externally-managed
[1.000s] running egg_info
[1.001s] writing ../../build/my_robot/my_robot.egg-info/PKG-INFO
[1.001s] writing dependency_links to ../../build/my_robot/my_robot.egg-info/dependency_links.txt
[1.001s] writing entry points to ../../build/my_robot/my_robot.egg-info/entry_points.txt
[1.001s] writing requirements to ../../build/my_robot/my_robot.egg-info/requires.txt
[1.001s] writing top-level names to ../../build/my_robot/my_robot.egg-info/top_level.txt
[1.022s] reading manifest file '../../build/my_robot/my_robot.egg-info/SOURCES.txt'
[1.023s] writing manifest file '../../build/my_robot/my_robot.egg-info/SOURCES.txt'
[1.023s] running build
[1.023s] running build_py
[1.023s] running install
[1.024s] running install_lib
[1.025s] running install_data
[1.025s] copying urdf/my_robot.urdf.xacro -> /home/yahboom/S24_RobotProgramming_eloquent/lab6/roscourse_sim-ws/install/my_robot/share/my_robot
[1.025s] running install_egg_info
[1.027s] removing '/home/yahboom/S24_RobotProgramming_eloquent/lab6/roscourse_sim-ws/install/my_robot/lib/python3.8/site-packages/my_robot-0.0.0-py3.8.egg-info' (and everything under it)
[1.027s] Copying ../../build/my_robot/my_robot.egg-info to /home/yahboom/S24_RobotProgramming_eloquent/lab6/roscourse_sim-ws/install/my_robot/lib/python3.8/site-packages/my_robot-0.0.0-py3.8.egg-info
[1.027s] running install_scripts
[1.039s] writing list of installed files to '/home/yahboom/S24_RobotProgramming_eloquent/lab6/roscourse_sim-ws/build/my_robot/install.log'
[1.064s] Invoked command in '/home/yahboom/S24_RobotProgramming_eloquent/lab6/roscourse_sim-ws/src/my_robot' returned '0': PYTHONPATH=/home/yahboom/S24_RobotProgramming_eloquent/lab6/roscourse_sim-ws/build/my_robot/prefix_override:/home/yahboom/S24_RobotProgramming_eloquent/lab6/roscourse_sim-ws/install/my_robot/lib/python3.8/site-packages:${PYTHONPATH} /usr/bin/python3 setup.py egg_info --egg-base ../../build/my_robot build --build-base /home/yahboom/S24_RobotProgramming_eloquent/lab6/roscourse_sim-ws/build/my_robot/build install --record /home/yahboom/S24_RobotProgramming_eloquent/lab6/roscourse_sim-ws/build/my_robot/install.log --install-scripts $base/lib/my_robot --single-version-externally-managed
