[0.549s] DEBUG:colcon:Command line arguments: ['/usr/bin/colcon', 'build', '--symlink-install']
[0.549s] DEBUG:colcon:Parsed command line arguments: Namespace(allow_overriding=[], ament_cmake_args=None, base_paths=['.'], build_base='build', catkin_cmake_args=None, catkin_skip_building_tests=False, cmake_args=None, cmake_clean_cache=False, cmake_clean_first=False, cmake_force_configure=False, cmake_target=None, cmake_target_skip_unavailable=False, continue_on_error=False, event_handlers=None, executor='parallel', ignore_user_meta=False, install_base='install', log_base=None, log_level=None, main=<bound method BuildVerb.main of <colcon_core.verb.build.BuildVerb object at 0x7f68a06c0ac0>>, merge_install=False, metas=['./colcon.meta'], packages_above=None, packages_above_and_dependencies=None, packages_above_depth=None, packages_end=None, packages_ignore=None, packages_ignore_regex=None, packages_select=None, packages_select_build_failed=False, packages_select_by_dep=None, packages_select_regex=None, packages_select_test_failures=False, packages_skip=None, packages_skip_build_finished=False, packages_skip_by_dep=None, packages_skip_regex=None, packages_skip_test_passed=False, packages_skip_up_to=None, packages_start=None, packages_up_to=None, packages_up_to_regex=None, parallel_workers=4, paths=None, symlink_install=True, test_result_base=None, verb_extension=<colcon_core.verb.build.BuildVerb object at 0x7f68a06c0ac0>, verb_name='build', verb_parser=<colcon_defaults.argument_parser.defaults.DefaultArgumentsDecorator object at 0x7f68a06ce0a0>)
[0.596s] Level 1:colcon.colcon_core.package_discovery:discover_packages(colcon_meta) check parameters
[0.597s] Level 1:colcon.colcon_core.package_discovery:discover_packages(recursive) check parameters
[0.597s] Level 1:colcon.colcon_core.package_discovery:discover_packages(ignore) check parameters
[0.597s] Level 1:colcon.colcon_core.package_discovery:discover_packages(path) check parameters
[0.597s] Level 1:colcon.colcon_core.package_discovery:discover_packages(colcon_meta) discover
[0.597s] Level 1:colcon.colcon_core.package_discovery:discover_packages(recursive) discover
[0.597s] INFO:colcon.colcon_core.package_discovery:Crawling recursively for packages in '/home/yahboom/roscourse_ws'
[0.597s] Level 1:colcon.colcon_core.package_identification:_identify(.) by extensions ['ignore', 'ignore_ament_install']
[0.597s] Level 1:colcon.colcon_core.package_identification:_identify(.) by extension 'ignore'
[0.598s] Level 1:colcon.colcon_core.package_identification:_identify(.) by extension 'ignore_ament_install'
[0.598s] Level 1:colcon.colcon_core.package_identification:_identify(.) by extensions ['colcon_pkg']
[0.598s] Level 1:colcon.colcon_core.package_identification:_identify(.) by extension 'colcon_pkg'
[0.598s] Level 1:colcon.colcon_core.package_identification:_identify(.) by extensions ['colcon_meta']
[0.598s] Level 1:colcon.colcon_core.package_identification:_identify(.) by extension 'colcon_meta'
[0.598s] Level 1:colcon.colcon_core.package_identification:_identify(.) by extensions ['ros']
[0.598s] Level 1:colcon.colcon_core.package_identification:_identify(.) by extension 'ros'
[0.627s] Level 1:colcon.colcon_core.package_identification:_identify(.) by extensions ['cmake', 'python']
[0.627s] Level 1:colcon.colcon_core.package_identification:_identify(.) by extension 'cmake'
[0.627s] Level 1:colcon.colcon_core.package_identification:_identify(.) by extension 'python'
[0.627s] Level 1:colcon.colcon_core.package_identification:_identify(.) by extensions ['python_setup_py']
[0.627s] Level 1:colcon.colcon_core.package_identification:_identify(.) by extension 'python_setup_py'
[0.628s] Level 1:colcon.colcon_core.package_identification:_identify(build) by extensions ['ignore', 'ignore_ament_install']
[0.628s] Level 1:colcon.colcon_core.package_identification:_identify(build) by extension 'ignore'
[0.628s] Level 1:colcon.colcon_core.package_identification:_identify(build) ignored
[0.628s] Level 1:colcon.colcon_core.package_identification:_identify(install) by extensions ['ignore', 'ignore_ament_install']
[0.629s] Level 1:colcon.colcon_core.package_identification:_identify(install) by extension 'ignore'
[0.629s] Level 1:colcon.colcon_core.package_identification:_identify(install) ignored
[0.629s] Level 1:colcon.colcon_core.package_identification:_identify(log) by extensions ['ignore', 'ignore_ament_install']
[0.629s] Level 1:colcon.colcon_core.package_identification:_identify(log) by extension 'ignore'
[0.629s] Level 1:colcon.colcon_core.package_identification:_identify(log) ignored
[0.629s] Level 1:colcon.colcon_core.package_identification:_identify(src) by extensions ['ignore', 'ignore_ament_install']
[0.630s] Level 1:colcon.colcon_core.package_identification:_identify(src) by extension 'ignore'
[0.630s] Level 1:colcon.colcon_core.package_identification:_identify(src) by extension 'ignore_ament_install'
[0.630s] Level 1:colcon.colcon_core.package_identification:_identify(src) by extensions ['colcon_pkg']
[0.630s] Level 1:colcon.colcon_core.package_identification:_identify(src) by extension 'colcon_pkg'
[0.630s] Level 1:colcon.colcon_core.package_identification:_identify(src) by extensions ['colcon_meta']
[0.631s] Level 1:colcon.colcon_core.package_identification:_identify(src) by extension 'colcon_meta'
[0.631s] Level 1:colcon.colcon_core.package_identification:_identify(src) by extensions ['ros']
[0.631s] Level 1:colcon.colcon_core.package_identification:_identify(src) by extension 'ros'
[0.631s] Level 1:colcon.colcon_core.package_identification:_identify(src) by extensions ['cmake', 'python']
[0.632s] Level 1:colcon.colcon_core.package_identification:_identify(src) by extension 'cmake'
[0.632s] Level 1:colcon.colcon_core.package_identification:_identify(src) by extension 'python'
[0.632s] Level 1:colcon.colcon_core.package_identification:_identify(src) by extensions ['python_setup_py']
[0.632s] Level 1:colcon.colcon_core.package_identification:_identify(src) by extension 'python_setup_py'
[0.632s] Level 1:colcon.colcon_core.package_identification:_identify(src/python_turtle) by extensions ['ignore', 'ignore_ament_install']
[0.633s] Level 1:colcon.colcon_core.package_identification:_identify(src/python_turtle) by extension 'ignore'
[0.633s] Level 1:colcon.colcon_core.package_identification:_identify(src/python_turtle) by extension 'ignore_ament_install'
[0.633s] Level 1:colcon.colcon_core.package_identification:_identify(src/python_turtle) by extensions ['colcon_pkg']
[0.633s] Level 1:colcon.colcon_core.package_identification:_identify(src/python_turtle) by extension 'colcon_pkg'
[0.633s] Level 1:colcon.colcon_core.package_identification:_identify(src/python_turtle) by extensions ['colcon_meta']
[0.633s] Level 1:colcon.colcon_core.package_identification:_identify(src/python_turtle) by extension 'colcon_meta'
[0.633s] Level 1:colcon.colcon_core.package_identification:_identify(src/python_turtle) by extensions ['ros']
[0.633s] Level 1:colcon.colcon_core.package_identification:_identify(src/python_turtle) by extension 'ros'
[0.638s] DEBUG:colcon.colcon_core.package_identification:Package 'src/python_turtle' with type 'ros.ament_python' and name 'python_turtle'
[0.638s] Level 1:colcon.colcon_core.package_identification:_identify(src/turtle_interfaces) by extensions ['ignore', 'ignore_ament_install']
[0.638s] Level 1:colcon.colcon_core.package_identification:_identify(src/turtle_interfaces) by extension 'ignore'
[0.638s] Level 1:colcon.colcon_core.package_identification:_identify(src/turtle_interfaces) by extension 'ignore_ament_install'
[0.638s] Level 1:colcon.colcon_core.package_identification:_identify(src/turtle_interfaces) by extensions ['colcon_pkg']
[0.638s] Level 1:colcon.colcon_core.package_identification:_identify(src/turtle_interfaces) by extension 'colcon_pkg'
[0.639s] Level 1:colcon.colcon_core.package_identification:_identify(src/turtle_interfaces) by extensions ['colcon_meta']
[0.639s] Level 1:colcon.colcon_core.package_identification:_identify(src/turtle_interfaces) by extension 'colcon_meta'
[0.639s] Level 1:colcon.colcon_core.package_identification:_identify(src/turtle_interfaces) by extensions ['ros']
[0.639s] Level 1:colcon.colcon_core.package_identification:_identify(src/turtle_interfaces) by extension 'ros'
[0.641s] DEBUG:colcon.colcon_core.package_identification:Package 'src/turtle_interfaces' with type 'ros.ament_cmake' and name 'turtle_interfaces'
[0.641s] Level 1:colcon.colcon_core.package_identification:_identify(src/webcam) by extensions ['ignore', 'ignore_ament_install']
[0.641s] Level 1:colcon.colcon_core.package_identification:_identify(src/webcam) by extension 'ignore'
[0.641s] Level 1:colcon.colcon_core.package_identification:_identify(src/webcam) by extension 'ignore_ament_install'
[0.641s] Level 1:colcon.colcon_core.package_identification:_identify(src/webcam) by extensions ['colcon_pkg']
[0.641s] Level 1:colcon.colcon_core.package_identification:_identify(src/webcam) by extension 'colcon_pkg'
[0.641s] Level 1:colcon.colcon_core.package_identification:_identify(src/webcam) by extensions ['colcon_meta']
[0.642s] Level 1:colcon.colcon_core.package_identification:_identify(src/webcam) by extension 'colcon_meta'
[0.642s] Level 1:colcon.colcon_core.package_identification:_identify(src/webcam) by extensions ['ros']
[0.642s] Level 1:colcon.colcon_core.package_identification:_identify(src/webcam) by extension 'ros'
[0.643s] DEBUG:colcon.colcon_core.package_identification:Package 'src/webcam' with type 'ros.ament_python' and name 'webcam'
[0.643s] Level 1:colcon.colcon_core.package_discovery:discover_packages(recursive) using defaults
[0.643s] Level 1:colcon.colcon_core.package_discovery:discover_packages(ignore) discover
[0.643s] Level 1:colcon.colcon_core.package_discovery:discover_packages(ignore) using defaults
[0.643s] Level 1:colcon.colcon_core.package_discovery:discover_packages(path) discover
[0.643s] Level 1:colcon.colcon_core.package_discovery:discover_packages(path) using defaults
[0.686s] Level 1:colcon.colcon_core.package_discovery:discover_packages(prefix_path) check parameters
[0.686s] Level 1:colcon.colcon_core.package_discovery:discover_packages(prefix_path) discover
[0.693s] DEBUG:colcon.colcon_installed_package_information.package_discovery:Found 10 installed packages in /home/yahboom/yahboomcar_ros2_ws/software/library_ws/install
[0.695s] DEBUG:colcon.colcon_installed_package_information.package_discovery:Found 20 installed packages in /home/yahboom/yahboomcar_ros2_ws/yahboomcar_ws/install
[0.698s] DEBUG:colcon.colcon_installed_package_information.package_discovery:Found 337 installed packages in /opt/ros/foxy
[0.701s] Level 1:colcon.colcon_core.package_discovery:discover_packages(prefix_path) using defaults
[0.820s] Level 5:colcon.colcon_core.verb:set package 'turtle_interfaces' build argument 'cmake_args' from command line to 'None'
[0.820s] Level 5:colcon.colcon_core.verb:set package 'turtle_interfaces' build argument 'cmake_target' from command line to 'None'
[0.820s] Level 5:colcon.colcon_core.verb:set package 'turtle_interfaces' build argument 'cmake_target_skip_unavailable' from command line to 'False'
[0.820s] Level 5:colcon.colcon_core.verb:set package 'turtle_interfaces' build argument 'cmake_clean_cache' from command line to 'False'
[0.820s] Level 5:colcon.colcon_core.verb:set package 'turtle_interfaces' build argument 'cmake_clean_first' from command line to 'False'
[0.820s] Level 5:colcon.colcon_core.verb:set package 'turtle_interfaces' build argument 'cmake_force_configure' from command line to 'False'
[0.820s] Level 5:colcon.colcon_core.verb:set package 'turtle_interfaces' build argument 'ament_cmake_args' from command line to 'None'
[0.820s] Level 5:colcon.colcon_core.verb:set package 'turtle_interfaces' build argument 'catkin_cmake_args' from command line to 'None'
[0.820s] Level 5:colcon.colcon_core.verb:set package 'turtle_interfaces' build argument 'catkin_skip_building_tests' from command line to 'False'
[0.821s] DEBUG:colcon.colcon_core.verb:Building package 'turtle_interfaces' with the following arguments: {'ament_cmake_args': None, 'build_base': '/home/yahboom/roscourse_ws/build/turtle_interfaces', 'catkin_cmake_args': None, 'catkin_skip_building_tests': False, 'cmake_args': None, 'cmake_clean_cache': False, 'cmake_clean_first': False, 'cmake_force_configure': False, 'cmake_target': None, 'cmake_target_skip_unavailable': False, 'install_base': '/home/yahboom/roscourse_ws/install/turtle_interfaces', 'merge_install': False, 'path': '/home/yahboom/roscourse_ws/src/turtle_interfaces', 'symlink_install': True, 'test_result_base': None}
[0.822s] Level 5:colcon.colcon_core.verb:set package 'webcam' build argument 'cmake_args' from command line to 'None'
[0.823s] Level 5:colcon.colcon_core.verb:set package 'webcam' build argument 'cmake_target' from command line to 'None'
[0.823s] Level 5:colcon.colcon_core.verb:set package 'webcam' build argument 'cmake_target_skip_unavailable' from command line to 'False'
[0.823s] Level 5:colcon.colcon_core.verb:set package 'webcam' build argument 'cmake_clean_cache' from command line to 'False'
[0.823s] Level 5:colcon.colcon_core.verb:set package 'webcam' build argument 'cmake_clean_first' from command line to 'False'
[0.823s] Level 5:colcon.colcon_core.verb:set package 'webcam' build argument 'cmake_force_configure' from command line to 'False'
[0.823s] Level 5:colcon.colcon_core.verb:set package 'webcam' build argument 'ament_cmake_args' from command line to 'None'
[0.823s] Level 5:colcon.colcon_core.verb:set package 'webcam' build argument 'catkin_cmake_args' from command line to 'None'
[0.823s] Level 5:colcon.colcon_core.verb:set package 'webcam' build argument 'catkin_skip_building_tests' from command line to 'False'
[0.823s] DEBUG:colcon.colcon_core.verb:Building package 'webcam' with the following arguments: {'ament_cmake_args': None, 'build_base': '/home/yahboom/roscourse_ws/build/webcam', 'catkin_cmake_args': None, 'catkin_skip_building_tests': False, 'cmake_args': None, 'cmake_clean_cache': False, 'cmake_clean_first': False, 'cmake_force_configure': False, 'cmake_target': None, 'cmake_target_skip_unavailable': False, 'install_base': '/home/yahboom/roscourse_ws/install/webcam', 'merge_install': False, 'path': '/home/yahboom/roscourse_ws/src/webcam', 'symlink_install': True, 'test_result_base': None}
[0.825s] Level 5:colcon.colcon_core.verb:set package 'python_turtle' build argument 'cmake_args' from command line to 'None'
[0.825s] Level 5:colcon.colcon_core.verb:set package 'python_turtle' build argument 'cmake_target' from command line to 'None'
[0.825s] Level 5:colcon.colcon_core.verb:set package 'python_turtle' build argument 'cmake_target_skip_unavailable' from command line to 'False'
[0.825s] Level 5:colcon.colcon_core.verb:set package 'python_turtle' build argument 'cmake_clean_cache' from command line to 'False'
[0.825s] Level 5:colcon.colcon_core.verb:set package 'python_turtle' build argument 'cmake_clean_first' from command line to 'False'
[0.825s] Level 5:colcon.colcon_core.verb:set package 'python_turtle' build argument 'cmake_force_configure' from command line to 'False'
[0.825s] Level 5:colcon.colcon_core.verb:set package 'python_turtle' build argument 'ament_cmake_args' from command line to 'None'
[0.825s] Level 5:colcon.colcon_core.verb:set package 'python_turtle' build argument 'catkin_cmake_args' from command line to 'None'
[0.825s] Level 5:colcon.colcon_core.verb:set package 'python_turtle' build argument 'catkin_skip_building_tests' from command line to 'False'
[0.826s] DEBUG:colcon.colcon_core.verb:Building package 'python_turtle' with the following arguments: {'ament_cmake_args': None, 'build_base': '/home/yahboom/roscourse_ws/build/python_turtle', 'catkin_cmake_args': None, 'catkin_skip_building_tests': False, 'cmake_args': None, 'cmake_clean_cache': False, 'cmake_clean_first': False, 'cmake_force_configure': False, 'cmake_target': None, 'cmake_target_skip_unavailable': False, 'install_base': '/home/yahboom/roscourse_ws/install/python_turtle', 'merge_install': False, 'path': '/home/yahboom/roscourse_ws/src/python_turtle', 'symlink_install': True, 'test_result_base': None}
[0.826s] INFO:colcon.colcon_core.executor:Executing jobs using 'parallel' executor
[0.832s] DEBUG:colcon.colcon_parallel_executor.executor.parallel:run_until_complete
[0.833s] INFO:colcon.colcon_ros.task.ament_cmake.build:Building ROS package in '/home/yahboom/roscourse_ws/src/turtle_interfaces' with build type 'ament_cmake'
[0.833s] INFO:colcon.colcon_cmake.task.cmake.build:Building CMake package in '/home/yahboom/roscourse_ws/src/turtle_interfaces'
[0.841s] INFO:colcon.colcon_core.plugin_system:Skipping extension 'colcon_core.shell.bat': Not used on non-Windows systems
[0.842s] INFO:colcon.colcon_core.shell:Skip shell extension 'powershell' for command environment: Not usable outside of PowerShell
[0.842s] DEBUG:colcon.colcon_core.shell:Skip shell extension 'dsv' for command environment
[0.855s] INFO:colcon.colcon_ros.task.ament_python.build:Building ROS package in '/home/yahboom/roscourse_ws/src/webcam' with build type 'ament_python'
[0.856s] Level 1:colcon.colcon_core.shell:create_environment_hook('webcam', 'ament_prefix_path')
[0.859s] INFO:colcon.colcon_core.shell:Creating environment hook '/home/yahboom/roscourse_ws/install/webcam/share/webcam/hook/ament_prefix_path.ps1'
[0.864s] INFO:colcon.colcon_core.shell:Creating environment descriptor '/home/yahboom/roscourse_ws/install/webcam/share/webcam/hook/ament_prefix_path.dsv'
[0.865s] INFO:colcon.colcon_core.shell:Creating environment hook '/home/yahboom/roscourse_ws/install/webcam/share/webcam/hook/ament_prefix_path.sh'
[0.870s] INFO:colcon.colcon_core.shell:Skip shell extension 'powershell' for command environment: Not usable outside of PowerShell
[0.871s] DEBUG:colcon.colcon_core.shell:Skip shell extension 'dsv' for command environment
[0.920s] DEBUG:colcon.colcon_core.event_handler.log_command:Invoking command in '/home/yahboom/roscourse_ws/build/turtle_interfaces': CMAKE_PREFIX_PATH=${CMAKE_PREFIX_PATH}:/home/yahboom/yahboomcar_ros2_ws/yahboomcar_ws/install/yahboomcar_voice_ctrl:/home/yahboom/yahboomcar_ros2_ws/yahboomcar_ws/install/yahboomcar_visual:/home/yahboom/yahboomcar_ros2_ws/yahboomcar_ws/install/yahboomcar_rviz:/home/yahboom/yahboomcar_ros2_ws/yahboomcar_ws/install/yahboomcar_nav:/home/yahboom/yahboomcar_ros2_ws/yahboomcar_ws/install/yahboomcar_multi:/home/yahboom/yahboomcar_ros2_ws/yahboomcar_ws/install/yahboomcar_mediapipe:/home/yahboom/yahboomcar_ros2_ws/yahboomcar_ws/install/yahboomcar_linefollow:/home/yahboom/yahboomcar_ros2_ws/yahboomcar_ws/install/yahboomcar_laser:/home/yahboom/yahboomcar_ros2_ws/yahboomcar_ws/install/yahboomcar_description_x1:/home/yahboom/yahboomcar_ros2_ws/yahboomcar_ws/install/yahboomcar_description:/home/yahboom/yahboomcar_ros2_ws/yahboomcar_ws/install/yahboomcar_ctrl:/home/yahboom/yahboomcar_ros2_ws/yahboomcar_ws/install/yahboomcar_bringup:/home/yahboom/yahboomcar_ros2_ws/yahboomcar_ws/install/yahboomcar_astra:/home/yahboom/yahboomcar_ros2_ws/yahboomcar_ws/install/robot_pose_publisher:/home/yahboom/yahboomcar_ros2_ws/yahboomcar_ws/install/laserscan_to_point_pulisher:/opt/ros/foxy /usr/bin/cmake --build /home/yahboom/roscourse_ws/build/turtle_interfaces -- -j4 -l4
[1.784s] INFO:colcon.colcon_core.task.python.build:Building Python package in '/home/yahboom/roscourse_ws/src/webcam'
[1.791s] INFO:colcon.colcon_core.shell:Skip shell extension 'powershell' for command environment: Not usable outside of PowerShell
[1.791s] DEBUG:colcon.colcon_core.shell:Skip shell extension 'dsv' for command environment
[1.836s] DEBUG:colcon.colcon_core.event_handler.log_command:Invoked command in '/home/yahboom/roscourse_ws/build/turtle_interfaces' returned '0': CMAKE_PREFIX_PATH=${CMAKE_PREFIX_PATH}:/home/yahboom/yahboomcar_ros2_ws/yahboomcar_ws/install/yahboomcar_voice_ctrl:/home/yahboom/yahboomcar_ros2_ws/yahboomcar_ws/install/yahboomcar_visual:/home/yahboom/yahboomcar_ros2_ws/yahboomcar_ws/install/yahboomcar_rviz:/home/yahboom/yahboomcar_ros2_ws/yahboomcar_ws/install/yahboomcar_nav:/home/yahboom/yahboomcar_ros2_ws/yahboomcar_ws/install/yahboomcar_multi:/home/yahboom/yahboomcar_ros2_ws/yahboomcar_ws/install/yahboomcar_mediapipe:/home/yahboom/yahboomcar_ros2_ws/yahboomcar_ws/install/yahboomcar_linefollow:/home/yahboom/yahboomcar_ros2_ws/yahboomcar_ws/install/yahboomcar_laser:/home/yahboom/yahboomcar_ros2_ws/yahboomcar_ws/install/yahboomcar_description_x1:/home/yahboom/yahboomcar_ros2_ws/yahboomcar_ws/install/yahboomcar_description:/home/yahboom/yahboomcar_ros2_ws/yahboomcar_ws/install/yahboomcar_ctrl:/home/yahboom/yahboomcar_ros2_ws/yahboomcar_ws/install/yahboomcar_bringup:/home/yahboom/yahboomcar_ros2_ws/yahboomcar_ws/install/yahboomcar_astra:/home/yahboom/yahboomcar_ros2_ws/yahboomcar_ws/install/robot_pose_publisher:/home/yahboom/yahboomcar_ros2_ws/yahboomcar_ws/install/laserscan_to_point_pulisher:/opt/ros/foxy /usr/bin/cmake --build /home/yahboom/roscourse_ws/build/turtle_interfaces -- -j4 -l4
[2.118s] DEBUG:colcon.colcon_core.event_handler.log_command:Invoking command in '/home/yahboom/roscourse_ws/build/turtle_interfaces': CMAKE_PREFIX_PATH=${CMAKE_PREFIX_PATH}:/home/yahboom/yahboomcar_ros2_ws/yahboomcar_ws/install/yahboomcar_voice_ctrl:/home/yahboom/yahboomcar_ros2_ws/yahboomcar_ws/install/yahboomcar_visual:/home/yahboom/yahboomcar_ros2_ws/yahboomcar_ws/install/yahboomcar_rviz:/home/yahboom/yahboomcar_ros2_ws/yahboomcar_ws/install/yahboomcar_nav:/home/yahboom/yahboomcar_ros2_ws/yahboomcar_ws/install/yahboomcar_multi:/home/yahboom/yahboomcar_ros2_ws/yahboomcar_ws/install/yahboomcar_mediapipe:/home/yahboom/yahboomcar_ros2_ws/yahboomcar_ws/install/yahboomcar_linefollow:/home/yahboom/yahboomcar_ros2_ws/yahboomcar_ws/install/yahboomcar_laser:/home/yahboom/yahboomcar_ros2_ws/yahboomcar_ws/install/yahboomcar_description_x1:/home/yahboom/yahboomcar_ros2_ws/yahboomcar_ws/install/yahboomcar_description:/home/yahboom/yahboomcar_ros2_ws/yahboomcar_ws/install/yahboomcar_ctrl:/home/yahboom/yahboomcar_ros2_ws/yahboomcar_ws/install/yahboomcar_bringup:/home/yahboom/yahboomcar_ros2_ws/yahboomcar_ws/install/yahboomcar_astra:/home/yahboom/yahboomcar_ros2_ws/yahboomcar_ws/install/robot_pose_publisher:/home/yahboom/yahboomcar_ros2_ws/yahboomcar_ws/install/laserscan_to_point_pulisher:/opt/ros/foxy /usr/bin/cmake --install /home/yahboom/roscourse_ws/build/turtle_interfaces
[2.343s] Level 1:colcon.colcon_core.environment:create_environment_scripts_only(turtle_interfaces)
[2.355s] DEBUG:colcon.colcon_core.event_handler.log_command:Invoked command in '/home/yahboom/roscourse_ws/build/turtle_interfaces' returned '0': CMAKE_PREFIX_PATH=${CMAKE_PREFIX_PATH}:/home/yahboom/yahboomcar_ros2_ws/yahboomcar_ws/install/yahboomcar_voice_ctrl:/home/yahboom/yahboomcar_ros2_ws/yahboomcar_ws/install/yahboomcar_visual:/home/yahboom/yahboomcar_ros2_ws/yahboomcar_ws/install/yahboomcar_rviz:/home/yahboom/yahboomcar_ros2_ws/yahboomcar_ws/install/yahboomcar_nav:/home/yahboom/yahboomcar_ros2_ws/yahboomcar_ws/install/yahboomcar_multi:/home/yahboom/yahboomcar_ros2_ws/yahboomcar_ws/install/yahboomcar_mediapipe:/home/yahboom/yahboomcar_ros2_ws/yahboomcar_ws/install/yahboomcar_linefollow:/home/yahboom/yahboomcar_ros2_ws/yahboomcar_ws/install/yahboomcar_laser:/home/yahboom/yahboomcar_ros2_ws/yahboomcar_ws/install/yahboomcar_description_x1:/home/yahboom/yahboomcar_ros2_ws/yahboomcar_ws/install/yahboomcar_description:/home/yahboom/yahboomcar_ros2_ws/yahboomcar_ws/install/yahboomcar_ctrl:/home/yahboom/yahboomcar_ros2_ws/yahboomcar_ws/install/yahboomcar_bringup:/home/yahboom/yahboomcar_ros2_ws/yahboomcar_ws/install/yahboomcar_astra:/home/yahboom/yahboomcar_ros2_ws/yahboomcar_ws/install/robot_pose_publisher:/home/yahboom/yahboomcar_ros2_ws/yahboomcar_ws/install/laserscan_to_point_pulisher:/opt/ros/foxy /usr/bin/cmake --install /home/yahboom/roscourse_ws/build/turtle_interfaces
[2.359s] Level 1:colcon.colcon_core.environment:checking '/home/yahboom/roscourse_ws/install/turtle_interfaces' for CMake module files
[2.361s] Level 1:colcon.colcon_core.environment:checking '/home/yahboom/roscourse_ws/install/turtle_interfaces' for CMake config files
[2.362s] Level 1:colcon.colcon_core.shell:create_environment_hook('turtle_interfaces', 'cmake_prefix_path')
[2.366s] INFO:colcon.colcon_core.shell:Creating environment hook '/home/yahboom/roscourse_ws/install/turtle_interfaces/share/turtle_interfaces/hook/cmake_prefix_path.ps1'
[2.367s] INFO:colcon.colcon_core.shell:Creating environment descriptor '/home/yahboom/roscourse_ws/install/turtle_interfaces/share/turtle_interfaces/hook/cmake_prefix_path.dsv'
[2.368s] INFO:colcon.colcon_core.shell:Creating environment hook '/home/yahboom/roscourse_ws/install/turtle_interfaces/share/turtle_interfaces/hook/cmake_prefix_path.sh'
[2.370s] Level 1:colcon.colcon_core.environment:checking '/home/yahboom/roscourse_ws/install/turtle_interfaces/lib'
[2.370s] Level 1:colcon.colcon_core.shell:create_environment_hook('turtle_interfaces', 'ld_library_path_lib')
[2.375s] INFO:colcon.colcon_core.shell:Creating environment hook '/home/yahboom/roscourse_ws/install/turtle_interfaces/share/turtle_interfaces/hook/ld_library_path_lib.ps1'
[2.377s] INFO:colcon.colcon_core.shell:Creating environment descriptor '/home/yahboom/roscourse_ws/install/turtle_interfaces/share/turtle_interfaces/hook/ld_library_path_lib.dsv'
[2.378s] INFO:colcon.colcon_core.shell:Creating environment hook '/home/yahboom/roscourse_ws/install/turtle_interfaces/share/turtle_interfaces/hook/ld_library_path_lib.sh'
[2.379s] Level 1:colcon.colcon_core.environment:checking '/home/yahboom/roscourse_ws/install/turtle_interfaces/bin'
[2.380s] Level 1:colcon.colcon_core.environment:checking '/home/yahboom/roscourse_ws/install/turtle_interfaces/lib/pkgconfig/turtle_interfaces.pc'
[2.380s] Level 1:colcon.colcon_core.environment:checking '/home/yahboom/roscourse_ws/install/turtle_interfaces/lib/python3.8/site-packages'
[2.380s] Level 1:colcon.colcon_core.shell:create_environment_hook('turtle_interfaces', 'pythonpath')
[2.383s] INFO:colcon.colcon_core.shell:Creating environment hook '/home/yahboom/roscourse_ws/install/turtle_interfaces/share/turtle_interfaces/hook/pythonpath.ps1'
[2.386s] INFO:colcon.colcon_core.shell:Creating environment descriptor '/home/yahboom/roscourse_ws/install/turtle_interfaces/share/turtle_interfaces/hook/pythonpath.dsv'
[2.388s] INFO:colcon.colcon_core.shell:Creating environment hook '/home/yahboom/roscourse_ws/install/turtle_interfaces/share/turtle_interfaces/hook/pythonpath.sh'
[2.390s] Level 1:colcon.colcon_core.environment:checking '/home/yahboom/roscourse_ws/install/turtle_interfaces/bin'
[2.394s] INFO:colcon.colcon_core.shell:Creating package script '/home/yahboom/roscourse_ws/install/turtle_interfaces/share/turtle_interfaces/package.ps1'
[2.396s] INFO:colcon.colcon_core.shell:Creating package descriptor '/home/yahboom/roscourse_ws/install/turtle_interfaces/share/turtle_interfaces/package.dsv'
[2.397s] INFO:colcon.colcon_core.shell:Creating package script '/home/yahboom/roscourse_ws/install/turtle_interfaces/share/turtle_interfaces/package.sh'
[2.398s] INFO:colcon.colcon_core.shell:Creating package script '/home/yahboom/roscourse_ws/install/turtle_interfaces/share/turtle_interfaces/package.bash'
[2.400s] INFO:colcon.colcon_core.shell:Creating package script '/home/yahboom/roscourse_ws/install/turtle_interfaces/share/turtle_interfaces/package.zsh'
[2.402s] Level 1:colcon.colcon_core.environment:create_file_with_runtime_dependencies(/home/yahboom/roscourse_ws/install/turtle_interfaces/share/colcon-core/packages/turtle_interfaces)
[2.656s] Level 1:colcon.colcon_core.environment:create_environment_scripts_only(turtle_interfaces)
[2.661s] Level 1:colcon.colcon_core.environment:checking '/home/yahboom/roscourse_ws/install/turtle_interfaces' for CMake module files
[2.663s] Level 1:colcon.colcon_core.environment:checking '/home/yahboom/roscourse_ws/install/turtle_interfaces' for CMake config files
[2.665s] Level 1:colcon.colcon_core.shell:create_environment_hook('turtle_interfaces', 'cmake_prefix_path')
[2.668s] INFO:colcon.colcon_core.shell:Creating environment hook '/home/yahboom/roscourse_ws/install/turtle_interfaces/share/turtle_interfaces/hook/cmake_prefix_path.ps1'
[2.670s] INFO:colcon.colcon_core.shell:Creating environment descriptor '/home/yahboom/roscourse_ws/install/turtle_interfaces/share/turtle_interfaces/hook/cmake_prefix_path.dsv'
[2.671s] INFO:colcon.colcon_core.shell:Creating environment hook '/home/yahboom/roscourse_ws/install/turtle_interfaces/share/turtle_interfaces/hook/cmake_prefix_path.sh'
[2.673s] Level 1:colcon.colcon_core.environment:checking '/home/yahboom/roscourse_ws/install/turtle_interfaces/lib'
[2.673s] Level 1:colcon.colcon_core.shell:create_environment_hook('turtle_interfaces', 'ld_library_path_lib')
[2.676s] INFO:colcon.colcon_core.shell:Creating environment hook '/home/yahboom/roscourse_ws/install/turtle_interfaces/share/turtle_interfaces/hook/ld_library_path_lib.ps1'
[2.677s] INFO:colcon.colcon_core.shell:Creating environment descriptor '/home/yahboom/roscourse_ws/install/turtle_interfaces/share/turtle_interfaces/hook/ld_library_path_lib.dsv'
[2.678s] INFO:colcon.colcon_core.shell:Creating environment hook '/home/yahboom/roscourse_ws/install/turtle_interfaces/share/turtle_interfaces/hook/ld_library_path_lib.sh'
[2.679s] Level 1:colcon.colcon_core.environment:checking '/home/yahboom/roscourse_ws/install/turtle_interfaces/bin'
[2.679s] Level 1:colcon.colcon_core.environment:checking '/home/yahboom/roscourse_ws/install/turtle_interfaces/lib/pkgconfig/turtle_interfaces.pc'
[2.680s] Level 1:colcon.colcon_core.environment:checking '/home/yahboom/roscourse_ws/install/turtle_interfaces/lib/python3.8/site-packages'
[2.680s] Level 1:colcon.colcon_core.shell:create_environment_hook('turtle_interfaces', 'pythonpath')
[2.683s] INFO:colcon.colcon_core.shell:Creating environment hook '/home/yahboom/roscourse_ws/install/turtle_interfaces/share/turtle_interfaces/hook/pythonpath.ps1'
[2.684s] INFO:colcon.colcon_core.shell:Creating environment descriptor '/home/yahboom/roscourse_ws/install/turtle_interfaces/share/turtle_interfaces/hook/pythonpath.dsv'
[2.685s] INFO:colcon.colcon_core.shell:Creating environment hook '/home/yahboom/roscourse_ws/install/turtle_interfaces/share/turtle_interfaces/hook/pythonpath.sh'
[2.687s] Level 1:colcon.colcon_core.environment:checking '/home/yahboom/roscourse_ws/install/turtle_interfaces/bin'
[2.692s] INFO:colcon.colcon_core.shell:Creating package script '/home/yahboom/roscourse_ws/install/turtle_interfaces/share/turtle_interfaces/package.ps1'
[2.694s] INFO:colcon.colcon_core.shell:Creating package descriptor '/home/yahboom/roscourse_ws/install/turtle_interfaces/share/turtle_interfaces/package.dsv'
[2.696s] INFO:colcon.colcon_core.shell:Creating package script '/home/yahboom/roscourse_ws/install/turtle_interfaces/share/turtle_interfaces/package.sh'
[2.697s] INFO:colcon.colcon_core.shell:Creating package script '/home/yahboom/roscourse_ws/install/turtle_interfaces/share/turtle_interfaces/package.bash'
[2.698s] INFO:colcon.colcon_core.shell:Creating package script '/home/yahboom/roscourse_ws/install/turtle_interfaces/share/turtle_interfaces/package.zsh'
[2.699s] Level 1:colcon.colcon_core.environment:create_file_with_runtime_dependencies(/home/yahboom/roscourse_ws/install/turtle_interfaces/share/colcon-core/packages/turtle_interfaces)
[2.700s] INFO:colcon.colcon_ros.task.ament_python.build:Building ROS package in '/home/yahboom/roscourse_ws/src/python_turtle' with build type 'ament_python'
[2.701s] Level 1:colcon.colcon_core.shell:create_environment_hook('python_turtle', 'ament_prefix_path')
[2.705s] INFO:colcon.colcon_core.shell:Creating environment hook '/home/yahboom/roscourse_ws/install/python_turtle/share/python_turtle/hook/ament_prefix_path.ps1'
[2.706s] INFO:colcon.colcon_core.shell:Creating environment descriptor '/home/yahboom/roscourse_ws/install/python_turtle/share/python_turtle/hook/ament_prefix_path.dsv'
[2.708s] INFO:colcon.colcon_core.shell:Creating environment hook '/home/yahboom/roscourse_ws/install/python_turtle/share/python_turtle/hook/ament_prefix_path.sh'
[2.713s] INFO:colcon.colcon_core.shell:Skip shell extension 'powershell' for command environment: Not usable outside of PowerShell
[2.713s] DEBUG:colcon.colcon_core.shell:Skip shell extension 'dsv' for command environment
[3.427s] INFO:colcon.colcon_core.task.python.build:Building Python package in '/home/yahboom/roscourse_ws/src/python_turtle'
[3.431s] INFO:colcon.colcon_core.shell:Skip shell extension 'powershell' for command environment: Not usable outside of PowerShell
[3.431s] DEBUG:colcon.colcon_core.shell:Skip shell extension 'dsv' for command environment
[3.455s] DEBUG:colcon.colcon_core.event_handler.log_command:Invoking command in '/home/yahboom/roscourse_ws/build/webcam': PYTHONPATH=/home/yahboom/roscourse_ws/build/webcam/prefix_override:/home/yahboom/roscourse_ws/install/webcam/lib/python3.8/site-packages:${PYTHONPATH} /usr/bin/python3 setup.py develop --editable --build-directory /home/yahboom/roscourse_ws/build/webcam/build --no-deps install_data
[4.382s] DEBUG:colcon.colcon_core.event_handler.log_command:Invoking command in '/home/yahboom/roscourse_ws/build/python_turtle': AMENT_PREFIX_PATH=/home/yahboom/roscourse_ws/install/turtle_interfaces:${AMENT_PREFIX_PATH} CMAKE_PREFIX_PATH=/home/yahboom/roscourse_ws/install/turtle_interfaces:${CMAKE_PREFIX_PATH} LD_LIBRARY_PATH=/home/yahboom/roscourse_ws/install/turtle_interfaces/lib:${LD_LIBRARY_PATH} PYTHONPATH=/home/yahboom/roscourse_ws/build/python_turtle/prefix_override:/home/yahboom/roscourse_ws/install/python_turtle/lib/python3.8/site-packages:/home/yahboom/roscourse_ws/install/turtle_interfaces/lib/python3.8/site-packages:${PYTHONPATH} /usr/bin/python3 setup.py develop --editable --build-directory /home/yahboom/roscourse_ws/build/python_turtle/build --no-deps install_data
[4.517s] Level 1:colcon.colcon_core.shell:create_environment_hook('webcam', 'pythonpath_develop')
[4.522s] INFO:colcon.colcon_core.shell:Creating environment hook '/home/yahboom/roscourse_ws/build/webcam/share/webcam/hook/pythonpath_develop.ps1'
[4.524s] DEBUG:colcon.colcon_core.event_handler.log_command:Invoked command in '/home/yahboom/roscourse_ws/build/webcam' returned '0': PYTHONPATH=/home/yahboom/roscourse_ws/build/webcam/prefix_override:/home/yahboom/roscourse_ws/install/webcam/lib/python3.8/site-packages:${PYTHONPATH} /usr/bin/python3 setup.py develop --editable --build-directory /home/yahboom/roscourse_ws/build/webcam/build --no-deps install_data
[4.525s] INFO:colcon.colcon_core.shell:Creating environment descriptor '/home/yahboom/roscourse_ws/build/webcam/share/webcam/hook/pythonpath_develop.dsv'
[4.526s] INFO:colcon.colcon_core.shell:Creating environment hook '/home/yahboom/roscourse_ws/build/webcam/share/webcam/hook/pythonpath_develop.sh'
[4.532s] Level 1:colcon.colcon_core.environment:checking '/home/yahboom/roscourse_ws/install/webcam' for CMake module files
[4.533s] Level 1:colcon.colcon_core.environment:checking '/home/yahboom/roscourse_ws/install/webcam' for CMake config files
[4.534s] Level 1:colcon.colcon_core.environment:checking '/home/yahboom/roscourse_ws/install/webcam/lib'
[4.534s] Level 1:colcon.colcon_core.environment:checking '/home/yahboom/roscourse_ws/install/webcam/bin'
[4.535s] Level 1:colcon.colcon_core.environment:checking '/home/yahboom/roscourse_ws/install/webcam/lib/pkgconfig/webcam.pc'
[4.535s] Level 1:colcon.colcon_core.environment:checking '/home/yahboom/roscourse_ws/install/webcam/lib/python3.8/site-packages'
[4.535s] Level 1:colcon.colcon_core.shell:create_environment_hook('webcam', 'pythonpath')
[4.539s] INFO:colcon.colcon_core.shell:Creating environment hook '/home/yahboom/roscourse_ws/install/webcam/share/webcam/hook/pythonpath.ps1'
[4.541s] INFO:colcon.colcon_core.shell:Creating environment descriptor '/home/yahboom/roscourse_ws/install/webcam/share/webcam/hook/pythonpath.dsv'
[4.541s] INFO:colcon.colcon_core.shell:Creating environment hook '/home/yahboom/roscourse_ws/install/webcam/share/webcam/hook/pythonpath.sh'
[4.542s] Level 1:colcon.colcon_core.environment:checking '/home/yahboom/roscourse_ws/install/webcam/bin'
[4.543s] Level 1:colcon.colcon_core.environment:create_environment_scripts_only(webcam)
[4.546s] INFO:colcon.colcon_core.shell:Creating package script '/home/yahboom/roscourse_ws/install/webcam/share/webcam/package.ps1'
[4.547s] INFO:colcon.colcon_core.shell:Creating package descriptor '/home/yahboom/roscourse_ws/install/webcam/share/webcam/package.dsv'
[4.548s] INFO:colcon.colcon_core.shell:Creating package script '/home/yahboom/roscourse_ws/install/webcam/share/webcam/package.sh'
[4.548s] INFO:colcon.colcon_core.shell:Creating package script '/home/yahboom/roscourse_ws/install/webcam/share/webcam/package.bash'
[4.550s] INFO:colcon.colcon_core.shell:Creating package script '/home/yahboom/roscourse_ws/install/webcam/share/webcam/package.zsh'
[4.550s] Level 1:colcon.colcon_core.environment:create_file_with_runtime_dependencies(/home/yahboom/roscourse_ws/install/webcam/share/colcon-core/packages/webcam)
[5.453s] Level 1:colcon.colcon_core.shell:create_environment_hook('python_turtle', 'pythonpath_develop')
[5.456s] INFO:colcon.colcon_core.shell:Creating environment hook '/home/yahboom/roscourse_ws/build/python_turtle/share/python_turtle/hook/pythonpath_develop.ps1'
[5.458s] DEBUG:colcon.colcon_core.event_handler.log_command:Invoked command in '/home/yahboom/roscourse_ws/build/python_turtle' returned '0': AMENT_PREFIX_PATH=/home/yahboom/roscourse_ws/install/turtle_interfaces:${AMENT_PREFIX_PATH} CMAKE_PREFIX_PATH=/home/yahboom/roscourse_ws/install/turtle_interfaces:${CMAKE_PREFIX_PATH} LD_LIBRARY_PATH=/home/yahboom/roscourse_ws/install/turtle_interfaces/lib:${LD_LIBRARY_PATH} PYTHONPATH=/home/yahboom/roscourse_ws/build/python_turtle/prefix_override:/home/yahboom/roscourse_ws/install/python_turtle/lib/python3.8/site-packages:/home/yahboom/roscourse_ws/install/turtle_interfaces/lib/python3.8/site-packages:${PYTHONPATH} /usr/bin/python3 setup.py develop --editable --build-directory /home/yahboom/roscourse_ws/build/python_turtle/build --no-deps install_data
[5.459s] INFO:colcon.colcon_core.shell:Creating environment descriptor '/home/yahboom/roscourse_ws/build/python_turtle/share/python_turtle/hook/pythonpath_develop.dsv'
[5.460s] INFO:colcon.colcon_core.shell:Creating environment hook '/home/yahboom/roscourse_ws/build/python_turtle/share/python_turtle/hook/pythonpath_develop.sh'
[5.466s] Level 1:colcon.colcon_core.environment:checking '/home/yahboom/roscourse_ws/install/python_turtle' for CMake module files
[5.467s] Level 1:colcon.colcon_core.environment:checking '/home/yahboom/roscourse_ws/install/python_turtle' for CMake config files
[5.468s] Level 1:colcon.colcon_core.environment:checking '/home/yahboom/roscourse_ws/install/python_turtle/lib'
[5.469s] Level 1:colcon.colcon_core.environment:checking '/home/yahboom/roscourse_ws/install/python_turtle/bin'
[5.469s] Level 1:colcon.colcon_core.environment:checking '/home/yahboom/roscourse_ws/install/python_turtle/lib/pkgconfig/python_turtle.pc'
[5.469s] Level 1:colcon.colcon_core.environment:checking '/home/yahboom/roscourse_ws/install/python_turtle/lib/python3.8/site-packages'
[5.469s] Level 1:colcon.colcon_core.shell:create_environment_hook('python_turtle', 'pythonpath')
[5.472s] INFO:colcon.colcon_core.shell:Creating environment hook '/home/yahboom/roscourse_ws/install/python_turtle/share/python_turtle/hook/pythonpath.ps1'
[5.473s] INFO:colcon.colcon_core.shell:Creating environment descriptor '/home/yahboom/roscourse_ws/install/python_turtle/share/python_turtle/hook/pythonpath.dsv'
[5.474s] INFO:colcon.colcon_core.shell:Creating environment hook '/home/yahboom/roscourse_ws/install/python_turtle/share/python_turtle/hook/pythonpath.sh'
[5.475s] Level 1:colcon.colcon_core.environment:checking '/home/yahboom/roscourse_ws/install/python_turtle/bin'
[5.475s] Level 1:colcon.colcon_core.environment:create_environment_scripts_only(python_turtle)
[5.478s] INFO:colcon.colcon_core.shell:Creating package script '/home/yahboom/roscourse_ws/install/python_turtle/share/python_turtle/package.ps1'
[5.479s] INFO:colcon.colcon_core.shell:Creating package descriptor '/home/yahboom/roscourse_ws/install/python_turtle/share/python_turtle/package.dsv'
[5.479s] INFO:colcon.colcon_core.shell:Creating package script '/home/yahboom/roscourse_ws/install/python_turtle/share/python_turtle/package.sh'
[5.480s] INFO:colcon.colcon_core.shell:Creating package script '/home/yahboom/roscourse_ws/install/python_turtle/share/python_turtle/package.bash'
[5.481s] INFO:colcon.colcon_core.shell:Creating package script '/home/yahboom/roscourse_ws/install/python_turtle/share/python_turtle/package.zsh'
[5.482s] Level 1:colcon.colcon_core.environment:create_file_with_runtime_dependencies(/home/yahboom/roscourse_ws/install/python_turtle/share/colcon-core/packages/python_turtle)
[5.482s] DEBUG:colcon.colcon_parallel_executor.executor.parallel:closing loop
[5.483s] DEBUG:colcon.colcon_parallel_executor.executor.parallel:loop closed
[5.483s] DEBUG:colcon.colcon_parallel_executor.executor.parallel:run_until_complete finished with '0'
[5.483s] DEBUG:colcon.colcon_core.event_reactor:joining thread
[5.494s] INFO:colcon.colcon_core.plugin_system:Skipping extension 'colcon_notification.desktop_notification.terminal_notifier': Not used on non-Darwin systems
[5.495s] INFO:colcon.colcon_core.plugin_system:Skipping extension 'colcon_notification.desktop_notification.win32': Not used on non-Windows systems
[5.495s] INFO:colcon.colcon_notification.desktop_notification:Sending desktop notification using 'notify2'
[5.523s] DEBUG:colcon.colcon_core.event_reactor:joined thread
[5.525s] INFO:colcon.colcon_core.shell:Creating prefix script '/home/yahboom/roscourse_ws/install/local_setup.ps1'
[5.527s] INFO:colcon.colcon_core.shell:Creating prefix util module '/home/yahboom/roscourse_ws/install/_local_setup_util_ps1.py'
[5.530s] INFO:colcon.colcon_core.shell:Creating prefix chain script '/home/yahboom/roscourse_ws/install/setup.ps1'
[5.536s] INFO:colcon.colcon_core.shell:Creating prefix script '/home/yahboom/roscourse_ws/install/local_setup.sh'
[5.537s] INFO:colcon.colcon_core.shell:Creating prefix util module '/home/yahboom/roscourse_ws/install/_local_setup_util_sh.py'
[5.538s] INFO:colcon.colcon_core.shell:Creating prefix chain script '/home/yahboom/roscourse_ws/install/setup.sh'
[5.544s] INFO:colcon.colcon_core.shell:Creating prefix script '/home/yahboom/roscourse_ws/install/local_setup.bash'
[5.545s] INFO:colcon.colcon_core.shell:Creating prefix chain script '/home/yahboom/roscourse_ws/install/setup.bash'
[5.551s] INFO:colcon.colcon_core.shell:Creating prefix script '/home/yahboom/roscourse_ws/install/local_setup.zsh'
[5.552s] INFO:colcon.colcon_core.shell:Creating prefix chain script '/home/yahboom/roscourse_ws/install/setup.zsh'
