[3.146s] Invoking command in '/home/yahboom/ArchDocs/ArchDocs/S24_RobotProgramming_eloquent/lab6/roscourse_sim_ws/src/my_robot': PYTHONPATH=/home/yahboom/ArchDocs/ArchDocs/S24_RobotProgramming_eloquent/lab6/roscourse_sim_ws/build/my_robot/prefix_override:/home/yahboom/ArchDocs/ArchDocs/S24_RobotProgramming_eloquent/lab6/roscourse_sim_ws/install/my_robot/lib/python3.8/site-packages:${PYTHONPATH} /usr/bin/python3 setup.py egg_info --egg-base ../../build/my_robot build --build-base /home/yahboom/ArchDocs/ArchDocs/S24_RobotProgramming_eloquent/lab6/roscourse_sim_ws/build/my_robot/build install --record /home/yahboom/ArchDocs/ArchDocs/S24_RobotProgramming_eloquent/lab6/roscourse_sim_ws/build/my_robot/install.log --install-scripts $base/lib/my_robot --single-version-externally-managed
[4.147s] running egg_info
[4.152s] writing ../../build/my_robot/my_robot.egg-info/PKG-INFO
[4.158s] writing dependency_links to ../../build/my_robot/my_robot.egg-info/dependency_links.txt
[4.164s] writing entry points to ../../build/my_robot/my_robot.egg-info/entry_points.txt
[4.170s] writing requirements to ../../build/my_robot/my_robot.egg-info/requires.txt
[4.175s] writing top-level names to ../../build/my_robot/my_robot.egg-info/top_level.txt
[4.360s] reading manifest file '../../build/my_robot/my_robot.egg-info/SOURCES.txt'
[4.375s] writing manifest file '../../build/my_robot/my_robot.egg-info/SOURCES.txt'
[4.380s] running build
[4.383s] running build_py
[4.392s] running install
[4.396s] running install_lib
[4.410s] running install_data
[4.422s] copying rviz/my_robot.rviz -> /home/yahboom/ArchDocs/ArchDocs/S24_RobotProgramming_eloquent/lab6/roscourse_sim_ws/install/my_robot/share/my_robot
[4.430s] running install_egg_info
[4.442s] removing '/home/yahboom/ArchDocs/ArchDocs/S24_RobotProgramming_eloquent/lab6/roscourse_sim_ws/install/my_robot/lib/python3.8/site-packages/my_robot-0.0.0-py3.8.egg-info' (and everything under it)
[4.458s] Copying ../../build/my_robot/my_robot.egg-info to /home/yahboom/ArchDocs/ArchDocs/S24_RobotProgramming_eloquent/lab6/roscourse_sim_ws/install/my_robot/lib/python3.8/site-packages/my_robot-0.0.0-py3.8.egg-info
[4.533s] running install_scripts
[4.613s] writing list of installed files to '/home/yahboom/ArchDocs/ArchDocs/S24_RobotProgramming_eloquent/lab6/roscourse_sim_ws/build/my_robot/install.log'
[4.680s] Invoked command in '/home/yahboom/ArchDocs/ArchDocs/S24_RobotProgramming_eloquent/lab6/roscourse_sim_ws/src/my_robot' returned '0': PYTHONPATH=/home/yahboom/ArchDocs/ArchDocs/S24_RobotProgramming_eloquent/lab6/roscourse_sim_ws/build/my_robot/prefix_override:/home/yahboom/ArchDocs/ArchDocs/S24_RobotProgramming_eloquent/lab6/roscourse_sim_ws/install/my_robot/lib/python3.8/site-packages:${PYTHONPATH} /usr/bin/python3 setup.py egg_info --egg-base ../../build/my_robot build --build-base /home/yahboom/ArchDocs/ArchDocs/S24_RobotProgramming_eloquent/lab6/roscourse_sim_ws/build/my_robot/build install --record /home/yahboom/ArchDocs/ArchDocs/S24_RobotProgramming_eloquent/lab6/roscourse_sim_ws/build/my_robot/install.log --install-scripts $base/lib/my_robot --single-version-externally-managed
