running develop
running egg_info
creating teleop_twist_keyboard.egg-info
writing teleop_twist_keyboard.egg-info/PKG-INFO
writing dependency_links to teleop_twist_keyboard.egg-info/dependency_links.txt
writing entry points to teleop_twist_keyboard.egg-info/entry_points.txt
writing requirements to teleop_twist_keyboard.egg-info/requires.txt
writing top-level names to teleop_twist_keyboard.egg-info/top_level.txt
writing manifest file 'teleop_twist_keyboard.egg-info/SOURCES.txt'
reading manifest file 'teleop_twist_keyboard.egg-info/SOURCES.txt'
writing manifest file 'teleop_twist_keyboard.egg-info/SOURCES.txt'
running build_ext
Creating /home/yahboom/S24_RobotProgramming_eloquent/lab3/roscourse_ws/install/teleop_twist_keyboard/lib/python3.8/site-packages/site.py
Creating /home/yahboom/S24_RobotProgramming_eloquent/lab3/roscourse_ws/install/teleop_twist_keyboard/lib/python3.8/site-packages/teleop-twist-keyboard.egg-link (link to .)
Installing teleop_twist_keyboard script to /home/yahboom/S24_RobotProgramming_eloquent/lab3/roscourse_ws/install/teleop_twist_keyboard/lib/teleop_twist_keyboard

Installed /home/yahboom/S24_RobotProgramming_eloquent/lab3/roscourse_ws/build/teleop_twist_keyboard
running install_data
creating /home/yahboom/S24_RobotProgramming_eloquent/lab3/roscourse_ws/install/teleop_twist_keyboard/share/ament_index
creating /home/yahboom/S24_RobotProgramming_eloquent/lab3/roscourse_ws/install/teleop_twist_keyboard/share/ament_index/resource_index
creating /home/yahboom/S24_RobotProgramming_eloquent/lab3/roscourse_ws/install/teleop_twist_keyboard/share/ament_index/resource_index/packages
copying resource/teleop_twist_keyboard -> /home/yahboom/S24_RobotProgramming_eloquent/lab3/roscourse_ws/install/teleop_twist_keyboard/share/ament_index/resource_index/packages
copying package.xml -> /home/yahboom/S24_RobotProgramming_eloquent/lab3/roscourse_ws/install/teleop_twist_keyboard/share/teleop_twist_keyboard
