[0.265s] DEBUG:colcon:Command line arguments: ['/usr/bin/colcon', 'build']
[0.266s] DEBUG:colcon:Parsed command line arguments: Namespace(allow_overriding=[], ament_cmake_args=None, base_paths=['.'], build_base='build', catkin_cmake_args=None, catkin_skip_building_tests=False, cmake_args=None, cmake_clean_cache=False, cmake_clean_first=False, cmake_force_configure=False, cmake_target=None, cmake_target_skip_unavailable=False, continue_on_error=False, event_handlers=None, executor='parallel', ignore_user_meta=False, install_base='install', log_base=None, log_level=None, main=<bound method BuildVerb.main of <colcon_core.verb.build.BuildVerb object at 0x7f3b3e87f640>>, merge_install=False, metas=['./colcon.meta'], packages_above=None, packages_above_and_dependencies=None, packages_above_depth=None, packages_end=None, packages_ignore=None, packages_ignore_regex=None, packages_select=None, packages_select_build_failed=False, packages_select_by_dep=None, packages_select_regex=None, packages_select_test_failures=False, packages_skip=None, packages_skip_build_finished=False, packages_skip_by_dep=None, packages_skip_regex=None, packages_skip_test_passed=False, packages_skip_up_to=None, packages_start=None, packages_up_to=None, packages_up_to_regex=None, parallel_workers=8, paths=None, symlink_install=False, test_result_base=None, verb_extension=<colcon_core.verb.build.BuildVerb object at 0x7f3b3e87f640>, verb_name='build', verb_parser=<colcon_defaults.argument_parser.defaults.DefaultArgumentsDecorator object at 0x7f3b3e87fb80>)
[0.288s] Level 1:colcon.colcon_core.package_discovery:discover_packages(colcon_meta) check parameters
[0.289s] Level 1:colcon.colcon_core.package_discovery:discover_packages(recursive) check parameters
[0.289s] Level 1:colcon.colcon_core.package_discovery:discover_packages(ignore) check parameters
[0.289s] Level 1:colcon.colcon_core.package_discovery:discover_packages(path) check parameters
[0.289s] Level 1:colcon.colcon_core.package_discovery:discover_packages(colcon_meta) discover
[0.289s] Level 1:colcon.colcon_core.package_discovery:discover_packages(recursive) discover
[0.290s] INFO:colcon.colcon_core.package_discovery:Crawling recursively for packages in '/home/yahboom/ArchDocs/SharedDocs/S24_RobotProgramming_eloquent/Lab3/roscourse_ws'
[0.291s] Level 1:colcon.colcon_core.package_identification:_identify(.) by extensions ['ignore', 'ignore_ament_install']
[0.291s] Level 1:colcon.colcon_core.package_identification:_identify(.) by extension 'ignore'
[0.291s] Level 1:colcon.colcon_core.package_identification:_identify(.) by extension 'ignore_ament_install'
[0.292s] Level 1:colcon.colcon_core.package_identification:_identify(.) by extensions ['colcon_pkg']
[0.292s] Level 1:colcon.colcon_core.package_identification:_identify(.) by extension 'colcon_pkg'
[0.292s] Level 1:colcon.colcon_core.package_identification:_identify(.) by extensions ['colcon_meta']
[0.292s] Level 1:colcon.colcon_core.package_identification:_identify(.) by extension 'colcon_meta'
[0.292s] Level 1:colcon.colcon_core.package_identification:_identify(.) by extensions ['ros']
[0.292s] Level 1:colcon.colcon_core.package_identification:_identify(.) by extension 'ros'
[0.308s] Level 1:colcon.colcon_core.package_identification:_identify(.) by extensions ['cmake', 'python']
[0.308s] Level 1:colcon.colcon_core.package_identification:_identify(.) by extension 'cmake'
[0.308s] Level 1:colcon.colcon_core.package_identification:_identify(.) by extension 'python'
[0.309s] Level 1:colcon.colcon_core.package_identification:_identify(.) by extensions ['python_setup_py']
[0.309s] Level 1:colcon.colcon_core.package_identification:_identify(.) by extension 'python_setup_py'
[0.310s] Level 1:colcon.colcon_core.package_identification:_identify(build) by extensions ['ignore', 'ignore_ament_install']
[0.310s] Level 1:colcon.colcon_core.package_identification:_identify(build) by extension 'ignore'
[0.310s] Level 1:colcon.colcon_core.package_identification:_identify(build) ignored
[0.312s] Level 1:colcon.colcon_core.package_identification:_identify(install) by extensions ['ignore', 'ignore_ament_install']
[0.312s] Level 1:colcon.colcon_core.package_identification:_identify(install) by extension 'ignore'
[0.312s] Level 1:colcon.colcon_core.package_identification:_identify(install) ignored
[0.314s] Level 1:colcon.colcon_core.package_identification:_identify(log) by extensions ['ignore', 'ignore_ament_install']
[0.314s] Level 1:colcon.colcon_core.package_identification:_identify(log) by extension 'ignore'
[0.314s] Level 1:colcon.colcon_core.package_identification:_identify(log) ignored
[0.315s] Level 1:colcon.colcon_core.package_identification:_identify(src) by extensions ['ignore', 'ignore_ament_install']
[0.315s] Level 1:colcon.colcon_core.package_identification:_identify(src) by extension 'ignore'
[0.316s] Level 1:colcon.colcon_core.package_identification:_identify(src) by extension 'ignore_ament_install'
[0.316s] Level 1:colcon.colcon_core.package_identification:_identify(src) by extensions ['colcon_pkg']
[0.316s] Level 1:colcon.colcon_core.package_identification:_identify(src) by extension 'colcon_pkg'
[0.317s] Level 1:colcon.colcon_core.package_identification:_identify(src) by extensions ['colcon_meta']
[0.317s] Level 1:colcon.colcon_core.package_identification:_identify(src) by extension 'colcon_meta'
[0.317s] Level 1:colcon.colcon_core.package_identification:_identify(src) by extensions ['ros']
[0.317s] Level 1:colcon.colcon_core.package_identification:_identify(src) by extension 'ros'
[0.318s] Level 1:colcon.colcon_core.package_identification:_identify(src) by extensions ['cmake', 'python']
[0.318s] Level 1:colcon.colcon_core.package_identification:_identify(src) by extension 'cmake'
[0.319s] Level 1:colcon.colcon_core.package_identification:_identify(src) by extension 'python'
[0.319s] Level 1:colcon.colcon_core.package_identification:_identify(src) by extensions ['python_setup_py']
[0.319s] Level 1:colcon.colcon_core.package_identification:_identify(src) by extension 'python_setup_py'
[0.320s] Level 1:colcon.colcon_core.package_identification:_identify(src/turtle_interfaces) by extensions ['ignore', 'ignore_ament_install']
[0.320s] Level 1:colcon.colcon_core.package_identification:_identify(src/turtle_interfaces) by extension 'ignore'
[0.321s] Level 1:colcon.colcon_core.package_identification:_identify(src/turtle_interfaces) by extension 'ignore_ament_install'
[0.321s] Level 1:colcon.colcon_core.package_identification:_identify(src/turtle_interfaces) by extensions ['colcon_pkg']
[0.321s] Level 1:colcon.colcon_core.package_identification:_identify(src/turtle_interfaces) by extension 'colcon_pkg'
[0.321s] Level 1:colcon.colcon_core.package_identification:_identify(src/turtle_interfaces) by extensions ['colcon_meta']
[0.322s] Level 1:colcon.colcon_core.package_identification:_identify(src/turtle_interfaces) by extension 'colcon_meta'
[0.322s] Level 1:colcon.colcon_core.package_identification:_identify(src/turtle_interfaces) by extensions ['ros']
[0.322s] Level 1:colcon.colcon_core.package_identification:_identify(src/turtle_interfaces) by extension 'ros'
[0.324s] DEBUG:colcon.colcon_core.package_identification:Package 'src/turtle_interfaces' with type 'ros.ament_cmake' and name 'turtle_interfaces'
[0.326s] Level 1:colcon.colcon_core.package_identification:_identify(src/webcam) by extensions ['ignore', 'ignore_ament_install']
[0.326s] Level 1:colcon.colcon_core.package_identification:_identify(src/webcam) by extension 'ignore'
[0.326s] Level 1:colcon.colcon_core.package_identification:_identify(src/webcam) by extension 'ignore_ament_install'
[0.327s] Level 1:colcon.colcon_core.package_identification:_identify(src/webcam) by extensions ['colcon_pkg']
[0.327s] Level 1:colcon.colcon_core.package_identification:_identify(src/webcam) by extension 'colcon_pkg'
[0.327s] Level 1:colcon.colcon_core.package_identification:_identify(src/webcam) by extensions ['colcon_meta']
[0.327s] Level 1:colcon.colcon_core.package_identification:_identify(src/webcam) by extension 'colcon_meta'
[0.327s] Level 1:colcon.colcon_core.package_identification:_identify(src/webcam) by extensions ['ros']
[0.327s] Level 1:colcon.colcon_core.package_identification:_identify(src/webcam) by extension 'ros'
[0.329s] DEBUG:colcon.colcon_core.package_identification:Package 'src/webcam' with type 'ros.ament_python' and name 'webcam'
[0.329s] Level 1:colcon.colcon_core.package_discovery:discover_packages(recursive) using defaults
[0.329s] Level 1:colcon.colcon_core.package_discovery:discover_packages(ignore) discover
[0.329s] Level 1:colcon.colcon_core.package_discovery:discover_packages(ignore) using defaults
[0.329s] Level 1:colcon.colcon_core.package_discovery:discover_packages(path) discover
[0.329s] Level 1:colcon.colcon_core.package_discovery:discover_packages(path) using defaults
[0.348s] Level 1:colcon.colcon_core.package_discovery:discover_packages(prefix_path) check parameters
[0.348s] Level 1:colcon.colcon_core.package_discovery:discover_packages(prefix_path) discover
[0.356s] DEBUG:colcon.colcon_installed_package_information.package_discovery:Found 1 installed packages in /home/yahboom/ArchDocs/SharedDocs/S24_RobotProgramming_eloquent/Lab3/roscourse_ws/install
[0.357s] DEBUG:colcon.colcon_installed_package_information.package_discovery:Found 10 installed packages in /home/yahboom/yahboomcar_ros2_ws/software/library_ws/install
[0.359s] DEBUG:colcon.colcon_installed_package_information.package_discovery:Found 20 installed packages in /home/yahboom/yahboomcar_ros2_ws/yahboomcar_ws/install
[0.360s] DEBUG:colcon.colcon_installed_package_information.package_discovery:Found 337 installed packages in /opt/ros/foxy
[0.362s] Level 1:colcon.colcon_core.package_discovery:discover_packages(prefix_path) using defaults
[0.425s] Level 5:colcon.colcon_core.verb:set package 'turtle_interfaces' build argument 'cmake_args' from command line to 'None'
[0.425s] Level 5:colcon.colcon_core.verb:set package 'turtle_interfaces' build argument 'cmake_target' from command line to 'None'
[0.425s] Level 5:colcon.colcon_core.verb:set package 'turtle_interfaces' build argument 'cmake_target_skip_unavailable' from command line to 'False'
[0.425s] Level 5:colcon.colcon_core.verb:set package 'turtle_interfaces' build argument 'cmake_clean_cache' from command line to 'False'
[0.425s] Level 5:colcon.colcon_core.verb:set package 'turtle_interfaces' build argument 'cmake_clean_first' from command line to 'False'
[0.426s] Level 5:colcon.colcon_core.verb:set package 'turtle_interfaces' build argument 'cmake_force_configure' from command line to 'False'
[0.426s] Level 5:colcon.colcon_core.verb:set package 'turtle_interfaces' build argument 'ament_cmake_args' from command line to 'None'
[0.426s] Level 5:colcon.colcon_core.verb:set package 'turtle_interfaces' build argument 'catkin_cmake_args' from command line to 'None'
[0.426s] Level 5:colcon.colcon_core.verb:set package 'turtle_interfaces' build argument 'catkin_skip_building_tests' from command line to 'False'
[0.426s] DEBUG:colcon.colcon_core.verb:Building package 'turtle_interfaces' with the following arguments: {'ament_cmake_args': None, 'build_base': '/home/yahboom/ArchDocs/SharedDocs/S24_RobotProgramming_eloquent/Lab3/roscourse_ws/build/turtle_interfaces', 'catkin_cmake_args': None, 'catkin_skip_building_tests': False, 'cmake_args': None, 'cmake_clean_cache': False, 'cmake_clean_first': False, 'cmake_force_configure': False, 'cmake_target': None, 'cmake_target_skip_unavailable': False, 'install_base': '/home/yahboom/ArchDocs/SharedDocs/S24_RobotProgramming_eloquent/Lab3/roscourse_ws/install/turtle_interfaces', 'merge_install': False, 'path': '/home/yahboom/ArchDocs/SharedDocs/S24_RobotProgramming_eloquent/Lab3/roscourse_ws/src/turtle_interfaces', 'symlink_install': False, 'test_result_base': None}
[0.427s] Level 5:colcon.colcon_core.verb:set package 'webcam' build argument 'cmake_args' from command line to 'None'
[0.427s] Level 5:colcon.colcon_core.verb:set package 'webcam' build argument 'cmake_target' from command line to 'None'
[0.428s] Level 5:colcon.colcon_core.verb:set package 'webcam' build argument 'cmake_target_skip_unavailable' from command line to 'False'
[0.428s] Level 5:colcon.colcon_core.verb:set package 'webcam' build argument 'cmake_clean_cache' from command line to 'False'
[0.428s] Level 5:colcon.colcon_core.verb:set package 'webcam' build argument 'cmake_clean_first' from command line to 'False'
[0.428s] Level 5:colcon.colcon_core.verb:set package 'webcam' build argument 'cmake_force_configure' from command line to 'False'
[0.428s] Level 5:colcon.colcon_core.verb:set package 'webcam' build argument 'ament_cmake_args' from command line to 'None'
[0.429s] Level 5:colcon.colcon_core.verb:set package 'webcam' build argument 'catkin_cmake_args' from command line to 'None'
[0.429s] Level 5:colcon.colcon_core.verb:set package 'webcam' build argument 'catkin_skip_building_tests' from command line to 'False'
[0.429s] DEBUG:colcon.colcon_core.verb:Building package 'webcam' with the following arguments: {'ament_cmake_args': None, 'build_base': '/home/yahboom/ArchDocs/SharedDocs/S24_RobotProgramming_eloquent/Lab3/roscourse_ws/build/webcam', 'catkin_cmake_args': None, 'catkin_skip_building_tests': False, 'cmake_args': None, 'cmake_clean_cache': False, 'cmake_clean_first': False, 'cmake_force_configure': False, 'cmake_target': None, 'cmake_target_skip_unavailable': False, 'install_base': '/home/yahboom/ArchDocs/SharedDocs/S24_RobotProgramming_eloquent/Lab3/roscourse_ws/install/webcam', 'merge_install': False, 'path': '/home/yahboom/ArchDocs/SharedDocs/S24_RobotProgramming_eloquent/Lab3/roscourse_ws/src/webcam', 'symlink_install': False, 'test_result_base': None}
[0.430s] INFO:colcon.colcon_core.executor:Executing jobs using 'parallel' executor
[0.433s] DEBUG:colcon.colcon_parallel_executor.executor.parallel:run_until_complete
[0.433s] INFO:colcon.colcon_ros.task.ament_cmake.build:Building ROS package in '/home/yahboom/ArchDocs/SharedDocs/S24_RobotProgramming_eloquent/Lab3/roscourse_ws/src/turtle_interfaces' with build type 'ament_cmake'
[0.434s] INFO:colcon.colcon_cmake.task.cmake.build:Building CMake package in '/home/yahboom/ArchDocs/SharedDocs/S24_RobotProgramming_eloquent/Lab3/roscourse_ws/src/turtle_interfaces'
[0.438s] INFO:colcon.colcon_core.plugin_system:Skipping extension 'colcon_core.shell.bat': Not used on non-Windows systems
[0.438s] INFO:colcon.colcon_core.shell:Skip shell extension 'powershell' for command environment: Not usable outside of PowerShell
[0.438s] DEBUG:colcon.colcon_core.shell:Skip shell extension 'dsv' for command environment
[0.451s] INFO:colcon.colcon_ros.task.ament_python.build:Building ROS package in '/home/yahboom/ArchDocs/SharedDocs/S24_RobotProgramming_eloquent/Lab3/roscourse_ws/src/webcam' with build type 'ament_python'
[0.452s] Level 1:colcon.colcon_core.shell:create_environment_hook('webcam', 'ament_prefix_path')
[0.453s] INFO:colcon.colcon_core.shell:Creating environment hook '/home/yahboom/ArchDocs/SharedDocs/S24_RobotProgramming_eloquent/Lab3/roscourse_ws/install/webcam/share/webcam/hook/ament_prefix_path.ps1'
[0.456s] INFO:colcon.colcon_core.shell:Creating environment descriptor '/home/yahboom/ArchDocs/SharedDocs/S24_RobotProgramming_eloquent/Lab3/roscourse_ws/install/webcam/share/webcam/hook/ament_prefix_path.dsv'
[0.457s] INFO:colcon.colcon_core.shell:Creating environment hook '/home/yahboom/ArchDocs/SharedDocs/S24_RobotProgramming_eloquent/Lab3/roscourse_ws/install/webcam/share/webcam/hook/ament_prefix_path.sh'
[0.459s] INFO:colcon.colcon_core.shell:Skip shell extension 'powershell' for command environment: Not usable outside of PowerShell
[0.460s] DEBUG:colcon.colcon_core.shell:Skip shell extension 'dsv' for command environment
[0.490s] DEBUG:colcon.colcon_core.event_handler.log_command:Invoking command in '/home/yahboom/ArchDocs/SharedDocs/S24_RobotProgramming_eloquent/Lab3/roscourse_ws/build/turtle_interfaces': CMAKE_PREFIX_PATH=${CMAKE_PREFIX_PATH}:/home/yahboom/ArchDocs/SharedDocs/S24_RobotProgramming_eloquent/Lab3/roscourse_ws/install/webcam:/home/yahboom/yahboomcar_ros2_ws/yahboomcar_ws/install/yahboomcar_voice_ctrl:/home/yahboom/yahboomcar_ros2_ws/yahboomcar_ws/install/yahboomcar_visual:/home/yahboom/yahboomcar_ros2_ws/yahboomcar_ws/install/yahboomcar_rviz:/home/yahboom/yahboomcar_ros2_ws/yahboomcar_ws/install/yahboomcar_nav:/home/yahboom/yahboomcar_ros2_ws/yahboomcar_ws/install/yahboomcar_multi:/home/yahboom/yahboomcar_ros2_ws/yahboomcar_ws/install/yahboomcar_mediapipe:/home/yahboom/yahboomcar_ros2_ws/yahboomcar_ws/install/yahboomcar_linefollow:/home/yahboom/yahboomcar_ros2_ws/yahboomcar_ws/install/yahboomcar_laser:/home/yahboom/yahboomcar_ros2_ws/yahboomcar_ws/install/yahboomcar_description_x1:/home/yahboom/yahboomcar_ros2_ws/yahboomcar_ws/install/yahboomcar_description:/home/yahboom/yahboomcar_ros2_ws/yahboomcar_ws/install/yahboomcar_ctrl:/home/yahboom/yahboomcar_ros2_ws/yahboomcar_ws/install/yahboomcar_bringup:/home/yahboom/yahboomcar_ros2_ws/yahboomcar_ws/install/yahboomcar_astra:/home/yahboom/yahboomcar_ros2_ws/yahboomcar_ws/install/robot_pose_publisher:/home/yahboom/yahboomcar_ros2_ws/yahboomcar_ws/install/laserscan_to_point_pulisher:/opt/ros/foxy /usr/bin/cmake /home/yahboom/ArchDocs/SharedDocs/S24_RobotProgramming_eloquent/Lab3/roscourse_ws/src/turtle_interfaces -DCMAKE_INSTALL_PREFIX=/home/yahboom/ArchDocs/SharedDocs/S24_RobotProgramming_eloquent/Lab3/roscourse_ws/install/turtle_interfaces
[0.752s] INFO:colcon.colcon_core.task.python.build:Building Python package in '/home/yahboom/ArchDocs/SharedDocs/S24_RobotProgramming_eloquent/Lab3/roscourse_ws/src/webcam'
[0.754s] INFO:colcon.colcon_core.shell:Skip shell extension 'powershell' for command environment: Not usable outside of PowerShell
[0.754s] DEBUG:colcon.colcon_core.shell:Skip shell extension 'dsv' for command environment
[1.150s] DEBUG:colcon.colcon_core.event_handler.log_command:Invoking command in '/home/yahboom/ArchDocs/SharedDocs/S24_RobotProgramming_eloquent/Lab3/roscourse_ws/build/webcam': PYTHONPATH=/home/yahboom/ArchDocs/SharedDocs/S24_RobotProgramming_eloquent/Lab3/roscourse_ws/build/webcam/prefix_override:/home/yahboom/ArchDocs/SharedDocs/S24_RobotProgramming_eloquent/Lab3/roscourse_ws/install/webcam/lib/python3.8/site-packages:${PYTHONPATH} /usr/bin/python3 setup.py develop --uninstall --editable --build-directory /home/yahboom/ArchDocs/SharedDocs/S24_RobotProgramming_eloquent/Lab3/roscourse_ws/build/webcam/build
[1.563s] DEBUG:colcon.colcon_core.event_handler.log_command:Invoked command in '/home/yahboom/ArchDocs/SharedDocs/S24_RobotProgramming_eloquent/Lab3/roscourse_ws/build/webcam' returned '0': PYTHONPATH=/home/yahboom/ArchDocs/SharedDocs/S24_RobotProgramming_eloquent/Lab3/roscourse_ws/build/webcam/prefix_override:/home/yahboom/ArchDocs/SharedDocs/S24_RobotProgramming_eloquent/Lab3/roscourse_ws/install/webcam/lib/python3.8/site-packages:${PYTHONPATH} /usr/bin/python3 setup.py develop --uninstall --editable --build-directory /home/yahboom/ArchDocs/SharedDocs/S24_RobotProgramming_eloquent/Lab3/roscourse_ws/build/webcam/build
[1.568s] DEBUG:colcon.colcon_core.event_handler.log_command:Invoking command in '/home/yahboom/ArchDocs/SharedDocs/S24_RobotProgramming_eloquent/Lab3/roscourse_ws/src/webcam': PYTHONPATH=/home/yahboom/ArchDocs/SharedDocs/S24_RobotProgramming_eloquent/Lab3/roscourse_ws/build/webcam/prefix_override:/home/yahboom/ArchDocs/SharedDocs/S24_RobotProgramming_eloquent/Lab3/roscourse_ws/install/webcam/lib/python3.8/site-packages:${PYTHONPATH} /usr/bin/python3 setup.py egg_info --egg-base ../../build/webcam build --build-base /home/yahboom/ArchDocs/SharedDocs/S24_RobotProgramming_eloquent/Lab3/roscourse_ws/build/webcam/build install --record /home/yahboom/ArchDocs/SharedDocs/S24_RobotProgramming_eloquent/Lab3/roscourse_ws/build/webcam/install.log --install-scripts $base/lib/webcam --single-version-externally-managed
[1.926s] DEBUG:colcon.colcon_core.event_handler.log_command:Invoked command in '/home/yahboom/ArchDocs/SharedDocs/S24_RobotProgramming_eloquent/Lab3/roscourse_ws/src/webcam' returned '0': PYTHONPATH=/home/yahboom/ArchDocs/SharedDocs/S24_RobotProgramming_eloquent/Lab3/roscourse_ws/build/webcam/prefix_override:/home/yahboom/ArchDocs/SharedDocs/S24_RobotProgramming_eloquent/Lab3/roscourse_ws/install/webcam/lib/python3.8/site-packages:${PYTHONPATH} /usr/bin/python3 setup.py egg_info --egg-base ../../build/webcam build --build-base /home/yahboom/ArchDocs/SharedDocs/S24_RobotProgramming_eloquent/Lab3/roscourse_ws/build/webcam/build install --record /home/yahboom/ArchDocs/SharedDocs/S24_RobotProgramming_eloquent/Lab3/roscourse_ws/build/webcam/install.log --install-scripts $base/lib/webcam --single-version-externally-managed
[1.930s] Level 1:colcon.colcon_core.environment:checking '/home/yahboom/ArchDocs/SharedDocs/S24_RobotProgramming_eloquent/Lab3/roscourse_ws/install/webcam' for CMake module files
[1.937s] Level 1:colcon.colcon_core.environment:checking '/home/yahboom/ArchDocs/SharedDocs/S24_RobotProgramming_eloquent/Lab3/roscourse_ws/install/webcam' for CMake config files
[1.954s] Level 1:colcon.colcon_core.environment:checking '/home/yahboom/ArchDocs/SharedDocs/S24_RobotProgramming_eloquent/Lab3/roscourse_ws/install/webcam/lib'
[1.954s] Level 1:colcon.colcon_core.environment:checking '/home/yahboom/ArchDocs/SharedDocs/S24_RobotProgramming_eloquent/Lab3/roscourse_ws/install/webcam/bin'
[1.955s] Level 1:colcon.colcon_core.environment:checking '/home/yahboom/ArchDocs/SharedDocs/S24_RobotProgramming_eloquent/Lab3/roscourse_ws/install/webcam/lib/pkgconfig/webcam.pc'
[1.955s] Level 1:colcon.colcon_core.environment:checking '/home/yahboom/ArchDocs/SharedDocs/S24_RobotProgramming_eloquent/Lab3/roscourse_ws/install/webcam/lib/python3.8/site-packages'
[1.955s] Level 1:colcon.colcon_core.shell:create_environment_hook('webcam', 'pythonpath')
[1.957s] INFO:colcon.colcon_core.shell:Creating environment hook '/home/yahboom/ArchDocs/SharedDocs/S24_RobotProgramming_eloquent/Lab3/roscourse_ws/install/webcam/share/webcam/hook/pythonpath.ps1'
[1.959s] INFO:colcon.colcon_core.shell:Creating environment descriptor '/home/yahboom/ArchDocs/SharedDocs/S24_RobotProgramming_eloquent/Lab3/roscourse_ws/install/webcam/share/webcam/hook/pythonpath.dsv'
[1.961s] INFO:colcon.colcon_core.shell:Creating environment hook '/home/yahboom/ArchDocs/SharedDocs/S24_RobotProgramming_eloquent/Lab3/roscourse_ws/install/webcam/share/webcam/hook/pythonpath.sh'
[1.963s] Level 1:colcon.colcon_core.environment:checking '/home/yahboom/ArchDocs/SharedDocs/S24_RobotProgramming_eloquent/Lab3/roscourse_ws/install/webcam/bin'
[1.964s] Level 1:colcon.colcon_core.environment:create_environment_scripts_only(webcam)
[1.966s] INFO:colcon.colcon_core.shell:Creating package script '/home/yahboom/ArchDocs/SharedDocs/S24_RobotProgramming_eloquent/Lab3/roscourse_ws/install/webcam/share/webcam/package.ps1'
[1.967s] INFO:colcon.colcon_core.shell:Creating package descriptor '/home/yahboom/ArchDocs/SharedDocs/S24_RobotProgramming_eloquent/Lab3/roscourse_ws/install/webcam/share/webcam/package.dsv'
[1.968s] INFO:colcon.colcon_core.shell:Creating package script '/home/yahboom/ArchDocs/SharedDocs/S24_RobotProgramming_eloquent/Lab3/roscourse_ws/install/webcam/share/webcam/package.sh'
[1.970s] INFO:colcon.colcon_core.shell:Creating package script '/home/yahboom/ArchDocs/SharedDocs/S24_RobotProgramming_eloquent/Lab3/roscourse_ws/install/webcam/share/webcam/package.bash'
[1.972s] INFO:colcon.colcon_core.shell:Creating package script '/home/yahboom/ArchDocs/SharedDocs/S24_RobotProgramming_eloquent/Lab3/roscourse_ws/install/webcam/share/webcam/package.zsh'
[1.974s] Level 1:colcon.colcon_core.environment:create_file_with_runtime_dependencies(/home/yahboom/ArchDocs/SharedDocs/S24_RobotProgramming_eloquent/Lab3/roscourse_ws/install/webcam/share/colcon-core/packages/webcam)
[2.671s] DEBUG:colcon.colcon_core.event_handler.log_command:Invoked command in '/home/yahboom/ArchDocs/SharedDocs/S24_RobotProgramming_eloquent/Lab3/roscourse_ws/build/turtle_interfaces' returned '1': CMAKE_PREFIX_PATH=${CMAKE_PREFIX_PATH}:/home/yahboom/ArchDocs/SharedDocs/S24_RobotProgramming_eloquent/Lab3/roscourse_ws/install/webcam:/home/yahboom/yahboomcar_ros2_ws/yahboomcar_ws/install/yahboomcar_voice_ctrl:/home/yahboom/yahboomcar_ros2_ws/yahboomcar_ws/install/yahboomcar_visual:/home/yahboom/yahboomcar_ros2_ws/yahboomcar_ws/install/yahboomcar_rviz:/home/yahboom/yahboomcar_ros2_ws/yahboomcar_ws/install/yahboomcar_nav:/home/yahboom/yahboomcar_ros2_ws/yahboomcar_ws/install/yahboomcar_multi:/home/yahboom/yahboomcar_ros2_ws/yahboomcar_ws/install/yahboomcar_mediapipe:/home/yahboom/yahboomcar_ros2_ws/yahboomcar_ws/install/yahboomcar_linefollow:/home/yahboom/yahboomcar_ros2_ws/yahboomcar_ws/install/yahboomcar_laser:/home/yahboom/yahboomcar_ros2_ws/yahboomcar_ws/install/yahboomcar_description_x1:/home/yahboom/yahboomcar_ros2_ws/yahboomcar_ws/install/yahboomcar_description:/home/yahboom/yahboomcar_ros2_ws/yahboomcar_ws/install/yahboomcar_ctrl:/home/yahboom/yahboomcar_ros2_ws/yahboomcar_ws/install/yahboomcar_bringup:/home/yahboom/yahboomcar_ros2_ws/yahboomcar_ws/install/yahboomcar_astra:/home/yahboom/yahboomcar_ros2_ws/yahboomcar_ws/install/robot_pose_publisher:/home/yahboom/yahboomcar_ros2_ws/yahboomcar_ws/install/laserscan_to_point_pulisher:/opt/ros/foxy /usr/bin/cmake /home/yahboom/ArchDocs/SharedDocs/S24_RobotProgramming_eloquent/Lab3/roscourse_ws/src/turtle_interfaces -DCMAKE_INSTALL_PREFIX=/home/yahboom/ArchDocs/SharedDocs/S24_RobotProgramming_eloquent/Lab3/roscourse_ws/install/turtle_interfaces
[2.686s] Level 1:colcon.colcon_core.environment:create_environment_scripts_only(turtle_interfaces)
[2.688s] Level 1:colcon.colcon_core.environment:checking '/home/yahboom/ArchDocs/SharedDocs/S24_RobotProgramming_eloquent/Lab3/roscourse_ws/install/turtle_interfaces' for CMake module files
[2.691s] Level 1:colcon.colcon_core.environment:checking '/home/yahboom/ArchDocs/SharedDocs/S24_RobotProgramming_eloquent/Lab3/roscourse_ws/install/turtle_interfaces' for CMake config files
[2.692s] Level 1:colcon.colcon_core.environment:checking '/home/yahboom/ArchDocs/SharedDocs/S24_RobotProgramming_eloquent/Lab3/roscourse_ws/install/turtle_interfaces/bin'
[2.692s] Level 1:colcon.colcon_core.environment:checking '/home/yahboom/ArchDocs/SharedDocs/S24_RobotProgramming_eloquent/Lab3/roscourse_ws/install/turtle_interfaces/lib/pkgconfig/turtle_interfaces.pc'
[2.693s] Level 1:colcon.colcon_core.environment:checking '/home/yahboom/ArchDocs/SharedDocs/S24_RobotProgramming_eloquent/Lab3/roscourse_ws/install/turtle_interfaces/lib/python3.8/site-packages'
[2.693s] Level 1:colcon.colcon_core.environment:checking '/home/yahboom/ArchDocs/SharedDocs/S24_RobotProgramming_eloquent/Lab3/roscourse_ws/install/turtle_interfaces/bin'
[2.694s] INFO:colcon.colcon_core.shell:Creating package script '/home/yahboom/ArchDocs/SharedDocs/S24_RobotProgramming_eloquent/Lab3/roscourse_ws/install/turtle_interfaces/share/turtle_interfaces/package.ps1'
[2.697s] INFO:colcon.colcon_core.shell:Creating package descriptor '/home/yahboom/ArchDocs/SharedDocs/S24_RobotProgramming_eloquent/Lab3/roscourse_ws/install/turtle_interfaces/share/turtle_interfaces/package.dsv'
[2.698s] INFO:colcon.colcon_core.shell:Creating package script '/home/yahboom/ArchDocs/SharedDocs/S24_RobotProgramming_eloquent/Lab3/roscourse_ws/install/turtle_interfaces/share/turtle_interfaces/package.sh'
[2.699s] INFO:colcon.colcon_core.shell:Creating package script '/home/yahboom/ArchDocs/SharedDocs/S24_RobotProgramming_eloquent/Lab3/roscourse_ws/install/turtle_interfaces/share/turtle_interfaces/package.bash'
[2.700s] INFO:colcon.colcon_core.shell:Creating package script '/home/yahboom/ArchDocs/SharedDocs/S24_RobotProgramming_eloquent/Lab3/roscourse_ws/install/turtle_interfaces/share/turtle_interfaces/package.zsh'
[2.701s] Level 1:colcon.colcon_core.environment:create_file_with_runtime_dependencies(/home/yahboom/ArchDocs/SharedDocs/S24_RobotProgramming_eloquent/Lab3/roscourse_ws/install/turtle_interfaces/share/colcon-core/packages/turtle_interfaces)
[2.713s] DEBUG:colcon.colcon_parallel_executor.executor.parallel:closing loop
[2.713s] DEBUG:colcon.colcon_parallel_executor.executor.parallel:loop closed
[2.714s] DEBUG:colcon.colcon_parallel_executor.executor.parallel:run_until_complete finished with '1'
[2.714s] DEBUG:colcon.colcon_core.event_reactor:joining thread
[2.720s] INFO:colcon.colcon_core.plugin_system:Skipping extension 'colcon_notification.desktop_notification.terminal_notifier': Not used on non-Darwin systems
[2.720s] INFO:colcon.colcon_core.plugin_system:Skipping extension 'colcon_notification.desktop_notification.win32': Not used on non-Windows systems
[2.721s] INFO:colcon.colcon_notification.desktop_notification:Sending desktop notification using 'notify2'
[2.736s] DEBUG:colcon.colcon_core.event_reactor:joined thread
[2.738s] INFO:colcon.colcon_core.shell:Creating prefix script '/home/yahboom/ArchDocs/SharedDocs/S24_RobotProgramming_eloquent/Lab3/roscourse_ws/install/local_setup.ps1'
[2.739s] INFO:colcon.colcon_core.shell:Creating prefix util module '/home/yahboom/ArchDocs/SharedDocs/S24_RobotProgramming_eloquent/Lab3/roscourse_ws/install/_local_setup_util_ps1.py'
[2.742s] INFO:colcon.colcon_core.shell:Creating prefix chain script '/home/yahboom/ArchDocs/SharedDocs/S24_RobotProgramming_eloquent/Lab3/roscourse_ws/install/setup.ps1'
[2.752s] INFO:colcon.colcon_core.shell:Creating prefix script '/home/yahboom/ArchDocs/SharedDocs/S24_RobotProgramming_eloquent/Lab3/roscourse_ws/install/local_setup.sh'
[2.753s] INFO:colcon.colcon_core.shell:Creating prefix util module '/home/yahboom/ArchDocs/SharedDocs/S24_RobotProgramming_eloquent/Lab3/roscourse_ws/install/_local_setup_util_sh.py'
[2.755s] INFO:colcon.colcon_core.shell:Creating prefix chain script '/home/yahboom/ArchDocs/SharedDocs/S24_RobotProgramming_eloquent/Lab3/roscourse_ws/install/setup.sh'
[2.761s] INFO:colcon.colcon_core.shell:Creating prefix script '/home/yahboom/ArchDocs/SharedDocs/S24_RobotProgramming_eloquent/Lab3/roscourse_ws/install/local_setup.bash'
[2.763s] INFO:colcon.colcon_core.shell:Creating prefix chain script '/home/yahboom/ArchDocs/SharedDocs/S24_RobotProgramming_eloquent/Lab3/roscourse_ws/install/setup.bash'
[2.768s] INFO:colcon.colcon_core.shell:Creating prefix script '/home/yahboom/ArchDocs/SharedDocs/S24_RobotProgramming_eloquent/Lab3/roscourse_ws/install/local_setup.zsh'
[2.770s] INFO:colcon.colcon_core.shell:Creating prefix chain script '/home/yahboom/ArchDocs/SharedDocs/S24_RobotProgramming_eloquent/Lab3/roscourse_ws/install/setup.zsh'
