[0.683s] Invoking command in '/home/yahboom/S24_RobotProgramming_eloquent/lab6/roscourse_sim-ws/src/my_robot': PYTHONPATH=/home/yahboom/S24_RobotProgramming_eloquent/lab6/roscourse_sim-ws/build/my_robot/prefix_override:/home/yahboom/S24_RobotProgramming_eloquent/lab6/roscourse_sim-ws/install/my_robot/lib/python3.8/site-packages:${PYTHONPATH} /usr/bin/python3 setup.py egg_info --egg-base ../../build/my_robot build --build-base /home/yahboom/S24_RobotProgramming_eloquent/lab6/roscourse_sim-ws/build/my_robot/build install --record /home/yahboom/S24_RobotProgramming_eloquent/lab6/roscourse_sim-ws/build/my_robot/install.log --install-scripts $base/lib/my_robot --single-version-externally-managed
[0.924s] running egg_info
[0.924s] writing ../../build/my_robot/my_robot.egg-info/PKG-INFO
[0.924s] writing dependency_links to ../../build/my_robot/my_robot.egg-info/dependency_links.txt
[0.924s] writing entry points to ../../build/my_robot/my_robot.egg-info/entry_points.txt
[0.925s] writing requirements to ../../build/my_robot/my_robot.egg-info/requires.txt
[0.925s] writing top-level names to ../../build/my_robot/my_robot.egg-info/top_level.txt
[0.947s] reading manifest file '../../build/my_robot/my_robot.egg-info/SOURCES.txt'
[0.948s] writing manifest file '../../build/my_robot/my_robot.egg-info/SOURCES.txt'
[0.948s] running build
[0.948s] running build_py
[0.948s] running install
[0.949s] running install_lib
[0.950s] running install_data
[0.951s] running install_egg_info
[0.952s] removing '/home/yahboom/S24_RobotProgramming_eloquent/lab6/roscourse_sim-ws/install/my_robot/lib/python3.8/site-packages/my_robot-0.0.0-py3.8.egg-info' (and everything under it)
[0.952s] Copying ../../build/my_robot/my_robot.egg-info to /home/yahboom/S24_RobotProgramming_eloquent/lab6/roscourse_sim-ws/install/my_robot/lib/python3.8/site-packages/my_robot-0.0.0-py3.8.egg-info
[0.952s] running install_scripts
[0.966s] writing list of installed files to '/home/yahboom/S24_RobotProgramming_eloquent/lab6/roscourse_sim-ws/build/my_robot/install.log'
[0.983s] Invoked command in '/home/yahboom/S24_RobotProgramming_eloquent/lab6/roscourse_sim-ws/src/my_robot' returned '0': PYTHONPATH=/home/yahboom/S24_RobotProgramming_eloquent/lab6/roscourse_sim-ws/build/my_robot/prefix_override:/home/yahboom/S24_RobotProgramming_eloquent/lab6/roscourse_sim-ws/install/my_robot/lib/python3.8/site-packages:${PYTHONPATH} /usr/bin/python3 setup.py egg_info --egg-base ../../build/my_robot build --build-base /home/yahboom/S24_RobotProgramming_eloquent/lab6/roscourse_sim-ws/build/my_robot/build install --record /home/yahboom/S24_RobotProgramming_eloquent/lab6/roscourse_sim-ws/build/my_robot/install.log --install-scripts $base/lib/my_robot --single-version-externally-managed
