[1.403s] Invoking command in '/home/yahboom/S24_RobotProgramming_eloquent/lab3/roscourse_ws/build/python_turtle': PYTHONPATH=/home/yahboom/S24_RobotProgramming_eloquent/lab3/roscourse_ws/build/python_turtle/prefix_override:/home/yahboom/S24_RobotProgramming_eloquent/lab3/roscourse_ws/install/python_turtle/lib/python3.8/site-packages:${PYTHONPATH} /usr/bin/python3 setup.py develop --editable --build-directory /home/yahboom/S24_RobotProgramming_eloquent/lab3/roscourse_ws/build/python_turtle/build --no-deps install_data
[1.651s] running develop
[1.780s] running egg_info
[1.780s] writing python_turtle.egg-info/PKG-INFO
[1.781s] writing dependency_links to python_turtle.egg-info/dependency_links.txt
[1.782s] writing entry points to python_turtle.egg-info/entry_points.txt
[1.782s] writing requirements to python_turtle.egg-info/requires.txt
[1.782s] writing top-level names to python_turtle.egg-info/top_level.txt
[1.826s] reading manifest file 'python_turtle.egg-info/SOURCES.txt'
[1.828s] writing manifest file 'python_turtle.egg-info/SOURCES.txt'
[1.864s] running build_ext
[1.865s] Creating /home/yahboom/S24_RobotProgramming_eloquent/lab3/roscourse_ws/install/python_turtle/lib/python3.8/site-packages/site.py
[1.868s] Creating /home/yahboom/S24_RobotProgramming_eloquent/lab3/roscourse_ws/install/python_turtle/lib/python3.8/site-packages/python-turtle.egg-link (link to .)
[1.868s] Installing service_client script to /home/yahboom/S24_RobotProgramming_eloquent/lab3/roscourse_ws/install/python_turtle/lib/python_turtle
[1.868s] Installing turtlebot_client script to /home/yahboom/S24_RobotProgramming_eloquent/lab3/roscourse_ws/install/python_turtle/lib/python_turtle
[1.869s] Installing turtlebot_server script to /home/yahboom/S24_RobotProgramming_eloquent/lab3/roscourse_ws/install/python_turtle/lib/python_turtle
[1.869s] 
[1.869s] Installed /home/yahboom/S24_RobotProgramming_eloquent/lab3/roscourse_ws/build/python_turtle
[1.869s] running install_data
[1.903s] Invoked command in '/home/yahboom/S24_RobotProgramming_eloquent/lab3/roscourse_ws/build/python_turtle' returned '0': PYTHONPATH=/home/yahboom/S24_RobotProgramming_eloquent/lab3/roscourse_ws/build/python_turtle/prefix_override:/home/yahboom/S24_RobotProgramming_eloquent/lab3/roscourse_ws/install/python_turtle/lib/python3.8/site-packages:${PYTHONPATH} /usr/bin/python3 setup.py develop --editable --build-directory /home/yahboom/S24_RobotProgramming_eloquent/lab3/roscourse_ws/build/python_turtle/build --no-deps install_data
