[1.332s] Invoking command in '/home/yahboom/S24_RobotProgramming_eloquent/roscourse_sim_ws/src/my_robot': PYTHONPATH=/home/yahboom/S24_RobotProgramming_eloquent/roscourse_sim_ws/build/my_robot/prefix_override:/home/yahboom/S24_RobotProgramming_eloquent/roscourse_sim_ws/install/my_robot/lib/python3.8/site-packages:${PYTHONPATH} /usr/bin/python3 setup.py egg_info --egg-base ../../build/my_robot build --build-base /home/yahboom/S24_RobotProgramming_eloquent/roscourse_sim_ws/build/my_robot/build install --record /home/yahboom/S24_RobotProgramming_eloquent/roscourse_sim_ws/build/my_robot/install.log --install-scripts $base/lib/my_robot --single-version-externally-managed
[1.747s] running egg_info
[1.748s] creating ../../build/my_robot/my_robot.egg-info
[1.749s] writing ../../build/my_robot/my_robot.egg-info/PKG-INFO
[1.749s] writing dependency_links to ../../build/my_robot/my_robot.egg-info/dependency_links.txt
[1.749s] writing entry points to ../../build/my_robot/my_robot.egg-info/entry_points.txt
[1.749s] writing requirements to ../../build/my_robot/my_robot.egg-info/requires.txt
[1.749s] writing top-level names to ../../build/my_robot/my_robot.egg-info/top_level.txt
[1.751s] writing manifest file '../../build/my_robot/my_robot.egg-info/SOURCES.txt'
[1.801s] reading manifest file '../../build/my_robot/my_robot.egg-info/SOURCES.txt'
[1.802s] writing manifest file '../../build/my_robot/my_robot.egg-info/SOURCES.txt'
[1.802s] running build
[1.802s] running build_py
[1.803s] creating /home/yahboom/S24_RobotProgramming_eloquent/roscourse_sim_ws/build/my_robot/build
[1.803s] creating /home/yahboom/S24_RobotProgramming_eloquent/roscourse_sim_ws/build/my_robot/build/lib
[1.803s] creating /home/yahboom/S24_RobotProgramming_eloquent/roscourse_sim_ws/build/my_robot/build/lib/my_robot
[1.804s] copying my_robot/__init__.py -> /home/yahboom/S24_RobotProgramming_eloquent/roscourse_sim_ws/build/my_robot/build/lib/my_robot
[1.804s] running install
[1.806s] running install_lib
[1.807s] creating /home/yahboom/S24_RobotProgramming_eloquent/roscourse_sim_ws/install/my_robot/lib/python3.8/site-packages/my_robot
[1.807s] copying /home/yahboom/S24_RobotProgramming_eloquent/roscourse_sim_ws/build/my_robot/build/lib/my_robot/__init__.py -> /home/yahboom/S24_RobotProgramming_eloquent/roscourse_sim_ws/install/my_robot/lib/python3.8/site-packages/my_robot
[1.809s] byte-compiling /home/yahboom/S24_RobotProgramming_eloquent/roscourse_sim_ws/install/my_robot/lib/python3.8/site-packages/my_robot/__init__.py to __init__.cpython-38.pyc
[1.810s] running install_data
[1.811s] creating /home/yahboom/S24_RobotProgramming_eloquent/roscourse_sim_ws/install/my_robot/share/ament_index
[1.812s] creating /home/yahboom/S24_RobotProgramming_eloquent/roscourse_sim_ws/install/my_robot/share/ament_index/resource_index
[1.812s] creating /home/yahboom/S24_RobotProgramming_eloquent/roscourse_sim_ws/install/my_robot/share/ament_index/resource_index/packages
[1.812s] copying resource/my_robot -> /home/yahboom/S24_RobotProgramming_eloquent/roscourse_sim_ws/install/my_robot/share/ament_index/resource_index/packages
[1.813s] copying package.xml -> /home/yahboom/S24_RobotProgramming_eloquent/roscourse_sim_ws/install/my_robot/share/my_robot
[1.813s] copying urdf/my_robot.urdf.xacro -> /home/yahboom/S24_RobotProgramming_eloquent/roscourse_sim_ws/install/my_robot/share/my_robot
[1.814s] copying urdf/my_robot.urdf -> /home/yahboom/S24_RobotProgramming_eloquent/roscourse_sim_ws/install/my_robot/share/my_robot
[1.814s] copying urdf/test.urdf -> /home/yahboom/S24_RobotProgramming_eloquent/roscourse_sim_ws/install/my_robot/share/my_robot
[1.814s] creating /home/yahboom/S24_RobotProgramming_eloquent/roscourse_sim_ws/install/my_robot/share/my_robot/launch
[1.814s] copying launch/my_robot_xacro_rviz.launch.py -> /home/yahboom/S24_RobotProgramming_eloquent/roscourse_sim_ws/install/my_robot/share/my_robot/launch
[1.814s] copying launch/my_robot_rviz.launch.py -> /home/yahboom/S24_RobotProgramming_eloquent/roscourse_sim_ws/install/my_robot/share/my_robot/launch
[1.814s] copying launch/test.launch.py -> /home/yahboom/S24_RobotProgramming_eloquent/roscourse_sim_ws/install/my_robot/share/my_robot/launch
[1.815s] copying rviz/my_robot.rviz -> /home/yahboom/S24_RobotProgramming_eloquent/roscourse_sim_ws/install/my_robot/share/my_robot
[1.815s] running install_egg_info
[1.817s] Copying ../../build/my_robot/my_robot.egg-info to /home/yahboom/S24_RobotProgramming_eloquent/roscourse_sim_ws/install/my_robot/lib/python3.8/site-packages/my_robot-0.0.0-py3.8.egg-info
[1.818s] running install_scripts
[1.842s] writing list of installed files to '/home/yahboom/S24_RobotProgramming_eloquent/roscourse_sim_ws/build/my_robot/install.log'
[1.878s] Invoked command in '/home/yahboom/S24_RobotProgramming_eloquent/roscourse_sim_ws/src/my_robot' returned '0': PYTHONPATH=/home/yahboom/S24_RobotProgramming_eloquent/roscourse_sim_ws/build/my_robot/prefix_override:/home/yahboom/S24_RobotProgramming_eloquent/roscourse_sim_ws/install/my_robot/lib/python3.8/site-packages:${PYTHONPATH} /usr/bin/python3 setup.py egg_info --egg-base ../../build/my_robot build --build-base /home/yahboom/S24_RobotProgramming_eloquent/roscourse_sim_ws/build/my_robot/build install --record /home/yahboom/S24_RobotProgramming_eloquent/roscourse_sim_ws/build/my_robot/install.log --install-scripts $base/lib/my_robot --single-version-externally-managed
