[1.226s] Invoking command in '/home/yahboom/S24_RobotProgramming_eloquent/Lab3/roscourse_ws/build/webcam': PYTHONPATH=/home/yahboom/S24_RobotProgramming_eloquent/Lab3/roscourse_ws/build/webcam/prefix_override:/home/yahboom/S24_RobotProgramming_eloquent/Lab3/roscourse_ws/install/webcam/lib/python3.8/site-packages:${PYTHONPATH} /usr/bin/python3 setup.py develop --uninstall --editable --build-directory /home/yahboom/S24_RobotProgramming_eloquent/Lab3/roscourse_ws/build/webcam/build
[1.565s] running develop
[1.764s] Invoked command in '/home/yahboom/S24_RobotProgramming_eloquent/Lab3/roscourse_ws/build/webcam' returned '0': PYTHONPATH=/home/yahboom/S24_RobotProgramming_eloquent/Lab3/roscourse_ws/build/webcam/prefix_override:/home/yahboom/S24_RobotProgramming_eloquent/Lab3/roscourse_ws/install/webcam/lib/python3.8/site-packages:${PYTHONPATH} /usr/bin/python3 setup.py develop --uninstall --editable --build-directory /home/yahboom/S24_RobotProgramming_eloquent/Lab3/roscourse_ws/build/webcam/build
[1.768s] Invoking command in '/home/yahboom/S24_RobotProgramming_eloquent/Lab3/roscourse_ws/src/webcam': PYTHONPATH=/home/yahboom/S24_RobotProgramming_eloquent/Lab3/roscourse_ws/build/webcam/prefix_override:/home/yahboom/S24_RobotProgramming_eloquent/Lab3/roscourse_ws/install/webcam/lib/python3.8/site-packages:${PYTHONPATH} /usr/bin/python3 setup.py egg_info --egg-base ../../build/webcam build --build-base /home/yahboom/S24_RobotProgramming_eloquent/Lab3/roscourse_ws/build/webcam/build install --record /home/yahboom/S24_RobotProgramming_eloquent/Lab3/roscourse_ws/build/webcam/install.log --install-scripts $base/lib/webcam --single-version-externally-managed
[2.060s] running egg_info
[2.061s] writing ../../build/webcam/webcam.egg-info/PKG-INFO
[2.061s] writing dependency_links to ../../build/webcam/webcam.egg-info/dependency_links.txt
[2.062s] writing entry points to ../../build/webcam/webcam.egg-info/entry_points.txt
[2.063s] writing requirements to ../../build/webcam/webcam.egg-info/requires.txt
[2.063s] writing top-level names to ../../build/webcam/webcam.egg-info/top_level.txt
[2.106s] reading manifest file '../../build/webcam/webcam.egg-info/SOURCES.txt'
[2.107s] writing manifest file '../../build/webcam/webcam.egg-info/SOURCES.txt'
[2.107s] running build
[2.107s] running build_py
[2.107s] running install
[2.109s] running install_lib
[2.111s] running install_data
[2.112s] running install_egg_info
[2.114s] removing '/home/yahboom/S24_RobotProgramming_eloquent/Lab3/roscourse_ws/install/webcam/lib/python3.8/site-packages/webcam-0.0.0-py3.8.egg-info' (and everything under it)
[2.115s] Copying ../../build/webcam/webcam.egg-info to /home/yahboom/S24_RobotProgramming_eloquent/Lab3/roscourse_ws/install/webcam/lib/python3.8/site-packages/webcam-0.0.0-py3.8.egg-info
[2.116s] running install_scripts
[2.139s] Installing webcam_pub script to /home/yahboom/S24_RobotProgramming_eloquent/Lab3/roscourse_ws/install/webcam/lib/webcam
[2.140s] Installing webcam_sub script to /home/yahboom/S24_RobotProgramming_eloquent/Lab3/roscourse_ws/install/webcam/lib/webcam
[2.141s] writing list of installed files to '/home/yahboom/S24_RobotProgramming_eloquent/Lab3/roscourse_ws/build/webcam/install.log'
[2.187s] Invoked command in '/home/yahboom/S24_RobotProgramming_eloquent/Lab3/roscourse_ws/src/webcam' returned '0': PYTHONPATH=/home/yahboom/S24_RobotProgramming_eloquent/Lab3/roscourse_ws/build/webcam/prefix_override:/home/yahboom/S24_RobotProgramming_eloquent/Lab3/roscourse_ws/install/webcam/lib/python3.8/site-packages:${PYTHONPATH} /usr/bin/python3 setup.py egg_info --egg-base ../../build/webcam build --build-base /home/yahboom/S24_RobotProgramming_eloquent/Lab3/roscourse_ws/build/webcam/build install --record /home/yahboom/S24_RobotProgramming_eloquent/Lab3/roscourse_ws/build/webcam/install.log --install-scripts $base/lib/webcam --single-version-externally-managed
