[2.319s] Invoking command in '/home/yahboom/S24_RobotProgramming_Master/S24_RobotProgramming_eloquent/project_ws/src/rosmaster_sim': PYTHONPATH=/home/yahboom/S24_RobotProgramming_Master/S24_RobotProgramming_eloquent/project_ws/build/rosmaster_sim/prefix_override:/home/yahboom/S24_RobotProgramming_Master/S24_RobotProgramming_eloquent/project_ws/install/rosmaster_sim/lib/python3.8/site-packages:${PYTHONPATH} /usr/bin/python3 setup.py egg_info --egg-base ../../build/rosmaster_sim build --build-base /home/yahboom/S24_RobotProgramming_Master/S24_RobotProgramming_eloquent/project_ws/build/rosmaster_sim/build install --record /home/yahboom/S24_RobotProgramming_Master/S24_RobotProgramming_eloquent/project_ws/build/rosmaster_sim/install.log --install-scripts $base/lib/rosmaster_sim --single-version-externally-managed
[2.731s] running egg_info
[2.732s] writing ../../build/rosmaster_sim/rosmaster_sim.egg-info/PKG-INFO
[2.733s] writing dependency_links to ../../build/rosmaster_sim/rosmaster_sim.egg-info/dependency_links.txt
[2.733s] writing entry points to ../../build/rosmaster_sim/rosmaster_sim.egg-info/entry_points.txt
[2.733s] writing requirements to ../../build/rosmaster_sim/rosmaster_sim.egg-info/requires.txt
[2.733s] writing top-level names to ../../build/rosmaster_sim/rosmaster_sim.egg-info/top_level.txt
[2.792s] reading manifest file '../../build/rosmaster_sim/rosmaster_sim.egg-info/SOURCES.txt'
[2.794s] writing manifest file '../../build/rosmaster_sim/rosmaster_sim.egg-info/SOURCES.txt'
[2.795s] running build
[2.795s] running build_py
[2.795s] running install
[2.796s] running install_lib
[2.799s] running install_data
[2.801s] running install_egg_info
[2.804s] removing '/home/yahboom/S24_RobotProgramming_Master/S24_RobotProgramming_eloquent/project_ws/install/rosmaster_sim/lib/python3.8/site-packages/rosmaster_sim-0.0.0-py3.8.egg-info' (and everything under it)
[2.804s] Copying ../../build/rosmaster_sim/rosmaster_sim.egg-info to /home/yahboom/S24_RobotProgramming_Master/S24_RobotProgramming_eloquent/project_ws/install/rosmaster_sim/lib/python3.8/site-packages/rosmaster_sim-0.0.0-py3.8.egg-info
[2.805s] running install_scripts
[2.837s] writing list of installed files to '/home/yahboom/S24_RobotProgramming_Master/S24_RobotProgramming_eloquent/project_ws/build/rosmaster_sim/install.log'
[2.883s] Invoked command in '/home/yahboom/S24_RobotProgramming_Master/S24_RobotProgramming_eloquent/project_ws/src/rosmaster_sim' returned '0': PYTHONPATH=/home/yahboom/S24_RobotProgramming_Master/S24_RobotProgramming_eloquent/project_ws/build/rosmaster_sim/prefix_override:/home/yahboom/S24_RobotProgramming_Master/S24_RobotProgramming_eloquent/project_ws/install/rosmaster_sim/lib/python3.8/site-packages:${PYTHONPATH} /usr/bin/python3 setup.py egg_info --egg-base ../../build/rosmaster_sim build --build-base /home/yahboom/S24_RobotProgramming_Master/S24_RobotProgramming_eloquent/project_ws/build/rosmaster_sim/build install --record /home/yahboom/S24_RobotProgramming_Master/S24_RobotProgramming_eloquent/project_ws/build/rosmaster_sim/install.log --install-scripts $base/lib/rosmaster_sim --single-version-externally-managed
