[1.506s] Invoking command in '/home/yahboom/S24_RobotProgramming_Master/S24_RobotProgramming_eloquent/project_ws/src/draw_shape': PYTHONPATH=/home/yahboom/S24_RobotProgramming_Master/S24_RobotProgramming_eloquent/project_ws/build/draw_shape/prefix_override:/home/yahboom/S24_RobotProgramming_Master/S24_RobotProgramming_eloquent/project_ws/install/draw_shape/lib/python3.8/site-packages:${PYTHONPATH} /usr/bin/python3 setup.py egg_info --egg-base ../../build/draw_shape build --build-base /home/yahboom/S24_RobotProgramming_Master/S24_RobotProgramming_eloquent/project_ws/build/draw_shape/build install --record /home/yahboom/S24_RobotProgramming_Master/S24_RobotProgramming_eloquent/project_ws/build/draw_shape/install.log --install-scripts $base/lib/draw_shape --single-version-externally-managed
[1.818s] running egg_info
[1.818s] creating ../../build/draw_shape/draw_shape.egg-info
[1.819s] writing ../../build/draw_shape/draw_shape.egg-info/PKG-INFO
[1.819s] writing dependency_links to ../../build/draw_shape/draw_shape.egg-info/dependency_links.txt
[1.820s] writing entry points to ../../build/draw_shape/draw_shape.egg-info/entry_points.txt
[1.820s] writing requirements to ../../build/draw_shape/draw_shape.egg-info/requires.txt
[1.820s] writing top-level names to ../../build/draw_shape/draw_shape.egg-info/top_level.txt
[1.821s] writing manifest file '../../build/draw_shape/draw_shape.egg-info/SOURCES.txt'
[1.857s] reading manifest file '../../build/draw_shape/draw_shape.egg-info/SOURCES.txt'
[1.859s] writing manifest file '../../build/draw_shape/draw_shape.egg-info/SOURCES.txt'
[1.859s] running build
[1.859s] running build_py
[1.860s] creating /home/yahboom/S24_RobotProgramming_Master/S24_RobotProgramming_eloquent/project_ws/build/draw_shape/build
[1.860s] creating /home/yahboom/S24_RobotProgramming_Master/S24_RobotProgramming_eloquent/project_ws/build/draw_shape/build/lib
[1.860s] creating /home/yahboom/S24_RobotProgramming_Master/S24_RobotProgramming_eloquent/project_ws/build/draw_shape/build/lib/draw_shape
[1.860s] copying draw_shape/__init__.py -> /home/yahboom/S24_RobotProgramming_Master/S24_RobotProgramming_eloquent/project_ws/build/draw_shape/build/lib/draw_shape
[1.860s] running install
[1.864s] running install_lib
[1.864s] creating /home/yahboom/S24_RobotProgramming_Master/S24_RobotProgramming_eloquent/project_ws/install/draw_shape/lib/python3.8/site-packages/draw_shape
[1.865s] copying /home/yahboom/S24_RobotProgramming_Master/S24_RobotProgramming_eloquent/project_ws/build/draw_shape/build/lib/draw_shape/__init__.py -> /home/yahboom/S24_RobotProgramming_Master/S24_RobotProgramming_eloquent/project_ws/install/draw_shape/lib/python3.8/site-packages/draw_shape
[1.865s] byte-compiling /home/yahboom/S24_RobotProgramming_Master/S24_RobotProgramming_eloquent/project_ws/install/draw_shape/lib/python3.8/site-packages/draw_shape/__init__.py to __init__.cpython-38.pyc
[1.865s] running install_data
[1.865s] creating /home/yahboom/S24_RobotProgramming_Master/S24_RobotProgramming_eloquent/project_ws/install/draw_shape/share/ament_index
[1.865s] creating /home/yahboom/S24_RobotProgramming_Master/S24_RobotProgramming_eloquent/project_ws/install/draw_shape/share/ament_index/resource_index
[1.865s] creating /home/yahboom/S24_RobotProgramming_Master/S24_RobotProgramming_eloquent/project_ws/install/draw_shape/share/ament_index/resource_index/packages
[1.865s] copying resource/draw_shape -> /home/yahboom/S24_RobotProgramming_Master/S24_RobotProgramming_eloquent/project_ws/install/draw_shape/share/ament_index/resource_index/packages
[1.865s] copying package.xml -> /home/yahboom/S24_RobotProgramming_Master/S24_RobotProgramming_eloquent/project_ws/install/draw_shape/share/draw_shape
[1.865s] running install_egg_info
[1.867s] Copying ../../build/draw_shape/draw_shape.egg-info to /home/yahboom/S24_RobotProgramming_Master/S24_RobotProgramming_eloquent/project_ws/install/draw_shape/lib/python3.8/site-packages/draw_shape-0.0.0-py3.8.egg-info
[1.868s] running install_scripts
[1.891s] writing list of installed files to '/home/yahboom/S24_RobotProgramming_Master/S24_RobotProgramming_eloquent/project_ws/build/draw_shape/install.log'
[1.947s] Invoked command in '/home/yahboom/S24_RobotProgramming_Master/S24_RobotProgramming_eloquent/project_ws/src/draw_shape' returned '0': PYTHONPATH=/home/yahboom/S24_RobotProgramming_Master/S24_RobotProgramming_eloquent/project_ws/build/draw_shape/prefix_override:/home/yahboom/S24_RobotProgramming_Master/S24_RobotProgramming_eloquent/project_ws/install/draw_shape/lib/python3.8/site-packages:${PYTHONPATH} /usr/bin/python3 setup.py egg_info --egg-base ../../build/draw_shape build --build-base /home/yahboom/S24_RobotProgramming_Master/S24_RobotProgramming_eloquent/project_ws/build/draw_shape/build install --record /home/yahboom/S24_RobotProgramming_Master/S24_RobotProgramming_eloquent/project_ws/build/draw_shape/install.log --install-scripts $base/lib/draw_shape --single-version-externally-managed
