[0.720s] Invoking command in '/home/yahboom/S24_RobotProgramming_eloquent/Lab3/roscourse_ws/build/webcam': PYTHONPATH=/home/yahboom/S24_RobotProgramming_eloquent/Lab3/roscourse_ws/build/webcam/prefix_override:/home/yahboom/S24_RobotProgramming_eloquent/Lab3/roscourse_ws/install/webcam/lib/python3.8/site-packages:${PYTHONPATH} /usr/bin/python3 setup.py develop --uninstall --editable --build-directory /home/yahboom/S24_RobotProgramming_eloquent/Lab3/roscourse_ws/build/webcam/build
[0.941s] running develop
[1.083s] Invoked command in '/home/yahboom/S24_RobotProgramming_eloquent/Lab3/roscourse_ws/build/webcam' returned '0': PYTHONPATH=/home/yahboom/S24_RobotProgramming_eloquent/Lab3/roscourse_ws/build/webcam/prefix_override:/home/yahboom/S24_RobotProgramming_eloquent/Lab3/roscourse_ws/install/webcam/lib/python3.8/site-packages:${PYTHONPATH} /usr/bin/python3 setup.py develop --uninstall --editable --build-directory /home/yahboom/S24_RobotProgramming_eloquent/Lab3/roscourse_ws/build/webcam/build
[1.086s] Invoking command in '/home/yahboom/S24_RobotProgramming_eloquent/Lab3/roscourse_ws/src/webcam': PYTHONPATH=/home/yahboom/S24_RobotProgramming_eloquent/Lab3/roscourse_ws/build/webcam/prefix_override:/home/yahboom/S24_RobotProgramming_eloquent/Lab3/roscourse_ws/install/webcam/lib/python3.8/site-packages:${PYTHONPATH} /usr/bin/python3 setup.py egg_info --egg-base ../../build/webcam build --build-base /home/yahboom/S24_RobotProgramming_eloquent/Lab3/roscourse_ws/build/webcam/build install --record /home/yahboom/S24_RobotProgramming_eloquent/Lab3/roscourse_ws/build/webcam/install.log --install-scripts $base/lib/webcam --single-version-externally-managed
[1.293s] running egg_info
[1.293s] writing ../../build/webcam/webcam.egg-info/PKG-INFO
[1.294s] writing dependency_links to ../../build/webcam/webcam.egg-info/dependency_links.txt
[1.294s] writing entry points to ../../build/webcam/webcam.egg-info/entry_points.txt
[1.294s] writing requirements to ../../build/webcam/webcam.egg-info/requires.txt
[1.294s] writing top-level names to ../../build/webcam/webcam.egg-info/top_level.txt
[1.327s] reading manifest file '../../build/webcam/webcam.egg-info/SOURCES.txt'
[1.327s] writing manifest file '../../build/webcam/webcam.egg-info/SOURCES.txt'
[1.328s] running build
[1.328s] running build_py
[1.328s] running install
[1.329s] running install_lib
[1.330s] running install_data
[1.331s] running install_egg_info
[1.332s] removing '/home/yahboom/S24_RobotProgramming_eloquent/Lab3/roscourse_ws/install/webcam/lib/python3.8/site-packages/webcam-0.0.0-py3.8.egg-info' (and everything under it)
[1.333s] Copying ../../build/webcam/webcam.egg-info to /home/yahboom/S24_RobotProgramming_eloquent/Lab3/roscourse_ws/install/webcam/lib/python3.8/site-packages/webcam-0.0.0-py3.8.egg-info
[1.333s] running install_scripts
[1.351s] Installing webcam_pub script to /home/yahboom/S24_RobotProgramming_eloquent/Lab3/roscourse_ws/install/webcam/lib/webcam
[1.351s] Installing webcam_sub script to /home/yahboom/S24_RobotProgramming_eloquent/Lab3/roscourse_ws/install/webcam/lib/webcam
[1.351s] writing list of installed files to '/home/yahboom/S24_RobotProgramming_eloquent/Lab3/roscourse_ws/build/webcam/install.log'
[1.381s] Invoked command in '/home/yahboom/S24_RobotProgramming_eloquent/Lab3/roscourse_ws/src/webcam' returned '0': PYTHONPATH=/home/yahboom/S24_RobotProgramming_eloquent/Lab3/roscourse_ws/build/webcam/prefix_override:/home/yahboom/S24_RobotProgramming_eloquent/Lab3/roscourse_ws/install/webcam/lib/python3.8/site-packages:${PYTHONPATH} /usr/bin/python3 setup.py egg_info --egg-base ../../build/webcam build --build-base /home/yahboom/S24_RobotProgramming_eloquent/Lab3/roscourse_ws/build/webcam/build install --record /home/yahboom/S24_RobotProgramming_eloquent/Lab3/roscourse_ws/build/webcam/install.log --install-scripts $base/lib/webcam --single-version-externally-managed
