[0.876s] Invoking command in '/home/yahboom/S24_RobotProgramming_Master/S24_RobotProgramming_eloquent/project_ws/src/rosmaster_sim': PYTHONPATH=/home/yahboom/S24_RobotProgramming_Master/S24_RobotProgramming_eloquent/project_ws/build/rosmaster_sim/prefix_override:/home/yahboom/S24_RobotProgramming_Master/S24_RobotProgramming_eloquent/project_ws/install/rosmaster_sim/lib/python3.8/site-packages:${PYTHONPATH} /usr/bin/python3 setup.py egg_info --egg-base ../../build/rosmaster_sim build --build-base /home/yahboom/S24_RobotProgramming_Master/S24_RobotProgramming_eloquent/project_ws/build/rosmaster_sim/build install --record /home/yahboom/S24_RobotProgramming_Master/S24_RobotProgramming_eloquent/project_ws/build/rosmaster_sim/install.log --install-scripts $base/lib/rosmaster_sim --single-version-externally-managed
[1.141s] running egg_info
[1.141s] creating ../../build/rosmaster_sim/rosmaster_sim.egg-info
[1.141s] writing ../../build/rosmaster_sim/rosmaster_sim.egg-info/PKG-INFO
[1.142s] writing dependency_links to ../../build/rosmaster_sim/rosmaster_sim.egg-info/dependency_links.txt
[1.142s] writing entry points to ../../build/rosmaster_sim/rosmaster_sim.egg-info/entry_points.txt
[1.142s] writing requirements to ../../build/rosmaster_sim/rosmaster_sim.egg-info/requires.txt
[1.142s] writing top-level names to ../../build/rosmaster_sim/rosmaster_sim.egg-info/top_level.txt
[1.144s] writing manifest file '../../build/rosmaster_sim/rosmaster_sim.egg-info/SOURCES.txt'
[1.177s] reading manifest file '../../build/rosmaster_sim/rosmaster_sim.egg-info/SOURCES.txt'
[1.179s] writing manifest file '../../build/rosmaster_sim/rosmaster_sim.egg-info/SOURCES.txt'
[1.179s] running build
[1.179s] running build_py
[1.179s] creating /home/yahboom/S24_RobotProgramming_Master/S24_RobotProgramming_eloquent/project_ws/build/rosmaster_sim/build
[1.180s] creating /home/yahboom/S24_RobotProgramming_Master/S24_RobotProgramming_eloquent/project_ws/build/rosmaster_sim/build/lib
[1.180s] creating /home/yahboom/S24_RobotProgramming_Master/S24_RobotProgramming_eloquent/project_ws/build/rosmaster_sim/build/lib/rosmaster_sim
[1.180s] copying rosmaster_sim/__init__.py -> /home/yahboom/S24_RobotProgramming_Master/S24_RobotProgramming_eloquent/project_ws/build/rosmaster_sim/build/lib/rosmaster_sim
[1.180s] running install
[1.180s] running install_lib
[1.182s] running install_data
[1.183s] running install_egg_info
[1.185s] removing '/home/yahboom/S24_RobotProgramming_Master/S24_RobotProgramming_eloquent/project_ws/install/rosmaster_sim/lib/python3.8/site-packages/rosmaster_sim-0.0.0-py3.8.egg-info' (and everything under it)
[1.185s] Copying ../../build/rosmaster_sim/rosmaster_sim.egg-info to /home/yahboom/S24_RobotProgramming_Master/S24_RobotProgramming_eloquent/project_ws/install/rosmaster_sim/lib/python3.8/site-packages/rosmaster_sim-0.0.0-py3.8.egg-info
[1.186s] running install_scripts
[1.211s] writing list of installed files to '/home/yahboom/S24_RobotProgramming_Master/S24_RobotProgramming_eloquent/project_ws/build/rosmaster_sim/install.log'
[1.238s] Invoked command in '/home/yahboom/S24_RobotProgramming_Master/S24_RobotProgramming_eloquent/project_ws/src/rosmaster_sim' returned '0': PYTHONPATH=/home/yahboom/S24_RobotProgramming_Master/S24_RobotProgramming_eloquent/project_ws/build/rosmaster_sim/prefix_override:/home/yahboom/S24_RobotProgramming_Master/S24_RobotProgramming_eloquent/project_ws/install/rosmaster_sim/lib/python3.8/site-packages:${PYTHONPATH} /usr/bin/python3 setup.py egg_info --egg-base ../../build/rosmaster_sim build --build-base /home/yahboom/S24_RobotProgramming_Master/S24_RobotProgramming_eloquent/project_ws/build/rosmaster_sim/build install --record /home/yahboom/S24_RobotProgramming_Master/S24_RobotProgramming_eloquent/project_ws/build/rosmaster_sim/install.log --install-scripts $base/lib/rosmaster_sim --single-version-externally-managed
