[0.074s] Invoking command in '/home/yahboom/roscourse_ws/build/turtle_interfaces': CMAKE_PREFIX_PATH=${CMAKE_PREFIX_PATH}:/home/yahboom/yahboomcar_ros2_ws/yahboomcar_ws/install/yahboomcar_voice_ctrl:/home/yahboom/yahboomcar_ros2_ws/yahboomcar_ws/install/yahboomcar_visual:/home/yahboom/yahboomcar_ros2_ws/yahboomcar_ws/install/yahboomcar_rviz:/home/yahboom/yahboomcar_ros2_ws/yahboomcar_ws/install/yahboomcar_nav:/home/yahboom/yahboomcar_ros2_ws/yahboomcar_ws/install/yahboomcar_multi:/home/yahboom/yahboomcar_ros2_ws/yahboomcar_ws/install/yahboomcar_mediapipe:/home/yahboom/yahboomcar_ros2_ws/yahboomcar_ws/install/yahboomcar_linefollow:/home/yahboom/yahboomcar_ros2_ws/yahboomcar_ws/install/yahboomcar_laser:/home/yahboom/yahboomcar_ros2_ws/yahboomcar_ws/install/yahboomcar_description_x1:/home/yahboom/yahboomcar_ros2_ws/yahboomcar_ws/install/yahboomcar_description:/home/yahboom/yahboomcar_ros2_ws/yahboomcar_ws/install/yahboomcar_ctrl:/home/yahboom/yahboomcar_ros2_ws/yahboomcar_ws/install/yahboomcar_bringup:/home/yahboom/yahboomcar_ros2_ws/yahboomcar_ws/install/yahboomcar_astra:/home/yahboom/yahboomcar_ros2_ws/yahboomcar_ws/install/robot_pose_publisher:/home/yahboom/yahboomcar_ros2_ws/yahboomcar_ws/install/laserscan_to_point_pulisher:/opt/ros/foxy /usr/bin/cmake --build /home/yahboom/roscourse_ws/build/turtle_interfaces -- -j4 -l4
[0.233s] [  2%] Built target turtle_interfaces__cpp
[0.373s] [ 12%] Built target turtle_interfaces__rosidl_generator_c
[0.374s] [ 23%] Built target turtle_interfaces__rosidl_typesupport_introspection_cpp
[0.464s] [ 34%] Built target turtle_interfaces__rosidl_typesupport_fastrtps_cpp
[0.471s] [ 44%] Built target turtle_interfaces__rosidl_typesupport_cpp
[0.513s] [ 55%] Built target turtle_interfaces__rosidl_typesupport_c
[0.526s] [ 65%] Built target turtle_interfaces__rosidl_typesupport_introspection_c
[0.606s] [ 76%] Built target turtle_interfaces__rosidl_typesupport_fastrtps_c
[0.679s] [ 76%] Built target turtle_interfaces
[0.736s] [ 78%] Built target turtle_interfaces__py
[0.813s] [ 87%] Built target turtle_interfaces__python
[0.886s] [ 91%] Built target turtle_interfaces__rosidl_typesupport_c__pyext
[0.888s] [ 95%] Built target turtle_interfaces__rosidl_typesupport_introspection_c__pyext
[0.910s] [100%] Built target turtle_interfaces__rosidl_typesupport_fastrtps_c__pyext
[0.995s] Invoked command in '/home/yahboom/roscourse_ws/build/turtle_interfaces' returned '0': CMAKE_PREFIX_PATH=${CMAKE_PREFIX_PATH}:/home/yahboom/yahboomcar_ros2_ws/yahboomcar_ws/install/yahboomcar_voice_ctrl:/home/yahboom/yahboomcar_ros2_ws/yahboomcar_ws/install/yahboomcar_visual:/home/yahboom/yahboomcar_ros2_ws/yahboomcar_ws/install/yahboomcar_rviz:/home/yahboom/yahboomcar_ros2_ws/yahboomcar_ws/install/yahboomcar_nav:/home/yahboom/yahboomcar_ros2_ws/yahboomcar_ws/install/yahboomcar_multi:/home/yahboom/yahboomcar_ros2_ws/yahboomcar_ws/install/yahboomcar_mediapipe:/home/yahboom/yahboomcar_ros2_ws/yahboomcar_ws/install/yahboomcar_linefollow:/home/yahboom/yahboomcar_ros2_ws/yahboomcar_ws/install/yahboomcar_laser:/home/yahboom/yahboomcar_ros2_ws/yahboomcar_ws/install/yahboomcar_description_x1:/home/yahboom/yahboomcar_ros2_ws/yahboomcar_ws/install/yahboomcar_description:/home/yahboom/yahboomcar_ros2_ws/yahboomcar_ws/install/yahboomcar_ctrl:/home/yahboom/yahboomcar_ros2_ws/yahboomcar_ws/install/yahboomcar_bringup:/home/yahboom/yahboomcar_ros2_ws/yahboomcar_ws/install/yahboomcar_astra:/home/yahboom/yahboomcar_ros2_ws/yahboomcar_ws/install/robot_pose_publisher:/home/yahboom/yahboomcar_ros2_ws/yahboomcar_ws/install/laserscan_to_point_pulisher:/opt/ros/foxy /usr/bin/cmake --build /home/yahboom/roscourse_ws/build/turtle_interfaces -- -j4 -l4
[1.274s] Invoking command in '/home/yahboom/roscourse_ws/build/turtle_interfaces': CMAKE_PREFIX_PATH=${CMAKE_PREFIX_PATH}:/home/yahboom/yahboomcar_ros2_ws/yahboomcar_ws/install/yahboomcar_voice_ctrl:/home/yahboom/yahboomcar_ros2_ws/yahboomcar_ws/install/yahboomcar_visual:/home/yahboom/yahboomcar_ros2_ws/yahboomcar_ws/install/yahboomcar_rviz:/home/yahboom/yahboomcar_ros2_ws/yahboomcar_ws/install/yahboomcar_nav:/home/yahboom/yahboomcar_ros2_ws/yahboomcar_ws/install/yahboomcar_multi:/home/yahboom/yahboomcar_ros2_ws/yahboomcar_ws/install/yahboomcar_mediapipe:/home/yahboom/yahboomcar_ros2_ws/yahboomcar_ws/install/yahboomcar_linefollow:/home/yahboom/yahboomcar_ros2_ws/yahboomcar_ws/install/yahboomcar_laser:/home/yahboom/yahboomcar_ros2_ws/yahboomcar_ws/install/yahboomcar_description_x1:/home/yahboom/yahboomcar_ros2_ws/yahboomcar_ws/install/yahboomcar_description:/home/yahboom/yahboomcar_ros2_ws/yahboomcar_ws/install/yahboomcar_ctrl:/home/yahboom/yahboomcar_ros2_ws/yahboomcar_ws/install/yahboomcar_bringup:/home/yahboom/yahboomcar_ros2_ws/yahboomcar_ws/install/yahboomcar_astra:/home/yahboom/yahboomcar_ros2_ws/yahboomcar_ws/install/robot_pose_publisher:/home/yahboom/yahboomcar_ros2_ws/yahboomcar_ws/install/laserscan_to_point_pulisher:/opt/ros/foxy /usr/bin/cmake --install /home/yahboom/roscourse_ws/build/turtle_interfaces
[1.294s] -- Install configuration: ""
[1.294s] -- Execute custom install script
[1.296s] -- Up-to-date symlink: /home/yahboom/roscourse_ws/install/turtle_interfaces/share/ament_index/resource_index/rosidl_interfaces/turtle_interfaces
[1.299s] -- Up-to-date symlink: /home/yahboom/roscourse_ws/install/turtle_interfaces/include/turtle_interfaces/msg/detail/turtle_msg__functions.h
[1.301s] -- Up-to-date symlink: /home/yahboom/roscourse_ws/install/turtle_interfaces/include/turtle_interfaces/msg/detail/turtle_msg__struct.h
[1.302s] -- Up-to-date symlink: /home/yahboom/roscourse_ws/install/turtle_interfaces/include/turtle_interfaces/msg/detail/turtle_msg__type_support.h
[1.302s] -- Up-to-date symlink: /home/yahboom/roscourse_ws/install/turtle_interfaces/include/turtle_interfaces/msg/rosidl_generator_c__visibility_control.h
[1.302s] -- Up-to-date symlink: /home/yahboom/roscourse_ws/install/turtle_interfaces/include/turtle_interfaces/msg/turtle_msg.h
[1.302s] -- Up-to-date symlink: /home/yahboom/roscourse_ws/install/turtle_interfaces/include/turtle_interfaces/srv/detail/set_color__functions.h
[1.307s] -- Up-to-date symlink: /home/yahboom/roscourse_ws/install/turtle_interfaces/include/turtle_interfaces/srv/detail/set_color__struct.h
[1.307s] -- Up-to-date symlink: /home/yahboom/roscourse_ws/install/turtle_interfaces/include/turtle_interfaces/srv/detail/set_color__type_support.h
[1.308s] -- Up-to-date symlink: /home/yahboom/roscourse_ws/install/turtle_interfaces/include/turtle_interfaces/srv/detail/set_pose__functions.h
[1.308s] -- Up-to-date symlink: /home/yahboom/roscourse_ws/install/turtle_interfaces/include/turtle_interfaces/srv/detail/set_pose__struct.h
[1.308s] -- Up-to-date symlink: /home/yahboom/roscourse_ws/install/turtle_interfaces/include/turtle_interfaces/srv/detail/set_pose__type_support.h
[1.308s] -- Up-to-date symlink: /home/yahboom/roscourse_ws/install/turtle_interfaces/include/turtle_interfaces/srv/set_color.h
[1.308s] -- Up-to-date symlink: /home/yahboom/roscourse_ws/install/turtle_interfaces/include/turtle_interfaces/srv/set_pose.h
[1.309s] -- Up-to-date symlink: /home/yahboom/roscourse_ws/install/turtle_interfaces/share/turtle_interfaces/environment/library_path.sh
[1.309s] -- Up-to-date symlink: /home/yahboom/roscourse_ws/install/turtle_interfaces/share/turtle_interfaces/environment/library_path.dsv
[1.309s] -- Up-to-date symlink: /home/yahboom/roscourse_ws/install/turtle_interfaces/include/turtle_interfaces/msg/detail/turtle_msg__rosidl_typesupport_fastrtps_c.h
[1.309s] -- Up-to-date symlink: /home/yahboom/roscourse_ws/install/turtle_interfaces/include/turtle_interfaces/msg/rosidl_typesupport_fastrtps_c__visibility_control.h
[1.309s] -- Up-to-date symlink: /home/yahboom/roscourse_ws/install/turtle_interfaces/include/turtle_interfaces/srv/detail/set_color__rosidl_typesupport_fastrtps_c.h
[1.309s] -- Up-to-date symlink: /home/yahboom/roscourse_ws/install/turtle_interfaces/include/turtle_interfaces/srv/detail/set_pose__rosidl_typesupport_fastrtps_c.h
[1.309s] -- Up-to-date symlink: /home/yahboom/roscourse_ws/install/turtle_interfaces/lib/libturtle_interfaces__rosidl_typesupport_fastrtps_c.so
[1.311s] -- Up-to-date symlink: /home/yahboom/roscourse_ws/install/turtle_interfaces/include/turtle_interfaces/msg/detail/turtle_msg__rosidl_typesupport_fastrtps_cpp.hpp
[1.311s] -- Up-to-date symlink: /home/yahboom/roscourse_ws/install/turtle_interfaces/include/turtle_interfaces/msg/rosidl_typesupport_fastrtps_cpp__visibility_control.h
[1.312s] -- Up-to-date symlink: /home/yahboom/roscourse_ws/install/turtle_interfaces/include/turtle_interfaces/srv/detail/set_color__rosidl_typesupport_fastrtps_cpp.hpp
[1.313s] -- Up-to-date symlink: /home/yahboom/roscourse_ws/install/turtle_interfaces/include/turtle_interfaces/srv/detail/set_pose__rosidl_typesupport_fastrtps_cpp.hpp
[1.315s] -- Up-to-date symlink: /home/yahboom/roscourse_ws/install/turtle_interfaces/lib/libturtle_interfaces__rosidl_typesupport_fastrtps_cpp.so
[1.317s] -- Up-to-date symlink: /home/yahboom/roscourse_ws/install/turtle_interfaces/include/turtle_interfaces/msg/detail/turtle_msg__rosidl_typesupport_introspection_c.h
[1.318s] -- Up-to-date symlink: /home/yahboom/roscourse_ws/install/turtle_interfaces/include/turtle_interfaces/msg/rosidl_typesupport_introspection_c__visibility_control.h
[1.318s] -- Up-to-date symlink: /home/yahboom/roscourse_ws/install/turtle_interfaces/include/turtle_interfaces/srv/detail/set_color__rosidl_typesupport_introspection_c.h
[1.319s] -- Up-to-date symlink: /home/yahboom/roscourse_ws/install/turtle_interfaces/include/turtle_interfaces/srv/detail/set_pose__rosidl_typesupport_introspection_c.h
[1.321s] -- Up-to-date symlink: /home/yahboom/roscourse_ws/install/turtle_interfaces/include/turtle_interfaces/msg/detail/turtle_msg__builder.hpp
[1.321s] -- Up-to-date symlink: /home/yahboom/roscourse_ws/install/turtle_interfaces/include/turtle_interfaces/msg/detail/turtle_msg__struct.hpp
[1.322s] -- Up-to-date symlink: /home/yahboom/roscourse_ws/install/turtle_interfaces/include/turtle_interfaces/msg/detail/turtle_msg__traits.hpp
[1.322s] -- Up-to-date symlink: /home/yahboom/roscourse_ws/install/turtle_interfaces/include/turtle_interfaces/msg/turtle_msg.hpp
[1.323s] -- Up-to-date symlink: /home/yahboom/roscourse_ws/install/turtle_interfaces/include/turtle_interfaces/srv/detail/set_color__builder.hpp
[1.324s] -- Up-to-date symlink: /home/yahboom/roscourse_ws/install/turtle_interfaces/include/turtle_interfaces/srv/detail/set_color__struct.hpp
[1.324s] -- Up-to-date symlink: /home/yahboom/roscourse_ws/install/turtle_interfaces/include/turtle_interfaces/srv/detail/set_color__traits.hpp
[1.325s] -- Up-to-date symlink: /home/yahboom/roscourse_ws/install/turtle_interfaces/include/turtle_interfaces/srv/detail/set_pose__builder.hpp
[1.325s] -- Up-to-date symlink: /home/yahboom/roscourse_ws/install/turtle_interfaces/include/turtle_interfaces/srv/detail/set_pose__struct.hpp
[1.325s] -- Up-to-date symlink: /home/yahboom/roscourse_ws/install/turtle_interfaces/include/turtle_interfaces/srv/detail/set_pose__traits.hpp
[1.326s] -- Up-to-date symlink: /home/yahboom/roscourse_ws/install/turtle_interfaces/include/turtle_interfaces/srv/set_color.hpp
[1.326s] -- Up-to-date symlink: /home/yahboom/roscourse_ws/install/turtle_interfaces/include/turtle_interfaces/srv/set_pose.hpp
[1.328s] -- Up-to-date symlink: /home/yahboom/roscourse_ws/install/turtle_interfaces/include/turtle_interfaces/msg/detail/turtle_msg__rosidl_typesupport_introspection_cpp.hpp
[1.329s] -- Up-to-date symlink: /home/yahboom/roscourse_ws/install/turtle_interfaces/include/turtle_interfaces/srv/detail/set_color__rosidl_typesupport_introspection_cpp.hpp
[1.330s] -- Up-to-date symlink: /home/yahboom/roscourse_ws/install/turtle_interfaces/include/turtle_interfaces/srv/detail/set_pose__rosidl_typesupport_introspection_cpp.hpp
[1.331s] -- Up-to-date symlink: /home/yahboom/roscourse_ws/install/turtle_interfaces/share/turtle_interfaces/environment/pythonpath.sh
[1.332s] -- Up-to-date symlink: /home/yahboom/roscourse_ws/install/turtle_interfaces/share/turtle_interfaces/environment/pythonpath.dsv
[1.333s] -- Up-to-date symlink: /home/yahboom/roscourse_ws/install/turtle_interfaces/lib/python3.8/site-packages/turtle_interfaces/__init__.py
[1.334s] -- Up-to-date symlink: /home/yahboom/roscourse_ws/install/turtle_interfaces/lib/python3.8/site-packages/turtle_interfaces/msg/__init__.py
[1.335s] -- Up-to-date symlink: /home/yahboom/roscourse_ws/install/turtle_interfaces/lib/python3.8/site-packages/turtle_interfaces/msg/_turtle_msg.py
[1.336s] -- Up-to-date symlink: /home/yahboom/roscourse_ws/install/turtle_interfaces/lib/python3.8/site-packages/turtle_interfaces/srv/__init__.py
[1.336s] -- Up-to-date symlink: /home/yahboom/roscourse_ws/install/turtle_interfaces/lib/python3.8/site-packages/turtle_interfaces/srv/_set_color.py
[1.337s] -- Up-to-date symlink: /home/yahboom/roscourse_ws/install/turtle_interfaces/lib/python3.8/site-packages/turtle_interfaces/srv/_set_pose.py
[1.338s] -- Up-to-date symlink: /home/yahboom/roscourse_ws/install/turtle_interfaces/lib/python3.8/site-packages/turtle_interfaces/turtle_interfaces_s__rosidl_typesupport_fastrtps_c.cpython-38-x86_64-linux-gnu.so
[1.339s] -- Up-to-date symlink: /home/yahboom/roscourse_ws/install/turtle_interfaces/lib/python3.8/site-packages/turtle_interfaces/turtle_interfaces_s__rosidl_typesupport_introspection_c.cpython-38-x86_64-linux-gnu.so
[1.340s] -- Up-to-date symlink: /home/yahboom/roscourse_ws/install/turtle_interfaces/lib/python3.8/site-packages/turtle_interfaces/turtle_interfaces_s__rosidl_typesupport_c.cpython-38-x86_64-linux-gnu.so
[1.341s] -- Up-to-date symlink: /home/yahboom/roscourse_ws/install/turtle_interfaces/lib/libturtle_interfaces__python.so
[1.342s] -- Up-to-date symlink: /home/yahboom/roscourse_ws/install/turtle_interfaces/share/turtle_interfaces/msg/TurtleMsg.idl
[1.343s] -- Up-to-date symlink: /home/yahboom/roscourse_ws/install/turtle_interfaces/share/turtle_interfaces/srv/SetPose.idl
[1.344s] -- Up-to-date symlink: /home/yahboom/roscourse_ws/install/turtle_interfaces/share/turtle_interfaces/srv/SetColor.idl
[1.344s] -- Up-to-date symlink: /home/yahboom/roscourse_ws/install/turtle_interfaces/share/turtle_interfaces/msg/TurtleMsg.msg
[1.345s] -- Up-to-date symlink: /home/yahboom/roscourse_ws/install/turtle_interfaces/share/turtle_interfaces/srv/SetPose.srv
[1.346s] -- Up-to-date symlink: /home/yahboom/roscourse_ws/install/turtle_interfaces/share/turtle_interfaces/srv/SetPose_Request.msg
[1.346s] -- Up-to-date symlink: /home/yahboom/roscourse_ws/install/turtle_interfaces/share/turtle_interfaces/srv/SetPose_Response.msg
[1.347s] -- Up-to-date symlink: /home/yahboom/roscourse_ws/install/turtle_interfaces/share/turtle_interfaces/srv/SetColor.srv
[1.349s] -- Up-to-date symlink: /home/yahboom/roscourse_ws/install/turtle_interfaces/share/turtle_interfaces/srv/SetColor_Request.msg
[1.349s] -- Up-to-date symlink: /home/yahboom/roscourse_ws/install/turtle_interfaces/share/turtle_interfaces/srv/SetColor_Response.msg
[1.350s] -- Up-to-date symlink: /home/yahboom/roscourse_ws/install/turtle_interfaces/share/ament_index/resource_index/package_run_dependencies/turtle_interfaces
[1.351s] -- Up-to-date symlink: /home/yahboom/roscourse_ws/install/turtle_interfaces/share/ament_index/resource_index/parent_prefix_path/turtle_interfaces
[1.363s] -- Up-to-date symlink: /home/yahboom/roscourse_ws/install/turtle_interfaces/share/turtle_interfaces/environment/ament_prefix_path.sh
[1.365s] -- Up-to-date symlink: /home/yahboom/roscourse_ws/install/turtle_interfaces/share/turtle_interfaces/environment/ament_prefix_path.dsv
[1.366s] -- Up-to-date symlink: /home/yahboom/roscourse_ws/install/turtle_interfaces/share/turtle_interfaces/environment/path.sh
[1.367s] -- Up-to-date symlink: /home/yahboom/roscourse_ws/install/turtle_interfaces/share/turtle_interfaces/environment/path.dsv
[1.367s] -- Up-to-date symlink: /home/yahboom/roscourse_ws/install/turtle_interfaces/share/turtle_interfaces/local_setup.bash
[1.368s] -- Up-to-date symlink: /home/yahboom/roscourse_ws/install/turtle_interfaces/share/turtle_interfaces/local_setup.sh
[1.368s] -- Up-to-date symlink: /home/yahboom/roscourse_ws/install/turtle_interfaces/share/turtle_interfaces/local_setup.zsh
[1.369s] -- Up-to-date symlink: /home/yahboom/roscourse_ws/install/turtle_interfaces/share/turtle_interfaces/local_setup.dsv
[1.370s] -- Symlinking: /home/yahboom/roscourse_ws/install/turtle_interfaces/share/turtle_interfaces/package.dsv
[1.392s] -- Up-to-date symlink: /home/yahboom/roscourse_ws/install/turtle_interfaces/share/ament_index/resource_index/packages/turtle_interfaces
[1.393s] -- Up-to-date symlink: /home/yahboom/roscourse_ws/install/turtle_interfaces/share/turtle_interfaces/cmake/rosidl_cmake-extras.cmake
[1.394s] -- Up-to-date symlink: /home/yahboom/roscourse_ws/install/turtle_interfaces/share/turtle_interfaces/cmake/ament_cmake_export_dependencies-extras.cmake
[1.394s] -- Up-to-date symlink: /home/yahboom/roscourse_ws/install/turtle_interfaces/share/turtle_interfaces/cmake/ament_cmake_export_libraries-extras.cmake
[1.395s] -- Up-to-date symlink: /home/yahboom/roscourse_ws/install/turtle_interfaces/share/turtle_interfaces/cmake/ament_cmake_export_targets-extras.cmake
[1.396s] -- Up-to-date symlink: /home/yahboom/roscourse_ws/install/turtle_interfaces/share/turtle_interfaces/cmake/ament_cmake_export_include_directories-extras.cmake
[1.397s] -- Up-to-date symlink: /home/yahboom/roscourse_ws/install/turtle_interfaces/share/turtle_interfaces/cmake/rosidl_cmake_export_typesupport_libraries-extras.cmake
[1.398s] -- Up-to-date symlink: /home/yahboom/roscourse_ws/install/turtle_interfaces/share/turtle_interfaces/cmake/rosidl_cmake_export_typesupport_targets-extras.cmake
[1.399s] -- Up-to-date symlink: /home/yahboom/roscourse_ws/install/turtle_interfaces/share/turtle_interfaces/cmake/turtle_interfacesConfig.cmake
[1.399s] -- Up-to-date symlink: /home/yahboom/roscourse_ws/install/turtle_interfaces/share/turtle_interfaces/cmake/turtle_interfacesConfig-version.cmake
[1.400s] -- Up-to-date symlink: /home/yahboom/roscourse_ws/install/turtle_interfaces/share/turtle_interfaces/package.xml
[1.401s] -- Up-to-date: /home/yahboom/roscourse_ws/install/turtle_interfaces/lib/libturtle_interfaces__rosidl_generator_c.so
[1.402s] -- Up-to-date: /home/yahboom/roscourse_ws/install/turtle_interfaces/lib/libturtle_interfaces__rosidl_typesupport_introspection_c.so
[1.403s] -- Up-to-date: /home/yahboom/roscourse_ws/install/turtle_interfaces/lib/libturtle_interfaces__rosidl_typesupport_c.so
[1.404s] -- Up-to-date: /home/yahboom/roscourse_ws/install/turtle_interfaces/lib/libturtle_interfaces__rosidl_typesupport_introspection_cpp.so
[1.405s] -- Up-to-date: /home/yahboom/roscourse_ws/install/turtle_interfaces/lib/libturtle_interfaces__rosidl_typesupport_cpp.so
[1.485s] -- Up-to-date: /home/yahboom/roscourse_ws/install/turtle_interfaces/share/turtle_interfaces/cmake/turtle_interfaces__rosidl_generator_cExport.cmake
[1.485s] -- Up-to-date: /home/yahboom/roscourse_ws/install/turtle_interfaces/share/turtle_interfaces/cmake/turtle_interfaces__rosidl_generator_cExport-noconfig.cmake
[1.485s] -- Up-to-date: /home/yahboom/roscourse_ws/install/turtle_interfaces/share/turtle_interfaces/cmake/turtle_interfaces__rosidl_typesupport_introspection_cExport.cmake
[1.486s] -- Up-to-date: /home/yahboom/roscourse_ws/install/turtle_interfaces/share/turtle_interfaces/cmake/turtle_interfaces__rosidl_typesupport_introspection_cExport-noconfig.cmake
[1.486s] -- Up-to-date: /home/yahboom/roscourse_ws/install/turtle_interfaces/share/turtle_interfaces/cmake/turtle_interfaces__rosidl_typesupport_cExport.cmake
[1.486s] -- Up-to-date: /home/yahboom/roscourse_ws/install/turtle_interfaces/share/turtle_interfaces/cmake/turtle_interfaces__rosidl_typesupport_cExport-noconfig.cmake
[1.486s] -- Up-to-date: /home/yahboom/roscourse_ws/install/turtle_interfaces/share/turtle_interfaces/cmake/turtle_interfaces__rosidl_generator_cppExport.cmake
[1.487s] -- Up-to-date: /home/yahboom/roscourse_ws/install/turtle_interfaces/share/turtle_interfaces/cmake/turtle_interfaces__rosidl_typesupport_introspection_cppExport.cmake
[1.487s] -- Up-to-date: /home/yahboom/roscourse_ws/install/turtle_interfaces/share/turtle_interfaces/cmake/turtle_interfaces__rosidl_typesupport_introspection_cppExport-noconfig.cmake
[1.487s] -- Up-to-date: /home/yahboom/roscourse_ws/install/turtle_interfaces/share/turtle_interfaces/cmake/turtle_interfaces__rosidl_typesupport_cppExport.cmake
[1.487s] -- Up-to-date: /home/yahboom/roscourse_ws/install/turtle_interfaces/share/turtle_interfaces/cmake/turtle_interfaces__rosidl_typesupport_cppExport-noconfig.cmake
[1.498s] Invoked command in '/home/yahboom/roscourse_ws/build/turtle_interfaces' returned '0': CMAKE_PREFIX_PATH=${CMAKE_PREFIX_PATH}:/home/yahboom/yahboomcar_ros2_ws/yahboomcar_ws/install/yahboomcar_voice_ctrl:/home/yahboom/yahboomcar_ros2_ws/yahboomcar_ws/install/yahboomcar_visual:/home/yahboom/yahboomcar_ros2_ws/yahboomcar_ws/install/yahboomcar_rviz:/home/yahboom/yahboomcar_ros2_ws/yahboomcar_ws/install/yahboomcar_nav:/home/yahboom/yahboomcar_ros2_ws/yahboomcar_ws/install/yahboomcar_multi:/home/yahboom/yahboomcar_ros2_ws/yahboomcar_ws/install/yahboomcar_mediapipe:/home/yahboom/yahboomcar_ros2_ws/yahboomcar_ws/install/yahboomcar_linefollow:/home/yahboom/yahboomcar_ros2_ws/yahboomcar_ws/install/yahboomcar_laser:/home/yahboom/yahboomcar_ros2_ws/yahboomcar_ws/install/yahboomcar_description_x1:/home/yahboom/yahboomcar_ros2_ws/yahboomcar_ws/install/yahboomcar_description:/home/yahboom/yahboomcar_ros2_ws/yahboomcar_ws/install/yahboomcar_ctrl:/home/yahboom/yahboomcar_ros2_ws/yahboomcar_ws/install/yahboomcar_bringup:/home/yahboom/yahboomcar_ros2_ws/yahboomcar_ws/install/yahboomcar_astra:/home/yahboom/yahboomcar_ros2_ws/yahboomcar_ws/install/robot_pose_publisher:/home/yahboom/yahboomcar_ros2_ws/yahboomcar_ws/install/laserscan_to_point_pulisher:/opt/ros/foxy /usr/bin/cmake --install /home/yahboom/roscourse_ws/build/turtle_interfaces
