[0.111s] Invoking command in '/home/yahboom/S24_RobotProgramming_eloquent/Lab4/roscourse_ws/build/turtle_interfaces': CMAKE_PREFIX_PATH=${CMAKE_PREFIX_PATH}:/home/yahboom/yahboomcar_ros2_ws/yahboomcar_ws/install/yahboomcar_voice_ctrl:/home/yahboom/yahboomcar_ros2_ws/yahboomcar_ws/install/yahboomcar_visual:/home/yahboom/yahboomcar_ros2_ws/yahboomcar_ws/install/yahboomcar_rviz:/home/yahboom/yahboomcar_ros2_ws/yahboomcar_ws/install/yahboomcar_nav:/home/yahboom/yahboomcar_ros2_ws/yahboomcar_ws/install/yahboomcar_multi:/home/yahboom/yahboomcar_ros2_ws/yahboomcar_ws/install/yahboomcar_mediapipe:/home/yahboom/yahboomcar_ros2_ws/yahboomcar_ws/install/yahboomcar_linefollow:/home/yahboom/yahboomcar_ros2_ws/yahboomcar_ws/install/yahboomcar_laser:/home/yahboom/yahboomcar_ros2_ws/yahboomcar_ws/install/yahboomcar_description_x1:/home/yahboom/yahboomcar_ros2_ws/yahboomcar_ws/install/yahboomcar_description:/home/yahboom/yahboomcar_ros2_ws/yahboomcar_ws/install/yahboomcar_ctrl:/home/yahboom/yahboomcar_ros2_ws/yahboomcar_ws/install/yahboomcar_bringup:/home/yahboom/yahboomcar_ros2_ws/yahboomcar_ws/install/yahboomcar_astra:/home/yahboom/yahboomcar_ros2_ws/yahboomcar_ws/install/robot_pose_publisher:/home/yahboom/yahboomcar_ros2_ws/yahboomcar_ws/install/laserscan_to_point_pulisher:/opt/ros/foxy /usr/bin/cmake --build /home/yahboom/S24_RobotProgramming_eloquent/Lab4/roscourse_ws/build/turtle_interfaces -- -j4 -l4
[1.085s] [  2%] Built target turtle_interfaces__cpp
[1.086s] [ 12%] Built target turtle_interfaces__rosidl_generator_c
[1.086s] [ 23%] Built target turtle_interfaces__rosidl_typesupport_introspection_cpp
[1.086s] [ 34%] Built target turtle_interfaces__rosidl_typesupport_cpp
[1.087s] [ 44%] Built target turtle_interfaces__rosidl_typesupport_fastrtps_cpp
[1.087s] [ 55%] Built target turtle_interfaces__rosidl_typesupport_c
[1.087s] [ 65%] Built target turtle_interfaces__rosidl_typesupport_introspection_c
[1.087s] [ 76%] Built target turtle_interfaces__rosidl_typesupport_fastrtps_c
[1.087s] [ 76%] Built target turtle_interfaces
[1.087s] [ 78%] Built target turtle_interfaces__py
[1.088s] [ 87%] Built target turtle_interfaces__python
[1.088s] [ 91%] Built target turtle_interfaces__rosidl_typesupport_introspection_c__pyext
[1.088s] [ 95%] Built target turtle_interfaces__rosidl_typesupport_fastrtps_c__pyext
[1.089s] [100%] Built target turtle_interfaces__rosidl_typesupport_c__pyext
[1.633s] Invoked command in '/home/yahboom/S24_RobotProgramming_eloquent/Lab4/roscourse_ws/build/turtle_interfaces' returned '0': CMAKE_PREFIX_PATH=${CMAKE_PREFIX_PATH}:/home/yahboom/yahboomcar_ros2_ws/yahboomcar_ws/install/yahboomcar_voice_ctrl:/home/yahboom/yahboomcar_ros2_ws/yahboomcar_ws/install/yahboomcar_visual:/home/yahboom/yahboomcar_ros2_ws/yahboomcar_ws/install/yahboomcar_rviz:/home/yahboom/yahboomcar_ros2_ws/yahboomcar_ws/install/yahboomcar_nav:/home/yahboom/yahboomcar_ros2_ws/yahboomcar_ws/install/yahboomcar_multi:/home/yahboom/yahboomcar_ros2_ws/yahboomcar_ws/install/yahboomcar_mediapipe:/home/yahboom/yahboomcar_ros2_ws/yahboomcar_ws/install/yahboomcar_linefollow:/home/yahboom/yahboomcar_ros2_ws/yahboomcar_ws/install/yahboomcar_laser:/home/yahboom/yahboomcar_ros2_ws/yahboomcar_ws/install/yahboomcar_description_x1:/home/yahboom/yahboomcar_ros2_ws/yahboomcar_ws/install/yahboomcar_description:/home/yahboom/yahboomcar_ros2_ws/yahboomcar_ws/install/yahboomcar_ctrl:/home/yahboom/yahboomcar_ros2_ws/yahboomcar_ws/install/yahboomcar_bringup:/home/yahboom/yahboomcar_ros2_ws/yahboomcar_ws/install/yahboomcar_astra:/home/yahboom/yahboomcar_ros2_ws/yahboomcar_ws/install/robot_pose_publisher:/home/yahboom/yahboomcar_ros2_ws/yahboomcar_ws/install/laserscan_to_point_pulisher:/opt/ros/foxy /usr/bin/cmake --build /home/yahboom/S24_RobotProgramming_eloquent/Lab4/roscourse_ws/build/turtle_interfaces -- -j4 -l4
[2.068s] Invoking command in '/home/yahboom/S24_RobotProgramming_eloquent/Lab4/roscourse_ws/build/turtle_interfaces': CMAKE_PREFIX_PATH=${CMAKE_PREFIX_PATH}:/home/yahboom/yahboomcar_ros2_ws/yahboomcar_ws/install/yahboomcar_voice_ctrl:/home/yahboom/yahboomcar_ros2_ws/yahboomcar_ws/install/yahboomcar_visual:/home/yahboom/yahboomcar_ros2_ws/yahboomcar_ws/install/yahboomcar_rviz:/home/yahboom/yahboomcar_ros2_ws/yahboomcar_ws/install/yahboomcar_nav:/home/yahboom/yahboomcar_ros2_ws/yahboomcar_ws/install/yahboomcar_multi:/home/yahboom/yahboomcar_ros2_ws/yahboomcar_ws/install/yahboomcar_mediapipe:/home/yahboom/yahboomcar_ros2_ws/yahboomcar_ws/install/yahboomcar_linefollow:/home/yahboom/yahboomcar_ros2_ws/yahboomcar_ws/install/yahboomcar_laser:/home/yahboom/yahboomcar_ros2_ws/yahboomcar_ws/install/yahboomcar_description_x1:/home/yahboom/yahboomcar_ros2_ws/yahboomcar_ws/install/yahboomcar_description:/home/yahboom/yahboomcar_ros2_ws/yahboomcar_ws/install/yahboomcar_ctrl:/home/yahboom/yahboomcar_ros2_ws/yahboomcar_ws/install/yahboomcar_bringup:/home/yahboom/yahboomcar_ros2_ws/yahboomcar_ws/install/yahboomcar_astra:/home/yahboom/yahboomcar_ros2_ws/yahboomcar_ws/install/robot_pose_publisher:/home/yahboom/yahboomcar_ros2_ws/yahboomcar_ws/install/laserscan_to_point_pulisher:/opt/ros/foxy /usr/bin/cmake --install /home/yahboom/S24_RobotProgramming_eloquent/Lab4/roscourse_ws/build/turtle_interfaces
[2.084s] -- Install configuration: ""
[2.087s] -- Execute custom install script
[2.088s] -- Up-to-date symlink: /home/yahboom/S24_RobotProgramming_eloquent/Lab4/roscourse_ws/install/turtle_interfaces/share/ament_index/resource_index/rosidl_interfaces/turtle_interfaces
[2.090s] -- Up-to-date symlink: /home/yahboom/S24_RobotProgramming_eloquent/Lab4/roscourse_ws/install/turtle_interfaces/include/turtle_interfaces/msg/detail/turtle_msg__functions.h
[2.091s] -- Up-to-date symlink: /home/yahboom/S24_RobotProgramming_eloquent/Lab4/roscourse_ws/install/turtle_interfaces/include/turtle_interfaces/msg/detail/turtle_msg__struct.h
[2.091s] -- Up-to-date symlink: /home/yahboom/S24_RobotProgramming_eloquent/Lab4/roscourse_ws/install/turtle_interfaces/include/turtle_interfaces/msg/detail/turtle_msg__type_support.h
[2.092s] -- Up-to-date symlink: /home/yahboom/S24_RobotProgramming_eloquent/Lab4/roscourse_ws/install/turtle_interfaces/include/turtle_interfaces/msg/rosidl_generator_c__visibility_control.h
[2.093s] -- Up-to-date symlink: /home/yahboom/S24_RobotProgramming_eloquent/Lab4/roscourse_ws/install/turtle_interfaces/include/turtle_interfaces/msg/turtle_msg.h
[2.094s] -- Up-to-date symlink: /home/yahboom/S24_RobotProgramming_eloquent/Lab4/roscourse_ws/install/turtle_interfaces/include/turtle_interfaces/srv/detail/set_color__functions.h
[2.094s] -- Up-to-date symlink: /home/yahboom/S24_RobotProgramming_eloquent/Lab4/roscourse_ws/install/turtle_interfaces/include/turtle_interfaces/srv/detail/set_color__struct.h
[2.095s] -- Up-to-date symlink: /home/yahboom/S24_RobotProgramming_eloquent/Lab4/roscourse_ws/install/turtle_interfaces/include/turtle_interfaces/srv/detail/set_color__type_support.h
[2.096s] -- Up-to-date symlink: /home/yahboom/S24_RobotProgramming_eloquent/Lab4/roscourse_ws/install/turtle_interfaces/include/turtle_interfaces/srv/detail/set_pose__functions.h
[2.096s] -- Up-to-date symlink: /home/yahboom/S24_RobotProgramming_eloquent/Lab4/roscourse_ws/install/turtle_interfaces/include/turtle_interfaces/srv/detail/set_pose__struct.h
[2.097s] -- Up-to-date symlink: /home/yahboom/S24_RobotProgramming_eloquent/Lab4/roscourse_ws/install/turtle_interfaces/include/turtle_interfaces/srv/detail/set_pose__type_support.h
[2.098s] -- Up-to-date symlink: /home/yahboom/S24_RobotProgramming_eloquent/Lab4/roscourse_ws/install/turtle_interfaces/include/turtle_interfaces/srv/set_color.h
[2.098s] -- Up-to-date symlink: /home/yahboom/S24_RobotProgramming_eloquent/Lab4/roscourse_ws/install/turtle_interfaces/include/turtle_interfaces/srv/set_pose.h
[2.099s] -- Up-to-date symlink: /home/yahboom/S24_RobotProgramming_eloquent/Lab4/roscourse_ws/install/turtle_interfaces/share/turtle_interfaces/environment/library_path.sh
[2.100s] -- Up-to-date symlink: /home/yahboom/S24_RobotProgramming_eloquent/Lab4/roscourse_ws/install/turtle_interfaces/share/turtle_interfaces/environment/library_path.dsv
[2.103s] -- Up-to-date symlink: /home/yahboom/S24_RobotProgramming_eloquent/Lab4/roscourse_ws/install/turtle_interfaces/include/turtle_interfaces/msg/detail/turtle_msg__rosidl_typesupport_fastrtps_c.h
[2.103s] -- Up-to-date symlink: /home/yahboom/S24_RobotProgramming_eloquent/Lab4/roscourse_ws/install/turtle_interfaces/include/turtle_interfaces/msg/rosidl_typesupport_fastrtps_c__visibility_control.h
[2.104s] -- Up-to-date symlink: /home/yahboom/S24_RobotProgramming_eloquent/Lab4/roscourse_ws/install/turtle_interfaces/include/turtle_interfaces/srv/detail/set_color__rosidl_typesupport_fastrtps_c.h
[2.105s] -- Up-to-date symlink: /home/yahboom/S24_RobotProgramming_eloquent/Lab4/roscourse_ws/install/turtle_interfaces/include/turtle_interfaces/srv/detail/set_pose__rosidl_typesupport_fastrtps_c.h
[2.106s] -- Up-to-date symlink: /home/yahboom/S24_RobotProgramming_eloquent/Lab4/roscourse_ws/install/turtle_interfaces/lib/libturtle_interfaces__rosidl_typesupport_fastrtps_c.so
[2.108s] -- Up-to-date symlink: /home/yahboom/S24_RobotProgramming_eloquent/Lab4/roscourse_ws/install/turtle_interfaces/include/turtle_interfaces/msg/detail/turtle_msg__rosidl_typesupport_fastrtps_cpp.hpp
[2.109s] -- Up-to-date symlink: /home/yahboom/S24_RobotProgramming_eloquent/Lab4/roscourse_ws/install/turtle_interfaces/include/turtle_interfaces/msg/rosidl_typesupport_fastrtps_cpp__visibility_control.h
[2.110s] -- Up-to-date symlink: /home/yahboom/S24_RobotProgramming_eloquent/Lab4/roscourse_ws/install/turtle_interfaces/include/turtle_interfaces/srv/detail/set_color__rosidl_typesupport_fastrtps_cpp.hpp
[2.110s] -- Up-to-date symlink: /home/yahboom/S24_RobotProgramming_eloquent/Lab4/roscourse_ws/install/turtle_interfaces/include/turtle_interfaces/srv/detail/set_pose__rosidl_typesupport_fastrtps_cpp.hpp
[2.111s] -- Up-to-date symlink: /home/yahboom/S24_RobotProgramming_eloquent/Lab4/roscourse_ws/install/turtle_interfaces/lib/libturtle_interfaces__rosidl_typesupport_fastrtps_cpp.so
[2.113s] -- Up-to-date symlink: /home/yahboom/S24_RobotProgramming_eloquent/Lab4/roscourse_ws/install/turtle_interfaces/include/turtle_interfaces/msg/detail/turtle_msg__rosidl_typesupport_introspection_c.h
[2.114s] -- Up-to-date symlink: /home/yahboom/S24_RobotProgramming_eloquent/Lab4/roscourse_ws/install/turtle_interfaces/include/turtle_interfaces/msg/rosidl_typesupport_introspection_c__visibility_control.h
[2.115s] -- Up-to-date symlink: /home/yahboom/S24_RobotProgramming_eloquent/Lab4/roscourse_ws/install/turtle_interfaces/include/turtle_interfaces/srv/detail/set_color__rosidl_typesupport_introspection_c.h
[2.115s] -- Up-to-date symlink: /home/yahboom/S24_RobotProgramming_eloquent/Lab4/roscourse_ws/install/turtle_interfaces/include/turtle_interfaces/srv/detail/set_pose__rosidl_typesupport_introspection_c.h
[2.118s] -- Up-to-date symlink: /home/yahboom/S24_RobotProgramming_eloquent/Lab4/roscourse_ws/install/turtle_interfaces/include/turtle_interfaces/msg/detail/turtle_msg__builder.hpp
[2.119s] -- Up-to-date symlink: /home/yahboom/S24_RobotProgramming_eloquent/Lab4/roscourse_ws/install/turtle_interfaces/include/turtle_interfaces/msg/detail/turtle_msg__struct.hpp
[2.120s] -- Up-to-date symlink: /home/yahboom/S24_RobotProgramming_eloquent/Lab4/roscourse_ws/install/turtle_interfaces/include/turtle_interfaces/msg/detail/turtle_msg__traits.hpp
[2.121s] -- Up-to-date symlink: /home/yahboom/S24_RobotProgramming_eloquent/Lab4/roscourse_ws/install/turtle_interfaces/include/turtle_interfaces/msg/turtle_msg.hpp
[2.134s] -- Up-to-date symlink: /home/yahboom/S24_RobotProgramming_eloquent/Lab4/roscourse_ws/install/turtle_interfaces/include/turtle_interfaces/srv/detail/set_color__builder.hpp
[2.135s] -- Up-to-date symlink: /home/yahboom/S24_RobotProgramming_eloquent/Lab4/roscourse_ws/install/turtle_interfaces/include/turtle_interfaces/srv/detail/set_color__struct.hpp
[2.135s] -- Up-to-date symlink: /home/yahboom/S24_RobotProgramming_eloquent/Lab4/roscourse_ws/install/turtle_interfaces/include/turtle_interfaces/srv/detail/set_color__traits.hpp
[2.136s] -- Up-to-date symlink: /home/yahboom/S24_RobotProgramming_eloquent/Lab4/roscourse_ws/install/turtle_interfaces/include/turtle_interfaces/srv/detail/set_pose__builder.hpp
[2.136s] -- Up-to-date symlink: /home/yahboom/S24_RobotProgramming_eloquent/Lab4/roscourse_ws/install/turtle_interfaces/include/turtle_interfaces/srv/detail/set_pose__struct.hpp
[2.137s] -- Up-to-date symlink: /home/yahboom/S24_RobotProgramming_eloquent/Lab4/roscourse_ws/install/turtle_interfaces/include/turtle_interfaces/srv/detail/set_pose__traits.hpp
[2.137s] -- Up-to-date symlink: /home/yahboom/S24_RobotProgramming_eloquent/Lab4/roscourse_ws/install/turtle_interfaces/include/turtle_interfaces/srv/set_color.hpp
[2.138s] -- Up-to-date symlink: /home/yahboom/S24_RobotProgramming_eloquent/Lab4/roscourse_ws/install/turtle_interfaces/include/turtle_interfaces/srv/set_pose.hpp
[2.139s] -- Up-to-date symlink: /home/yahboom/S24_RobotProgramming_eloquent/Lab4/roscourse_ws/install/turtle_interfaces/include/turtle_interfaces/msg/detail/turtle_msg__rosidl_typesupport_introspection_cpp.hpp
[2.139s] -- Up-to-date symlink: /home/yahboom/S24_RobotProgramming_eloquent/Lab4/roscourse_ws/install/turtle_interfaces/include/turtle_interfaces/srv/detail/set_color__rosidl_typesupport_introspection_cpp.hpp
[2.139s] -- Up-to-date symlink: /home/yahboom/S24_RobotProgramming_eloquent/Lab4/roscourse_ws/install/turtle_interfaces/include/turtle_interfaces/srv/detail/set_pose__rosidl_typesupport_introspection_cpp.hpp
[2.140s] -- Up-to-date symlink: /home/yahboom/S24_RobotProgramming_eloquent/Lab4/roscourse_ws/install/turtle_interfaces/share/turtle_interfaces/environment/pythonpath.sh
[2.141s] -- Up-to-date symlink: /home/yahboom/S24_RobotProgramming_eloquent/Lab4/roscourse_ws/install/turtle_interfaces/share/turtle_interfaces/environment/pythonpath.dsv
[2.141s] -- Up-to-date symlink: /home/yahboom/S24_RobotProgramming_eloquent/Lab4/roscourse_ws/install/turtle_interfaces/lib/python3.8/site-packages/turtle_interfaces/__init__.py
[2.142s] -- Up-to-date symlink: /home/yahboom/S24_RobotProgramming_eloquent/Lab4/roscourse_ws/install/turtle_interfaces/lib/python3.8/site-packages/turtle_interfaces/msg/__init__.py
[2.142s] -- Up-to-date symlink: /home/yahboom/S24_RobotProgramming_eloquent/Lab4/roscourse_ws/install/turtle_interfaces/lib/python3.8/site-packages/turtle_interfaces/msg/_turtle_msg.py
[2.144s] -- Up-to-date symlink: /home/yahboom/S24_RobotProgramming_eloquent/Lab4/roscourse_ws/install/turtle_interfaces/lib/python3.8/site-packages/turtle_interfaces/srv/__init__.py
[2.144s] -- Up-to-date symlink: /home/yahboom/S24_RobotProgramming_eloquent/Lab4/roscourse_ws/install/turtle_interfaces/lib/python3.8/site-packages/turtle_interfaces/srv/_set_color.py
[2.144s] -- Up-to-date symlink: /home/yahboom/S24_RobotProgramming_eloquent/Lab4/roscourse_ws/install/turtle_interfaces/lib/python3.8/site-packages/turtle_interfaces/srv/_set_pose.py
[2.147s] -- Up-to-date symlink: /home/yahboom/S24_RobotProgramming_eloquent/Lab4/roscourse_ws/install/turtle_interfaces/lib/python3.8/site-packages/turtle_interfaces/turtle_interfaces_s__rosidl_typesupport_fastrtps_c.cpython-38-x86_64-linux-gnu.so
[2.148s] -- Up-to-date symlink: /home/yahboom/S24_RobotProgramming_eloquent/Lab4/roscourse_ws/install/turtle_interfaces/lib/python3.8/site-packages/turtle_interfaces/turtle_interfaces_s__rosidl_typesupport_introspection_c.cpython-38-x86_64-linux-gnu.so
[2.149s] -- Up-to-date symlink: /home/yahboom/S24_RobotProgramming_eloquent/Lab4/roscourse_ws/install/turtle_interfaces/lib/python3.8/site-packages/turtle_interfaces/turtle_interfaces_s__rosidl_typesupport_c.cpython-38-x86_64-linux-gnu.so
[2.151s] -- Up-to-date symlink: /home/yahboom/S24_RobotProgramming_eloquent/Lab4/roscourse_ws/install/turtle_interfaces/lib/libturtle_interfaces__python.so
[2.151s] -- Up-to-date symlink: /home/yahboom/S24_RobotProgramming_eloquent/Lab4/roscourse_ws/install/turtle_interfaces/share/turtle_interfaces/msg/TurtleMsg.idl
[2.152s] -- Up-to-date symlink: /home/yahboom/S24_RobotProgramming_eloquent/Lab4/roscourse_ws/install/turtle_interfaces/share/turtle_interfaces/srv/SetPose.idl
[2.162s] -- Up-to-date symlink: /home/yahboom/S24_RobotProgramming_eloquent/Lab4/roscourse_ws/install/turtle_interfaces/share/turtle_interfaces/srv/SetColor.idl
[2.163s] -- Up-to-date symlink: /home/yahboom/S24_RobotProgramming_eloquent/Lab4/roscourse_ws/install/turtle_interfaces/share/turtle_interfaces/msg/TurtleMsg.msg
[2.165s] -- Up-to-date symlink: /home/yahboom/S24_RobotProgramming_eloquent/Lab4/roscourse_ws/install/turtle_interfaces/share/turtle_interfaces/srv/SetPose.srv
[2.166s] -- Up-to-date symlink: /home/yahboom/S24_RobotProgramming_eloquent/Lab4/roscourse_ws/install/turtle_interfaces/share/turtle_interfaces/srv/SetPose_Request.msg
[2.167s] -- Up-to-date symlink: /home/yahboom/S24_RobotProgramming_eloquent/Lab4/roscourse_ws/install/turtle_interfaces/share/turtle_interfaces/srv/SetPose_Response.msg
[2.168s] -- Up-to-date symlink: /home/yahboom/S24_RobotProgramming_eloquent/Lab4/roscourse_ws/install/turtle_interfaces/share/turtle_interfaces/srv/SetColor.srv
[2.168s] -- Up-to-date symlink: /home/yahboom/S24_RobotProgramming_eloquent/Lab4/roscourse_ws/install/turtle_interfaces/share/turtle_interfaces/srv/SetColor_Request.msg
[2.169s] -- Up-to-date symlink: /home/yahboom/S24_RobotProgramming_eloquent/Lab4/roscourse_ws/install/turtle_interfaces/share/turtle_interfaces/srv/SetColor_Response.msg
[2.170s] -- Up-to-date symlink: /home/yahboom/S24_RobotProgramming_eloquent/Lab4/roscourse_ws/install/turtle_interfaces/share/ament_index/resource_index/package_run_dependencies/turtle_interfaces
[2.171s] -- Up-to-date symlink: /home/yahboom/S24_RobotProgramming_eloquent/Lab4/roscourse_ws/install/turtle_interfaces/share/ament_index/resource_index/parent_prefix_path/turtle_interfaces
[2.172s] -- Up-to-date symlink: /home/yahboom/S24_RobotProgramming_eloquent/Lab4/roscourse_ws/install/turtle_interfaces/share/turtle_interfaces/environment/ament_prefix_path.sh
[2.173s] -- Up-to-date symlink: /home/yahboom/S24_RobotProgramming_eloquent/Lab4/roscourse_ws/install/turtle_interfaces/share/turtle_interfaces/environment/ament_prefix_path.dsv
[2.174s] -- Up-to-date symlink: /home/yahboom/S24_RobotProgramming_eloquent/Lab4/roscourse_ws/install/turtle_interfaces/share/turtle_interfaces/environment/path.sh
[2.175s] -- Up-to-date symlink: /home/yahboom/S24_RobotProgramming_eloquent/Lab4/roscourse_ws/install/turtle_interfaces/share/turtle_interfaces/environment/path.dsv
[2.175s] -- Up-to-date symlink: /home/yahboom/S24_RobotProgramming_eloquent/Lab4/roscourse_ws/install/turtle_interfaces/share/turtle_interfaces/local_setup.bash
[2.176s] -- Up-to-date symlink: /home/yahboom/S24_RobotProgramming_eloquent/Lab4/roscourse_ws/install/turtle_interfaces/share/turtle_interfaces/local_setup.sh
[2.177s] -- Up-to-date symlink: /home/yahboom/S24_RobotProgramming_eloquent/Lab4/roscourse_ws/install/turtle_interfaces/share/turtle_interfaces/local_setup.zsh
[2.178s] -- Up-to-date symlink: /home/yahboom/S24_RobotProgramming_eloquent/Lab4/roscourse_ws/install/turtle_interfaces/share/turtle_interfaces/local_setup.dsv
[2.178s] -- Symlinking: /home/yahboom/S24_RobotProgramming_eloquent/Lab4/roscourse_ws/install/turtle_interfaces/share/turtle_interfaces/package.dsv
[2.250s] -- Up-to-date symlink: /home/yahboom/S24_RobotProgramming_eloquent/Lab4/roscourse_ws/install/turtle_interfaces/share/ament_index/resource_index/packages/turtle_interfaces
[2.251s] -- Up-to-date symlink: /home/yahboom/S24_RobotProgramming_eloquent/Lab4/roscourse_ws/install/turtle_interfaces/share/turtle_interfaces/cmake/rosidl_cmake-extras.cmake
[2.252s] -- Up-to-date symlink: /home/yahboom/S24_RobotProgramming_eloquent/Lab4/roscourse_ws/install/turtle_interfaces/share/turtle_interfaces/cmake/ament_cmake_export_dependencies-extras.cmake
[2.252s] -- Up-to-date symlink: /home/yahboom/S24_RobotProgramming_eloquent/Lab4/roscourse_ws/install/turtle_interfaces/share/turtle_interfaces/cmake/ament_cmake_export_libraries-extras.cmake
[2.253s] -- Up-to-date symlink: /home/yahboom/S24_RobotProgramming_eloquent/Lab4/roscourse_ws/install/turtle_interfaces/share/turtle_interfaces/cmake/ament_cmake_export_targets-extras.cmake
[2.254s] -- Up-to-date symlink: /home/yahboom/S24_RobotProgramming_eloquent/Lab4/roscourse_ws/install/turtle_interfaces/share/turtle_interfaces/cmake/ament_cmake_export_include_directories-extras.cmake
[2.255s] -- Up-to-date symlink: /home/yahboom/S24_RobotProgramming_eloquent/Lab4/roscourse_ws/install/turtle_interfaces/share/turtle_interfaces/cmake/rosidl_cmake_export_typesupport_libraries-extras.cmake
[2.256s] -- Up-to-date symlink: /home/yahboom/S24_RobotProgramming_eloquent/Lab4/roscourse_ws/install/turtle_interfaces/share/turtle_interfaces/cmake/rosidl_cmake_export_typesupport_targets-extras.cmake
[2.257s] -- Up-to-date symlink: /home/yahboom/S24_RobotProgramming_eloquent/Lab4/roscourse_ws/install/turtle_interfaces/share/turtle_interfaces/cmake/turtle_interfacesConfig.cmake
[2.258s] -- Up-to-date symlink: /home/yahboom/S24_RobotProgramming_eloquent/Lab4/roscourse_ws/install/turtle_interfaces/share/turtle_interfaces/cmake/turtle_interfacesConfig-version.cmake
[2.260s] -- Up-to-date symlink: /home/yahboom/S24_RobotProgramming_eloquent/Lab4/roscourse_ws/install/turtle_interfaces/share/turtle_interfaces/package.xml
[2.262s] -- Up-to-date: /home/yahboom/S24_RobotProgramming_eloquent/Lab4/roscourse_ws/install/turtle_interfaces/lib/libturtle_interfaces__rosidl_generator_c.so
[2.263s] -- Up-to-date: /home/yahboom/S24_RobotProgramming_eloquent/Lab4/roscourse_ws/install/turtle_interfaces/lib/libturtle_interfaces__rosidl_typesupport_introspection_c.so
[2.264s] -- Up-to-date: /home/yahboom/S24_RobotProgramming_eloquent/Lab4/roscourse_ws/install/turtle_interfaces/lib/libturtle_interfaces__rosidl_typesupport_c.so
[2.265s] -- Up-to-date: /home/yahboom/S24_RobotProgramming_eloquent/Lab4/roscourse_ws/install/turtle_interfaces/lib/libturtle_interfaces__rosidl_typesupport_introspection_cpp.so
[2.267s] -- Up-to-date: /home/yahboom/S24_RobotProgramming_eloquent/Lab4/roscourse_ws/install/turtle_interfaces/lib/libturtle_interfaces__rosidl_typesupport_cpp.so
[2.483s] -- Up-to-date: /home/yahboom/S24_RobotProgramming_eloquent/Lab4/roscourse_ws/install/turtle_interfaces/share/turtle_interfaces/cmake/turtle_interfaces__rosidl_generator_cExport.cmake
[2.483s] -- Up-to-date: /home/yahboom/S24_RobotProgramming_eloquent/Lab4/roscourse_ws/install/turtle_interfaces/share/turtle_interfaces/cmake/turtle_interfaces__rosidl_generator_cExport-noconfig.cmake
[2.483s] -- Up-to-date: /home/yahboom/S24_RobotProgramming_eloquent/Lab4/roscourse_ws/install/turtle_interfaces/share/turtle_interfaces/cmake/turtle_interfaces__rosidl_typesupport_introspection_cExport.cmake
[2.484s] -- Up-to-date: /home/yahboom/S24_RobotProgramming_eloquent/Lab4/roscourse_ws/install/turtle_interfaces/share/turtle_interfaces/cmake/turtle_interfaces__rosidl_typesupport_introspection_cExport-noconfig.cmake
[2.484s] -- Up-to-date: /home/yahboom/S24_RobotProgramming_eloquent/Lab4/roscourse_ws/install/turtle_interfaces/share/turtle_interfaces/cmake/turtle_interfaces__rosidl_typesupport_cExport.cmake
[2.484s] -- Up-to-date: /home/yahboom/S24_RobotProgramming_eloquent/Lab4/roscourse_ws/install/turtle_interfaces/share/turtle_interfaces/cmake/turtle_interfaces__rosidl_typesupport_cExport-noconfig.cmake
[2.484s] -- Up-to-date: /home/yahboom/S24_RobotProgramming_eloquent/Lab4/roscourse_ws/install/turtle_interfaces/share/turtle_interfaces/cmake/turtle_interfaces__rosidl_generator_cppExport.cmake
[2.484s] -- Up-to-date: /home/yahboom/S24_RobotProgramming_eloquent/Lab4/roscourse_ws/install/turtle_interfaces/share/turtle_interfaces/cmake/turtle_interfaces__rosidl_typesupport_introspection_cppExport.cmake
[2.484s] -- Up-to-date: /home/yahboom/S24_RobotProgramming_eloquent/Lab4/roscourse_ws/install/turtle_interfaces/share/turtle_interfaces/cmake/turtle_interfaces__rosidl_typesupport_introspection_cppExport-noconfig.cmake
[2.485s] -- Up-to-date: /home/yahboom/S24_RobotProgramming_eloquent/Lab4/roscourse_ws/install/turtle_interfaces/share/turtle_interfaces/cmake/turtle_interfaces__rosidl_typesupport_cppExport.cmake
[2.485s] -- Up-to-date: /home/yahboom/S24_RobotProgramming_eloquent/Lab4/roscourse_ws/install/turtle_interfaces/share/turtle_interfaces/cmake/turtle_interfaces__rosidl_typesupport_cppExport-noconfig.cmake
[2.504s] Invoked command in '/home/yahboom/S24_RobotProgramming_eloquent/Lab4/roscourse_ws/build/turtle_interfaces' returned '0': CMAKE_PREFIX_PATH=${CMAKE_PREFIX_PATH}:/home/yahboom/yahboomcar_ros2_ws/yahboomcar_ws/install/yahboomcar_voice_ctrl:/home/yahboom/yahboomcar_ros2_ws/yahboomcar_ws/install/yahboomcar_visual:/home/yahboom/yahboomcar_ros2_ws/yahboomcar_ws/install/yahboomcar_rviz:/home/yahboom/yahboomcar_ros2_ws/yahboomcar_ws/install/yahboomcar_nav:/home/yahboom/yahboomcar_ros2_ws/yahboomcar_ws/install/yahboomcar_multi:/home/yahboom/yahboomcar_ros2_ws/yahboomcar_ws/install/yahboomcar_mediapipe:/home/yahboom/yahboomcar_ros2_ws/yahboomcar_ws/install/yahboomcar_linefollow:/home/yahboom/yahboomcar_ros2_ws/yahboomcar_ws/install/yahboomcar_laser:/home/yahboom/yahboomcar_ros2_ws/yahboomcar_ws/install/yahboomcar_description_x1:/home/yahboom/yahboomcar_ros2_ws/yahboomcar_ws/install/yahboomcar_description:/home/yahboom/yahboomcar_ros2_ws/yahboomcar_ws/install/yahboomcar_ctrl:/home/yahboom/yahboomcar_ros2_ws/yahboomcar_ws/install/yahboomcar_bringup:/home/yahboom/yahboomcar_ros2_ws/yahboomcar_ws/install/yahboomcar_astra:/home/yahboom/yahboomcar_ros2_ws/yahboomcar_ws/install/robot_pose_publisher:/home/yahboom/yahboomcar_ros2_ws/yahboomcar_ws/install/laserscan_to_point_pulisher:/opt/ros/foxy /usr/bin/cmake --install /home/yahboom/S24_RobotProgramming_eloquent/Lab4/roscourse_ws/build/turtle_interfaces
