[0.069s] Invoking command in '/home/yahboom/ArchDocs/SharedDocs/S24_RobotProgramming_eloquent/Lab3-4/roscourse_ws/build/turtle_interfaces': CMAKE_PREFIX_PATH=${CMAKE_PREFIX_PATH}:/home/yahboom/yahboomcar_ros2_ws/yahboomcar_ws/install/yahboomcar_voice_ctrl:/home/yahboom/yahboomcar_ros2_ws/yahboomcar_ws/install/yahboomcar_visual:/home/yahboom/yahboomcar_ros2_ws/yahboomcar_ws/install/yahboomcar_rviz:/home/yahboom/yahboomcar_ros2_ws/yahboomcar_ws/install/yahboomcar_nav:/home/yahboom/yahboomcar_ros2_ws/yahboomcar_ws/install/yahboomcar_multi:/home/yahboom/yahboomcar_ros2_ws/yahboomcar_ws/install/yahboomcar_mediapipe:/home/yahboom/yahboomcar_ros2_ws/yahboomcar_ws/install/yahboomcar_linefollow:/home/yahboom/yahboomcar_ros2_ws/yahboomcar_ws/install/yahboomcar_laser:/home/yahboom/yahboomcar_ros2_ws/yahboomcar_ws/install/yahboomcar_description_x1:/home/yahboom/yahboomcar_ros2_ws/yahboomcar_ws/install/yahboomcar_description:/home/yahboom/yahboomcar_ros2_ws/yahboomcar_ws/install/yahboomcar_ctrl:/home/yahboom/yahboomcar_ros2_ws/yahboomcar_ws/install/yahboomcar_bringup:/home/yahboom/yahboomcar_ros2_ws/yahboomcar_ws/install/yahboomcar_astra:/home/yahboom/yahboomcar_ros2_ws/yahboomcar_ws/install/robot_pose_publisher:/home/yahboom/yahboomcar_ros2_ws/yahboomcar_ws/install/laserscan_to_point_pulisher:/opt/ros/foxy /usr/bin/cmake --build /home/yahboom/ArchDocs/SharedDocs/S24_RobotProgramming_eloquent/Lab3-4/roscourse_ws/build/turtle_interfaces -- -j8 -l8
[0.302s] [35m[1mScanning dependencies of target turtle_interfaces__rosidl_generator_c[0m
[0.304s] [  2%] Built target turtle_interfaces__cpp
[0.307s] [35m[1mScanning dependencies of target turtle_interfaces__rosidl_typesupport_cpp[0m
[0.308s] [35m[1mScanning dependencies of target turtle_interfaces__rosidl_typesupport_introspection_cpp[0m
[0.309s] [35m[1mScanning dependencies of target turtle_interfaces__rosidl_typesupport_fastrtps_cpp[0m
[0.323s] [  6%] [32mBuilding C object CMakeFiles/turtle_interfaces__rosidl_generator_c.dir/rosidl_generator_c/turtle_interfaces/msg/detail/turtle_msg__functions.c.o[0m
[0.327s] [  6%] [32mBuilding C object CMakeFiles/turtle_interfaces__rosidl_generator_c.dir/rosidl_generator_c/turtle_interfaces/srv/detail/set_pose__functions.c.o[0m
[0.328s] [  8%] [32mBuilding C object CMakeFiles/turtle_interfaces__rosidl_generator_c.dir/rosidl_generator_c/turtle_interfaces/srv/detail/set_color__functions.c.o[0m
[0.401s] [ 10%] [32mBuilding CXX object CMakeFiles/turtle_interfaces__rosidl_typesupport_cpp.dir/rosidl_typesupport_cpp/turtle_interfaces/msg/turtle_msg__type_support.cpp.o[0m
[0.403s] [ 12%] [32mBuilding CXX object CMakeFiles/turtle_interfaces__rosidl_typesupport_cpp.dir/rosidl_typesupport_cpp/turtle_interfaces/srv/set_pose__type_support.cpp.o[0m
[0.411s] [ 14%] [32mBuilding CXX object CMakeFiles/turtle_interfaces__rosidl_typesupport_cpp.dir/rosidl_typesupport_cpp/turtle_interfaces/srv/set_color__type_support.cpp.o[0m
[0.431s] [ 17%] [32mBuilding CXX object CMakeFiles/turtle_interfaces__rosidl_typesupport_introspection_cpp.dir/rosidl_typesupport_introspection_cpp/turtle_interfaces/msg/detail/turtle_msg__type_support.cpp.o[0m
[0.442s] [ 19%] [32mBuilding CXX object CMakeFiles/turtle_interfaces__rosidl_typesupport_introspection_cpp.dir/rosidl_typesupport_introspection_cpp/turtle_interfaces/srv/detail/set_pose__type_support.cpp.o[0m
[0.444s] [ 21%] [32mBuilding CXX object CMakeFiles/turtle_interfaces__rosidl_typesupport_introspection_cpp.dir/rosidl_typesupport_introspection_cpp/turtle_interfaces/srv/detail/set_color__type_support.cpp.o[0m
[0.462s] [ 23%] [32m[1mLinking C shared library libturtle_interfaces__rosidl_generator_c.so[0m
[0.532s] [ 25%] Built target turtle_interfaces__rosidl_generator_c
[0.562s] [35m[1mScanning dependencies of target turtle_interfaces__rosidl_typesupport_c[0m
[0.588s] [ 27%] [32mBuilding CXX object CMakeFiles/turtle_interfaces__rosidl_typesupport_fastrtps_cpp.dir/rosidl_typesupport_fastrtps_cpp/turtle_interfaces/msg/detail/dds_fastrtps/turtle_msg__type_support.cpp.o[0m
[0.667s] [ 29%] [32mBuilding CXX object CMakeFiles/turtle_interfaces__rosidl_typesupport_c.dir/rosidl_typesupport_c/turtle_interfaces/msg/turtle_msg__type_support.cpp.o[0m
[0.723s] [ 31%] [32mBuilding CXX object CMakeFiles/turtle_interfaces__rosidl_typesupport_c.dir/rosidl_typesupport_c/turtle_interfaces/srv/set_pose__type_support.cpp.o[0m
[0.844s] [ 34%] [32mBuilding CXX object CMakeFiles/turtle_interfaces__rosidl_typesupport_c.dir/rosidl_typesupport_c/turtle_interfaces/srv/set_color__type_support.cpp.o[0m
[0.937s] [ 36%] [32m[1mLinking CXX shared library libturtle_interfaces__rosidl_typesupport_c.so[0m
[0.951s] [35m[1mScanning dependencies of target turtle_interfaces__rosidl_typesupport_introspection_c[0m
[0.972s] [ 38%] [32mBuilding CXX object CMakeFiles/turtle_interfaces__rosidl_typesupport_fastrtps_cpp.dir/rosidl_typesupport_fastrtps_cpp/turtle_interfaces/srv/detail/dds_fastrtps/set_pose__type_support.cpp.o[0m
[0.999s] [ 40%] [32mBuilding CXX object CMakeFiles/turtle_interfaces__rosidl_typesupport_fastrtps_cpp.dir/rosidl_typesupport_fastrtps_cpp/turtle_interfaces/srv/detail/dds_fastrtps/set_color__type_support.cpp.o[0m
[1.036s] [ 42%] [32m[1mLinking CXX shared library libturtle_interfaces__rosidl_typesupport_introspection_cpp.so[0m
[1.054s] [ 44%] Built target turtle_interfaces__rosidl_typesupport_c
[1.070s] [ 46%] [32m[1mLinking CXX shared library libturtle_interfaces__rosidl_typesupport_cpp.so[0m
[1.172s] [ 51%] Built target turtle_interfaces__rosidl_typesupport_cpp
[1.173s] [ 51%] Built target turtle_interfaces__rosidl_typesupport_introspection_cpp
[1.182s] [ 53%] [32mBuilding C object CMakeFiles/turtle_interfaces__rosidl_typesupport_introspection_c.dir/rosidl_typesupport_introspection_c/turtle_interfaces/msg/detail/turtle_msg__type_support.c.o[0m
[1.192s] [ 57%] [32mBuilding C object CMakeFiles/turtle_interfaces__rosidl_typesupport_introspection_c.dir/rosidl_typesupport_introspection_c/turtle_interfaces/srv/detail/set_color__type_support.c.o[0m
[1.193s] [ 57%] [32mBuilding C object CMakeFiles/turtle_interfaces__rosidl_typesupport_introspection_c.dir/rosidl_typesupport_introspection_c/turtle_interfaces/srv/detail/set_pose__type_support.c.o[0m
[1.313s] [ 59%] [32m[1mLinking C shared library libturtle_interfaces__rosidl_typesupport_introspection_c.so[0m
[1.379s] [ 61%] Built target turtle_interfaces__rosidl_typesupport_introspection_c
[1.638s] [ 63%] [32m[1mLinking CXX shared library libturtle_interfaces__rosidl_typesupport_fastrtps_cpp.so[0m
[1.728s] [ 65%] Built target turtle_interfaces__rosidl_typesupport_fastrtps_cpp
[1.752s] [35m[1mScanning dependencies of target turtle_interfaces__rosidl_typesupport_fastrtps_c[0m
[1.949s] [ 68%] [32mBuilding CXX object CMakeFiles/turtle_interfaces__rosidl_typesupport_fastrtps_c.dir/rosidl_typesupport_fastrtps_c/turtle_interfaces/msg/detail/turtle_msg__type_support_c.cpp.o[0m
[1.956s] [ 72%] [32mBuilding CXX object CMakeFiles/turtle_interfaces__rosidl_typesupport_fastrtps_c.dir/rosidl_typesupport_fastrtps_c/turtle_interfaces/srv/detail/set_pose__type_support_c.cpp.o[0m
[1.958s] [ 72%] [32mBuilding CXX object CMakeFiles/turtle_interfaces__rosidl_typesupport_fastrtps_c.dir/rosidl_typesupport_fastrtps_c/turtle_interfaces/srv/detail/set_color__type_support_c.cpp.o[0m
[2.466s] [ 74%] [32m[1mLinking CXX shared library libturtle_interfaces__rosidl_typesupport_fastrtps_c.so[0m
[2.556s] [ 76%] Built target turtle_interfaces__rosidl_typesupport_fastrtps_c
[2.589s] [ 76%] Built target turtle_interfaces
[2.623s] [ 78%] Built target turtle_interfaces__py
[2.642s] [35m[1mScanning dependencies of target turtle_interfaces__python[0m
[2.883s] [ 80%] [32mBuilding C object CMakeFiles/turtle_interfaces__python.dir/rosidl_generator_py/turtle_interfaces/msg/_turtle_msg_s.c.o[0m
[2.889s] [ 85%] [32mBuilding C object CMakeFiles/turtle_interfaces__python.dir/rosidl_generator_py/turtle_interfaces/srv/_set_pose_s.c.o[0m
[2.890s] [ 85%] [32mBuilding C object CMakeFiles/turtle_interfaces__python.dir/rosidl_generator_py/turtle_interfaces/srv/_set_color_s.c.o[0m
[3.052s] [ 87%] [32m[1mLinking C shared library rosidl_generator_py/turtle_interfaces/libturtle_interfaces__python.so[0m
[3.108s] [ 87%] Built target turtle_interfaces__python
[3.130s] [35m[1mScanning dependencies of target turtle_interfaces__rosidl_typesupport_c__pyext[0m
[3.133s] [35m[1mScanning dependencies of target turtle_interfaces__rosidl_typesupport_introspection_c__pyext[0m
[3.136s] [35m[1mScanning dependencies of target turtle_interfaces__rosidl_typesupport_fastrtps_c__pyext[0m
[3.428s] [ 89%] [32mBuilding C object CMakeFiles/turtle_interfaces__rosidl_typesupport_c__pyext.dir/rosidl_generator_py/turtle_interfaces/_turtle_interfaces_s.ep.rosidl_typesupport_c.c.o[0m
[3.445s] [ 91%] [32mBuilding C object CMakeFiles/turtle_interfaces__rosidl_typesupport_introspection_c__pyext.dir/rosidl_generator_py/turtle_interfaces/_turtle_interfaces_s.ep.rosidl_typesupport_introspection_c.c.o[0m
[3.482s] [ 93%] [32mBuilding C object CMakeFiles/turtle_interfaces__rosidl_typesupport_fastrtps_c__pyext.dir/rosidl_generator_py/turtle_interfaces/_turtle_interfaces_s.ep.rosidl_typesupport_fastrtps_c.c.o[0m
[3.629s] [ 95%] [32m[1mLinking C shared library rosidl_generator_py/turtle_interfaces/turtle_interfaces_s__rosidl_typesupport_c.cpython-38-x86_64-linux-gnu.so[0m
[3.671s] [ 97%] [32m[1mLinking C shared library rosidl_generator_py/turtle_interfaces/turtle_interfaces_s__rosidl_typesupport_introspection_c.cpython-38-x86_64-linux-gnu.so[0m
[3.691s] [ 97%] Built target turtle_interfaces__rosidl_typesupport_c__pyext
[3.735s] [ 97%] Built target turtle_interfaces__rosidl_typesupport_introspection_c__pyext
[3.741s] [100%] [32m[1mLinking CXX shared library rosidl_generator_py/turtle_interfaces/turtle_interfaces_s__rosidl_typesupport_fastrtps_c.cpython-38-x86_64-linux-gnu.so[0m
[3.818s] [100%] Built target turtle_interfaces__rosidl_typesupport_fastrtps_c__pyext
[3.845s] Invoked command in '/home/yahboom/ArchDocs/SharedDocs/S24_RobotProgramming_eloquent/Lab3-4/roscourse_ws/build/turtle_interfaces' returned '0': CMAKE_PREFIX_PATH=${CMAKE_PREFIX_PATH}:/home/yahboom/yahboomcar_ros2_ws/yahboomcar_ws/install/yahboomcar_voice_ctrl:/home/yahboom/yahboomcar_ros2_ws/yahboomcar_ws/install/yahboomcar_visual:/home/yahboom/yahboomcar_ros2_ws/yahboomcar_ws/install/yahboomcar_rviz:/home/yahboom/yahboomcar_ros2_ws/yahboomcar_ws/install/yahboomcar_nav:/home/yahboom/yahboomcar_ros2_ws/yahboomcar_ws/install/yahboomcar_multi:/home/yahboom/yahboomcar_ros2_ws/yahboomcar_ws/install/yahboomcar_mediapipe:/home/yahboom/yahboomcar_ros2_ws/yahboomcar_ws/install/yahboomcar_linefollow:/home/yahboom/yahboomcar_ros2_ws/yahboomcar_ws/install/yahboomcar_laser:/home/yahboom/yahboomcar_ros2_ws/yahboomcar_ws/install/yahboomcar_description_x1:/home/yahboom/yahboomcar_ros2_ws/yahboomcar_ws/install/yahboomcar_description:/home/yahboom/yahboomcar_ros2_ws/yahboomcar_ws/install/yahboomcar_ctrl:/home/yahboom/yahboomcar_ros2_ws/yahboomcar_ws/install/yahboomcar_bringup:/home/yahboom/yahboomcar_ros2_ws/yahboomcar_ws/install/yahboomcar_astra:/home/yahboom/yahboomcar_ros2_ws/yahboomcar_ws/install/robot_pose_publisher:/home/yahboom/yahboomcar_ros2_ws/yahboomcar_ws/install/laserscan_to_point_pulisher:/opt/ros/foxy /usr/bin/cmake --build /home/yahboom/ArchDocs/SharedDocs/S24_RobotProgramming_eloquent/Lab3-4/roscourse_ws/build/turtle_interfaces -- -j8 -l8
[3.932s] Invoking command in '/home/yahboom/ArchDocs/SharedDocs/S24_RobotProgramming_eloquent/Lab3-4/roscourse_ws/build/turtle_interfaces': CMAKE_PREFIX_PATH=${CMAKE_PREFIX_PATH}:/home/yahboom/yahboomcar_ros2_ws/yahboomcar_ws/install/yahboomcar_voice_ctrl:/home/yahboom/yahboomcar_ros2_ws/yahboomcar_ws/install/yahboomcar_visual:/home/yahboom/yahboomcar_ros2_ws/yahboomcar_ws/install/yahboomcar_rviz:/home/yahboom/yahboomcar_ros2_ws/yahboomcar_ws/install/yahboomcar_nav:/home/yahboom/yahboomcar_ros2_ws/yahboomcar_ws/install/yahboomcar_multi:/home/yahboom/yahboomcar_ros2_ws/yahboomcar_ws/install/yahboomcar_mediapipe:/home/yahboom/yahboomcar_ros2_ws/yahboomcar_ws/install/yahboomcar_linefollow:/home/yahboom/yahboomcar_ros2_ws/yahboomcar_ws/install/yahboomcar_laser:/home/yahboom/yahboomcar_ros2_ws/yahboomcar_ws/install/yahboomcar_description_x1:/home/yahboom/yahboomcar_ros2_ws/yahboomcar_ws/install/yahboomcar_description:/home/yahboom/yahboomcar_ros2_ws/yahboomcar_ws/install/yahboomcar_ctrl:/home/yahboom/yahboomcar_ros2_ws/yahboomcar_ws/install/yahboomcar_bringup:/home/yahboom/yahboomcar_ros2_ws/yahboomcar_ws/install/yahboomcar_astra:/home/yahboom/yahboomcar_ros2_ws/yahboomcar_ws/install/robot_pose_publisher:/home/yahboom/yahboomcar_ros2_ws/yahboomcar_ws/install/laserscan_to_point_pulisher:/opt/ros/foxy /usr/bin/cmake --install /home/yahboom/ArchDocs/SharedDocs/S24_RobotProgramming_eloquent/Lab3-4/roscourse_ws/build/turtle_interfaces
[3.939s] -- Install configuration: ""
[3.942s] -- Up-to-date: /home/yahboom/ArchDocs/SharedDocs/S24_RobotProgramming_eloquent/Lab3-4/roscourse_ws/install/turtle_interfaces/share/ament_index/resource_index/rosidl_interfaces/turtle_interfaces
[3.943s] -- Up-to-date: /home/yahboom/ArchDocs/SharedDocs/S24_RobotProgramming_eloquent/Lab3-4/roscourse_ws/install/turtle_interfaces/include/turtle_interfaces
[3.944s] -- Up-to-date: /home/yahboom/ArchDocs/SharedDocs/S24_RobotProgramming_eloquent/Lab3-4/roscourse_ws/install/turtle_interfaces/include/turtle_interfaces/msg
[3.946s] -- Up-to-date: /home/yahboom/ArchDocs/SharedDocs/S24_RobotProgramming_eloquent/Lab3-4/roscourse_ws/install/turtle_interfaces/include/turtle_interfaces/msg/detail
[3.946s] -- Up-to-date: /home/yahboom/ArchDocs/SharedDocs/S24_RobotProgramming_eloquent/Lab3-4/roscourse_ws/install/turtle_interfaces/include/turtle_interfaces/msg/detail/turtle_msg__type_support.h
[3.947s] -- Up-to-date: /home/yahboom/ArchDocs/SharedDocs/S24_RobotProgramming_eloquent/Lab3-4/roscourse_ws/install/turtle_interfaces/include/turtle_interfaces/msg/detail/turtle_msg__functions.c
[3.948s] -- Up-to-date: /home/yahboom/ArchDocs/SharedDocs/S24_RobotProgramming_eloquent/Lab3-4/roscourse_ws/install/turtle_interfaces/include/turtle_interfaces/msg/detail/turtle_msg__functions.h
[3.949s] -- Up-to-date: /home/yahboom/ArchDocs/SharedDocs/S24_RobotProgramming_eloquent/Lab3-4/roscourse_ws/install/turtle_interfaces/include/turtle_interfaces/msg/detail/turtle_msg__struct.h
[3.950s] -- Up-to-date: /home/yahboom/ArchDocs/SharedDocs/S24_RobotProgramming_eloquent/Lab3-4/roscourse_ws/install/turtle_interfaces/include/turtle_interfaces/msg/rosidl_generator_c__visibility_control.h
[3.951s] -- Up-to-date: /home/yahboom/ArchDocs/SharedDocs/S24_RobotProgramming_eloquent/Lab3-4/roscourse_ws/install/turtle_interfaces/include/turtle_interfaces/msg/turtle_msg.h
[3.952s] -- Up-to-date: /home/yahboom/ArchDocs/SharedDocs/S24_RobotProgramming_eloquent/Lab3-4/roscourse_ws/install/turtle_interfaces/include/turtle_interfaces/srv
[3.953s] -- Up-to-date: /home/yahboom/ArchDocs/SharedDocs/S24_RobotProgramming_eloquent/Lab3-4/roscourse_ws/install/turtle_interfaces/include/turtle_interfaces/srv/detail
[3.954s] -- Up-to-date: /home/yahboom/ArchDocs/SharedDocs/S24_RobotProgramming_eloquent/Lab3-4/roscourse_ws/install/turtle_interfaces/include/turtle_interfaces/srv/detail/set_color__struct.h
[3.955s] -- Up-to-date: /home/yahboom/ArchDocs/SharedDocs/S24_RobotProgramming_eloquent/Lab3-4/roscourse_ws/install/turtle_interfaces/include/turtle_interfaces/srv/detail/set_pose__functions.c
[3.955s] -- Up-to-date: /home/yahboom/ArchDocs/SharedDocs/S24_RobotProgramming_eloquent/Lab3-4/roscourse_ws/install/turtle_interfaces/include/turtle_interfaces/srv/detail/set_pose__type_support.h
[3.956s] -- Up-to-date: /home/yahboom/ArchDocs/SharedDocs/S24_RobotProgramming_eloquent/Lab3-4/roscourse_ws/install/turtle_interfaces/include/turtle_interfaces/srv/detail/set_pose__struct.h
[3.957s] -- Up-to-date: /home/yahboom/ArchDocs/SharedDocs/S24_RobotProgramming_eloquent/Lab3-4/roscourse_ws/install/turtle_interfaces/include/turtle_interfaces/srv/detail/set_color__functions.c
[3.958s] -- Up-to-date: /home/yahboom/ArchDocs/SharedDocs/S24_RobotProgramming_eloquent/Lab3-4/roscourse_ws/install/turtle_interfaces/include/turtle_interfaces/srv/detail/set_color__type_support.h
[3.958s] -- Up-to-date: /home/yahboom/ArchDocs/SharedDocs/S24_RobotProgramming_eloquent/Lab3-4/roscourse_ws/install/turtle_interfaces/include/turtle_interfaces/srv/detail/set_color__functions.h
[3.959s] -- Up-to-date: /home/yahboom/ArchDocs/SharedDocs/S24_RobotProgramming_eloquent/Lab3-4/roscourse_ws/install/turtle_interfaces/include/turtle_interfaces/srv/detail/set_pose__functions.h
[3.960s] -- Up-to-date: /home/yahboom/ArchDocs/SharedDocs/S24_RobotProgramming_eloquent/Lab3-4/roscourse_ws/install/turtle_interfaces/include/turtle_interfaces/srv/set_color.h
[3.961s] -- Up-to-date: /home/yahboom/ArchDocs/SharedDocs/S24_RobotProgramming_eloquent/Lab3-4/roscourse_ws/install/turtle_interfaces/include/turtle_interfaces/srv/set_pose.h
[3.961s] -- Up-to-date: /home/yahboom/ArchDocs/SharedDocs/S24_RobotProgramming_eloquent/Lab3-4/roscourse_ws/install/turtle_interfaces/share/turtle_interfaces/environment/library_path.sh
[3.962s] -- Up-to-date: /home/yahboom/ArchDocs/SharedDocs/S24_RobotProgramming_eloquent/Lab3-4/roscourse_ws/install/turtle_interfaces/share/turtle_interfaces/environment/library_path.dsv
[3.963s] -- Installing: /home/yahboom/ArchDocs/SharedDocs/S24_RobotProgramming_eloquent/Lab3-4/roscourse_ws/install/turtle_interfaces/lib/libturtle_interfaces__rosidl_generator_c.so
[3.966s] -- Set runtime path of "/home/yahboom/ArchDocs/SharedDocs/S24_RobotProgramming_eloquent/Lab3-4/roscourse_ws/install/turtle_interfaces/lib/libturtle_interfaces__rosidl_generator_c.so" to ""
[3.968s] -- Up-to-date: /home/yahboom/ArchDocs/SharedDocs/S24_RobotProgramming_eloquent/Lab3-4/roscourse_ws/install/turtle_interfaces/include/turtle_interfaces
[3.969s] -- Up-to-date: /home/yahboom/ArchDocs/SharedDocs/S24_RobotProgramming_eloquent/Lab3-4/roscourse_ws/install/turtle_interfaces/include/turtle_interfaces/msg
[3.970s] -- Up-to-date: /home/yahboom/ArchDocs/SharedDocs/S24_RobotProgramming_eloquent/Lab3-4/roscourse_ws/install/turtle_interfaces/include/turtle_interfaces/msg/rosidl_typesupport_fastrtps_c__visibility_control.h
[3.971s] -- Up-to-date: /home/yahboom/ArchDocs/SharedDocs/S24_RobotProgramming_eloquent/Lab3-4/roscourse_ws/install/turtle_interfaces/include/turtle_interfaces/msg/detail
[3.972s] -- Up-to-date: /home/yahboom/ArchDocs/SharedDocs/S24_RobotProgramming_eloquent/Lab3-4/roscourse_ws/install/turtle_interfaces/include/turtle_interfaces/msg/detail/turtle_msg__rosidl_typesupport_fastrtps_c.h
[3.973s] -- Up-to-date: /home/yahboom/ArchDocs/SharedDocs/S24_RobotProgramming_eloquent/Lab3-4/roscourse_ws/install/turtle_interfaces/include/turtle_interfaces/srv
[3.973s] -- Up-to-date: /home/yahboom/ArchDocs/SharedDocs/S24_RobotProgramming_eloquent/Lab3-4/roscourse_ws/install/turtle_interfaces/include/turtle_interfaces/srv/detail
[3.974s] -- Up-to-date: /home/yahboom/ArchDocs/SharedDocs/S24_RobotProgramming_eloquent/Lab3-4/roscourse_ws/install/turtle_interfaces/include/turtle_interfaces/srv/detail/set_pose__rosidl_typesupport_fastrtps_c.h
[3.975s] -- Up-to-date: /home/yahboom/ArchDocs/SharedDocs/S24_RobotProgramming_eloquent/Lab3-4/roscourse_ws/install/turtle_interfaces/include/turtle_interfaces/srv/detail/set_color__rosidl_typesupport_fastrtps_c.h
[3.976s] -- Installing: /home/yahboom/ArchDocs/SharedDocs/S24_RobotProgramming_eloquent/Lab3-4/roscourse_ws/install/turtle_interfaces/lib/libturtle_interfaces__rosidl_typesupport_fastrtps_c.so
[3.981s] -- Set runtime path of "/home/yahboom/ArchDocs/SharedDocs/S24_RobotProgramming_eloquent/Lab3-4/roscourse_ws/install/turtle_interfaces/lib/libturtle_interfaces__rosidl_typesupport_fastrtps_c.so" to ""
[3.982s] -- Up-to-date: /home/yahboom/ArchDocs/SharedDocs/S24_RobotProgramming_eloquent/Lab3-4/roscourse_ws/install/turtle_interfaces/include/turtle_interfaces
[3.983s] -- Up-to-date: /home/yahboom/ArchDocs/SharedDocs/S24_RobotProgramming_eloquent/Lab3-4/roscourse_ws/install/turtle_interfaces/include/turtle_interfaces/msg
[3.984s] -- Up-to-date: /home/yahboom/ArchDocs/SharedDocs/S24_RobotProgramming_eloquent/Lab3-4/roscourse_ws/install/turtle_interfaces/include/turtle_interfaces/msg/rosidl_typesupport_fastrtps_cpp__visibility_control.h
[3.985s] -- Up-to-date: /home/yahboom/ArchDocs/SharedDocs/S24_RobotProgramming_eloquent/Lab3-4/roscourse_ws/install/turtle_interfaces/include/turtle_interfaces/msg/detail
[3.986s] -- Up-to-date: /home/yahboom/ArchDocs/SharedDocs/S24_RobotProgramming_eloquent/Lab3-4/roscourse_ws/install/turtle_interfaces/include/turtle_interfaces/msg/detail/turtle_msg__rosidl_typesupport_fastrtps_cpp.hpp
[3.987s] -- Up-to-date: /home/yahboom/ArchDocs/SharedDocs/S24_RobotProgramming_eloquent/Lab3-4/roscourse_ws/install/turtle_interfaces/include/turtle_interfaces/msg/detail/dds_fastrtps
[3.988s] -- Up-to-date: /home/yahboom/ArchDocs/SharedDocs/S24_RobotProgramming_eloquent/Lab3-4/roscourse_ws/install/turtle_interfaces/include/turtle_interfaces/srv
[3.989s] -- Up-to-date: /home/yahboom/ArchDocs/SharedDocs/S24_RobotProgramming_eloquent/Lab3-4/roscourse_ws/install/turtle_interfaces/include/turtle_interfaces/srv/detail
[3.990s] -- Up-to-date: /home/yahboom/ArchDocs/SharedDocs/S24_RobotProgramming_eloquent/Lab3-4/roscourse_ws/install/turtle_interfaces/include/turtle_interfaces/srv/detail/set_pose__rosidl_typesupport_fastrtps_cpp.hpp
[3.991s] -- Up-to-date: /home/yahboom/ArchDocs/SharedDocs/S24_RobotProgramming_eloquent/Lab3-4/roscourse_ws/install/turtle_interfaces/include/turtle_interfaces/srv/detail/set_color__rosidl_typesupport_fastrtps_cpp.hpp
[3.991s] -- Up-to-date: /home/yahboom/ArchDocs/SharedDocs/S24_RobotProgramming_eloquent/Lab3-4/roscourse_ws/install/turtle_interfaces/include/turtle_interfaces/srv/detail/dds_fastrtps
[3.992s] -- Installing: /home/yahboom/ArchDocs/SharedDocs/S24_RobotProgramming_eloquent/Lab3-4/roscourse_ws/install/turtle_interfaces/lib/libturtle_interfaces__rosidl_typesupport_fastrtps_cpp.so
[3.997s] -- Set runtime path of "/home/yahboom/ArchDocs/SharedDocs/S24_RobotProgramming_eloquent/Lab3-4/roscourse_ws/install/turtle_interfaces/lib/libturtle_interfaces__rosidl_typesupport_fastrtps_cpp.so" to ""
[3.999s] -- Up-to-date: /home/yahboom/ArchDocs/SharedDocs/S24_RobotProgramming_eloquent/Lab3-4/roscourse_ws/install/turtle_interfaces/include/turtle_interfaces
[4.000s] -- Up-to-date: /home/yahboom/ArchDocs/SharedDocs/S24_RobotProgramming_eloquent/Lab3-4/roscourse_ws/install/turtle_interfaces/include/turtle_interfaces/msg
[4.001s] -- Up-to-date: /home/yahboom/ArchDocs/SharedDocs/S24_RobotProgramming_eloquent/Lab3-4/roscourse_ws/install/turtle_interfaces/include/turtle_interfaces/msg/rosidl_typesupport_introspection_c__visibility_control.h
[4.001s] -- Up-to-date: /home/yahboom/ArchDocs/SharedDocs/S24_RobotProgramming_eloquent/Lab3-4/roscourse_ws/install/turtle_interfaces/include/turtle_interfaces/msg/detail
[4.002s] -- Up-to-date: /home/yahboom/ArchDocs/SharedDocs/S24_RobotProgramming_eloquent/Lab3-4/roscourse_ws/install/turtle_interfaces/include/turtle_interfaces/msg/detail/turtle_msg__rosidl_typesupport_introspection_c.h
[4.004s] -- Up-to-date: /home/yahboom/ArchDocs/SharedDocs/S24_RobotProgramming_eloquent/Lab3-4/roscourse_ws/install/turtle_interfaces/include/turtle_interfaces/msg/detail/turtle_msg__type_support.c
[4.004s] -- Up-to-date: /home/yahboom/ArchDocs/SharedDocs/S24_RobotProgramming_eloquent/Lab3-4/roscourse_ws/install/turtle_interfaces/include/turtle_interfaces/srv
[4.005s] -- Up-to-date: /home/yahboom/ArchDocs/SharedDocs/S24_RobotProgramming_eloquent/Lab3-4/roscourse_ws/install/turtle_interfaces/include/turtle_interfaces/srv/detail
[4.005s] -- Up-to-date: /home/yahboom/ArchDocs/SharedDocs/S24_RobotProgramming_eloquent/Lab3-4/roscourse_ws/install/turtle_interfaces/include/turtle_interfaces/srv/detail/set_pose__rosidl_typesupport_introspection_c.h
[4.006s] -- Up-to-date: /home/yahboom/ArchDocs/SharedDocs/S24_RobotProgramming_eloquent/Lab3-4/roscourse_ws/install/turtle_interfaces/include/turtle_interfaces/srv/detail/set_color__type_support.c
[4.007s] -- Up-to-date: /home/yahboom/ArchDocs/SharedDocs/S24_RobotProgramming_eloquent/Lab3-4/roscourse_ws/install/turtle_interfaces/include/turtle_interfaces/srv/detail/set_color__rosidl_typesupport_introspection_c.h
[4.007s] -- Up-to-date: /home/yahboom/ArchDocs/SharedDocs/S24_RobotProgramming_eloquent/Lab3-4/roscourse_ws/install/turtle_interfaces/include/turtle_interfaces/srv/detail/set_pose__type_support.c
[4.008s] -- Installing: /home/yahboom/ArchDocs/SharedDocs/S24_RobotProgramming_eloquent/Lab3-4/roscourse_ws/install/turtle_interfaces/lib/libturtle_interfaces__rosidl_typesupport_introspection_c.so
[4.013s] -- Set runtime path of "/home/yahboom/ArchDocs/SharedDocs/S24_RobotProgramming_eloquent/Lab3-4/roscourse_ws/install/turtle_interfaces/lib/libturtle_interfaces__rosidl_typesupport_introspection_c.so" to ""
[4.014s] -- Installing: /home/yahboom/ArchDocs/SharedDocs/S24_RobotProgramming_eloquent/Lab3-4/roscourse_ws/install/turtle_interfaces/lib/libturtle_interfaces__rosidl_typesupport_c.so
[4.019s] -- Set runtime path of "/home/yahboom/ArchDocs/SharedDocs/S24_RobotProgramming_eloquent/Lab3-4/roscourse_ws/install/turtle_interfaces/lib/libturtle_interfaces__rosidl_typesupport_c.so" to ""
[4.020s] -- Up-to-date: /home/yahboom/ArchDocs/SharedDocs/S24_RobotProgramming_eloquent/Lab3-4/roscourse_ws/install/turtle_interfaces/include/turtle_interfaces
[4.021s] -- Up-to-date: /home/yahboom/ArchDocs/SharedDocs/S24_RobotProgramming_eloquent/Lab3-4/roscourse_ws/install/turtle_interfaces/include/turtle_interfaces/msg
[4.022s] -- Up-to-date: /home/yahboom/ArchDocs/SharedDocs/S24_RobotProgramming_eloquent/Lab3-4/roscourse_ws/install/turtle_interfaces/include/turtle_interfaces/msg/turtle_msg.hpp
[4.023s] -- Up-to-date: /home/yahboom/ArchDocs/SharedDocs/S24_RobotProgramming_eloquent/Lab3-4/roscourse_ws/install/turtle_interfaces/include/turtle_interfaces/msg/detail
[4.024s] -- Up-to-date: /home/yahboom/ArchDocs/SharedDocs/S24_RobotProgramming_eloquent/Lab3-4/roscourse_ws/install/turtle_interfaces/include/turtle_interfaces/msg/detail/turtle_msg__builder.hpp
[4.025s] -- Up-to-date: /home/yahboom/ArchDocs/SharedDocs/S24_RobotProgramming_eloquent/Lab3-4/roscourse_ws/install/turtle_interfaces/include/turtle_interfaces/msg/detail/turtle_msg__traits.hpp
[4.026s] -- Up-to-date: /home/yahboom/ArchDocs/SharedDocs/S24_RobotProgramming_eloquent/Lab3-4/roscourse_ws/install/turtle_interfaces/include/turtle_interfaces/msg/detail/turtle_msg__struct.hpp
[4.027s] -- Up-to-date: /home/yahboom/ArchDocs/SharedDocs/S24_RobotProgramming_eloquent/Lab3-4/roscourse_ws/install/turtle_interfaces/include/turtle_interfaces/srv
[4.028s] -- Up-to-date: /home/yahboom/ArchDocs/SharedDocs/S24_RobotProgramming_eloquent/Lab3-4/roscourse_ws/install/turtle_interfaces/include/turtle_interfaces/srv/set_color.hpp
[4.028s] -- Up-to-date: /home/yahboom/ArchDocs/SharedDocs/S24_RobotProgramming_eloquent/Lab3-4/roscourse_ws/install/turtle_interfaces/include/turtle_interfaces/srv/detail
[4.029s] -- Up-to-date: /home/yahboom/ArchDocs/SharedDocs/S24_RobotProgramming_eloquent/Lab3-4/roscourse_ws/install/turtle_interfaces/include/turtle_interfaces/srv/detail/set_color__traits.hpp
[4.030s] -- Up-to-date: /home/yahboom/ArchDocs/SharedDocs/S24_RobotProgramming_eloquent/Lab3-4/roscourse_ws/install/turtle_interfaces/include/turtle_interfaces/srv/detail/set_color__builder.hpp
[4.030s] -- Up-to-date: /home/yahboom/ArchDocs/SharedDocs/S24_RobotProgramming_eloquent/Lab3-4/roscourse_ws/install/turtle_interfaces/include/turtle_interfaces/srv/detail/set_pose__struct.hpp
[4.031s] -- Up-to-date: /home/yahboom/ArchDocs/SharedDocs/S24_RobotProgramming_eloquent/Lab3-4/roscourse_ws/install/turtle_interfaces/include/turtle_interfaces/srv/detail/set_pose__traits.hpp
[4.032s] -- Up-to-date: /home/yahboom/ArchDocs/SharedDocs/S24_RobotProgramming_eloquent/Lab3-4/roscourse_ws/install/turtle_interfaces/include/turtle_interfaces/srv/detail/set_pose__builder.hpp
[4.033s] -- Up-to-date: /home/yahboom/ArchDocs/SharedDocs/S24_RobotProgramming_eloquent/Lab3-4/roscourse_ws/install/turtle_interfaces/include/turtle_interfaces/srv/detail/set_color__struct.hpp
[4.034s] -- Up-to-date: /home/yahboom/ArchDocs/SharedDocs/S24_RobotProgramming_eloquent/Lab3-4/roscourse_ws/install/turtle_interfaces/include/turtle_interfaces/srv/set_pose.hpp
[4.035s] -- Up-to-date: /home/yahboom/ArchDocs/SharedDocs/S24_RobotProgramming_eloquent/Lab3-4/roscourse_ws/install/turtle_interfaces/include/turtle_interfaces
[4.036s] -- Up-to-date: /home/yahboom/ArchDocs/SharedDocs/S24_RobotProgramming_eloquent/Lab3-4/roscourse_ws/install/turtle_interfaces/include/turtle_interfaces/msg
[4.037s] -- Up-to-date: /home/yahboom/ArchDocs/SharedDocs/S24_RobotProgramming_eloquent/Lab3-4/roscourse_ws/install/turtle_interfaces/include/turtle_interfaces/msg/detail
[4.038s] -- Up-to-date: /home/yahboom/ArchDocs/SharedDocs/S24_RobotProgramming_eloquent/Lab3-4/roscourse_ws/install/turtle_interfaces/include/turtle_interfaces/msg/detail/turtle_msg__type_support.cpp
[4.039s] -- Up-to-date: /home/yahboom/ArchDocs/SharedDocs/S24_RobotProgramming_eloquent/Lab3-4/roscourse_ws/install/turtle_interfaces/include/turtle_interfaces/msg/detail/turtle_msg__rosidl_typesupport_introspection_cpp.hpp
[4.039s] -- Up-to-date: /home/yahboom/ArchDocs/SharedDocs/S24_RobotProgramming_eloquent/Lab3-4/roscourse_ws/install/turtle_interfaces/include/turtle_interfaces/srv
[4.040s] -- Up-to-date: /home/yahboom/ArchDocs/SharedDocs/S24_RobotProgramming_eloquent/Lab3-4/roscourse_ws/install/turtle_interfaces/include/turtle_interfaces/srv/detail
[4.041s] -- Up-to-date: /home/yahboom/ArchDocs/SharedDocs/S24_RobotProgramming_eloquent/Lab3-4/roscourse_ws/install/turtle_interfaces/include/turtle_interfaces/srv/detail/set_color__rosidl_typesupport_introspection_cpp.hpp
[4.041s] -- Up-to-date: /home/yahboom/ArchDocs/SharedDocs/S24_RobotProgramming_eloquent/Lab3-4/roscourse_ws/install/turtle_interfaces/include/turtle_interfaces/srv/detail/set_pose__type_support.cpp
[4.042s] -- Up-to-date: /home/yahboom/ArchDocs/SharedDocs/S24_RobotProgramming_eloquent/Lab3-4/roscourse_ws/install/turtle_interfaces/include/turtle_interfaces/srv/detail/set_pose__rosidl_typesupport_introspection_cpp.hpp
[4.043s] -- Up-to-date: /home/yahboom/ArchDocs/SharedDocs/S24_RobotProgramming_eloquent/Lab3-4/roscourse_ws/install/turtle_interfaces/include/turtle_interfaces/srv/detail/set_color__type_support.cpp
[4.044s] -- Installing: /home/yahboom/ArchDocs/SharedDocs/S24_RobotProgramming_eloquent/Lab3-4/roscourse_ws/install/turtle_interfaces/lib/libturtle_interfaces__rosidl_typesupport_introspection_cpp.so
[4.047s] -- Set runtime path of "/home/yahboom/ArchDocs/SharedDocs/S24_RobotProgramming_eloquent/Lab3-4/roscourse_ws/install/turtle_interfaces/lib/libturtle_interfaces__rosidl_typesupport_introspection_cpp.so" to ""
[4.049s] -- Installing: /home/yahboom/ArchDocs/SharedDocs/S24_RobotProgramming_eloquent/Lab3-4/roscourse_ws/install/turtle_interfaces/lib/libturtle_interfaces__rosidl_typesupport_cpp.so
[4.054s] -- Set runtime path of "/home/yahboom/ArchDocs/SharedDocs/S24_RobotProgramming_eloquent/Lab3-4/roscourse_ws/install/turtle_interfaces/lib/libturtle_interfaces__rosidl_typesupport_cpp.so" to ""
[4.055s] -- Up-to-date: /home/yahboom/ArchDocs/SharedDocs/S24_RobotProgramming_eloquent/Lab3-4/roscourse_ws/install/turtle_interfaces/share/turtle_interfaces/environment/pythonpath.sh
[4.055s] -- Up-to-date: /home/yahboom/ArchDocs/SharedDocs/S24_RobotProgramming_eloquent/Lab3-4/roscourse_ws/install/turtle_interfaces/share/turtle_interfaces/environment/pythonpath.dsv
[4.056s] -- Up-to-date: /home/yahboom/ArchDocs/SharedDocs/S24_RobotProgramming_eloquent/Lab3-4/roscourse_ws/install/turtle_interfaces/lib/python3.8/site-packages/turtle_interfaces/__init__.py
[4.093s] -- Up-to-date: /home/yahboom/ArchDocs/SharedDocs/S24_RobotProgramming_eloquent/Lab3-4/roscourse_ws/install/turtle_interfaces/lib/python3.8/site-packages/turtle_interfaces/msg
[4.094s] -- Up-to-date: /home/yahboom/ArchDocs/SharedDocs/S24_RobotProgramming_eloquent/Lab3-4/roscourse_ws/install/turtle_interfaces/lib/python3.8/site-packages/turtle_interfaces/msg/_turtle_msg_s.c
[4.095s] -- Up-to-date: /home/yahboom/ArchDocs/SharedDocs/S24_RobotProgramming_eloquent/Lab3-4/roscourse_ws/install/turtle_interfaces/lib/python3.8/site-packages/turtle_interfaces/msg/__init__.py
[4.096s] -- Up-to-date: /home/yahboom/ArchDocs/SharedDocs/S24_RobotProgramming_eloquent/Lab3-4/roscourse_ws/install/turtle_interfaces/lib/python3.8/site-packages/turtle_interfaces/msg/_turtle_msg.py
[4.097s] -- Up-to-date: /home/yahboom/ArchDocs/SharedDocs/S24_RobotProgramming_eloquent/Lab3-4/roscourse_ws/install/turtle_interfaces/lib/python3.8/site-packages/turtle_interfaces/srv
[4.098s] -- Up-to-date: /home/yahboom/ArchDocs/SharedDocs/S24_RobotProgramming_eloquent/Lab3-4/roscourse_ws/install/turtle_interfaces/lib/python3.8/site-packages/turtle_interfaces/srv/_set_pose_s.c
[4.099s] -- Up-to-date: /home/yahboom/ArchDocs/SharedDocs/S24_RobotProgramming_eloquent/Lab3-4/roscourse_ws/install/turtle_interfaces/lib/python3.8/site-packages/turtle_interfaces/srv/_set_color.py
[4.100s] -- Up-to-date: /home/yahboom/ArchDocs/SharedDocs/S24_RobotProgramming_eloquent/Lab3-4/roscourse_ws/install/turtle_interfaces/lib/python3.8/site-packages/turtle_interfaces/srv/_set_color_s.c
[4.100s] -- Up-to-date: /home/yahboom/ArchDocs/SharedDocs/S24_RobotProgramming_eloquent/Lab3-4/roscourse_ws/install/turtle_interfaces/lib/python3.8/site-packages/turtle_interfaces/srv/__init__.py
[4.101s] -- Up-to-date: /home/yahboom/ArchDocs/SharedDocs/S24_RobotProgramming_eloquent/Lab3-4/roscourse_ws/install/turtle_interfaces/lib/python3.8/site-packages/turtle_interfaces/srv/_set_pose.py
[4.102s] -- Installing: /home/yahboom/ArchDocs/SharedDocs/S24_RobotProgramming_eloquent/Lab3-4/roscourse_ws/install/turtle_interfaces/lib/python3.8/site-packages/turtle_interfaces/turtle_interfaces_s__rosidl_typesupport_fastrtps_c.cpython-38-x86_64-linux-gnu.so
[4.106s] -- Set runtime path of "/home/yahboom/ArchDocs/SharedDocs/S24_RobotProgramming_eloquent/Lab3-4/roscourse_ws/install/turtle_interfaces/lib/python3.8/site-packages/turtle_interfaces/turtle_interfaces_s__rosidl_typesupport_fastrtps_c.cpython-38-x86_64-linux-gnu.so" to ""
[4.108s] -- Installing: /home/yahboom/ArchDocs/SharedDocs/S24_RobotProgramming_eloquent/Lab3-4/roscourse_ws/install/turtle_interfaces/lib/python3.8/site-packages/turtle_interfaces/turtle_interfaces_s__rosidl_typesupport_introspection_c.cpython-38-x86_64-linux-gnu.so
[4.113s] -- Set runtime path of "/home/yahboom/ArchDocs/SharedDocs/S24_RobotProgramming_eloquent/Lab3-4/roscourse_ws/install/turtle_interfaces/lib/python3.8/site-packages/turtle_interfaces/turtle_interfaces_s__rosidl_typesupport_introspection_c.cpython-38-x86_64-linux-gnu.so" to ""
[4.115s] -- Installing: /home/yahboom/ArchDocs/SharedDocs/S24_RobotProgramming_eloquent/Lab3-4/roscourse_ws/install/turtle_interfaces/lib/python3.8/site-packages/turtle_interfaces/turtle_interfaces_s__rosidl_typesupport_c.cpython-38-x86_64-linux-gnu.so
[4.120s] -- Set runtime path of "/home/yahboom/ArchDocs/SharedDocs/S24_RobotProgramming_eloquent/Lab3-4/roscourse_ws/install/turtle_interfaces/lib/python3.8/site-packages/turtle_interfaces/turtle_interfaces_s__rosidl_typesupport_c.cpython-38-x86_64-linux-gnu.so" to ""
[4.121s] -- Installing: /home/yahboom/ArchDocs/SharedDocs/S24_RobotProgramming_eloquent/Lab3-4/roscourse_ws/install/turtle_interfaces/lib/libturtle_interfaces__python.so
[4.127s] -- Set runtime path of "/home/yahboom/ArchDocs/SharedDocs/S24_RobotProgramming_eloquent/Lab3-4/roscourse_ws/install/turtle_interfaces/lib/libturtle_interfaces__python.so" to ""
[4.128s] -- Up-to-date: /home/yahboom/ArchDocs/SharedDocs/S24_RobotProgramming_eloquent/Lab3-4/roscourse_ws/install/turtle_interfaces/share/turtle_interfaces/msg/TurtleMsg.idl
[4.129s] -- Up-to-date: /home/yahboom/ArchDocs/SharedDocs/S24_RobotProgramming_eloquent/Lab3-4/roscourse_ws/install/turtle_interfaces/share/turtle_interfaces/srv/SetPose.idl
[4.130s] -- Up-to-date: /home/yahboom/ArchDocs/SharedDocs/S24_RobotProgramming_eloquent/Lab3-4/roscourse_ws/install/turtle_interfaces/share/turtle_interfaces/srv/SetColor.idl
[4.131s] -- Up-to-date: /home/yahboom/ArchDocs/SharedDocs/S24_RobotProgramming_eloquent/Lab3-4/roscourse_ws/install/turtle_interfaces/share/turtle_interfaces/msg/TurtleMsg.msg
[4.131s] -- Up-to-date: /home/yahboom/ArchDocs/SharedDocs/S24_RobotProgramming_eloquent/Lab3-4/roscourse_ws/install/turtle_interfaces/share/turtle_interfaces/srv/SetPose.srv
[4.132s] -- Up-to-date: /home/yahboom/ArchDocs/SharedDocs/S24_RobotProgramming_eloquent/Lab3-4/roscourse_ws/install/turtle_interfaces/share/turtle_interfaces/srv/SetPose_Request.msg
[4.133s] -- Up-to-date: /home/yahboom/ArchDocs/SharedDocs/S24_RobotProgramming_eloquent/Lab3-4/roscourse_ws/install/turtle_interfaces/share/turtle_interfaces/srv/SetPose_Response.msg
[4.134s] -- Up-to-date: /home/yahboom/ArchDocs/SharedDocs/S24_RobotProgramming_eloquent/Lab3-4/roscourse_ws/install/turtle_interfaces/share/turtle_interfaces/srv/SetColor.srv
[4.134s] -- Up-to-date: /home/yahboom/ArchDocs/SharedDocs/S24_RobotProgramming_eloquent/Lab3-4/roscourse_ws/install/turtle_interfaces/share/turtle_interfaces/srv/SetColor_Request.msg
[4.135s] -- Up-to-date: /home/yahboom/ArchDocs/SharedDocs/S24_RobotProgramming_eloquent/Lab3-4/roscourse_ws/install/turtle_interfaces/share/turtle_interfaces/srv/SetColor_Response.msg
[4.136s] -- Up-to-date: /home/yahboom/ArchDocs/SharedDocs/S24_RobotProgramming_eloquent/Lab3-4/roscourse_ws/install/turtle_interfaces/share/ament_index/resource_index/package_run_dependencies/turtle_interfaces
[4.137s] -- Up-to-date: /home/yahboom/ArchDocs/SharedDocs/S24_RobotProgramming_eloquent/Lab3-4/roscourse_ws/install/turtle_interfaces/share/ament_index/resource_index/parent_prefix_path/turtle_interfaces
[4.138s] -- Up-to-date: /home/yahboom/ArchDocs/SharedDocs/S24_RobotProgramming_eloquent/Lab3-4/roscourse_ws/install/turtle_interfaces/share/turtle_interfaces/environment/ament_prefix_path.sh
[4.139s] -- Up-to-date: /home/yahboom/ArchDocs/SharedDocs/S24_RobotProgramming_eloquent/Lab3-4/roscourse_ws/install/turtle_interfaces/share/turtle_interfaces/environment/ament_prefix_path.dsv
[4.139s] -- Up-to-date: /home/yahboom/ArchDocs/SharedDocs/S24_RobotProgramming_eloquent/Lab3-4/roscourse_ws/install/turtle_interfaces/share/turtle_interfaces/environment/path.sh
[4.140s] -- Up-to-date: /home/yahboom/ArchDocs/SharedDocs/S24_RobotProgramming_eloquent/Lab3-4/roscourse_ws/install/turtle_interfaces/share/turtle_interfaces/environment/path.dsv
[4.141s] -- Up-to-date: /home/yahboom/ArchDocs/SharedDocs/S24_RobotProgramming_eloquent/Lab3-4/roscourse_ws/install/turtle_interfaces/share/turtle_interfaces/local_setup.bash
[4.142s] -- Up-to-date: /home/yahboom/ArchDocs/SharedDocs/S24_RobotProgramming_eloquent/Lab3-4/roscourse_ws/install/turtle_interfaces/share/turtle_interfaces/local_setup.sh
[4.142s] -- Up-to-date: /home/yahboom/ArchDocs/SharedDocs/S24_RobotProgramming_eloquent/Lab3-4/roscourse_ws/install/turtle_interfaces/share/turtle_interfaces/local_setup.zsh
[4.143s] -- Up-to-date: /home/yahboom/ArchDocs/SharedDocs/S24_RobotProgramming_eloquent/Lab3-4/roscourse_ws/install/turtle_interfaces/share/turtle_interfaces/local_setup.dsv
[4.144s] -- Installing: /home/yahboom/ArchDocs/SharedDocs/S24_RobotProgramming_eloquent/Lab3-4/roscourse_ws/install/turtle_interfaces/share/turtle_interfaces/package.dsv
[4.145s] -- Up-to-date: /home/yahboom/ArchDocs/SharedDocs/S24_RobotProgramming_eloquent/Lab3-4/roscourse_ws/install/turtle_interfaces/share/ament_index/resource_index/packages/turtle_interfaces
[4.147s] -- Up-to-date: /home/yahboom/ArchDocs/SharedDocs/S24_RobotProgramming_eloquent/Lab3-4/roscourse_ws/install/turtle_interfaces/share/turtle_interfaces/cmake/turtle_interfaces__rosidl_generator_cExport.cmake
[4.148s] -- Up-to-date: /home/yahboom/ArchDocs/SharedDocs/S24_RobotProgramming_eloquent/Lab3-4/roscourse_ws/install/turtle_interfaces/share/turtle_interfaces/cmake/turtle_interfaces__rosidl_generator_cExport-noconfig.cmake
[4.150s] -- Up-to-date: /home/yahboom/ArchDocs/SharedDocs/S24_RobotProgramming_eloquent/Lab3-4/roscourse_ws/install/turtle_interfaces/share/turtle_interfaces/cmake/turtle_interfaces__rosidl_typesupport_introspection_cExport.cmake
[4.150s] -- Up-to-date: /home/yahboom/ArchDocs/SharedDocs/S24_RobotProgramming_eloquent/Lab3-4/roscourse_ws/install/turtle_interfaces/share/turtle_interfaces/cmake/turtle_interfaces__rosidl_typesupport_introspection_cExport-noconfig.cmake
[4.152s] -- Up-to-date: /home/yahboom/ArchDocs/SharedDocs/S24_RobotProgramming_eloquent/Lab3-4/roscourse_ws/install/turtle_interfaces/share/turtle_interfaces/cmake/turtle_interfaces__rosidl_typesupport_cExport.cmake
[4.153s] -- Up-to-date: /home/yahboom/ArchDocs/SharedDocs/S24_RobotProgramming_eloquent/Lab3-4/roscourse_ws/install/turtle_interfaces/share/turtle_interfaces/cmake/turtle_interfaces__rosidl_typesupport_cExport-noconfig.cmake
[4.154s] -- Up-to-date: /home/yahboom/ArchDocs/SharedDocs/S24_RobotProgramming_eloquent/Lab3-4/roscourse_ws/install/turtle_interfaces/share/turtle_interfaces/cmake/turtle_interfaces__rosidl_generator_cppExport.cmake
[4.155s] -- Up-to-date: /home/yahboom/ArchDocs/SharedDocs/S24_RobotProgramming_eloquent/Lab3-4/roscourse_ws/install/turtle_interfaces/share/turtle_interfaces/cmake/turtle_interfaces__rosidl_typesupport_introspection_cppExport.cmake
[4.156s] -- Up-to-date: /home/yahboom/ArchDocs/SharedDocs/S24_RobotProgramming_eloquent/Lab3-4/roscourse_ws/install/turtle_interfaces/share/turtle_interfaces/cmake/turtle_interfaces__rosidl_typesupport_introspection_cppExport-noconfig.cmake
[4.157s] -- Up-to-date: /home/yahboom/ArchDocs/SharedDocs/S24_RobotProgramming_eloquent/Lab3-4/roscourse_ws/install/turtle_interfaces/share/turtle_interfaces/cmake/turtle_interfaces__rosidl_typesupport_cppExport.cmake
[4.158s] -- Up-to-date: /home/yahboom/ArchDocs/SharedDocs/S24_RobotProgramming_eloquent/Lab3-4/roscourse_ws/install/turtle_interfaces/share/turtle_interfaces/cmake/turtle_interfaces__rosidl_typesupport_cppExport-noconfig.cmake
[4.159s] -- Up-to-date: /home/yahboom/ArchDocs/SharedDocs/S24_RobotProgramming_eloquent/Lab3-4/roscourse_ws/install/turtle_interfaces/share/turtle_interfaces/cmake/rosidl_cmake-extras.cmake
[4.160s] -- Up-to-date: /home/yahboom/ArchDocs/SharedDocs/S24_RobotProgramming_eloquent/Lab3-4/roscourse_ws/install/turtle_interfaces/share/turtle_interfaces/cmake/ament_cmake_export_dependencies-extras.cmake
[4.160s] -- Up-to-date: /home/yahboom/ArchDocs/SharedDocs/S24_RobotProgramming_eloquent/Lab3-4/roscourse_ws/install/turtle_interfaces/share/turtle_interfaces/cmake/ament_cmake_export_libraries-extras.cmake
[4.161s] -- Up-to-date: /home/yahboom/ArchDocs/SharedDocs/S24_RobotProgramming_eloquent/Lab3-4/roscourse_ws/install/turtle_interfaces/share/turtle_interfaces/cmake/ament_cmake_export_targets-extras.cmake
[4.162s] -- Up-to-date: /home/yahboom/ArchDocs/SharedDocs/S24_RobotProgramming_eloquent/Lab3-4/roscourse_ws/install/turtle_interfaces/share/turtle_interfaces/cmake/ament_cmake_export_include_directories-extras.cmake
[4.163s] -- Up-to-date: /home/yahboom/ArchDocs/SharedDocs/S24_RobotProgramming_eloquent/Lab3-4/roscourse_ws/install/turtle_interfaces/share/turtle_interfaces/cmake/rosidl_cmake_export_typesupport_libraries-extras.cmake
[4.163s] -- Up-to-date: /home/yahboom/ArchDocs/SharedDocs/S24_RobotProgramming_eloquent/Lab3-4/roscourse_ws/install/turtle_interfaces/share/turtle_interfaces/cmake/rosidl_cmake_export_typesupport_targets-extras.cmake
[4.164s] -- Up-to-date: /home/yahboom/ArchDocs/SharedDocs/S24_RobotProgramming_eloquent/Lab3-4/roscourse_ws/install/turtle_interfaces/share/turtle_interfaces/cmake/turtle_interfacesConfig.cmake
[4.165s] -- Up-to-date: /home/yahboom/ArchDocs/SharedDocs/S24_RobotProgramming_eloquent/Lab3-4/roscourse_ws/install/turtle_interfaces/share/turtle_interfaces/cmake/turtle_interfacesConfig-version.cmake
[4.166s] -- Up-to-date: /home/yahboom/ArchDocs/SharedDocs/S24_RobotProgramming_eloquent/Lab3-4/roscourse_ws/install/turtle_interfaces/share/turtle_interfaces/package.xml
[4.170s] Invoked command in '/home/yahboom/ArchDocs/SharedDocs/S24_RobotProgramming_eloquent/Lab3-4/roscourse_ws/build/turtle_interfaces' returned '0': CMAKE_PREFIX_PATH=${CMAKE_PREFIX_PATH}:/home/yahboom/yahboomcar_ros2_ws/yahboomcar_ws/install/yahboomcar_voice_ctrl:/home/yahboom/yahboomcar_ros2_ws/yahboomcar_ws/install/yahboomcar_visual:/home/yahboom/yahboomcar_ros2_ws/yahboomcar_ws/install/yahboomcar_rviz:/home/yahboom/yahboomcar_ros2_ws/yahboomcar_ws/install/yahboomcar_nav:/home/yahboom/yahboomcar_ros2_ws/yahboomcar_ws/install/yahboomcar_multi:/home/yahboom/yahboomcar_ros2_ws/yahboomcar_ws/install/yahboomcar_mediapipe:/home/yahboom/yahboomcar_ros2_ws/yahboomcar_ws/install/yahboomcar_linefollow:/home/yahboom/yahboomcar_ros2_ws/yahboomcar_ws/install/yahboomcar_laser:/home/yahboom/yahboomcar_ros2_ws/yahboomcar_ws/install/yahboomcar_description_x1:/home/yahboom/yahboomcar_ros2_ws/yahboomcar_ws/install/yahboomcar_description:/home/yahboom/yahboomcar_ros2_ws/yahboomcar_ws/install/yahboomcar_ctrl:/home/yahboom/yahboomcar_ros2_ws/yahboomcar_ws/install/yahboomcar_bringup:/home/yahboom/yahboomcar_ros2_ws/yahboomcar_ws/install/yahboomcar_astra:/home/yahboom/yahboomcar_ros2_ws/yahboomcar_ws/install/robot_pose_publisher:/home/yahboom/yahboomcar_ros2_ws/yahboomcar_ws/install/laserscan_to_point_pulisher:/opt/ros/foxy /usr/bin/cmake --install /home/yahboom/ArchDocs/SharedDocs/S24_RobotProgramming_eloquent/Lab3-4/roscourse_ws/build/turtle_interfaces
