[1.173s] Invoking command in '/home/yahboom/ArchDocs/SharedDocs/S24_RobotProgramming_eloquent/Lab3-4/roscourse_ws/src/webcam': PYTHONPATH=/home/yahboom/ArchDocs/SharedDocs/S24_RobotProgramming_eloquent/Lab3-4/roscourse_ws/build/webcam/prefix_override:/home/yahboom/ArchDocs/SharedDocs/S24_RobotProgramming_eloquent/Lab3-4/roscourse_ws/install/webcam/lib/python3.8/site-packages:${PYTHONPATH} /usr/bin/python3 setup.py egg_info --egg-base ../../build/webcam build --build-base /home/yahboom/ArchDocs/SharedDocs/S24_RobotProgramming_eloquent/Lab3-4/roscourse_ws/build/webcam/build install --record /home/yahboom/ArchDocs/SharedDocs/S24_RobotProgramming_eloquent/Lab3-4/roscourse_ws/build/webcam/install.log --install-scripts $base/lib/webcam --single-version-externally-managed
[1.436s] running egg_info
[1.438s] writing ../../build/webcam/webcam.egg-info/PKG-INFO
[1.439s] writing dependency_links to ../../build/webcam/webcam.egg-info/dependency_links.txt
[1.440s] writing entry points to ../../build/webcam/webcam.egg-info/entry_points.txt
[1.444s] writing requirements to ../../build/webcam/webcam.egg-info/requires.txt
[1.446s] writing top-level names to ../../build/webcam/webcam.egg-info/top_level.txt
[1.485s] reading manifest file '../../build/webcam/webcam.egg-info/SOURCES.txt'
[1.489s] writing manifest file '../../build/webcam/webcam.egg-info/SOURCES.txt'
[1.493s] running build
[1.493s] running build_py
[1.499s] running install
[1.500s] running install_lib
[1.506s] running install_data
[1.509s] running install_egg_info
[1.512s] removing '/home/yahboom/ArchDocs/SharedDocs/S24_RobotProgramming_eloquent/Lab3-4/roscourse_ws/install/webcam/lib/python3.8/site-packages/webcam-0.0.0-py3.8.egg-info' (and everything under it)
[1.519s] Copying ../../build/webcam/webcam.egg-info to /home/yahboom/ArchDocs/SharedDocs/S24_RobotProgramming_eloquent/Lab3-4/roscourse_ws/install/webcam/lib/python3.8/site-packages/webcam-0.0.0-py3.8.egg-info
[1.538s] running install_scripts
[1.554s] Installing webcam_pub script to /home/yahboom/ArchDocs/SharedDocs/S24_RobotProgramming_eloquent/Lab3-4/roscourse_ws/install/webcam/lib/webcam
[1.556s] Installing webcam_sub script to /home/yahboom/ArchDocs/SharedDocs/S24_RobotProgramming_eloquent/Lab3-4/roscourse_ws/install/webcam/lib/webcam
[1.560s] writing list of installed files to '/home/yahboom/ArchDocs/SharedDocs/S24_RobotProgramming_eloquent/Lab3-4/roscourse_ws/build/webcam/install.log'
[1.597s] Invoked command in '/home/yahboom/ArchDocs/SharedDocs/S24_RobotProgramming_eloquent/Lab3-4/roscourse_ws/src/webcam' returned '0': PYTHONPATH=/home/yahboom/ArchDocs/SharedDocs/S24_RobotProgramming_eloquent/Lab3-4/roscourse_ws/build/webcam/prefix_override:/home/yahboom/ArchDocs/SharedDocs/S24_RobotProgramming_eloquent/Lab3-4/roscourse_ws/install/webcam/lib/python3.8/site-packages:${PYTHONPATH} /usr/bin/python3 setup.py egg_info --egg-base ../../build/webcam build --build-base /home/yahboom/ArchDocs/SharedDocs/S24_RobotProgramming_eloquent/Lab3-4/roscourse_ws/build/webcam/build install --record /home/yahboom/ArchDocs/SharedDocs/S24_RobotProgramming_eloquent/Lab3-4/roscourse_ws/build/webcam/install.log --install-scripts $base/lib/webcam --single-version-externally-managed
