[1.976s] Invoking command in '/home/yahboom/S24_RobotProgramming_eloquent/Lab4/roscourse_ws/src/python_turtle': AMENT_PREFIX_PATH=/home/yahboom/S24_RobotProgramming_eloquent/Lab4/roscourse_ws/install/turtle_interfaces:${AMENT_PREFIX_PATH} CMAKE_PREFIX_PATH=/home/yahboom/S24_RobotProgramming_eloquent/Lab4/roscourse_ws/install/turtle_interfaces:${CMAKE_PREFIX_PATH} LD_LIBRARY_PATH=/home/yahboom/S24_RobotProgramming_eloquent/Lab4/roscourse_ws/install/turtle_interfaces/lib:${LD_LIBRARY_PATH} PYTHONPATH=/home/yahboom/S24_RobotProgramming_eloquent/Lab4/roscourse_ws/build/python_turtle/prefix_override:/home/yahboom/S24_RobotProgramming_eloquent/Lab4/roscourse_ws/install/python_turtle/lib/python3.8/site-packages:/home/yahboom/S24_RobotProgramming_eloquent/Lab4/roscourse_ws/install/turtle_interfaces/lib/python3.8/site-packages:${PYTHONPATH} /usr/bin/python3 setup.py egg_info --egg-base ../../build/python_turtle build --build-base /home/yahboom/S24_RobotProgramming_eloquent/Lab4/roscourse_ws/build/python_turtle/build install --record /home/yahboom/S24_RobotProgramming_eloquent/Lab4/roscourse_ws/build/python_turtle/install.log --install-scripts $base/lib/python_turtle --single-version-externally-managed
[2.573s] running egg_info
[2.574s] creating ../../build/python_turtle/python_turtle.egg-info
[2.574s] writing ../../build/python_turtle/python_turtle.egg-info/PKG-INFO
[2.574s] writing dependency_links to ../../build/python_turtle/python_turtle.egg-info/dependency_links.txt
[2.575s] writing entry points to ../../build/python_turtle/python_turtle.egg-info/entry_points.txt
[2.575s] writing requirements to ../../build/python_turtle/python_turtle.egg-info/requires.txt
[2.575s] writing top-level names to ../../build/python_turtle/python_turtle.egg-info/top_level.txt
[2.579s] writing manifest file '../../build/python_turtle/python_turtle.egg-info/SOURCES.txt'
[2.648s] reading manifest file '../../build/python_turtle/python_turtle.egg-info/SOURCES.txt'
[2.651s] writing manifest file '../../build/python_turtle/python_turtle.egg-info/SOURCES.txt'
[2.651s] running build
[2.651s] running build_py
[2.652s] creating /home/yahboom/S24_RobotProgramming_eloquent/Lab4/roscourse_ws/build/python_turtle/build
[2.652s] creating /home/yahboom/S24_RobotProgramming_eloquent/Lab4/roscourse_ws/build/python_turtle/build/lib
[2.652s] creating /home/yahboom/S24_RobotProgramming_eloquent/Lab4/roscourse_ws/build/python_turtle/build/lib/python_turtle
[2.653s] copying python_turtle/__init__.py -> /home/yahboom/S24_RobotProgramming_eloquent/Lab4/roscourse_ws/build/python_turtle/build/lib/python_turtle
[2.653s] copying python_turtle/turtlebot_client.py -> /home/yahboom/S24_RobotProgramming_eloquent/Lab4/roscourse_ws/build/python_turtle/build/lib/python_turtle
[2.653s] copying python_turtle/turtlebot_server.py -> /home/yahboom/S24_RobotProgramming_eloquent/Lab4/roscourse_ws/build/python_turtle/build/lib/python_turtle
[2.654s] copying python_turtle/service_client.py -> /home/yahboom/S24_RobotProgramming_eloquent/Lab4/roscourse_ws/build/python_turtle/build/lib/python_turtle
[2.654s] running install
[2.655s] running install_lib
[2.657s] creating /home/yahboom/S24_RobotProgramming_eloquent/Lab4/roscourse_ws/install/python_turtle/lib/python3.8/site-packages/python_turtle
[2.658s] copying /home/yahboom/S24_RobotProgramming_eloquent/Lab4/roscourse_ws/build/python_turtle/build/lib/python_turtle/__init__.py -> /home/yahboom/S24_RobotProgramming_eloquent/Lab4/roscourse_ws/install/python_turtle/lib/python3.8/site-packages/python_turtle
[2.658s] copying /home/yahboom/S24_RobotProgramming_eloquent/Lab4/roscourse_ws/build/python_turtle/build/lib/python_turtle/turtlebot_client.py -> /home/yahboom/S24_RobotProgramming_eloquent/Lab4/roscourse_ws/install/python_turtle/lib/python3.8/site-packages/python_turtle
[2.658s] copying /home/yahboom/S24_RobotProgramming_eloquent/Lab4/roscourse_ws/build/python_turtle/build/lib/python_turtle/turtlebot_server.py -> /home/yahboom/S24_RobotProgramming_eloquent/Lab4/roscourse_ws/install/python_turtle/lib/python3.8/site-packages/python_turtle
[2.658s] copying /home/yahboom/S24_RobotProgramming_eloquent/Lab4/roscourse_ws/build/python_turtle/build/lib/python_turtle/service_client.py -> /home/yahboom/S24_RobotProgramming_eloquent/Lab4/roscourse_ws/install/python_turtle/lib/python3.8/site-packages/python_turtle
[2.660s] byte-compiling /home/yahboom/S24_RobotProgramming_eloquent/Lab4/roscourse_ws/install/python_turtle/lib/python3.8/site-packages/python_turtle/__init__.py to __init__.cpython-38.pyc
[2.662s] byte-compiling /home/yahboom/S24_RobotProgramming_eloquent/Lab4/roscourse_ws/install/python_turtle/lib/python3.8/site-packages/python_turtle/turtlebot_client.py to turtlebot_client.cpython-38.pyc
[2.663s] byte-compiling /home/yahboom/S24_RobotProgramming_eloquent/Lab4/roscourse_ws/install/python_turtle/lib/python3.8/site-packages/python_turtle/turtlebot_server.py to turtlebot_server.cpython-38.pyc
[2.665s] byte-compiling /home/yahboom/S24_RobotProgramming_eloquent/Lab4/roscourse_ws/install/python_turtle/lib/python3.8/site-packages/python_turtle/service_client.py to service_client.cpython-38.pyc
[2.666s] running install_data
[2.668s] running install_egg_info
[2.672s] Copying ../../build/python_turtle/python_turtle.egg-info to /home/yahboom/S24_RobotProgramming_eloquent/Lab4/roscourse_ws/install/python_turtle/lib/python3.8/site-packages/python_turtle-0.0.0-py3.8.egg-info
[2.677s] running install_scripts
[2.716s] Installing service_client script to /home/yahboom/S24_RobotProgramming_eloquent/Lab4/roscourse_ws/install/python_turtle/lib/python_turtle
[2.718s] Installing turtlebot_client script to /home/yahboom/S24_RobotProgramming_eloquent/Lab4/roscourse_ws/install/python_turtle/lib/python_turtle
[2.718s] Installing turtlebot_server script to /home/yahboom/S24_RobotProgramming_eloquent/Lab4/roscourse_ws/install/python_turtle/lib/python_turtle
[2.719s] writing list of installed files to '/home/yahboom/S24_RobotProgramming_eloquent/Lab4/roscourse_ws/build/python_turtle/install.log'
[2.762s] Invoked command in '/home/yahboom/S24_RobotProgramming_eloquent/Lab4/roscourse_ws/src/python_turtle' returned '0': AMENT_PREFIX_PATH=/home/yahboom/S24_RobotProgramming_eloquent/Lab4/roscourse_ws/install/turtle_interfaces:${AMENT_PREFIX_PATH} CMAKE_PREFIX_PATH=/home/yahboom/S24_RobotProgramming_eloquent/Lab4/roscourse_ws/install/turtle_interfaces:${CMAKE_PREFIX_PATH} LD_LIBRARY_PATH=/home/yahboom/S24_RobotProgramming_eloquent/Lab4/roscourse_ws/install/turtle_interfaces/lib:${LD_LIBRARY_PATH} PYTHONPATH=/home/yahboom/S24_RobotProgramming_eloquent/Lab4/roscourse_ws/build/python_turtle/prefix_override:/home/yahboom/S24_RobotProgramming_eloquent/Lab4/roscourse_ws/install/python_turtle/lib/python3.8/site-packages:/home/yahboom/S24_RobotProgramming_eloquent/Lab4/roscourse_ws/install/turtle_interfaces/lib/python3.8/site-packages:${PYTHONPATH} /usr/bin/python3 setup.py egg_info --egg-base ../../build/python_turtle build --build-base /home/yahboom/S24_RobotProgramming_eloquent/Lab4/roscourse_ws/build/python_turtle/build install --record /home/yahboom/S24_RobotProgramming_eloquent/Lab4/roscourse_ws/build/python_turtle/install.log --install-scripts $base/lib/python_turtle --single-version-externally-managed
