[0.480s] DEBUG:colcon:Command line arguments: ['/usr/bin/colcon', 'build', '--packages-select', 'python_turtle']
[0.481s] DEBUG:colcon:Parsed command line arguments: Namespace(allow_overriding=[], ament_cmake_args=None, base_paths=['.'], build_base='build', catkin_cmake_args=None, catkin_skip_building_tests=False, cmake_args=None, cmake_clean_cache=False, cmake_clean_first=False, cmake_force_configure=False, cmake_target=None, cmake_target_skip_unavailable=False, continue_on_error=False, event_handlers=None, executor='parallel', ignore_user_meta=False, install_base='install', log_base=None, log_level=None, main=<bound method BuildVerb.main of <colcon_core.verb.build.BuildVerb object at 0x7f38e9692a30>>, merge_install=False, metas=['./colcon.meta'], packages_above=None, packages_above_and_dependencies=None, packages_above_depth=None, packages_end=None, packages_ignore=None, packages_ignore_regex=None, packages_select=['python_turtle'], packages_select_build_failed=False, packages_select_by_dep=None, packages_select_regex=None, packages_select_test_failures=False, packages_skip=None, packages_skip_build_finished=False, packages_skip_by_dep=None, packages_skip_regex=None, packages_skip_test_passed=False, packages_skip_up_to=None, packages_start=None, packages_up_to=None, packages_up_to_regex=None, parallel_workers=4, paths=None, symlink_install=False, test_result_base=None, verb_extension=<colcon_core.verb.build.BuildVerb object at 0x7f38e9692a30>, verb_name='build', verb_parser=<colcon_defaults.argument_parser.defaults.DefaultArgumentsDecorator object at 0x7f38e9692fa0>)
[0.519s] Level 1:colcon.colcon_core.package_discovery:discover_packages(colcon_meta) check parameters
[0.519s] Level 1:colcon.colcon_core.package_discovery:discover_packages(recursive) check parameters
[0.519s] Level 1:colcon.colcon_core.package_discovery:discover_packages(ignore) check parameters
[0.519s] Level 1:colcon.colcon_core.package_discovery:discover_packages(path) check parameters
[0.519s] Level 1:colcon.colcon_core.package_discovery:discover_packages(colcon_meta) discover
[0.519s] Level 1:colcon.colcon_core.package_discovery:discover_packages(recursive) discover
[0.519s] INFO:colcon.colcon_core.package_discovery:Crawling recursively for packages in '/home/yahboom/S24_RobotProgramming_eloquent/Lab4/roscourse_ws'
[0.519s] Level 1:colcon.colcon_core.package_identification:_identify(.) by extensions ['ignore', 'ignore_ament_install']
[0.520s] Level 1:colcon.colcon_core.package_identification:_identify(.) by extension 'ignore'
[0.520s] Level 1:colcon.colcon_core.package_identification:_identify(.) by extension 'ignore_ament_install'
[0.520s] Level 1:colcon.colcon_core.package_identification:_identify(.) by extensions ['colcon_pkg']
[0.520s] Level 1:colcon.colcon_core.package_identification:_identify(.) by extension 'colcon_pkg'
[0.520s] Level 1:colcon.colcon_core.package_identification:_identify(.) by extensions ['colcon_meta']
[0.520s] Level 1:colcon.colcon_core.package_identification:_identify(.) by extension 'colcon_meta'
[0.520s] Level 1:colcon.colcon_core.package_identification:_identify(.) by extensions ['ros']
[0.520s] Level 1:colcon.colcon_core.package_identification:_identify(.) by extension 'ros'
[0.549s] Level 1:colcon.colcon_core.package_identification:_identify(.) by extensions ['cmake', 'python']
[0.549s] Level 1:colcon.colcon_core.package_identification:_identify(.) by extension 'cmake'
[0.549s] Level 1:colcon.colcon_core.package_identification:_identify(.) by extension 'python'
[0.549s] Level 1:colcon.colcon_core.package_identification:_identify(.) by extensions ['python_setup_py']
[0.549s] Level 1:colcon.colcon_core.package_identification:_identify(.) by extension 'python_setup_py'
[0.549s] Level 1:colcon.colcon_core.package_identification:_identify(build) by extensions ['ignore', 'ignore_ament_install']
[0.550s] Level 1:colcon.colcon_core.package_identification:_identify(build) by extension 'ignore'
[0.550s] Level 1:colcon.colcon_core.package_identification:_identify(build) ignored
[0.550s] Level 1:colcon.colcon_core.package_identification:_identify(install) by extensions ['ignore', 'ignore_ament_install']
[0.550s] Level 1:colcon.colcon_core.package_identification:_identify(install) by extension 'ignore'
[0.550s] Level 1:colcon.colcon_core.package_identification:_identify(install) ignored
[0.550s] Level 1:colcon.colcon_core.package_identification:_identify(log) by extensions ['ignore', 'ignore_ament_install']
[0.551s] Level 1:colcon.colcon_core.package_identification:_identify(log) by extension 'ignore'
[0.551s] Level 1:colcon.colcon_core.package_identification:_identify(log) ignored
[0.551s] Level 1:colcon.colcon_core.package_identification:_identify(src) by extensions ['ignore', 'ignore_ament_install']
[0.551s] Level 1:colcon.colcon_core.package_identification:_identify(src) by extension 'ignore'
[0.551s] Level 1:colcon.colcon_core.package_identification:_identify(src) by extension 'ignore_ament_install'
[0.551s] Level 1:colcon.colcon_core.package_identification:_identify(src) by extensions ['colcon_pkg']
[0.552s] Level 1:colcon.colcon_core.package_identification:_identify(src) by extension 'colcon_pkg'
[0.552s] Level 1:colcon.colcon_core.package_identification:_identify(src) by extensions ['colcon_meta']
[0.552s] Level 1:colcon.colcon_core.package_identification:_identify(src) by extension 'colcon_meta'
[0.552s] Level 1:colcon.colcon_core.package_identification:_identify(src) by extensions ['ros']
[0.552s] Level 1:colcon.colcon_core.package_identification:_identify(src) by extension 'ros'
[0.552s] Level 1:colcon.colcon_core.package_identification:_identify(src) by extensions ['cmake', 'python']
[0.552s] Level 1:colcon.colcon_core.package_identification:_identify(src) by extension 'cmake'
[0.552s] Level 1:colcon.colcon_core.package_identification:_identify(src) by extension 'python'
[0.552s] Level 1:colcon.colcon_core.package_identification:_identify(src) by extensions ['python_setup_py']
[0.552s] Level 1:colcon.colcon_core.package_identification:_identify(src) by extension 'python_setup_py'
[0.553s] Level 1:colcon.colcon_core.package_identification:_identify(src/python_turtle) by extensions ['ignore', 'ignore_ament_install']
[0.553s] Level 1:colcon.colcon_core.package_identification:_identify(src/python_turtle) by extension 'ignore'
[0.553s] Level 1:colcon.colcon_core.package_identification:_identify(src/python_turtle) by extension 'ignore_ament_install'
[0.553s] Level 1:colcon.colcon_core.package_identification:_identify(src/python_turtle) by extensions ['colcon_pkg']
[0.553s] Level 1:colcon.colcon_core.package_identification:_identify(src/python_turtle) by extension 'colcon_pkg'
[0.553s] Level 1:colcon.colcon_core.package_identification:_identify(src/python_turtle) by extensions ['colcon_meta']
[0.553s] Level 1:colcon.colcon_core.package_identification:_identify(src/python_turtle) by extension 'colcon_meta'
[0.553s] Level 1:colcon.colcon_core.package_identification:_identify(src/python_turtle) by extensions ['ros']
[0.553s] Level 1:colcon.colcon_core.package_identification:_identify(src/python_turtle) by extension 'ros'
[0.557s] DEBUG:colcon.colcon_core.package_identification:Package 'src/python_turtle' with type 'ros.ament_python' and name 'python_turtle'
[0.557s] Level 1:colcon.colcon_core.package_identification:_identify(src/teleop_twist_keyboard) by extensions ['ignore', 'ignore_ament_install']
[0.557s] Level 1:colcon.colcon_core.package_identification:_identify(src/teleop_twist_keyboard) by extension 'ignore'
[0.557s] Level 1:colcon.colcon_core.package_identification:_identify(src/teleop_twist_keyboard) by extension 'ignore_ament_install'
[0.557s] Level 1:colcon.colcon_core.package_identification:_identify(src/teleop_twist_keyboard) by extensions ['colcon_pkg']
[0.557s] Level 1:colcon.colcon_core.package_identification:_identify(src/teleop_twist_keyboard) by extension 'colcon_pkg'
[0.557s] Level 1:colcon.colcon_core.package_identification:_identify(src/teleop_twist_keyboard) by extensions ['colcon_meta']
[0.557s] Level 1:colcon.colcon_core.package_identification:_identify(src/teleop_twist_keyboard) by extension 'colcon_meta'
[0.557s] Level 1:colcon.colcon_core.package_identification:_identify(src/teleop_twist_keyboard) by extensions ['ros']
[0.557s] Level 1:colcon.colcon_core.package_identification:_identify(src/teleop_twist_keyboard) by extension 'ros'
[0.558s] DEBUG:colcon.colcon_core.package_identification:Package 'src/teleop_twist_keyboard' with type 'ros.ament_python' and name 'teleop_twist_keyboard'
[0.558s] Level 1:colcon.colcon_core.package_identification:_identify(src/turtle_interfaces) by extensions ['ignore', 'ignore_ament_install']
[0.559s] Level 1:colcon.colcon_core.package_identification:_identify(src/turtle_interfaces) by extension 'ignore'
[0.559s] Level 1:colcon.colcon_core.package_identification:_identify(src/turtle_interfaces) by extension 'ignore_ament_install'
[0.559s] Level 1:colcon.colcon_core.package_identification:_identify(src/turtle_interfaces) by extensions ['colcon_pkg']
[0.559s] Level 1:colcon.colcon_core.package_identification:_identify(src/turtle_interfaces) by extension 'colcon_pkg'
[0.559s] Level 1:colcon.colcon_core.package_identification:_identify(src/turtle_interfaces) by extensions ['colcon_meta']
[0.559s] Level 1:colcon.colcon_core.package_identification:_identify(src/turtle_interfaces) by extension 'colcon_meta'
[0.559s] Level 1:colcon.colcon_core.package_identification:_identify(src/turtle_interfaces) by extensions ['ros']
[0.559s] Level 1:colcon.colcon_core.package_identification:_identify(src/turtle_interfaces) by extension 'ros'
[0.560s] DEBUG:colcon.colcon_core.package_identification:Package 'src/turtle_interfaces' with type 'ros.ament_cmake' and name 'turtle_interfaces'
[0.560s] Level 1:colcon.colcon_core.package_identification:_identify(src/webcam) by extensions ['ignore', 'ignore_ament_install']
[0.560s] Level 1:colcon.colcon_core.package_identification:_identify(src/webcam) by extension 'ignore'
[0.560s] Level 1:colcon.colcon_core.package_identification:_identify(src/webcam) by extension 'ignore_ament_install'
[0.560s] Level 1:colcon.colcon_core.package_identification:_identify(src/webcam) by extensions ['colcon_pkg']
[0.560s] Level 1:colcon.colcon_core.package_identification:_identify(src/webcam) by extension 'colcon_pkg'
[0.561s] Level 1:colcon.colcon_core.package_identification:_identify(src/webcam) by extensions ['colcon_meta']
[0.561s] Level 1:colcon.colcon_core.package_identification:_identify(src/webcam) by extension 'colcon_meta'
[0.561s] Level 1:colcon.colcon_core.package_identification:_identify(src/webcam) by extensions ['ros']
[0.561s] Level 1:colcon.colcon_core.package_identification:_identify(src/webcam) by extension 'ros'
[0.561s] DEBUG:colcon.colcon_core.package_identification:Package 'src/webcam' with type 'ros.ament_python' and name 'webcam'
[0.562s] Level 1:colcon.colcon_core.package_discovery:discover_packages(recursive) using defaults
[0.562s] Level 1:colcon.colcon_core.package_discovery:discover_packages(ignore) discover
[0.562s] Level 1:colcon.colcon_core.package_discovery:discover_packages(ignore) using defaults
[0.562s] Level 1:colcon.colcon_core.package_discovery:discover_packages(path) discover
[0.562s] Level 1:colcon.colcon_core.package_discovery:discover_packages(path) using defaults
[0.592s] INFO:colcon.colcon_core.package_selection:Skipping not selected package 'teleop_twist_keyboard' in 'src/teleop_twist_keyboard'
[0.592s] INFO:colcon.colcon_core.package_selection:Skipping not selected package 'turtle_interfaces' in 'src/turtle_interfaces'
[0.592s] INFO:colcon.colcon_core.package_selection:Skipping not selected package 'webcam' in 'src/webcam'
[0.593s] Level 1:colcon.colcon_core.package_discovery:discover_packages(prefix_path) check parameters
[0.593s] Level 1:colcon.colcon_core.package_discovery:discover_packages(prefix_path) discover
[0.599s] DEBUG:colcon.colcon_installed_package_information.package_discovery:Found 10 installed packages in /home/yahboom/yahboomcar_ros2_ws/software/library_ws/install
[0.602s] DEBUG:colcon.colcon_installed_package_information.package_discovery:Found 20 installed packages in /home/yahboom/yahboomcar_ros2_ws/yahboomcar_ws/install
[0.605s] DEBUG:colcon.colcon_installed_package_information.package_discovery:Found 337 installed packages in /opt/ros/foxy
[0.608s] Level 1:colcon.colcon_core.package_discovery:discover_packages(prefix_path) using defaults
[0.723s] Level 5:colcon.colcon_core.verb:set package 'python_turtle' build argument 'cmake_args' from command line to 'None'
[0.723s] Level 5:colcon.colcon_core.verb:set package 'python_turtle' build argument 'cmake_target' from command line to 'None'
[0.723s] Level 5:colcon.colcon_core.verb:set package 'python_turtle' build argument 'cmake_target_skip_unavailable' from command line to 'False'
[0.723s] Level 5:colcon.colcon_core.verb:set package 'python_turtle' build argument 'cmake_clean_cache' from command line to 'False'
[0.723s] Level 5:colcon.colcon_core.verb:set package 'python_turtle' build argument 'cmake_clean_first' from command line to 'False'
[0.723s] Level 5:colcon.colcon_core.verb:set package 'python_turtle' build argument 'cmake_force_configure' from command line to 'False'
[0.723s] Level 5:colcon.colcon_core.verb:set package 'python_turtle' build argument 'ament_cmake_args' from command line to 'None'
[0.723s] Level 5:colcon.colcon_core.verb:set package 'python_turtle' build argument 'catkin_cmake_args' from command line to 'None'
[0.724s] Level 5:colcon.colcon_core.verb:set package 'python_turtle' build argument 'catkin_skip_building_tests' from command line to 'False'
[0.724s] DEBUG:colcon.colcon_core.verb:Building package 'python_turtle' with the following arguments: {'ament_cmake_args': None, 'build_base': '/home/yahboom/S24_RobotProgramming_eloquent/Lab4/roscourse_ws/build/python_turtle', 'catkin_cmake_args': None, 'catkin_skip_building_tests': False, 'cmake_args': None, 'cmake_clean_cache': False, 'cmake_clean_first': False, 'cmake_force_configure': False, 'cmake_target': None, 'cmake_target_skip_unavailable': False, 'install_base': '/home/yahboom/S24_RobotProgramming_eloquent/Lab4/roscourse_ws/install/python_turtle', 'merge_install': False, 'path': '/home/yahboom/S24_RobotProgramming_eloquent/Lab4/roscourse_ws/src/python_turtle', 'symlink_install': False, 'test_result_base': None}
[0.725s] INFO:colcon.colcon_core.executor:Executing jobs using 'parallel' executor
[0.730s] DEBUG:colcon.colcon_parallel_executor.executor.parallel:run_until_complete
[0.731s] INFO:colcon.colcon_ros.task.ament_python.build:Building ROS package in '/home/yahboom/S24_RobotProgramming_eloquent/Lab4/roscourse_ws/src/python_turtle' with build type 'ament_python'
[0.731s] Level 1:colcon.colcon_core.shell:create_environment_hook('python_turtle', 'ament_prefix_path')
[0.738s] INFO:colcon.colcon_core.plugin_system:Skipping extension 'colcon_core.shell.bat': Not used on non-Windows systems
[0.739s] INFO:colcon.colcon_core.shell:Creating environment hook '/home/yahboom/S24_RobotProgramming_eloquent/Lab4/roscourse_ws/install/python_turtle/share/python_turtle/hook/ament_prefix_path.ps1'
[0.740s] INFO:colcon.colcon_core.shell:Creating environment descriptor '/home/yahboom/S24_RobotProgramming_eloquent/Lab4/roscourse_ws/install/python_turtle/share/python_turtle/hook/ament_prefix_path.dsv'
[0.741s] INFO:colcon.colcon_core.shell:Creating environment hook '/home/yahboom/S24_RobotProgramming_eloquent/Lab4/roscourse_ws/install/python_turtle/share/python_turtle/hook/ament_prefix_path.sh'
[0.744s] INFO:colcon.colcon_core.shell:Skip shell extension 'powershell' for command environment: Not usable outside of PowerShell
[0.744s] DEBUG:colcon.colcon_core.shell:Skip shell extension 'dsv' for command environment
[1.341s] INFO:colcon.colcon_core.task.python.build:Building Python package in '/home/yahboom/S24_RobotProgramming_eloquent/Lab4/roscourse_ws/src/python_turtle'
[1.344s] INFO:colcon.colcon_core.shell:Skip shell extension 'powershell' for command environment: Not usable outside of PowerShell
[1.344s] DEBUG:colcon.colcon_core.shell:Skip shell extension 'dsv' for command environment
[2.163s] DEBUG:colcon.colcon_core.event_handler.log_command:Invoking command in '/home/yahboom/S24_RobotProgramming_eloquent/Lab4/roscourse_ws/build/python_turtle': AMENT_PREFIX_PATH=/home/yahboom/S24_RobotProgramming_eloquent/Lab4/roscourse_ws/install/turtle_interfaces:${AMENT_PREFIX_PATH} CMAKE_PREFIX_PATH=/home/yahboom/S24_RobotProgramming_eloquent/Lab4/roscourse_ws/install/turtle_interfaces:${CMAKE_PREFIX_PATH} LD_LIBRARY_PATH=/home/yahboom/S24_RobotProgramming_eloquent/Lab4/roscourse_ws/install/turtle_interfaces/lib:${LD_LIBRARY_PATH} PYTHONPATH=/home/yahboom/S24_RobotProgramming_eloquent/Lab4/roscourse_ws/build/python_turtle/prefix_override:/home/yahboom/S24_RobotProgramming_eloquent/Lab4/roscourse_ws/install/python_turtle/lib/python3.8/site-packages:/home/yahboom/S24_RobotProgramming_eloquent/Lab4/roscourse_ws/install/turtle_interfaces/lib/python3.8/site-packages:${PYTHONPATH} /usr/bin/python3 setup.py develop --uninstall --editable --build-directory /home/yahboom/S24_RobotProgramming_eloquent/Lab4/roscourse_ws/build/python_turtle/build
[2.924s] DEBUG:colcon.colcon_core.event_handler.log_command:Invoked command in '/home/yahboom/S24_RobotProgramming_eloquent/Lab4/roscourse_ws/build/python_turtle' returned '0': AMENT_PREFIX_PATH=/home/yahboom/S24_RobotProgramming_eloquent/Lab4/roscourse_ws/install/turtle_interfaces:${AMENT_PREFIX_PATH} CMAKE_PREFIX_PATH=/home/yahboom/S24_RobotProgramming_eloquent/Lab4/roscourse_ws/install/turtle_interfaces:${CMAKE_PREFIX_PATH} LD_LIBRARY_PATH=/home/yahboom/S24_RobotProgramming_eloquent/Lab4/roscourse_ws/install/turtle_interfaces/lib:${LD_LIBRARY_PATH} PYTHONPATH=/home/yahboom/S24_RobotProgramming_eloquent/Lab4/roscourse_ws/build/python_turtle/prefix_override:/home/yahboom/S24_RobotProgramming_eloquent/Lab4/roscourse_ws/install/python_turtle/lib/python3.8/site-packages:/home/yahboom/S24_RobotProgramming_eloquent/Lab4/roscourse_ws/install/turtle_interfaces/lib/python3.8/site-packages:${PYTHONPATH} /usr/bin/python3 setup.py develop --uninstall --editable --build-directory /home/yahboom/S24_RobotProgramming_eloquent/Lab4/roscourse_ws/build/python_turtle/build
[2.930s] DEBUG:colcon.colcon_core.event_handler.log_command:Invoking command in '/home/yahboom/S24_RobotProgramming_eloquent/Lab4/roscourse_ws/src/python_turtle': AMENT_PREFIX_PATH=/home/yahboom/S24_RobotProgramming_eloquent/Lab4/roscourse_ws/install/turtle_interfaces:${AMENT_PREFIX_PATH} CMAKE_PREFIX_PATH=/home/yahboom/S24_RobotProgramming_eloquent/Lab4/roscourse_ws/install/turtle_interfaces:${CMAKE_PREFIX_PATH} LD_LIBRARY_PATH=/home/yahboom/S24_RobotProgramming_eloquent/Lab4/roscourse_ws/install/turtle_interfaces/lib:${LD_LIBRARY_PATH} PYTHONPATH=/home/yahboom/S24_RobotProgramming_eloquent/Lab4/roscourse_ws/build/python_turtle/prefix_override:/home/yahboom/S24_RobotProgramming_eloquent/Lab4/roscourse_ws/install/python_turtle/lib/python3.8/site-packages:/home/yahboom/S24_RobotProgramming_eloquent/Lab4/roscourse_ws/install/turtle_interfaces/lib/python3.8/site-packages:${PYTHONPATH} /usr/bin/python3 setup.py egg_info --egg-base ../../build/python_turtle build --build-base /home/yahboom/S24_RobotProgramming_eloquent/Lab4/roscourse_ws/build/python_turtle/build install --record /home/yahboom/S24_RobotProgramming_eloquent/Lab4/roscourse_ws/build/python_turtle/install.log --install-scripts $base/lib/python_turtle --single-version-externally-managed
[3.461s] DEBUG:colcon.colcon_core.event_handler.log_command:Invoked command in '/home/yahboom/S24_RobotProgramming_eloquent/Lab4/roscourse_ws/src/python_turtle' returned '0': AMENT_PREFIX_PATH=/home/yahboom/S24_RobotProgramming_eloquent/Lab4/roscourse_ws/install/turtle_interfaces:${AMENT_PREFIX_PATH} CMAKE_PREFIX_PATH=/home/yahboom/S24_RobotProgramming_eloquent/Lab4/roscourse_ws/install/turtle_interfaces:${CMAKE_PREFIX_PATH} LD_LIBRARY_PATH=/home/yahboom/S24_RobotProgramming_eloquent/Lab4/roscourse_ws/install/turtle_interfaces/lib:${LD_LIBRARY_PATH} PYTHONPATH=/home/yahboom/S24_RobotProgramming_eloquent/Lab4/roscourse_ws/build/python_turtle/prefix_override:/home/yahboom/S24_RobotProgramming_eloquent/Lab4/roscourse_ws/install/python_turtle/lib/python3.8/site-packages:/home/yahboom/S24_RobotProgramming_eloquent/Lab4/roscourse_ws/install/turtle_interfaces/lib/python3.8/site-packages:${PYTHONPATH} /usr/bin/python3 setup.py egg_info --egg-base ../../build/python_turtle build --build-base /home/yahboom/S24_RobotProgramming_eloquent/Lab4/roscourse_ws/build/python_turtle/build install --record /home/yahboom/S24_RobotProgramming_eloquent/Lab4/roscourse_ws/build/python_turtle/install.log --install-scripts $base/lib/python_turtle --single-version-externally-managed
[3.467s] Level 1:colcon.colcon_core.environment:checking '/home/yahboom/S24_RobotProgramming_eloquent/Lab4/roscourse_ws/install/python_turtle' for CMake module files
[3.468s] Level 1:colcon.colcon_core.environment:checking '/home/yahboom/S24_RobotProgramming_eloquent/Lab4/roscourse_ws/install/python_turtle' for CMake config files
[3.469s] Level 1:colcon.colcon_core.environment:checking '/home/yahboom/S24_RobotProgramming_eloquent/Lab4/roscourse_ws/install/python_turtle/lib'
[3.470s] Level 1:colcon.colcon_core.environment:checking '/home/yahboom/S24_RobotProgramming_eloquent/Lab4/roscourse_ws/install/python_turtle/bin'
[3.470s] Level 1:colcon.colcon_core.environment:checking '/home/yahboom/S24_RobotProgramming_eloquent/Lab4/roscourse_ws/install/python_turtle/lib/pkgconfig/python_turtle.pc'
[3.470s] Level 1:colcon.colcon_core.environment:checking '/home/yahboom/S24_RobotProgramming_eloquent/Lab4/roscourse_ws/install/python_turtle/lib/python3.8/site-packages'
[3.470s] Level 1:colcon.colcon_core.shell:create_environment_hook('python_turtle', 'pythonpath')
[3.472s] INFO:colcon.colcon_core.shell:Creating environment hook '/home/yahboom/S24_RobotProgramming_eloquent/Lab4/roscourse_ws/install/python_turtle/share/python_turtle/hook/pythonpath.ps1'
[3.474s] INFO:colcon.colcon_core.shell:Creating environment descriptor '/home/yahboom/S24_RobotProgramming_eloquent/Lab4/roscourse_ws/install/python_turtle/share/python_turtle/hook/pythonpath.dsv'
[3.474s] INFO:colcon.colcon_core.shell:Creating environment hook '/home/yahboom/S24_RobotProgramming_eloquent/Lab4/roscourse_ws/install/python_turtle/share/python_turtle/hook/pythonpath.sh'
[3.475s] Level 1:colcon.colcon_core.environment:checking '/home/yahboom/S24_RobotProgramming_eloquent/Lab4/roscourse_ws/install/python_turtle/bin'
[3.475s] Level 1:colcon.colcon_core.environment:create_environment_scripts_only(python_turtle)
[3.477s] INFO:colcon.colcon_core.shell:Creating package script '/home/yahboom/S24_RobotProgramming_eloquent/Lab4/roscourse_ws/install/python_turtle/share/python_turtle/package.ps1'
[3.479s] INFO:colcon.colcon_core.shell:Creating package descriptor '/home/yahboom/S24_RobotProgramming_eloquent/Lab4/roscourse_ws/install/python_turtle/share/python_turtle/package.dsv'
[3.480s] INFO:colcon.colcon_core.shell:Creating package script '/home/yahboom/S24_RobotProgramming_eloquent/Lab4/roscourse_ws/install/python_turtle/share/python_turtle/package.sh'
[3.483s] INFO:colcon.colcon_core.shell:Creating package script '/home/yahboom/S24_RobotProgramming_eloquent/Lab4/roscourse_ws/install/python_turtle/share/python_turtle/package.bash'
[3.485s] INFO:colcon.colcon_core.shell:Creating package script '/home/yahboom/S24_RobotProgramming_eloquent/Lab4/roscourse_ws/install/python_turtle/share/python_turtle/package.zsh'
[3.487s] Level 1:colcon.colcon_core.environment:create_file_with_runtime_dependencies(/home/yahboom/S24_RobotProgramming_eloquent/Lab4/roscourse_ws/install/python_turtle/share/colcon-core/packages/python_turtle)
[3.488s] DEBUG:colcon.colcon_parallel_executor.executor.parallel:closing loop
[3.488s] DEBUG:colcon.colcon_parallel_executor.executor.parallel:loop closed
[3.488s] DEBUG:colcon.colcon_parallel_executor.executor.parallel:run_until_complete finished with '0'
[3.489s] DEBUG:colcon.colcon_core.event_reactor:joining thread
[3.498s] INFO:colcon.colcon_core.plugin_system:Skipping extension 'colcon_notification.desktop_notification.terminal_notifier': Not used on non-Darwin systems
[3.499s] INFO:colcon.colcon_core.plugin_system:Skipping extension 'colcon_notification.desktop_notification.win32': Not used on non-Windows systems
[3.499s] INFO:colcon.colcon_notification.desktop_notification:Sending desktop notification using 'notify2'
[3.527s] DEBUG:colcon.colcon_core.event_reactor:joined thread
[3.529s] INFO:colcon.colcon_core.shell:Creating prefix script '/home/yahboom/S24_RobotProgramming_eloquent/Lab4/roscourse_ws/install/local_setup.ps1'
[3.531s] INFO:colcon.colcon_core.shell:Creating prefix util module '/home/yahboom/S24_RobotProgramming_eloquent/Lab4/roscourse_ws/install/_local_setup_util_ps1.py'
[3.535s] INFO:colcon.colcon_core.shell:Creating prefix chain script '/home/yahboom/S24_RobotProgramming_eloquent/Lab4/roscourse_ws/install/setup.ps1'
[3.540s] INFO:colcon.colcon_core.shell:Creating prefix script '/home/yahboom/S24_RobotProgramming_eloquent/Lab4/roscourse_ws/install/local_setup.sh'
[3.541s] INFO:colcon.colcon_core.shell:Creating prefix util module '/home/yahboom/S24_RobotProgramming_eloquent/Lab4/roscourse_ws/install/_local_setup_util_sh.py'
[3.542s] INFO:colcon.colcon_core.shell:Creating prefix chain script '/home/yahboom/S24_RobotProgramming_eloquent/Lab4/roscourse_ws/install/setup.sh'
[3.548s] INFO:colcon.colcon_core.shell:Creating prefix script '/home/yahboom/S24_RobotProgramming_eloquent/Lab4/roscourse_ws/install/local_setup.bash'
[3.551s] INFO:colcon.colcon_core.shell:Creating prefix chain script '/home/yahboom/S24_RobotProgramming_eloquent/Lab4/roscourse_ws/install/setup.bash'
[3.558s] INFO:colcon.colcon_core.shell:Creating prefix script '/home/yahboom/S24_RobotProgramming_eloquent/Lab4/roscourse_ws/install/local_setup.zsh'
[3.559s] INFO:colcon.colcon_core.shell:Creating prefix chain script '/home/yahboom/S24_RobotProgramming_eloquent/Lab4/roscourse_ws/install/setup.zsh'
