-- The C compiler identification is GNU 9.4.0
-- The CXX compiler identification is GNU 9.4.0
-- Check for working C compiler: /usr/bin/cc
-- Check for working C compiler: /usr/bin/cc -- works
-- Detecting C compiler ABI info
-- Detecting C compiler ABI info - done
-- Detecting C compile features
-- Detecting C compile features - done
-- Check for working CXX compiler: /usr/bin/c++
-- Check for working CXX compiler: /usr/bin/c++ -- works
-- Detecting CXX compiler ABI info
-- Detecting CXX compiler ABI info - done
-- Detecting CXX compile features
-- Detecting CXX compile features - done
-- Found ament_cmake: 0.9.11 (/opt/ros/foxy/share/ament_cmake/cmake)
-- Found PythonInterp: /usr/bin/python3 (found suitable version "3.8.10", minimum required is "3") 
-- Using PYTHON_EXECUTABLE: /usr/bin/python3
-- Found ament_lint_auto: 0.9.8 (/opt/ros/foxy/share/ament_lint_auto/cmake)
-- Found geometry_msgs: 2.0.5 (/opt/ros/foxy/share/geometry_msgs/cmake)
-- Using all available rosidl_typesupport_c: rosidl_typesupport_fastrtps_c;rosidl_typesupport_introspection_c
-- Found rosidl_adapter: 1.3.0 (/opt/ros/foxy/share/rosidl_adapter/cmake)
-- Found OpenSSL: /usr/lib/x86_64-linux-gnu/libcrypto.so (found version "1.1.1f")  
-- Found FastRTPS: /opt/ros/foxy/include  
-- Using all available rosidl_typesupport_cpp: rosidl_typesupport_fastrtps_cpp;rosidl_typesupport_introspection_cpp
-- Found rosidl_default_generators: 1.0.1 (/opt/ros/foxy/share/rosidl_default_generators/cmake)
-- Found PythonInterp: /usr/bin/python3 (found version "3.8.10") 
-- Found ament_cmake_ros: 0.9.2 (/opt/ros/foxy/share/ament_cmake_ros/cmake)
-- Using all available rosidl_typesupport_c: rosidl_typesupport_fastrtps_c;rosidl_typesupport_introspection_c
-- Using all available rosidl_typesupport_cpp: rosidl_typesupport_fastrtps_cpp;rosidl_typesupport_introspection_cpp
-- Found PythonInterp: /usr/bin/python3 (found suitable version "3.8.10", minimum required is "3.5") 
-- Found python_cmake_module: 0.8.1 (/opt/ros/foxy/share/python_cmake_module/cmake)
-- Found PythonLibs: /usr/lib/x86_64-linux-gnu/libpython3.8.so (found suitable version "3.8.10", minimum required is "3.5") 
-- Using PYTHON_EXECUTABLE: /usr/bin/python3
-- Using PYTHON_INCLUDE_DIRS: /usr/include/python3.8
-- Using PYTHON_LIBRARIES: /usr/lib/x86_64-linux-gnu/libpython3.8.so
-- Found PythonExtra: .so  
-- Added test 'copyright' to check source files copyright and LICENSE
-- Added test 'lint_cmake' to check CMake code style
-- Added test 'xmllint' to check XML markup files
-- Configuring done
-- Generating done
-- Build files have been written to: /home/yahboom/S24_RobotProgramming_eloquent/project_ws/build/draw_shape_interfaces
[35m[1mScanning dependencies of target draw_shape_interfaces__cpp[0m
[  2%] [34m[1mGenerating C code for ROS interfaces[0m
[  5%] [34m[1mGenerating C++ code for ROS interfaces[0m
[  5%] Built target draw_shape_interfaces__cpp
[  7%] [34m[1mGenerating C++ type support for eProsima Fast-RTPS[0m
[ 10%] [34m[1mGenerating C++ introspection for ROS interfaces[0m
[ 12%] [34m[1mGenerating C++ type support dispatch for ROS interfaces[0m
[35m[1mScanning dependencies of target draw_shape_interfaces__rosidl_generator_c[0m
[ 15%] [32mBuilding C object CMakeFiles/draw_shape_interfaces__rosidl_generator_c.dir/rosidl_generator_c/draw_shape_interfaces/msg/detail/shape_def__functions.c.o[0m
[ 17%] [32mBuilding C object CMakeFiles/draw_shape_interfaces__rosidl_generator_c.dir/rosidl_generator_c/draw_shape_interfaces/srv/detail/go_to_point__functions.c.o[0m
[ 20%] [32m[1mLinking C shared library libdraw_shape_interfaces__rosidl_generator_c.so[0m
[ 20%] Built target draw_shape_interfaces__rosidl_generator_c
[ 23%] [34m[1mGenerating C type support dispatch for ROS interfaces[0m
[35m[1mScanning dependencies of target draw_shape_interfaces__rosidl_typesupport_cpp[0m
[ 25%] [32mBuilding CXX object CMakeFiles/draw_shape_interfaces__rosidl_typesupport_cpp.dir/rosidl_typesupport_cpp/draw_shape_interfaces/msg/shape_def__type_support.cpp.o[0m
[35m[1mScanning dependencies of target draw_shape_interfaces__rosidl_typesupport_introspection_cpp[0m
[ 28%] [32mBuilding CXX object CMakeFiles/draw_shape_interfaces__rosidl_typesupport_introspection_cpp.dir/rosidl_typesupport_introspection_cpp/draw_shape_interfaces/msg/detail/shape_def__type_support.cpp.o[0m
[35m[1mScanning dependencies of target draw_shape_interfaces__rosidl_typesupport_fastrtps_cpp[0m
[ 30%] [32mBuilding CXX object CMakeFiles/draw_shape_interfaces__rosidl_typesupport_fastrtps_cpp.dir/rosidl_typesupport_fastrtps_cpp/draw_shape_interfaces/msg/detail/dds_fastrtps/shape_def__type_support.cpp.o[0m
[35m[1mScanning dependencies of target draw_shape_interfaces__rosidl_typesupport_c[0m
[ 33%] [32mBuilding CXX object CMakeFiles/draw_shape_interfaces__rosidl_typesupport_c.dir/rosidl_typesupport_c/draw_shape_interfaces/msg/shape_def__type_support.cpp.o[0m
[ 35%] [32mBuilding CXX object CMakeFiles/draw_shape_interfaces__rosidl_typesupport_c.dir/rosidl_typesupport_c/draw_shape_interfaces/srv/go_to_point__type_support.cpp.o[0m
[ 38%] [32m[1mLinking CXX shared library libdraw_shape_interfaces__rosidl_typesupport_c.so[0m
[ 38%] Built target draw_shape_interfaces__rosidl_typesupport_c
[ 41%] [34m[1mGenerating C introspection for ROS interfaces[0m
[35m[1mScanning dependencies of target draw_shape_interfaces__rosidl_typesupport_introspection_c[0m
[ 43%] [32mBuilding C object CMakeFiles/draw_shape_interfaces__rosidl_typesupport_introspection_c.dir/rosidl_typesupport_introspection_c/draw_shape_interfaces/msg/detail/shape_def__type_support.c.o[0m
[ 46%] [32mBuilding CXX object CMakeFiles/draw_shape_interfaces__rosidl_typesupport_cpp.dir/rosidl_typesupport_cpp/draw_shape_interfaces/srv/go_to_point__type_support.cpp.o[0m
[ 48%] [32mBuilding C object CMakeFiles/draw_shape_interfaces__rosidl_typesupport_introspection_c.dir/rosidl_typesupport_introspection_c/draw_shape_interfaces/srv/detail/go_to_point__type_support.c.o[0m
[ 51%] [32mBuilding CXX object CMakeFiles/draw_shape_interfaces__rosidl_typesupport_introspection_cpp.dir/rosidl_typesupport_introspection_cpp/draw_shape_interfaces/srv/detail/go_to_point__type_support.cpp.o[0m
[ 53%] [32m[1mLinking C shared library libdraw_shape_interfaces__rosidl_typesupport_introspection_c.so[0m
[ 53%] Built target draw_shape_interfaces__rosidl_typesupport_introspection_c
[ 56%] [32mBuilding CXX object CMakeFiles/draw_shape_interfaces__rosidl_typesupport_fastrtps_cpp.dir/rosidl_typesupport_fastrtps_cpp/draw_shape_interfaces/srv/detail/dds_fastrtps/go_to_point__type_support.cpp.o[0m
[ 58%] [32m[1mLinking CXX shared library libdraw_shape_interfaces__rosidl_typesupport_introspection_cpp.so[0m
[ 61%] [32m[1mLinking CXX shared library libdraw_shape_interfaces__rosidl_typesupport_cpp.so[0m
[ 61%] Built target draw_shape_interfaces__rosidl_typesupport_cpp
[ 61%] Built target draw_shape_interfaces__rosidl_typesupport_introspection_cpp
[ 64%] [32m[1mLinking CXX shared library libdraw_shape_interfaces__rosidl_typesupport_fastrtps_cpp.so[0m
[ 64%] Built target draw_shape_interfaces__rosidl_typesupport_fastrtps_cpp
[ 66%] [34m[1mGenerating C type support for eProsima Fast-RTPS[0m
[35m[1mScanning dependencies of target draw_shape_interfaces__rosidl_typesupport_fastrtps_c[0m
[ 69%] [32mBuilding CXX object CMakeFiles/draw_shape_interfaces__rosidl_typesupport_fastrtps_c.dir/rosidl_typesupport_fastrtps_c/draw_shape_interfaces/msg/detail/shape_def__type_support_c.cpp.o[0m
[ 71%] [32mBuilding CXX object CMakeFiles/draw_shape_interfaces__rosidl_typesupport_fastrtps_c.dir/rosidl_typesupport_fastrtps_c/draw_shape_interfaces/srv/detail/go_to_point__type_support_c.cpp.o[0m
[ 74%] [32m[1mLinking CXX shared library libdraw_shape_interfaces__rosidl_typesupport_fastrtps_c.so[0m
[ 74%] Built target draw_shape_interfaces__rosidl_typesupport_fastrtps_c
[35m[1mScanning dependencies of target draw_shape_interfaces[0m
[ 74%] Built target draw_shape_interfaces
[35m[1mScanning dependencies of target draw_shape_interfaces__py[0m
[ 76%] [34m[1mGenerating Python code for ROS interfaces[0m
[ 76%] Built target draw_shape_interfaces__py
[35m[1mScanning dependencies of target draw_shape_interfaces__python[0m
[ 82%] [32mBuilding C object CMakeFiles/draw_shape_interfaces__python.dir/rosidl_generator_py/draw_shape_interfaces/srv/_go_to_point_s.c.o[0m
[ 82%] [32mBuilding C object CMakeFiles/draw_shape_interfaces__python.dir/rosidl_generator_py/draw_shape_interfaces/msg/_shape_def_s.c.o[0m
[ 84%] [32m[1mLinking C shared library rosidl_generator_py/draw_shape_interfaces/libdraw_shape_interfaces__python.so[0m
[ 84%] Built target draw_shape_interfaces__python
[35m[1mScanning dependencies of target draw_shape_interfaces__rosidl_typesupport_introspection_c__pyext[0m
[35m[1mScanning dependencies of target draw_shape_interfaces__rosidl_typesupport_fastrtps_c__pyext[0m
[35m[1mScanning dependencies of target draw_shape_interfaces__rosidl_typesupport_c__pyext[0m
[ 89%] [32mBuilding C object CMakeFiles/draw_shape_interfaces__rosidl_typesupport_fastrtps_c__pyext.dir/rosidl_generator_py/draw_shape_interfaces/_draw_shape_interfaces_s.ep.rosidl_typesupport_fastrtps_c.c.o[0m
[ 89%] [32mBuilding C object CMakeFiles/draw_shape_interfaces__rosidl_typesupport_introspection_c__pyext.dir/rosidl_generator_py/draw_shape_interfaces/_draw_shape_interfaces_s.ep.rosidl_typesupport_introspection_c.c.o[0m
[ 92%] [32mBuilding C object CMakeFiles/draw_shape_interfaces__rosidl_typesupport_c__pyext.dir/rosidl_generator_py/draw_shape_interfaces/_draw_shape_interfaces_s.ep.rosidl_typesupport_c.c.o[0m
[ 94%] [32m[1mLinking C shared library rosidl_generator_py/draw_shape_interfaces/draw_shape_interfaces_s__rosidl_typesupport_c.cpython-38-x86_64-linux-gnu.so[0m
[ 97%] [32m[1mLinking C shared library rosidl_generator_py/draw_shape_interfaces/draw_shape_interfaces_s__rosidl_typesupport_introspection_c.cpython-38-x86_64-linux-gnu.so[0m
[100%] [32m[1mLinking CXX shared library rosidl_generator_py/draw_shape_interfaces/draw_shape_interfaces_s__rosidl_typesupport_fastrtps_c.cpython-38-x86_64-linux-gnu.so[0m
[100%] Built target draw_shape_interfaces__rosidl_typesupport_c__pyext
[100%] Built target draw_shape_interfaces__rosidl_typesupport_introspection_c__pyext
[100%] Built target draw_shape_interfaces__rosidl_typesupport_fastrtps_c__pyext
-- Install configuration: ""
-- Installing: /home/yahboom/S24_RobotProgramming_eloquent/project_ws/install/draw_shape_interfaces/share/ament_index/resource_index/rosidl_interfaces/draw_shape_interfaces
-- Installing: /home/yahboom/S24_RobotProgramming_eloquent/project_ws/install/draw_shape_interfaces/include/draw_shape_interfaces
-- Installing: /home/yahboom/S24_RobotProgramming_eloquent/project_ws/install/draw_shape_interfaces/include/draw_shape_interfaces/msg
-- Installing: /home/yahboom/S24_RobotProgramming_eloquent/project_ws/install/draw_shape_interfaces/include/draw_shape_interfaces/msg/rosidl_generator_c__visibility_control.h
-- Installing: /home/yahboom/S24_RobotProgramming_eloquent/project_ws/install/draw_shape_interfaces/include/draw_shape_interfaces/msg/shape_def.h
-- Installing: /home/yahboom/S24_RobotProgramming_eloquent/project_ws/install/draw_shape_interfaces/include/draw_shape_interfaces/msg/detail
-- Installing: /home/yahboom/S24_RobotProgramming_eloquent/project_ws/install/draw_shape_interfaces/include/draw_shape_interfaces/msg/detail/shape_def__struct.h
-- Installing: /home/yahboom/S24_RobotProgramming_eloquent/project_ws/install/draw_shape_interfaces/include/draw_shape_interfaces/msg/detail/shape_def__functions.h
-- Installing: /home/yahboom/S24_RobotProgramming_eloquent/project_ws/install/draw_shape_interfaces/include/draw_shape_interfaces/msg/detail/shape_def__functions.c
-- Installing: /home/yahboom/S24_RobotProgramming_eloquent/project_ws/install/draw_shape_interfaces/include/draw_shape_interfaces/msg/detail/shape_def__type_support.h
-- Installing: /home/yahboom/S24_RobotProgramming_eloquent/project_ws/install/draw_shape_interfaces/include/draw_shape_interfaces/srv
-- Installing: /home/yahboom/S24_RobotProgramming_eloquent/project_ws/install/draw_shape_interfaces/include/draw_shape_interfaces/srv/go_to_point.h
-- Installing: /home/yahboom/S24_RobotProgramming_eloquent/project_ws/install/draw_shape_interfaces/include/draw_shape_interfaces/srv/detail
-- Installing: /home/yahboom/S24_RobotProgramming_eloquent/project_ws/install/draw_shape_interfaces/include/draw_shape_interfaces/srv/detail/go_to_point__type_support.h
-- Installing: /home/yahboom/S24_RobotProgramming_eloquent/project_ws/install/draw_shape_interfaces/include/draw_shape_interfaces/srv/detail/go_to_point__functions.c
-- Installing: /home/yahboom/S24_RobotProgramming_eloquent/project_ws/install/draw_shape_interfaces/include/draw_shape_interfaces/srv/detail/go_to_point__struct.h
-- Installing: /home/yahboom/S24_RobotProgramming_eloquent/project_ws/install/draw_shape_interfaces/include/draw_shape_interfaces/srv/detail/go_to_point__functions.h
-- Installing: /home/yahboom/S24_RobotProgramming_eloquent/project_ws/install/draw_shape_interfaces/share/draw_shape_interfaces/environment/library_path.sh
-- Installing: /home/yahboom/S24_RobotProgramming_eloquent/project_ws/install/draw_shape_interfaces/share/draw_shape_interfaces/environment/library_path.dsv
-- Installing: /home/yahboom/S24_RobotProgramming_eloquent/project_ws/install/draw_shape_interfaces/lib/libdraw_shape_interfaces__rosidl_generator_c.so
-- Set runtime path of "/home/yahboom/S24_RobotProgramming_eloquent/project_ws/install/draw_shape_interfaces/lib/libdraw_shape_interfaces__rosidl_generator_c.so" to ""
-- Up-to-date: /home/yahboom/S24_RobotProgramming_eloquent/project_ws/install/draw_shape_interfaces/include/draw_shape_interfaces
-- Up-to-date: /home/yahboom/S24_RobotProgramming_eloquent/project_ws/install/draw_shape_interfaces/include/draw_shape_interfaces/msg
-- Up-to-date: /home/yahboom/S24_RobotProgramming_eloquent/project_ws/install/draw_shape_interfaces/include/draw_shape_interfaces/msg/detail
-- Installing: /home/yahboom/S24_RobotProgramming_eloquent/project_ws/install/draw_shape_interfaces/include/draw_shape_interfaces/msg/detail/shape_def__rosidl_typesupport_fastrtps_c.h
-- Installing: /home/yahboom/S24_RobotProgramming_eloquent/project_ws/install/draw_shape_interfaces/include/draw_shape_interfaces/msg/rosidl_typesupport_fastrtps_c__visibility_control.h
-- Up-to-date: /home/yahboom/S24_RobotProgramming_eloquent/project_ws/install/draw_shape_interfaces/include/draw_shape_interfaces/srv
-- Up-to-date: /home/yahboom/S24_RobotProgramming_eloquent/project_ws/install/draw_shape_interfaces/include/draw_shape_interfaces/srv/detail
-- Installing: /home/yahboom/S24_RobotProgramming_eloquent/project_ws/install/draw_shape_interfaces/include/draw_shape_interfaces/srv/detail/go_to_point__rosidl_typesupport_fastrtps_c.h
-- Installing: /home/yahboom/S24_RobotProgramming_eloquent/project_ws/install/draw_shape_interfaces/lib/libdraw_shape_interfaces__rosidl_typesupport_fastrtps_c.so
-- Set runtime path of "/home/yahboom/S24_RobotProgramming_eloquent/project_ws/install/draw_shape_interfaces/lib/libdraw_shape_interfaces__rosidl_typesupport_fastrtps_c.so" to ""
-- Up-to-date: /home/yahboom/S24_RobotProgramming_eloquent/project_ws/install/draw_shape_interfaces/include/draw_shape_interfaces
-- Up-to-date: /home/yahboom/S24_RobotProgramming_eloquent/project_ws/install/draw_shape_interfaces/include/draw_shape_interfaces/msg
-- Up-to-date: /home/yahboom/S24_RobotProgramming_eloquent/project_ws/install/draw_shape_interfaces/include/draw_shape_interfaces/msg/detail
-- Installing: /home/yahboom/S24_RobotProgramming_eloquent/project_ws/install/draw_shape_interfaces/include/draw_shape_interfaces/msg/detail/shape_def__rosidl_typesupport_fastrtps_cpp.hpp
-- Installing: /home/yahboom/S24_RobotProgramming_eloquent/project_ws/install/draw_shape_interfaces/include/draw_shape_interfaces/msg/detail/dds_fastrtps
-- Installing: /home/yahboom/S24_RobotProgramming_eloquent/project_ws/install/draw_shape_interfaces/include/draw_shape_interfaces/msg/rosidl_typesupport_fastrtps_cpp__visibility_control.h
-- Up-to-date: /home/yahboom/S24_RobotProgramming_eloquent/project_ws/install/draw_shape_interfaces/include/draw_shape_interfaces/srv
-- Up-to-date: /home/yahboom/S24_RobotProgramming_eloquent/project_ws/install/draw_shape_interfaces/include/draw_shape_interfaces/srv/detail
-- Installing: /home/yahboom/S24_RobotProgramming_eloquent/project_ws/install/draw_shape_interfaces/include/draw_shape_interfaces/srv/detail/go_to_point__rosidl_typesupport_fastrtps_cpp.hpp
-- Installing: /home/yahboom/S24_RobotProgramming_eloquent/project_ws/install/draw_shape_interfaces/include/draw_shape_interfaces/srv/detail/dds_fastrtps
-- Installing: /home/yahboom/S24_RobotProgramming_eloquent/project_ws/install/draw_shape_interfaces/lib/libdraw_shape_interfaces__rosidl_typesupport_fastrtps_cpp.so
-- Set runtime path of "/home/yahboom/S24_RobotProgramming_eloquent/project_ws/install/draw_shape_interfaces/lib/libdraw_shape_interfaces__rosidl_typesupport_fastrtps_cpp.so" to ""
-- Up-to-date: /home/yahboom/S24_RobotProgramming_eloquent/project_ws/install/draw_shape_interfaces/include/draw_shape_interfaces
-- Up-to-date: /home/yahboom/S24_RobotProgramming_eloquent/project_ws/install/draw_shape_interfaces/include/draw_shape_interfaces/msg
-- Up-to-date: /home/yahboom/S24_RobotProgramming_eloquent/project_ws/install/draw_shape_interfaces/include/draw_shape_interfaces/msg/detail
-- Installing: /home/yahboom/S24_RobotProgramming_eloquent/project_ws/install/draw_shape_interfaces/include/draw_shape_interfaces/msg/detail/shape_def__rosidl_typesupport_introspection_c.h
-- Installing: /home/yahboom/S24_RobotProgramming_eloquent/project_ws/install/draw_shape_interfaces/include/draw_shape_interfaces/msg/detail/shape_def__type_support.c
-- Installing: /home/yahboom/S24_RobotProgramming_eloquent/project_ws/install/draw_shape_interfaces/include/draw_shape_interfaces/msg/rosidl_typesupport_introspection_c__visibility_control.h
-- Up-to-date: /home/yahboom/S24_RobotProgramming_eloquent/project_ws/install/draw_shape_interfaces/include/draw_shape_interfaces/srv
-- Up-to-date: /home/yahboom/S24_RobotProgramming_eloquent/project_ws/install/draw_shape_interfaces/include/draw_shape_interfaces/srv/detail
-- Installing: /home/yahboom/S24_RobotProgramming_eloquent/project_ws/install/draw_shape_interfaces/include/draw_shape_interfaces/srv/detail/go_to_point__rosidl_typesupport_introspection_c.h
-- Installing: /home/yahboom/S24_RobotProgramming_eloquent/project_ws/install/draw_shape_interfaces/include/draw_shape_interfaces/srv/detail/go_to_point__type_support.c
-- Installing: /home/yahboom/S24_RobotProgramming_eloquent/project_ws/install/draw_shape_interfaces/lib/libdraw_shape_interfaces__rosidl_typesupport_introspection_c.so
-- Set runtime path of "/home/yahboom/S24_RobotProgramming_eloquent/project_ws/install/draw_shape_interfaces/lib/libdraw_shape_interfaces__rosidl_typesupport_introspection_c.so" to ""
-- Installing: /home/yahboom/S24_RobotProgramming_eloquent/project_ws/install/draw_shape_interfaces/lib/libdraw_shape_interfaces__rosidl_typesupport_c.so
-- Set runtime path of "/home/yahboom/S24_RobotProgramming_eloquent/project_ws/install/draw_shape_interfaces/lib/libdraw_shape_interfaces__rosidl_typesupport_c.so" to ""
-- Up-to-date: /home/yahboom/S24_RobotProgramming_eloquent/project_ws/install/draw_shape_interfaces/include/draw_shape_interfaces
-- Up-to-date: /home/yahboom/S24_RobotProgramming_eloquent/project_ws/install/draw_shape_interfaces/include/draw_shape_interfaces/msg
-- Up-to-date: /home/yahboom/S24_RobotProgramming_eloquent/project_ws/install/draw_shape_interfaces/include/draw_shape_interfaces/msg/detail
-- Installing: /home/yahboom/S24_RobotProgramming_eloquent/project_ws/install/draw_shape_interfaces/include/draw_shape_interfaces/msg/detail/shape_def__traits.hpp
-- Installing: /home/yahboom/S24_RobotProgramming_eloquent/project_ws/install/draw_shape_interfaces/include/draw_shape_interfaces/msg/detail/shape_def__builder.hpp
-- Installing: /home/yahboom/S24_RobotProgramming_eloquent/project_ws/install/draw_shape_interfaces/include/draw_shape_interfaces/msg/detail/shape_def__struct.hpp
-- Installing: /home/yahboom/S24_RobotProgramming_eloquent/project_ws/install/draw_shape_interfaces/include/draw_shape_interfaces/msg/shape_def.hpp
-- Up-to-date: /home/yahboom/S24_RobotProgramming_eloquent/project_ws/install/draw_shape_interfaces/include/draw_shape_interfaces/srv
-- Up-to-date: /home/yahboom/S24_RobotProgramming_eloquent/project_ws/install/draw_shape_interfaces/include/draw_shape_interfaces/srv/detail
-- Installing: /home/yahboom/S24_RobotProgramming_eloquent/project_ws/install/draw_shape_interfaces/include/draw_shape_interfaces/srv/detail/go_to_point__traits.hpp
-- Installing: /home/yahboom/S24_RobotProgramming_eloquent/project_ws/install/draw_shape_interfaces/include/draw_shape_interfaces/srv/detail/go_to_point__struct.hpp
-- Installing: /home/yahboom/S24_RobotProgramming_eloquent/project_ws/install/draw_shape_interfaces/include/draw_shape_interfaces/srv/detail/go_to_point__builder.hpp
-- Installing: /home/yahboom/S24_RobotProgramming_eloquent/project_ws/install/draw_shape_interfaces/include/draw_shape_interfaces/srv/go_to_point.hpp
-- Up-to-date: /home/yahboom/S24_RobotProgramming_eloquent/project_ws/install/draw_shape_interfaces/include/draw_shape_interfaces
-- Up-to-date: /home/yahboom/S24_RobotProgramming_eloquent/project_ws/install/draw_shape_interfaces/include/draw_shape_interfaces/msg
-- Up-to-date: /home/yahboom/S24_RobotProgramming_eloquent/project_ws/install/draw_shape_interfaces/include/draw_shape_interfaces/msg/detail
-- Installing: /home/yahboom/S24_RobotProgramming_eloquent/project_ws/install/draw_shape_interfaces/include/draw_shape_interfaces/msg/detail/shape_def__rosidl_typesupport_introspection_cpp.hpp
-- Installing: /home/yahboom/S24_RobotProgramming_eloquent/project_ws/install/draw_shape_interfaces/include/draw_shape_interfaces/msg/detail/shape_def__type_support.cpp
-- Up-to-date: /home/yahboom/S24_RobotProgramming_eloquent/project_ws/install/draw_shape_interfaces/include/draw_shape_interfaces/srv
-- Up-to-date: /home/yahboom/S24_RobotProgramming_eloquent/project_ws/install/draw_shape_interfaces/include/draw_shape_interfaces/srv/detail
-- Installing: /home/yahboom/S24_RobotProgramming_eloquent/project_ws/install/draw_shape_interfaces/include/draw_shape_interfaces/srv/detail/go_to_point__type_support.cpp
-- Installing: /home/yahboom/S24_RobotProgramming_eloquent/project_ws/install/draw_shape_interfaces/include/draw_shape_interfaces/srv/detail/go_to_point__rosidl_typesupport_introspection_cpp.hpp
-- Installing: /home/yahboom/S24_RobotProgramming_eloquent/project_ws/install/draw_shape_interfaces/lib/libdraw_shape_interfaces__rosidl_typesupport_introspection_cpp.so
-- Set runtime path of "/home/yahboom/S24_RobotProgramming_eloquent/project_ws/install/draw_shape_interfaces/lib/libdraw_shape_interfaces__rosidl_typesupport_introspection_cpp.so" to ""
-- Installing: /home/yahboom/S24_RobotProgramming_eloquent/project_ws/install/draw_shape_interfaces/lib/libdraw_shape_interfaces__rosidl_typesupport_cpp.so
-- Set runtime path of "/home/yahboom/S24_RobotProgramming_eloquent/project_ws/install/draw_shape_interfaces/lib/libdraw_shape_interfaces__rosidl_typesupport_cpp.so" to ""
-- Installing: /home/yahboom/S24_RobotProgramming_eloquent/project_ws/install/draw_shape_interfaces/share/draw_shape_interfaces/environment/pythonpath.sh
-- Installing: /home/yahboom/S24_RobotProgramming_eloquent/project_ws/install/draw_shape_interfaces/share/draw_shape_interfaces/environment/pythonpath.dsv
-- Installing: /home/yahboom/S24_RobotProgramming_eloquent/project_ws/install/draw_shape_interfaces/lib/python3.8/site-packages/draw_shape_interfaces/__init__.py
Compiling '/home/yahboom/S24_RobotProgramming_eloquent/project_ws/install/draw_shape_interfaces/lib/python3.8/site-packages/draw_shape_interfaces/__init__.py'...
-- Installing: /home/yahboom/S24_RobotProgramming_eloquent/project_ws/install/draw_shape_interfaces/lib/python3.8/site-packages/draw_shape_interfaces/msg
-- Installing: /home/yahboom/S24_RobotProgramming_eloquent/project_ws/install/draw_shape_interfaces/lib/python3.8/site-packages/draw_shape_interfaces/msg/_shape_def.py
-- Installing: /home/yahboom/S24_RobotProgramming_eloquent/project_ws/install/draw_shape_interfaces/lib/python3.8/site-packages/draw_shape_interfaces/msg/__init__.py
-- Installing: /home/yahboom/S24_RobotProgramming_eloquent/project_ws/install/draw_shape_interfaces/lib/python3.8/site-packages/draw_shape_interfaces/msg/_shape_def_s.c
-- Installing: /home/yahboom/S24_RobotProgramming_eloquent/project_ws/install/draw_shape_interfaces/lib/python3.8/site-packages/draw_shape_interfaces/srv
-- Installing: /home/yahboom/S24_RobotProgramming_eloquent/project_ws/install/draw_shape_interfaces/lib/python3.8/site-packages/draw_shape_interfaces/srv/_go_to_point_s.c
-- Installing: /home/yahboom/S24_RobotProgramming_eloquent/project_ws/install/draw_shape_interfaces/lib/python3.8/site-packages/draw_shape_interfaces/srv/_go_to_point.py
-- Installing: /home/yahboom/S24_RobotProgramming_eloquent/project_ws/install/draw_shape_interfaces/lib/python3.8/site-packages/draw_shape_interfaces/srv/__init__.py
-- Installing: /home/yahboom/S24_RobotProgramming_eloquent/project_ws/install/draw_shape_interfaces/lib/python3.8/site-packages/draw_shape_interfaces/draw_shape_interfaces_s__rosidl_typesupport_fastrtps_c.cpython-38-x86_64-linux-gnu.so
-- Set runtime path of "/home/yahboom/S24_RobotProgramming_eloquent/project_ws/install/draw_shape_interfaces/lib/python3.8/site-packages/draw_shape_interfaces/draw_shape_interfaces_s__rosidl_typesupport_fastrtps_c.cpython-38-x86_64-linux-gnu.so" to ""
-- Installing: /home/yahboom/S24_RobotProgramming_eloquent/project_ws/install/draw_shape_interfaces/lib/python3.8/site-packages/draw_shape_interfaces/draw_shape_interfaces_s__rosidl_typesupport_introspection_c.cpython-38-x86_64-linux-gnu.so
-- Set runtime path of "/home/yahboom/S24_RobotProgramming_eloquent/project_ws/install/draw_shape_interfaces/lib/python3.8/site-packages/draw_shape_interfaces/draw_shape_interfaces_s__rosidl_typesupport_introspection_c.cpython-38-x86_64-linux-gnu.so" to ""
-- Installing: /home/yahboom/S24_RobotProgramming_eloquent/project_ws/install/draw_shape_interfaces/lib/python3.8/site-packages/draw_shape_interfaces/draw_shape_interfaces_s__rosidl_typesupport_c.cpython-38-x86_64-linux-gnu.so
-- Set runtime path of "/home/yahboom/S24_RobotProgramming_eloquent/project_ws/install/draw_shape_interfaces/lib/python3.8/site-packages/draw_shape_interfaces/draw_shape_interfaces_s__rosidl_typesupport_c.cpython-38-x86_64-linux-gnu.so" to ""
-- Installing: /home/yahboom/S24_RobotProgramming_eloquent/project_ws/install/draw_shape_interfaces/lib/libdraw_shape_interfaces__python.so
-- Set runtime path of "/home/yahboom/S24_RobotProgramming_eloquent/project_ws/install/draw_shape_interfaces/lib/libdraw_shape_interfaces__python.so" to ""
-- Installing: /home/yahboom/S24_RobotProgramming_eloquent/project_ws/install/draw_shape_interfaces/share/draw_shape_interfaces/msg/ShapeDef.idl
-- Installing: /home/yahboom/S24_RobotProgramming_eloquent/project_ws/install/draw_shape_interfaces/share/draw_shape_interfaces/srv/GoToPoint.idl
-- Installing: /home/yahboom/S24_RobotProgramming_eloquent/project_ws/install/draw_shape_interfaces/share/draw_shape_interfaces/msg/ShapeDef.msg
-- Installing: /home/yahboom/S24_RobotProgramming_eloquent/project_ws/install/draw_shape_interfaces/share/draw_shape_interfaces/srv/GoToPoint.srv
-- Installing: /home/yahboom/S24_RobotProgramming_eloquent/project_ws/install/draw_shape_interfaces/share/draw_shape_interfaces/srv/GoToPoint_Request.msg
-- Installing: /home/yahboom/S24_RobotProgramming_eloquent/project_ws/install/draw_shape_interfaces/share/draw_shape_interfaces/srv/GoToPoint_Response.msg
-- Installing: /home/yahboom/S24_RobotProgramming_eloquent/project_ws/install/draw_shape_interfaces/share/ament_index/resource_index/package_run_dependencies/draw_shape_interfaces
-- Installing: /home/yahboom/S24_RobotProgramming_eloquent/project_ws/install/draw_shape_interfaces/share/ament_index/resource_index/parent_prefix_path/draw_shape_interfaces
-- Installing: /home/yahboom/S24_RobotProgramming_eloquent/project_ws/install/draw_shape_interfaces/share/draw_shape_interfaces/environment/ament_prefix_path.sh
-- Installing: /home/yahboom/S24_RobotProgramming_eloquent/project_ws/install/draw_shape_interfaces/share/draw_shape_interfaces/environment/ament_prefix_path.dsv
-- Installing: /home/yahboom/S24_RobotProgramming_eloquent/project_ws/install/draw_shape_interfaces/share/draw_shape_interfaces/environment/path.sh
-- Installing: /home/yahboom/S24_RobotProgramming_eloquent/project_ws/install/draw_shape_interfaces/share/draw_shape_interfaces/environment/path.dsv
-- Installing: /home/yahboom/S24_RobotProgramming_eloquent/project_ws/install/draw_shape_interfaces/share/draw_shape_interfaces/local_setup.bash
-- Installing: /home/yahboom/S24_RobotProgramming_eloquent/project_ws/install/draw_shape_interfaces/share/draw_shape_interfaces/local_setup.sh
-- Installing: /home/yahboom/S24_RobotProgramming_eloquent/project_ws/install/draw_shape_interfaces/share/draw_shape_interfaces/local_setup.zsh
-- Installing: /home/yahboom/S24_RobotProgramming_eloquent/project_ws/install/draw_shape_interfaces/share/draw_shape_interfaces/local_setup.dsv
-- Installing: /home/yahboom/S24_RobotProgramming_eloquent/project_ws/install/draw_shape_interfaces/share/draw_shape_interfaces/package.dsv
-- Installing: /home/yahboom/S24_RobotProgramming_eloquent/project_ws/install/draw_shape_interfaces/share/ament_index/resource_index/packages/draw_shape_interfaces
-- Installing: /home/yahboom/S24_RobotProgramming_eloquent/project_ws/install/draw_shape_interfaces/share/draw_shape_interfaces/cmake/draw_shape_interfaces__rosidl_generator_cExport.cmake
-- Installing: /home/yahboom/S24_RobotProgramming_eloquent/project_ws/install/draw_shape_interfaces/share/draw_shape_interfaces/cmake/draw_shape_interfaces__rosidl_generator_cExport-noconfig.cmake
-- Installing: /home/yahboom/S24_RobotProgramming_eloquent/project_ws/install/draw_shape_interfaces/share/draw_shape_interfaces/cmake/draw_shape_interfaces__rosidl_typesupport_introspection_cExport.cmake
-- Installing: /home/yahboom/S24_RobotProgramming_eloquent/project_ws/install/draw_shape_interfaces/share/draw_shape_interfaces/cmake/draw_shape_interfaces__rosidl_typesupport_introspection_cExport-noconfig.cmake
-- Installing: /home/yahboom/S24_RobotProgramming_eloquent/project_ws/install/draw_shape_interfaces/share/draw_shape_interfaces/cmake/draw_shape_interfaces__rosidl_typesupport_cExport.cmake
-- Installing: /home/yahboom/S24_RobotProgramming_eloquent/project_ws/install/draw_shape_interfaces/share/draw_shape_interfaces/cmake/draw_shape_interfaces__rosidl_typesupport_cExport-noconfig.cmake
-- Installing: /home/yahboom/S24_RobotProgramming_eloquent/project_ws/install/draw_shape_interfaces/share/draw_shape_interfaces/cmake/draw_shape_interfaces__rosidl_generator_cppExport.cmake
-- Installing: /home/yahboom/S24_RobotProgramming_eloquent/project_ws/install/draw_shape_interfaces/share/draw_shape_interfaces/cmake/draw_shape_interfaces__rosidl_typesupport_introspection_cppExport.cmake
-- Installing: /home/yahboom/S24_RobotProgramming_eloquent/project_ws/install/draw_shape_interfaces/share/draw_shape_interfaces/cmake/draw_shape_interfaces__rosidl_typesupport_introspection_cppExport-noconfig.cmake
-- Installing: /home/yahboom/S24_RobotProgramming_eloquent/project_ws/install/draw_shape_interfaces/share/draw_shape_interfaces/cmake/draw_shape_interfaces__rosidl_typesupport_cppExport.cmake
-- Installing: /home/yahboom/S24_RobotProgramming_eloquent/project_ws/install/draw_shape_interfaces/share/draw_shape_interfaces/cmake/draw_shape_interfaces__rosidl_typesupport_cppExport-noconfig.cmake
-- Installing: /home/yahboom/S24_RobotProgramming_eloquent/project_ws/install/draw_shape_interfaces/share/draw_shape_interfaces/cmake/rosidl_cmake-extras.cmake
-- Installing: /home/yahboom/S24_RobotProgramming_eloquent/project_ws/install/draw_shape_interfaces/share/draw_shape_interfaces/cmake/ament_cmake_export_dependencies-extras.cmake
-- Installing: /home/yahboom/S24_RobotProgramming_eloquent/project_ws/install/draw_shape_interfaces/share/draw_shape_interfaces/cmake/ament_cmake_export_libraries-extras.cmake
-- Installing: /home/yahboom/S24_RobotProgramming_eloquent/project_ws/install/draw_shape_interfaces/share/draw_shape_interfaces/cmake/ament_cmake_export_targets-extras.cmake
-- Installing: /home/yahboom/S24_RobotProgramming_eloquent/project_ws/install/draw_shape_interfaces/share/draw_shape_interfaces/cmake/ament_cmake_export_include_directories-extras.cmake
-- Installing: /home/yahboom/S24_RobotProgramming_eloquent/project_ws/install/draw_shape_interfaces/share/draw_shape_interfaces/cmake/rosidl_cmake_export_typesupport_libraries-extras.cmake
-- Installing: /home/yahboom/S24_RobotProgramming_eloquent/project_ws/install/draw_shape_interfaces/share/draw_shape_interfaces/cmake/rosidl_cmake_export_typesupport_targets-extras.cmake
-- Installing: /home/yahboom/S24_RobotProgramming_eloquent/project_ws/install/draw_shape_interfaces/share/draw_shape_interfaces/cmake/draw_shape_interfacesConfig.cmake
-- Installing: /home/yahboom/S24_RobotProgramming_eloquent/project_ws/install/draw_shape_interfaces/share/draw_shape_interfaces/cmake/draw_shape_interfacesConfig-version.cmake
-- Installing: /home/yahboom/S24_RobotProgramming_eloquent/project_ws/install/draw_shape_interfaces/share/draw_shape_interfaces/package.xml
