[1.488s] Invoking command in '/home/yahboom/S24_RobotProgramming_eloquent/lab3/roscourse_ws/build/teleop_twist_keyboard': PYTHONPATH=/home/yahboom/S24_RobotProgramming_eloquent/lab3/roscourse_ws/build/teleop_twist_keyboard/prefix_override:/home/yahboom/S24_RobotProgramming_eloquent/lab3/roscourse_ws/install/teleop_twist_keyboard/lib/python3.8/site-packages:${PYTHONPATH} /usr/bin/python3 setup.py develop --uninstall --editable --build-directory /home/yahboom/S24_RobotProgramming_eloquent/lab3/roscourse_ws/build/teleop_twist_keyboard/build
[1.751s] running develop
[1.939s] Invoked command in '/home/yahboom/S24_RobotProgramming_eloquent/lab3/roscourse_ws/build/teleop_twist_keyboard' returned '0': PYTHONPATH=/home/yahboom/S24_RobotProgramming_eloquent/lab3/roscourse_ws/build/teleop_twist_keyboard/prefix_override:/home/yahboom/S24_RobotProgramming_eloquent/lab3/roscourse_ws/install/teleop_twist_keyboard/lib/python3.8/site-packages:${PYTHONPATH} /usr/bin/python3 setup.py develop --uninstall --editable --build-directory /home/yahboom/S24_RobotProgramming_eloquent/lab3/roscourse_ws/build/teleop_twist_keyboard/build
[1.943s] Invoking command in '/home/yahboom/S24_RobotProgramming_eloquent/lab3/roscourse_ws/src/teleop_twist_keyboard': PYTHONPATH=/home/yahboom/S24_RobotProgramming_eloquent/lab3/roscourse_ws/build/teleop_twist_keyboard/prefix_override:/home/yahboom/S24_RobotProgramming_eloquent/lab3/roscourse_ws/install/teleop_twist_keyboard/lib/python3.8/site-packages:${PYTHONPATH} /usr/bin/python3 setup.py egg_info --egg-base ../../build/teleop_twist_keyboard build --build-base /home/yahboom/S24_RobotProgramming_eloquent/lab3/roscourse_ws/build/teleop_twist_keyboard/build install --record /home/yahboom/S24_RobotProgramming_eloquent/lab3/roscourse_ws/build/teleop_twist_keyboard/install.log --single-version-externally-managed
[2.151s] running egg_info
[2.152s] writing ../../build/teleop_twist_keyboard/teleop_twist_keyboard.egg-info/PKG-INFO
[2.152s] writing dependency_links to ../../build/teleop_twist_keyboard/teleop_twist_keyboard.egg-info/dependency_links.txt
[2.152s] writing entry points to ../../build/teleop_twist_keyboard/teleop_twist_keyboard.egg-info/entry_points.txt
[2.153s] writing requirements to ../../build/teleop_twist_keyboard/teleop_twist_keyboard.egg-info/requires.txt
[2.153s] writing top-level names to ../../build/teleop_twist_keyboard/teleop_twist_keyboard.egg-info/top_level.txt
[2.179s] reading manifest file '../../build/teleop_twist_keyboard/teleop_twist_keyboard.egg-info/SOURCES.txt'
[2.180s] writing manifest file '../../build/teleop_twist_keyboard/teleop_twist_keyboard.egg-info/SOURCES.txt'
[2.180s] running build
[2.180s] running build_py
[2.181s] running install
[2.181s] running install_lib
[2.182s] running install_data
[2.183s] running install_egg_info
[2.185s] removing '/home/yahboom/S24_RobotProgramming_eloquent/lab3/roscourse_ws/install/teleop_twist_keyboard/lib/python3.8/site-packages/teleop_twist_keyboard-2.3.2-py3.8.egg-info' (and everything under it)
[2.185s] Copying ../../build/teleop_twist_keyboard/teleop_twist_keyboard.egg-info to /home/yahboom/S24_RobotProgramming_eloquent/lab3/roscourse_ws/install/teleop_twist_keyboard/lib/python3.8/site-packages/teleop_twist_keyboard-2.3.2-py3.8.egg-info
[2.185s] running install_scripts
[2.199s] Installing teleop_twist_keyboard script to /home/yahboom/S24_RobotProgramming_eloquent/lab3/roscourse_ws/install/teleop_twist_keyboard/lib/teleop_twist_keyboard
[2.199s] writing list of installed files to '/home/yahboom/S24_RobotProgramming_eloquent/lab3/roscourse_ws/build/teleop_twist_keyboard/install.log'
[2.223s] Invoked command in '/home/yahboom/S24_RobotProgramming_eloquent/lab3/roscourse_ws/src/teleop_twist_keyboard' returned '0': PYTHONPATH=/home/yahboom/S24_RobotProgramming_eloquent/lab3/roscourse_ws/build/teleop_twist_keyboard/prefix_override:/home/yahboom/S24_RobotProgramming_eloquent/lab3/roscourse_ws/install/teleop_twist_keyboard/lib/python3.8/site-packages:${PYTHONPATH} /usr/bin/python3 setup.py egg_info --egg-base ../../build/teleop_twist_keyboard build --build-base /home/yahboom/S24_RobotProgramming_eloquent/lab3/roscourse_ws/build/teleop_twist_keyboard/build install --record /home/yahboom/S24_RobotProgramming_eloquent/lab3/roscourse_ws/build/teleop_twist_keyboard/install.log --single-version-externally-managed
