[0.286s] DEBUG:colcon:Command line arguments: ['/usr/bin/colcon', 'build']
[0.286s] DEBUG:colcon:Parsed command line arguments: Namespace(allow_overriding=[], ament_cmake_args=None, base_paths=['.'], build_base='build', catkin_cmake_args=None, catkin_skip_building_tests=False, cmake_args=None, cmake_clean_cache=False, cmake_clean_first=False, cmake_force_configure=False, cmake_target=None, cmake_target_skip_unavailable=False, continue_on_error=False, event_handlers=None, executor='parallel', ignore_user_meta=False, install_base='install', log_base=None, log_level=None, main=<bound method BuildVerb.main of <colcon_core.verb.build.BuildVerb object at 0x7f7dd2db4400>>, merge_install=False, metas=['./colcon.meta'], packages_above=None, packages_above_and_dependencies=None, packages_above_depth=None, packages_end=None, packages_ignore=None, packages_ignore_regex=None, packages_select=None, packages_select_build_failed=False, packages_select_by_dep=None, packages_select_regex=None, packages_select_test_failures=False, packages_skip=None, packages_skip_build_finished=False, packages_skip_by_dep=None, packages_skip_regex=None, packages_skip_test_passed=False, packages_skip_up_to=None, packages_start=None, packages_up_to=None, packages_up_to_regex=None, parallel_workers=8, paths=None, symlink_install=False, test_result_base=None, verb_extension=<colcon_core.verb.build.BuildVerb object at 0x7f7dd2db4400>, verb_name='build', verb_parser=<colcon_defaults.argument_parser.defaults.DefaultArgumentsDecorator object at 0x7f7dd2db4940>)
[0.309s] Level 1:colcon.colcon_core.package_discovery:discover_packages(colcon_meta) check parameters
[0.309s] Level 1:colcon.colcon_core.package_discovery:discover_packages(recursive) check parameters
[0.309s] Level 1:colcon.colcon_core.package_discovery:discover_packages(ignore) check parameters
[0.309s] Level 1:colcon.colcon_core.package_discovery:discover_packages(path) check parameters
[0.309s] Level 1:colcon.colcon_core.package_discovery:discover_packages(colcon_meta) discover
[0.310s] Level 1:colcon.colcon_core.package_discovery:discover_packages(recursive) discover
[0.310s] INFO:colcon.colcon_core.package_discovery:Crawling recursively for packages in '/home/yahboom/ArchDocs/SharedDocs/S24_RobotProgramming_eloquent/Lab3/roscourse_ws'
[0.311s] Level 1:colcon.colcon_core.package_identification:_identify(.) by extensions ['ignore', 'ignore_ament_install']
[0.311s] Level 1:colcon.colcon_core.package_identification:_identify(.) by extension 'ignore'
[0.311s] Level 1:colcon.colcon_core.package_identification:_identify(.) by extension 'ignore_ament_install'
[0.312s] Level 1:colcon.colcon_core.package_identification:_identify(.) by extensions ['colcon_pkg']
[0.312s] Level 1:colcon.colcon_core.package_identification:_identify(.) by extension 'colcon_pkg'
[0.312s] Level 1:colcon.colcon_core.package_identification:_identify(.) by extensions ['colcon_meta']
[0.313s] Level 1:colcon.colcon_core.package_identification:_identify(.) by extension 'colcon_meta'
[0.313s] Level 1:colcon.colcon_core.package_identification:_identify(.) by extensions ['ros']
[0.313s] Level 1:colcon.colcon_core.package_identification:_identify(.) by extension 'ros'
[0.327s] Level 1:colcon.colcon_core.package_identification:_identify(.) by extensions ['cmake', 'python']
[0.328s] Level 1:colcon.colcon_core.package_identification:_identify(.) by extension 'cmake'
[0.328s] Level 1:colcon.colcon_core.package_identification:_identify(.) by extension 'python'
[0.328s] Level 1:colcon.colcon_core.package_identification:_identify(.) by extensions ['python_setup_py']
[0.328s] Level 1:colcon.colcon_core.package_identification:_identify(.) by extension 'python_setup_py'
[0.330s] Level 1:colcon.colcon_core.package_identification:_identify(build) by extensions ['ignore', 'ignore_ament_install']
[0.330s] Level 1:colcon.colcon_core.package_identification:_identify(build) by extension 'ignore'
[0.330s] Level 1:colcon.colcon_core.package_identification:_identify(build) ignored
[0.333s] Level 1:colcon.colcon_core.package_identification:_identify(install) by extensions ['ignore', 'ignore_ament_install']
[0.333s] Level 1:colcon.colcon_core.package_identification:_identify(install) by extension 'ignore'
[0.333s] Level 1:colcon.colcon_core.package_identification:_identify(install) ignored
[0.337s] Level 1:colcon.colcon_core.package_identification:_identify(log) by extensions ['ignore', 'ignore_ament_install']
[0.337s] Level 1:colcon.colcon_core.package_identification:_identify(log) by extension 'ignore'
[0.337s] Level 1:colcon.colcon_core.package_identification:_identify(log) ignored
[0.338s] Level 1:colcon.colcon_core.package_identification:_identify(src) by extensions ['ignore', 'ignore_ament_install']
[0.338s] Level 1:colcon.colcon_core.package_identification:_identify(src) by extension 'ignore'
[0.339s] Level 1:colcon.colcon_core.package_identification:_identify(src) by extension 'ignore_ament_install'
[0.339s] Level 1:colcon.colcon_core.package_identification:_identify(src) by extensions ['colcon_pkg']
[0.339s] Level 1:colcon.colcon_core.package_identification:_identify(src) by extension 'colcon_pkg'
[0.340s] Level 1:colcon.colcon_core.package_identification:_identify(src) by extensions ['colcon_meta']
[0.340s] Level 1:colcon.colcon_core.package_identification:_identify(src) by extension 'colcon_meta'
[0.340s] Level 1:colcon.colcon_core.package_identification:_identify(src) by extensions ['ros']
[0.340s] Level 1:colcon.colcon_core.package_identification:_identify(src) by extension 'ros'
[0.341s] Level 1:colcon.colcon_core.package_identification:_identify(src) by extensions ['cmake', 'python']
[0.341s] Level 1:colcon.colcon_core.package_identification:_identify(src) by extension 'cmake'
[0.341s] Level 1:colcon.colcon_core.package_identification:_identify(src) by extension 'python'
[0.341s] Level 1:colcon.colcon_core.package_identification:_identify(src) by extensions ['python_setup_py']
[0.342s] Level 1:colcon.colcon_core.package_identification:_identify(src) by extension 'python_setup_py'
[0.343s] Level 1:colcon.colcon_core.package_identification:_identify(src/python_turtle) by extensions ['ignore', 'ignore_ament_install']
[0.343s] Level 1:colcon.colcon_core.package_identification:_identify(src/python_turtle) by extension 'ignore'
[0.344s] Level 1:colcon.colcon_core.package_identification:_identify(src/python_turtle) by extension 'ignore_ament_install'
[0.344s] Level 1:colcon.colcon_core.package_identification:_identify(src/python_turtle) by extensions ['colcon_pkg']
[0.344s] Level 1:colcon.colcon_core.package_identification:_identify(src/python_turtle) by extension 'colcon_pkg'
[0.344s] Level 1:colcon.colcon_core.package_identification:_identify(src/python_turtle) by extensions ['colcon_meta']
[0.345s] Level 1:colcon.colcon_core.package_identification:_identify(src/python_turtle) by extension 'colcon_meta'
[0.345s] Level 1:colcon.colcon_core.package_identification:_identify(src/python_turtle) by extensions ['ros']
[0.345s] Level 1:colcon.colcon_core.package_identification:_identify(src/python_turtle) by extension 'ros'
[0.348s] DEBUG:colcon.colcon_core.package_identification:Package 'src/python_turtle' with type 'ros.ament_python' and name 'python_turtle'
[0.349s] Level 1:colcon.colcon_core.package_identification:_identify(src/turtle_interfaces) by extensions ['ignore', 'ignore_ament_install']
[0.349s] Level 1:colcon.colcon_core.package_identification:_identify(src/turtle_interfaces) by extension 'ignore'
[0.350s] Level 1:colcon.colcon_core.package_identification:_identify(src/turtle_interfaces) by extension 'ignore_ament_install'
[0.350s] Level 1:colcon.colcon_core.package_identification:_identify(src/turtle_interfaces) by extensions ['colcon_pkg']
[0.350s] Level 1:colcon.colcon_core.package_identification:_identify(src/turtle_interfaces) by extension 'colcon_pkg'
[0.351s] Level 1:colcon.colcon_core.package_identification:_identify(src/turtle_interfaces) by extensions ['colcon_meta']
[0.351s] Level 1:colcon.colcon_core.package_identification:_identify(src/turtle_interfaces) by extension 'colcon_meta'
[0.351s] Level 1:colcon.colcon_core.package_identification:_identify(src/turtle_interfaces) by extensions ['ros']
[0.351s] Level 1:colcon.colcon_core.package_identification:_identify(src/turtle_interfaces) by extension 'ros'
[0.352s] DEBUG:colcon.colcon_core.package_identification:Package 'src/turtle_interfaces' with type 'ros.ament_cmake' and name 'turtle_interfaces'
[0.354s] Level 1:colcon.colcon_core.package_identification:_identify(src/webcam) by extensions ['ignore', 'ignore_ament_install']
[0.354s] Level 1:colcon.colcon_core.package_identification:_identify(src/webcam) by extension 'ignore'
[0.354s] Level 1:colcon.colcon_core.package_identification:_identify(src/webcam) by extension 'ignore_ament_install'
[0.355s] Level 1:colcon.colcon_core.package_identification:_identify(src/webcam) by extensions ['colcon_pkg']
[0.355s] Level 1:colcon.colcon_core.package_identification:_identify(src/webcam) by extension 'colcon_pkg'
[0.355s] Level 1:colcon.colcon_core.package_identification:_identify(src/webcam) by extensions ['colcon_meta']
[0.355s] Level 1:colcon.colcon_core.package_identification:_identify(src/webcam) by extension 'colcon_meta'
[0.356s] Level 1:colcon.colcon_core.package_identification:_identify(src/webcam) by extensions ['ros']
[0.356s] Level 1:colcon.colcon_core.package_identification:_identify(src/webcam) by extension 'ros'
[0.357s] DEBUG:colcon.colcon_core.package_identification:Package 'src/webcam' with type 'ros.ament_python' and name 'webcam'
[0.357s] Level 1:colcon.colcon_core.package_discovery:discover_packages(recursive) using defaults
[0.357s] Level 1:colcon.colcon_core.package_discovery:discover_packages(ignore) discover
[0.357s] Level 1:colcon.colcon_core.package_discovery:discover_packages(ignore) using defaults
[0.358s] Level 1:colcon.colcon_core.package_discovery:discover_packages(path) discover
[0.358s] Level 1:colcon.colcon_core.package_discovery:discover_packages(path) using defaults
[0.377s] Level 1:colcon.colcon_core.package_discovery:discover_packages(prefix_path) check parameters
[0.377s] Level 1:colcon.colcon_core.package_discovery:discover_packages(prefix_path) discover
[0.390s] DEBUG:colcon.colcon_installed_package_information.package_discovery:Found 3 installed packages in /home/yahboom/ArchDocs/SharedDocs/S24_RobotProgramming_eloquent/Lab3/roscourse_ws/install
[0.391s] DEBUG:colcon.colcon_installed_package_information.package_discovery:Found 10 installed packages in /home/yahboom/yahboomcar_ros2_ws/software/library_ws/install
[0.392s] DEBUG:colcon.colcon_installed_package_information.package_discovery:Found 20 installed packages in /home/yahboom/yahboomcar_ros2_ws/yahboomcar_ws/install
[0.394s] DEBUG:colcon.colcon_installed_package_information.package_discovery:Found 337 installed packages in /opt/ros/foxy
[0.396s] Level 1:colcon.colcon_core.package_discovery:discover_packages(prefix_path) using defaults
[0.460s] Level 5:colcon.colcon_core.verb:set package 'turtle_interfaces' build argument 'cmake_args' from command line to 'None'
[0.460s] Level 5:colcon.colcon_core.verb:set package 'turtle_interfaces' build argument 'cmake_target' from command line to 'None'
[0.460s] Level 5:colcon.colcon_core.verb:set package 'turtle_interfaces' build argument 'cmake_target_skip_unavailable' from command line to 'False'
[0.460s] Level 5:colcon.colcon_core.verb:set package 'turtle_interfaces' build argument 'cmake_clean_cache' from command line to 'False'
[0.461s] Level 5:colcon.colcon_core.verb:set package 'turtle_interfaces' build argument 'cmake_clean_first' from command line to 'False'
[0.461s] Level 5:colcon.colcon_core.verb:set package 'turtle_interfaces' build argument 'cmake_force_configure' from command line to 'False'
[0.461s] Level 5:colcon.colcon_core.verb:set package 'turtle_interfaces' build argument 'ament_cmake_args' from command line to 'None'
[0.461s] Level 5:colcon.colcon_core.verb:set package 'turtle_interfaces' build argument 'catkin_cmake_args' from command line to 'None'
[0.461s] Level 5:colcon.colcon_core.verb:set package 'turtle_interfaces' build argument 'catkin_skip_building_tests' from command line to 'False'
[0.461s] DEBUG:colcon.colcon_core.verb:Building package 'turtle_interfaces' with the following arguments: {'ament_cmake_args': None, 'build_base': '/home/yahboom/ArchDocs/SharedDocs/S24_RobotProgramming_eloquent/Lab3/roscourse_ws/build/turtle_interfaces', 'catkin_cmake_args': None, 'catkin_skip_building_tests': False, 'cmake_args': None, 'cmake_clean_cache': False, 'cmake_clean_first': False, 'cmake_force_configure': False, 'cmake_target': None, 'cmake_target_skip_unavailable': False, 'install_base': '/home/yahboom/ArchDocs/SharedDocs/S24_RobotProgramming_eloquent/Lab3/roscourse_ws/install/turtle_interfaces', 'merge_install': False, 'path': '/home/yahboom/ArchDocs/SharedDocs/S24_RobotProgramming_eloquent/Lab3/roscourse_ws/src/turtle_interfaces', 'symlink_install': False, 'test_result_base': None}
[0.463s] Level 5:colcon.colcon_core.verb:set package 'webcam' build argument 'cmake_args' from command line to 'None'
[0.463s] Level 5:colcon.colcon_core.verb:set package 'webcam' build argument 'cmake_target' from command line to 'None'
[0.463s] Level 5:colcon.colcon_core.verb:set package 'webcam' build argument 'cmake_target_skip_unavailable' from command line to 'False'
[0.463s] Level 5:colcon.colcon_core.verb:set package 'webcam' build argument 'cmake_clean_cache' from command line to 'False'
[0.463s] Level 5:colcon.colcon_core.verb:set package 'webcam' build argument 'cmake_clean_first' from command line to 'False'
[0.463s] Level 5:colcon.colcon_core.verb:set package 'webcam' build argument 'cmake_force_configure' from command line to 'False'
[0.464s] Level 5:colcon.colcon_core.verb:set package 'webcam' build argument 'ament_cmake_args' from command line to 'None'
[0.464s] Level 5:colcon.colcon_core.verb:set package 'webcam' build argument 'catkin_cmake_args' from command line to 'None'
[0.464s] Level 5:colcon.colcon_core.verb:set package 'webcam' build argument 'catkin_skip_building_tests' from command line to 'False'
[0.464s] DEBUG:colcon.colcon_core.verb:Building package 'webcam' with the following arguments: {'ament_cmake_args': None, 'build_base': '/home/yahboom/ArchDocs/SharedDocs/S24_RobotProgramming_eloquent/Lab3/roscourse_ws/build/webcam', 'catkin_cmake_args': None, 'catkin_skip_building_tests': False, 'cmake_args': None, 'cmake_clean_cache': False, 'cmake_clean_first': False, 'cmake_force_configure': False, 'cmake_target': None, 'cmake_target_skip_unavailable': False, 'install_base': '/home/yahboom/ArchDocs/SharedDocs/S24_RobotProgramming_eloquent/Lab3/roscourse_ws/install/webcam', 'merge_install': False, 'path': '/home/yahboom/ArchDocs/SharedDocs/S24_RobotProgramming_eloquent/Lab3/roscourse_ws/src/webcam', 'symlink_install': False, 'test_result_base': None}
[0.465s] Level 5:colcon.colcon_core.verb:set package 'python_turtle' build argument 'cmake_args' from command line to 'None'
[0.465s] Level 5:colcon.colcon_core.verb:set package 'python_turtle' build argument 'cmake_target' from command line to 'None'
[0.465s] Level 5:colcon.colcon_core.verb:set package 'python_turtle' build argument 'cmake_target_skip_unavailable' from command line to 'False'
[0.465s] Level 5:colcon.colcon_core.verb:set package 'python_turtle' build argument 'cmake_clean_cache' from command line to 'False'
[0.465s] Level 5:colcon.colcon_core.verb:set package 'python_turtle' build argument 'cmake_clean_first' from command line to 'False'
[0.466s] Level 5:colcon.colcon_core.verb:set package 'python_turtle' build argument 'cmake_force_configure' from command line to 'False'
[0.466s] Level 5:colcon.colcon_core.verb:set package 'python_turtle' build argument 'ament_cmake_args' from command line to 'None'
[0.466s] Level 5:colcon.colcon_core.verb:set package 'python_turtle' build argument 'catkin_cmake_args' from command line to 'None'
[0.466s] Level 5:colcon.colcon_core.verb:set package 'python_turtle' build argument 'catkin_skip_building_tests' from command line to 'False'
[0.466s] DEBUG:colcon.colcon_core.verb:Building package 'python_turtle' with the following arguments: {'ament_cmake_args': None, 'build_base': '/home/yahboom/ArchDocs/SharedDocs/S24_RobotProgramming_eloquent/Lab3/roscourse_ws/build/python_turtle', 'catkin_cmake_args': None, 'catkin_skip_building_tests': False, 'cmake_args': None, 'cmake_clean_cache': False, 'cmake_clean_first': False, 'cmake_force_configure': False, 'cmake_target': None, 'cmake_target_skip_unavailable': False, 'install_base': '/home/yahboom/ArchDocs/SharedDocs/S24_RobotProgramming_eloquent/Lab3/roscourse_ws/install/python_turtle', 'merge_install': False, 'path': '/home/yahboom/ArchDocs/SharedDocs/S24_RobotProgramming_eloquent/Lab3/roscourse_ws/src/python_turtle', 'symlink_install': False, 'test_result_base': None}
[0.467s] INFO:colcon.colcon_core.executor:Executing jobs using 'parallel' executor
[0.470s] DEBUG:colcon.colcon_parallel_executor.executor.parallel:run_until_complete
[0.470s] INFO:colcon.colcon_ros.task.ament_cmake.build:Building ROS package in '/home/yahboom/ArchDocs/SharedDocs/S24_RobotProgramming_eloquent/Lab3/roscourse_ws/src/turtle_interfaces' with build type 'ament_cmake'
[0.471s] INFO:colcon.colcon_cmake.task.cmake.build:Building CMake package in '/home/yahboom/ArchDocs/SharedDocs/S24_RobotProgramming_eloquent/Lab3/roscourse_ws/src/turtle_interfaces'
[0.475s] INFO:colcon.colcon_core.plugin_system:Skipping extension 'colcon_core.shell.bat': Not used on non-Windows systems
[0.475s] INFO:colcon.colcon_core.shell:Skip shell extension 'powershell' for command environment: Not usable outside of PowerShell
[0.475s] DEBUG:colcon.colcon_core.shell:Skip shell extension 'dsv' for command environment
[0.492s] INFO:colcon.colcon_ros.task.ament_python.build:Building ROS package in '/home/yahboom/ArchDocs/SharedDocs/S24_RobotProgramming_eloquent/Lab3/roscourse_ws/src/webcam' with build type 'ament_python'
[0.493s] Level 1:colcon.colcon_core.shell:create_environment_hook('webcam', 'ament_prefix_path')
[0.494s] INFO:colcon.colcon_core.shell:Creating environment hook '/home/yahboom/ArchDocs/SharedDocs/S24_RobotProgramming_eloquent/Lab3/roscourse_ws/install/webcam/share/webcam/hook/ament_prefix_path.ps1'
[0.496s] INFO:colcon.colcon_core.shell:Creating environment descriptor '/home/yahboom/ArchDocs/SharedDocs/S24_RobotProgramming_eloquent/Lab3/roscourse_ws/install/webcam/share/webcam/hook/ament_prefix_path.dsv'
[0.498s] INFO:colcon.colcon_core.shell:Creating environment hook '/home/yahboom/ArchDocs/SharedDocs/S24_RobotProgramming_eloquent/Lab3/roscourse_ws/install/webcam/share/webcam/hook/ament_prefix_path.sh'
[0.501s] INFO:colcon.colcon_core.shell:Skip shell extension 'powershell' for command environment: Not usable outside of PowerShell
[0.501s] DEBUG:colcon.colcon_core.shell:Skip shell extension 'dsv' for command environment
[0.541s] DEBUG:colcon.colcon_core.event_handler.log_command:Invoking command in '/home/yahboom/ArchDocs/SharedDocs/S24_RobotProgramming_eloquent/Lab3/roscourse_ws/build/turtle_interfaces': CMAKE_PREFIX_PATH=${CMAKE_PREFIX_PATH}:/home/yahboom/ArchDocs/SharedDocs/S24_RobotProgramming_eloquent/Lab3/roscourse_ws/install/python_turtle:/home/yahboom/ArchDocs/SharedDocs/S24_RobotProgramming_eloquent/Lab3/roscourse_ws/install/webcam:/home/yahboom/yahboomcar_ros2_ws/yahboomcar_ws/install/yahboomcar_voice_ctrl:/home/yahboom/yahboomcar_ros2_ws/yahboomcar_ws/install/yahboomcar_visual:/home/yahboom/yahboomcar_ros2_ws/yahboomcar_ws/install/yahboomcar_rviz:/home/yahboom/yahboomcar_ros2_ws/yahboomcar_ws/install/yahboomcar_nav:/home/yahboom/yahboomcar_ros2_ws/yahboomcar_ws/install/yahboomcar_multi:/home/yahboom/yahboomcar_ros2_ws/yahboomcar_ws/install/yahboomcar_mediapipe:/home/yahboom/yahboomcar_ros2_ws/yahboomcar_ws/install/yahboomcar_linefollow:/home/yahboom/yahboomcar_ros2_ws/yahboomcar_ws/install/yahboomcar_laser:/home/yahboom/yahboomcar_ros2_ws/yahboomcar_ws/install/yahboomcar_description_x1:/home/yahboom/yahboomcar_ros2_ws/yahboomcar_ws/install/yahboomcar_description:/home/yahboom/yahboomcar_ros2_ws/yahboomcar_ws/install/yahboomcar_ctrl:/home/yahboom/yahboomcar_ros2_ws/yahboomcar_ws/install/yahboomcar_bringup:/home/yahboom/yahboomcar_ros2_ws/yahboomcar_ws/install/yahboomcar_astra:/home/yahboom/yahboomcar_ros2_ws/yahboomcar_ws/install/robot_pose_publisher:/home/yahboom/yahboomcar_ros2_ws/yahboomcar_ws/install/laserscan_to_point_pulisher:/opt/ros/foxy /usr/bin/cmake --build /home/yahboom/ArchDocs/SharedDocs/S24_RobotProgramming_eloquent/Lab3/roscourse_ws/build/turtle_interfaces -- -j8 -l8
[0.808s] INFO:colcon.colcon_core.task.python.build:Building Python package in '/home/yahboom/ArchDocs/SharedDocs/S24_RobotProgramming_eloquent/Lab3/roscourse_ws/src/webcam'
[0.811s] INFO:colcon.colcon_core.shell:Skip shell extension 'powershell' for command environment: Not usable outside of PowerShell
[0.811s] DEBUG:colcon.colcon_core.shell:Skip shell extension 'dsv' for command environment
[1.377s] DEBUG:colcon.colcon_core.event_handler.log_command:Invoking command in '/home/yahboom/ArchDocs/SharedDocs/S24_RobotProgramming_eloquent/Lab3/roscourse_ws/build/webcam': PYTHONPATH=/home/yahboom/ArchDocs/SharedDocs/S24_RobotProgramming_eloquent/Lab3/roscourse_ws/build/webcam/prefix_override:/home/yahboom/ArchDocs/SharedDocs/S24_RobotProgramming_eloquent/Lab3/roscourse_ws/install/webcam/lib/python3.8/site-packages:${PYTHONPATH} /usr/bin/python3 setup.py develop --uninstall --editable --build-directory /home/yahboom/ArchDocs/SharedDocs/S24_RobotProgramming_eloquent/Lab3/roscourse_ws/build/webcam/build
[1.951s] DEBUG:colcon.colcon_core.event_handler.log_command:Invoked command in '/home/yahboom/ArchDocs/SharedDocs/S24_RobotProgramming_eloquent/Lab3/roscourse_ws/build/webcam' returned '0': PYTHONPATH=/home/yahboom/ArchDocs/SharedDocs/S24_RobotProgramming_eloquent/Lab3/roscourse_ws/build/webcam/prefix_override:/home/yahboom/ArchDocs/SharedDocs/S24_RobotProgramming_eloquent/Lab3/roscourse_ws/install/webcam/lib/python3.8/site-packages:${PYTHONPATH} /usr/bin/python3 setup.py develop --uninstall --editable --build-directory /home/yahboom/ArchDocs/SharedDocs/S24_RobotProgramming_eloquent/Lab3/roscourse_ws/build/webcam/build
[1.953s] DEBUG:colcon.colcon_core.event_handler.log_command:Invoking command in '/home/yahboom/ArchDocs/SharedDocs/S24_RobotProgramming_eloquent/Lab3/roscourse_ws/src/webcam': PYTHONPATH=/home/yahboom/ArchDocs/SharedDocs/S24_RobotProgramming_eloquent/Lab3/roscourse_ws/build/webcam/prefix_override:/home/yahboom/ArchDocs/SharedDocs/S24_RobotProgramming_eloquent/Lab3/roscourse_ws/install/webcam/lib/python3.8/site-packages:${PYTHONPATH} /usr/bin/python3 setup.py egg_info --egg-base ../../build/webcam build --build-base /home/yahboom/ArchDocs/SharedDocs/S24_RobotProgramming_eloquent/Lab3/roscourse_ws/build/webcam/build install --record /home/yahboom/ArchDocs/SharedDocs/S24_RobotProgramming_eloquent/Lab3/roscourse_ws/build/webcam/install.log --install-scripts $base/lib/webcam --single-version-externally-managed
[2.433s] DEBUG:colcon.colcon_core.event_handler.log_command:Invoked command in '/home/yahboom/ArchDocs/SharedDocs/S24_RobotProgramming_eloquent/Lab3/roscourse_ws/src/webcam' returned '0': PYTHONPATH=/home/yahboom/ArchDocs/SharedDocs/S24_RobotProgramming_eloquent/Lab3/roscourse_ws/build/webcam/prefix_override:/home/yahboom/ArchDocs/SharedDocs/S24_RobotProgramming_eloquent/Lab3/roscourse_ws/install/webcam/lib/python3.8/site-packages:${PYTHONPATH} /usr/bin/python3 setup.py egg_info --egg-base ../../build/webcam build --build-base /home/yahboom/ArchDocs/SharedDocs/S24_RobotProgramming_eloquent/Lab3/roscourse_ws/build/webcam/build install --record /home/yahboom/ArchDocs/SharedDocs/S24_RobotProgramming_eloquent/Lab3/roscourse_ws/build/webcam/install.log --install-scripts $base/lib/webcam --single-version-externally-managed
[2.436s] Level 1:colcon.colcon_core.environment:checking '/home/yahboom/ArchDocs/SharedDocs/S24_RobotProgramming_eloquent/Lab3/roscourse_ws/install/webcam' for CMake module files
[2.443s] Level 1:colcon.colcon_core.environment:checking '/home/yahboom/ArchDocs/SharedDocs/S24_RobotProgramming_eloquent/Lab3/roscourse_ws/install/webcam' for CMake config files
[2.461s] Level 1:colcon.colcon_core.environment:checking '/home/yahboom/ArchDocs/SharedDocs/S24_RobotProgramming_eloquent/Lab3/roscourse_ws/install/webcam/lib'
[2.462s] Level 1:colcon.colcon_core.environment:checking '/home/yahboom/ArchDocs/SharedDocs/S24_RobotProgramming_eloquent/Lab3/roscourse_ws/install/webcam/bin'
[2.463s] Level 1:colcon.colcon_core.environment:checking '/home/yahboom/ArchDocs/SharedDocs/S24_RobotProgramming_eloquent/Lab3/roscourse_ws/install/webcam/lib/pkgconfig/webcam.pc'
[2.463s] Level 1:colcon.colcon_core.environment:checking '/home/yahboom/ArchDocs/SharedDocs/S24_RobotProgramming_eloquent/Lab3/roscourse_ws/install/webcam/lib/python3.8/site-packages'
[2.463s] Level 1:colcon.colcon_core.shell:create_environment_hook('webcam', 'pythonpath')
[2.465s] INFO:colcon.colcon_core.shell:Creating environment hook '/home/yahboom/ArchDocs/SharedDocs/S24_RobotProgramming_eloquent/Lab3/roscourse_ws/install/webcam/share/webcam/hook/pythonpath.ps1'
[2.466s] INFO:colcon.colcon_core.shell:Creating environment descriptor '/home/yahboom/ArchDocs/SharedDocs/S24_RobotProgramming_eloquent/Lab3/roscourse_ws/install/webcam/share/webcam/hook/pythonpath.dsv'
[2.468s] INFO:colcon.colcon_core.shell:Creating environment hook '/home/yahboom/ArchDocs/SharedDocs/S24_RobotProgramming_eloquent/Lab3/roscourse_ws/install/webcam/share/webcam/hook/pythonpath.sh'
[2.469s] Level 1:colcon.colcon_core.environment:checking '/home/yahboom/ArchDocs/SharedDocs/S24_RobotProgramming_eloquent/Lab3/roscourse_ws/install/webcam/bin'
[2.470s] Level 1:colcon.colcon_core.environment:create_environment_scripts_only(webcam)
[2.471s] INFO:colcon.colcon_core.shell:Creating package script '/home/yahboom/ArchDocs/SharedDocs/S24_RobotProgramming_eloquent/Lab3/roscourse_ws/install/webcam/share/webcam/package.ps1'
[2.472s] INFO:colcon.colcon_core.shell:Creating package descriptor '/home/yahboom/ArchDocs/SharedDocs/S24_RobotProgramming_eloquent/Lab3/roscourse_ws/install/webcam/share/webcam/package.dsv'
[2.474s] INFO:colcon.colcon_core.shell:Creating package script '/home/yahboom/ArchDocs/SharedDocs/S24_RobotProgramming_eloquent/Lab3/roscourse_ws/install/webcam/share/webcam/package.sh'
[2.479s] INFO:colcon.colcon_core.shell:Creating package script '/home/yahboom/ArchDocs/SharedDocs/S24_RobotProgramming_eloquent/Lab3/roscourse_ws/install/webcam/share/webcam/package.bash'
[2.480s] INFO:colcon.colcon_core.shell:Creating package script '/home/yahboom/ArchDocs/SharedDocs/S24_RobotProgramming_eloquent/Lab3/roscourse_ws/install/webcam/share/webcam/package.zsh'
[2.482s] Level 1:colcon.colcon_core.environment:create_file_with_runtime_dependencies(/home/yahboom/ArchDocs/SharedDocs/S24_RobotProgramming_eloquent/Lab3/roscourse_ws/install/webcam/share/colcon-core/packages/webcam)
[5.199s] DEBUG:colcon.colcon_core.event_handler.log_command:Invoked command in '/home/yahboom/ArchDocs/SharedDocs/S24_RobotProgramming_eloquent/Lab3/roscourse_ws/build/turtle_interfaces' returned '0': CMAKE_PREFIX_PATH=${CMAKE_PREFIX_PATH}:/home/yahboom/ArchDocs/SharedDocs/S24_RobotProgramming_eloquent/Lab3/roscourse_ws/install/python_turtle:/home/yahboom/ArchDocs/SharedDocs/S24_RobotProgramming_eloquent/Lab3/roscourse_ws/install/webcam:/home/yahboom/yahboomcar_ros2_ws/yahboomcar_ws/install/yahboomcar_voice_ctrl:/home/yahboom/yahboomcar_ros2_ws/yahboomcar_ws/install/yahboomcar_visual:/home/yahboom/yahboomcar_ros2_ws/yahboomcar_ws/install/yahboomcar_rviz:/home/yahboom/yahboomcar_ros2_ws/yahboomcar_ws/install/yahboomcar_nav:/home/yahboom/yahboomcar_ros2_ws/yahboomcar_ws/install/yahboomcar_multi:/home/yahboom/yahboomcar_ros2_ws/yahboomcar_ws/install/yahboomcar_mediapipe:/home/yahboom/yahboomcar_ros2_ws/yahboomcar_ws/install/yahboomcar_linefollow:/home/yahboom/yahboomcar_ros2_ws/yahboomcar_ws/install/yahboomcar_laser:/home/yahboom/yahboomcar_ros2_ws/yahboomcar_ws/install/yahboomcar_description_x1:/home/yahboom/yahboomcar_ros2_ws/yahboomcar_ws/install/yahboomcar_description:/home/yahboom/yahboomcar_ros2_ws/yahboomcar_ws/install/yahboomcar_ctrl:/home/yahboom/yahboomcar_ros2_ws/yahboomcar_ws/install/yahboomcar_bringup:/home/yahboom/yahboomcar_ros2_ws/yahboomcar_ws/install/yahboomcar_astra:/home/yahboom/yahboomcar_ros2_ws/yahboomcar_ws/install/robot_pose_publisher:/home/yahboom/yahboomcar_ros2_ws/yahboomcar_ws/install/laserscan_to_point_pulisher:/opt/ros/foxy /usr/bin/cmake --build /home/yahboom/ArchDocs/SharedDocs/S24_RobotProgramming_eloquent/Lab3/roscourse_ws/build/turtle_interfaces -- -j8 -l8
[5.498s] DEBUG:colcon.colcon_core.event_handler.log_command:Invoking command in '/home/yahboom/ArchDocs/SharedDocs/S24_RobotProgramming_eloquent/Lab3/roscourse_ws/build/turtle_interfaces': CMAKE_PREFIX_PATH=${CMAKE_PREFIX_PATH}:/home/yahboom/ArchDocs/SharedDocs/S24_RobotProgramming_eloquent/Lab3/roscourse_ws/install/python_turtle:/home/yahboom/ArchDocs/SharedDocs/S24_RobotProgramming_eloquent/Lab3/roscourse_ws/install/webcam:/home/yahboom/yahboomcar_ros2_ws/yahboomcar_ws/install/yahboomcar_voice_ctrl:/home/yahboom/yahboomcar_ros2_ws/yahboomcar_ws/install/yahboomcar_visual:/home/yahboom/yahboomcar_ros2_ws/yahboomcar_ws/install/yahboomcar_rviz:/home/yahboom/yahboomcar_ros2_ws/yahboomcar_ws/install/yahboomcar_nav:/home/yahboom/yahboomcar_ros2_ws/yahboomcar_ws/install/yahboomcar_multi:/home/yahboom/yahboomcar_ros2_ws/yahboomcar_ws/install/yahboomcar_mediapipe:/home/yahboom/yahboomcar_ros2_ws/yahboomcar_ws/install/yahboomcar_linefollow:/home/yahboom/yahboomcar_ros2_ws/yahboomcar_ws/install/yahboomcar_laser:/home/yahboom/yahboomcar_ros2_ws/yahboomcar_ws/install/yahboomcar_description_x1:/home/yahboom/yahboomcar_ros2_ws/yahboomcar_ws/install/yahboomcar_description:/home/yahboom/yahboomcar_ros2_ws/yahboomcar_ws/install/yahboomcar_ctrl:/home/yahboom/yahboomcar_ros2_ws/yahboomcar_ws/install/yahboomcar_bringup:/home/yahboom/yahboomcar_ros2_ws/yahboomcar_ws/install/yahboomcar_astra:/home/yahboom/yahboomcar_ros2_ws/yahboomcar_ws/install/robot_pose_publisher:/home/yahboom/yahboomcar_ros2_ws/yahboomcar_ws/install/laserscan_to_point_pulisher:/opt/ros/foxy /usr/bin/cmake --install /home/yahboom/ArchDocs/SharedDocs/S24_RobotProgramming_eloquent/Lab3/roscourse_ws/build/turtle_interfaces
[5.813s] Level 1:colcon.colcon_core.environment:create_environment_scripts_only(turtle_interfaces)
[5.815s] Level 1:colcon.colcon_core.environment:checking '/home/yahboom/ArchDocs/SharedDocs/S24_RobotProgramming_eloquent/Lab3/roscourse_ws/install/turtle_interfaces' for CMake module files
[5.816s] DEBUG:colcon.colcon_core.event_handler.log_command:Invoked command in '/home/yahboom/ArchDocs/SharedDocs/S24_RobotProgramming_eloquent/Lab3/roscourse_ws/build/turtle_interfaces' returned '0': CMAKE_PREFIX_PATH=${CMAKE_PREFIX_PATH}:/home/yahboom/ArchDocs/SharedDocs/S24_RobotProgramming_eloquent/Lab3/roscourse_ws/install/python_turtle:/home/yahboom/ArchDocs/SharedDocs/S24_RobotProgramming_eloquent/Lab3/roscourse_ws/install/webcam:/home/yahboom/yahboomcar_ros2_ws/yahboomcar_ws/install/yahboomcar_voice_ctrl:/home/yahboom/yahboomcar_ros2_ws/yahboomcar_ws/install/yahboomcar_visual:/home/yahboom/yahboomcar_ros2_ws/yahboomcar_ws/install/yahboomcar_rviz:/home/yahboom/yahboomcar_ros2_ws/yahboomcar_ws/install/yahboomcar_nav:/home/yahboom/yahboomcar_ros2_ws/yahboomcar_ws/install/yahboomcar_multi:/home/yahboom/yahboomcar_ros2_ws/yahboomcar_ws/install/yahboomcar_mediapipe:/home/yahboom/yahboomcar_ros2_ws/yahboomcar_ws/install/yahboomcar_linefollow:/home/yahboom/yahboomcar_ros2_ws/yahboomcar_ws/install/yahboomcar_laser:/home/yahboom/yahboomcar_ros2_ws/yahboomcar_ws/install/yahboomcar_description_x1:/home/yahboom/yahboomcar_ros2_ws/yahboomcar_ws/install/yahboomcar_description:/home/yahboom/yahboomcar_ros2_ws/yahboomcar_ws/install/yahboomcar_ctrl:/home/yahboom/yahboomcar_ros2_ws/yahboomcar_ws/install/yahboomcar_bringup:/home/yahboom/yahboomcar_ros2_ws/yahboomcar_ws/install/yahboomcar_astra:/home/yahboom/yahboomcar_ros2_ws/yahboomcar_ws/install/robot_pose_publisher:/home/yahboom/yahboomcar_ros2_ws/yahboomcar_ws/install/laserscan_to_point_pulisher:/opt/ros/foxy /usr/bin/cmake --install /home/yahboom/ArchDocs/SharedDocs/S24_RobotProgramming_eloquent/Lab3/roscourse_ws/build/turtle_interfaces
[5.823s] Level 1:colcon.colcon_core.environment:checking '/home/yahboom/ArchDocs/SharedDocs/S24_RobotProgramming_eloquent/Lab3/roscourse_ws/install/turtle_interfaces' for CMake config files
[5.854s] Level 1:colcon.colcon_core.shell:create_environment_hook('turtle_interfaces', 'cmake_prefix_path')
[5.856s] INFO:colcon.colcon_core.shell:Creating environment hook '/home/yahboom/ArchDocs/SharedDocs/S24_RobotProgramming_eloquent/Lab3/roscourse_ws/install/turtle_interfaces/share/turtle_interfaces/hook/cmake_prefix_path.ps1'
[5.857s] INFO:colcon.colcon_core.shell:Creating environment descriptor '/home/yahboom/ArchDocs/SharedDocs/S24_RobotProgramming_eloquent/Lab3/roscourse_ws/install/turtle_interfaces/share/turtle_interfaces/hook/cmake_prefix_path.dsv'
[5.859s] INFO:colcon.colcon_core.shell:Creating environment hook '/home/yahboom/ArchDocs/SharedDocs/S24_RobotProgramming_eloquent/Lab3/roscourse_ws/install/turtle_interfaces/share/turtle_interfaces/hook/cmake_prefix_path.sh'
[5.861s] Level 1:colcon.colcon_core.environment:checking '/home/yahboom/ArchDocs/SharedDocs/S24_RobotProgramming_eloquent/Lab3/roscourse_ws/install/turtle_interfaces/lib'
[5.862s] Level 1:colcon.colcon_core.shell:create_environment_hook('turtle_interfaces', 'ld_library_path_lib')
[5.864s] INFO:colcon.colcon_core.shell:Creating environment hook '/home/yahboom/ArchDocs/SharedDocs/S24_RobotProgramming_eloquent/Lab3/roscourse_ws/install/turtle_interfaces/share/turtle_interfaces/hook/ld_library_path_lib.ps1'
[5.865s] INFO:colcon.colcon_core.shell:Creating environment descriptor '/home/yahboom/ArchDocs/SharedDocs/S24_RobotProgramming_eloquent/Lab3/roscourse_ws/install/turtle_interfaces/share/turtle_interfaces/hook/ld_library_path_lib.dsv'
[5.866s] INFO:colcon.colcon_core.shell:Creating environment hook '/home/yahboom/ArchDocs/SharedDocs/S24_RobotProgramming_eloquent/Lab3/roscourse_ws/install/turtle_interfaces/share/turtle_interfaces/hook/ld_library_path_lib.sh'
[5.867s] Level 1:colcon.colcon_core.environment:checking '/home/yahboom/ArchDocs/SharedDocs/S24_RobotProgramming_eloquent/Lab3/roscourse_ws/install/turtle_interfaces/bin'
[5.868s] Level 1:colcon.colcon_core.environment:checking '/home/yahboom/ArchDocs/SharedDocs/S24_RobotProgramming_eloquent/Lab3/roscourse_ws/install/turtle_interfaces/lib/pkgconfig/turtle_interfaces.pc'
[5.868s] Level 1:colcon.colcon_core.environment:checking '/home/yahboom/ArchDocs/SharedDocs/S24_RobotProgramming_eloquent/Lab3/roscourse_ws/install/turtle_interfaces/lib/python3.8/site-packages'
[5.869s] Level 1:colcon.colcon_core.shell:create_environment_hook('turtle_interfaces', 'pythonpath')
[5.870s] INFO:colcon.colcon_core.shell:Creating environment hook '/home/yahboom/ArchDocs/SharedDocs/S24_RobotProgramming_eloquent/Lab3/roscourse_ws/install/turtle_interfaces/share/turtle_interfaces/hook/pythonpath.ps1'
[5.871s] INFO:colcon.colcon_core.shell:Creating environment descriptor '/home/yahboom/ArchDocs/SharedDocs/S24_RobotProgramming_eloquent/Lab3/roscourse_ws/install/turtle_interfaces/share/turtle_interfaces/hook/pythonpath.dsv'
[5.872s] INFO:colcon.colcon_core.shell:Creating environment hook '/home/yahboom/ArchDocs/SharedDocs/S24_RobotProgramming_eloquent/Lab3/roscourse_ws/install/turtle_interfaces/share/turtle_interfaces/hook/pythonpath.sh'
[5.873s] Level 1:colcon.colcon_core.environment:checking '/home/yahboom/ArchDocs/SharedDocs/S24_RobotProgramming_eloquent/Lab3/roscourse_ws/install/turtle_interfaces/bin'
[5.875s] INFO:colcon.colcon_core.shell:Creating package script '/home/yahboom/ArchDocs/SharedDocs/S24_RobotProgramming_eloquent/Lab3/roscourse_ws/install/turtle_interfaces/share/turtle_interfaces/package.ps1'
[5.876s] INFO:colcon.colcon_core.shell:Creating package descriptor '/home/yahboom/ArchDocs/SharedDocs/S24_RobotProgramming_eloquent/Lab3/roscourse_ws/install/turtle_interfaces/share/turtle_interfaces/package.dsv'
[5.877s] INFO:colcon.colcon_core.shell:Creating package script '/home/yahboom/ArchDocs/SharedDocs/S24_RobotProgramming_eloquent/Lab3/roscourse_ws/install/turtle_interfaces/share/turtle_interfaces/package.sh'
[5.878s] INFO:colcon.colcon_core.shell:Creating package script '/home/yahboom/ArchDocs/SharedDocs/S24_RobotProgramming_eloquent/Lab3/roscourse_ws/install/turtle_interfaces/share/turtle_interfaces/package.bash'
[5.879s] INFO:colcon.colcon_core.shell:Creating package script '/home/yahboom/ArchDocs/SharedDocs/S24_RobotProgramming_eloquent/Lab3/roscourse_ws/install/turtle_interfaces/share/turtle_interfaces/package.zsh'
[5.880s] Level 1:colcon.colcon_core.environment:create_file_with_runtime_dependencies(/home/yahboom/ArchDocs/SharedDocs/S24_RobotProgramming_eloquent/Lab3/roscourse_ws/install/turtle_interfaces/share/colcon-core/packages/turtle_interfaces)
[6.157s] Level 1:colcon.colcon_core.environment:create_environment_scripts_only(turtle_interfaces)
[6.159s] Level 1:colcon.colcon_core.environment:checking '/home/yahboom/ArchDocs/SharedDocs/S24_RobotProgramming_eloquent/Lab3/roscourse_ws/install/turtle_interfaces' for CMake module files
[6.167s] Level 1:colcon.colcon_core.environment:checking '/home/yahboom/ArchDocs/SharedDocs/S24_RobotProgramming_eloquent/Lab3/roscourse_ws/install/turtle_interfaces' for CMake config files
[6.198s] Level 1:colcon.colcon_core.shell:create_environment_hook('turtle_interfaces', 'cmake_prefix_path')
[6.199s] INFO:colcon.colcon_core.shell:Creating environment hook '/home/yahboom/ArchDocs/SharedDocs/S24_RobotProgramming_eloquent/Lab3/roscourse_ws/install/turtle_interfaces/share/turtle_interfaces/hook/cmake_prefix_path.ps1'
[6.201s] INFO:colcon.colcon_core.shell:Creating environment descriptor '/home/yahboom/ArchDocs/SharedDocs/S24_RobotProgramming_eloquent/Lab3/roscourse_ws/install/turtle_interfaces/share/turtle_interfaces/hook/cmake_prefix_path.dsv'
[6.202s] INFO:colcon.colcon_core.shell:Creating environment hook '/home/yahboom/ArchDocs/SharedDocs/S24_RobotProgramming_eloquent/Lab3/roscourse_ws/install/turtle_interfaces/share/turtle_interfaces/hook/cmake_prefix_path.sh'
[6.204s] Level 1:colcon.colcon_core.environment:checking '/home/yahboom/ArchDocs/SharedDocs/S24_RobotProgramming_eloquent/Lab3/roscourse_ws/install/turtle_interfaces/lib'
[6.205s] Level 1:colcon.colcon_core.shell:create_environment_hook('turtle_interfaces', 'ld_library_path_lib')
[6.207s] INFO:colcon.colcon_core.shell:Creating environment hook '/home/yahboom/ArchDocs/SharedDocs/S24_RobotProgramming_eloquent/Lab3/roscourse_ws/install/turtle_interfaces/share/turtle_interfaces/hook/ld_library_path_lib.ps1'
[6.208s] INFO:colcon.colcon_core.shell:Creating environment descriptor '/home/yahboom/ArchDocs/SharedDocs/S24_RobotProgramming_eloquent/Lab3/roscourse_ws/install/turtle_interfaces/share/turtle_interfaces/hook/ld_library_path_lib.dsv'
[6.209s] INFO:colcon.colcon_core.shell:Creating environment hook '/home/yahboom/ArchDocs/SharedDocs/S24_RobotProgramming_eloquent/Lab3/roscourse_ws/install/turtle_interfaces/share/turtle_interfaces/hook/ld_library_path_lib.sh'
[6.210s] Level 1:colcon.colcon_core.environment:checking '/home/yahboom/ArchDocs/SharedDocs/S24_RobotProgramming_eloquent/Lab3/roscourse_ws/install/turtle_interfaces/bin'
[6.210s] Level 1:colcon.colcon_core.environment:checking '/home/yahboom/ArchDocs/SharedDocs/S24_RobotProgramming_eloquent/Lab3/roscourse_ws/install/turtle_interfaces/lib/pkgconfig/turtle_interfaces.pc'
[6.211s] Level 1:colcon.colcon_core.environment:checking '/home/yahboom/ArchDocs/SharedDocs/S24_RobotProgramming_eloquent/Lab3/roscourse_ws/install/turtle_interfaces/lib/python3.8/site-packages'
[6.211s] Level 1:colcon.colcon_core.shell:create_environment_hook('turtle_interfaces', 'pythonpath')
[6.212s] INFO:colcon.colcon_core.shell:Creating environment hook '/home/yahboom/ArchDocs/SharedDocs/S24_RobotProgramming_eloquent/Lab3/roscourse_ws/install/turtle_interfaces/share/turtle_interfaces/hook/pythonpath.ps1'
[6.214s] INFO:colcon.colcon_core.shell:Creating environment descriptor '/home/yahboom/ArchDocs/SharedDocs/S24_RobotProgramming_eloquent/Lab3/roscourse_ws/install/turtle_interfaces/share/turtle_interfaces/hook/pythonpath.dsv'
[6.215s] INFO:colcon.colcon_core.shell:Creating environment hook '/home/yahboom/ArchDocs/SharedDocs/S24_RobotProgramming_eloquent/Lab3/roscourse_ws/install/turtle_interfaces/share/turtle_interfaces/hook/pythonpath.sh'
[6.217s] Level 1:colcon.colcon_core.environment:checking '/home/yahboom/ArchDocs/SharedDocs/S24_RobotProgramming_eloquent/Lab3/roscourse_ws/install/turtle_interfaces/bin'
[6.218s] INFO:colcon.colcon_core.shell:Creating package script '/home/yahboom/ArchDocs/SharedDocs/S24_RobotProgramming_eloquent/Lab3/roscourse_ws/install/turtle_interfaces/share/turtle_interfaces/package.ps1'
[6.220s] INFO:colcon.colcon_core.shell:Creating package descriptor '/home/yahboom/ArchDocs/SharedDocs/S24_RobotProgramming_eloquent/Lab3/roscourse_ws/install/turtle_interfaces/share/turtle_interfaces/package.dsv'
[6.221s] INFO:colcon.colcon_core.shell:Creating package script '/home/yahboom/ArchDocs/SharedDocs/S24_RobotProgramming_eloquent/Lab3/roscourse_ws/install/turtle_interfaces/share/turtle_interfaces/package.sh'
[6.222s] INFO:colcon.colcon_core.shell:Creating package script '/home/yahboom/ArchDocs/SharedDocs/S24_RobotProgramming_eloquent/Lab3/roscourse_ws/install/turtle_interfaces/share/turtle_interfaces/package.bash'
[6.223s] INFO:colcon.colcon_core.shell:Creating package script '/home/yahboom/ArchDocs/SharedDocs/S24_RobotProgramming_eloquent/Lab3/roscourse_ws/install/turtle_interfaces/share/turtle_interfaces/package.zsh'
[6.224s] Level 1:colcon.colcon_core.environment:create_file_with_runtime_dependencies(/home/yahboom/ArchDocs/SharedDocs/S24_RobotProgramming_eloquent/Lab3/roscourse_ws/install/turtle_interfaces/share/colcon-core/packages/turtle_interfaces)
[6.225s] INFO:colcon.colcon_ros.task.ament_python.build:Building ROS package in '/home/yahboom/ArchDocs/SharedDocs/S24_RobotProgramming_eloquent/Lab3/roscourse_ws/src/python_turtle' with build type 'ament_python'
[6.225s] Level 1:colcon.colcon_core.shell:create_environment_hook('python_turtle', 'ament_prefix_path')
[6.227s] INFO:colcon.colcon_core.shell:Creating environment hook '/home/yahboom/ArchDocs/SharedDocs/S24_RobotProgramming_eloquent/Lab3/roscourse_ws/install/python_turtle/share/python_turtle/hook/ament_prefix_path.ps1'
[6.229s] INFO:colcon.colcon_core.shell:Creating environment descriptor '/home/yahboom/ArchDocs/SharedDocs/S24_RobotProgramming_eloquent/Lab3/roscourse_ws/install/python_turtle/share/python_turtle/hook/ament_prefix_path.dsv'
[6.230s] INFO:colcon.colcon_core.shell:Creating environment hook '/home/yahboom/ArchDocs/SharedDocs/S24_RobotProgramming_eloquent/Lab3/roscourse_ws/install/python_turtle/share/python_turtle/hook/ament_prefix_path.sh'
[6.232s] INFO:colcon.colcon_core.shell:Skip shell extension 'powershell' for command environment: Not usable outside of PowerShell
[6.232s] DEBUG:colcon.colcon_core.shell:Skip shell extension 'dsv' for command environment
[6.512s] INFO:colcon.colcon_core.task.python.build:Building Python package in '/home/yahboom/ArchDocs/SharedDocs/S24_RobotProgramming_eloquent/Lab3/roscourse_ws/src/python_turtle'
[6.514s] INFO:colcon.colcon_core.shell:Skip shell extension 'powershell' for command environment: Not usable outside of PowerShell
[6.514s] DEBUG:colcon.colcon_core.shell:Skip shell extension 'dsv' for command environment
[6.921s] DEBUG:colcon.colcon_core.event_handler.log_command:Invoking command in '/home/yahboom/ArchDocs/SharedDocs/S24_RobotProgramming_eloquent/Lab3/roscourse_ws/src/python_turtle': PYTHONPATH=/home/yahboom/ArchDocs/SharedDocs/S24_RobotProgramming_eloquent/Lab3/roscourse_ws/build/python_turtle/prefix_override:/home/yahboom/ArchDocs/SharedDocs/S24_RobotProgramming_eloquent/Lab3/roscourse_ws/install/python_turtle/lib/python3.8/site-packages:/home/yahboom/ArchDocs/SharedDocs/S24_RobotProgramming_eloquent/Lab3/roscourse_ws/install/turtle_interfaces/lib/python3.8/site-packages:/home/yahboom/ArchDocs/SharedDocs/S24_RobotProgramming_eloquent/Lab3/roscourse_ws/install/python_turtle/lib/python3.8/site-packages:/home/yahboom/ArchDocs/SharedDocs/S24_RobotProgramming_eloquent/Lab3/roscourse_ws/build/webcam:/home/yahboom/ArchDocs/SharedDocs/S24_RobotProgramming_eloquent/Lab3/roscourse_ws/install/webcam/lib/python3.8/site-packages:/home/yahboom/yahboomcar_ros2_ws/yahboomcar_ws/install/yahboomcar_voice_ctrl/lib/python3.8/site-packages:/home/yahboom/yahboomcar_ros2_ws/yahboomcar_ws/install/yahboomcar_visual/lib/python3.8/site-packages:/home/yahboom/yahboomcar_ros2_ws/yahboomcar_ws/install/yahboomcar_rviz/lib/python3.8/site-packages:/home/yahboom/yahboomcar_ros2_ws/yahboomcar_ws/install/yahboomcar_nav/lib/python3.8/site-packages:/home/yahboom/yahboomcar_ros2_ws/yahboomcar_ws/install/yahboomcar_multi/lib/python3.8/site-packages:/home/yahboom/yahboomcar_ros2_ws/yahboomcar_ws/install/yahboomcar_msgs/lib/python3.8/site-packages:/home/yahboom/yahboomcar_ros2_ws/yahboomcar_ws/install/yahboomcar_mediapipe/lib/python3.8/site-packages:/home/yahboom/yahboomcar_ros2_ws/yahboomcar_ws/install/yahboomcar_linefollow/lib/python3.8/site-packages:/home/yahboom/yahboomcar_ros2_ws/yahboomcar_ws/install/yahboomcar_laser/lib/python3.8/site-packages:/home/yahboom/yahboomcar_ros2_ws/yahboomcar_ws/install/yahboomcar_description_x1/lib/python3.8/site-packages:/home/yahboom/yahboomcar_ros2_ws/yahboomcar_ws/install/yahboomcar_description/lib/python3.8/site-packages:/home/yahboom/yahboomcar_ros2_ws/yahboomcar_ws/install/yahboomcar_ctrl/lib/python3.8/site-packages:/home/yahboom/yahboomcar_ros2_ws/yahboomcar_ws/install/yahboomcar_bringup/lib/python3.8/site-packages:/home/yahboom/yahboomcar_ros2_ws/yahboomcar_ws/install/yahboomcar_astra/lib/python3.8/site-packages:/home/yahboom/yahboomcar_ros2_ws/yahboomcar_ws/install/robot_pose_publisher/lib/python3.8/site-packages:/home/yahboom/yahboomcar_ros2_ws/yahboomcar_ws/install/laserscan_to_point_pulisher/lib/python3.8/site-packages:/home/yahboom/yahboomcar_ros2_ws/software/library_ws/install/teb_msgs/lib/python3.8/site-packages:/home/yahboom/yahboomcar_ros2_ws/software/library_ws/install/costmap_converter_msgs/lib/python3.8/site-packages:/opt/ros/foxy/lib/python3.8/site-packages /usr/bin/python3 setup.py egg_info --egg-base ../../build/python_turtle build --build-base /home/yahboom/ArchDocs/SharedDocs/S24_RobotProgramming_eloquent/Lab3/roscourse_ws/build/python_turtle/build install --record /home/yahboom/ArchDocs/SharedDocs/S24_RobotProgramming_eloquent/Lab3/roscourse_ws/build/python_turtle/install.log --install-scripts $base/lib/python_turtle --single-version-externally-managed
[7.254s] Level 1:colcon.colcon_core.environment:checking '/home/yahboom/ArchDocs/SharedDocs/S24_RobotProgramming_eloquent/Lab3/roscourse_ws/install/python_turtle' for CMake module files
[7.255s] DEBUG:colcon.colcon_core.event_handler.log_command:Invoked command in '/home/yahboom/ArchDocs/SharedDocs/S24_RobotProgramming_eloquent/Lab3/roscourse_ws/src/python_turtle' returned '0': PYTHONPATH=/home/yahboom/ArchDocs/SharedDocs/S24_RobotProgramming_eloquent/Lab3/roscourse_ws/build/python_turtle/prefix_override:/home/yahboom/ArchDocs/SharedDocs/S24_RobotProgramming_eloquent/Lab3/roscourse_ws/install/python_turtle/lib/python3.8/site-packages:/home/yahboom/ArchDocs/SharedDocs/S24_RobotProgramming_eloquent/Lab3/roscourse_ws/install/turtle_interfaces/lib/python3.8/site-packages:/home/yahboom/ArchDocs/SharedDocs/S24_RobotProgramming_eloquent/Lab3/roscourse_ws/install/python_turtle/lib/python3.8/site-packages:/home/yahboom/ArchDocs/SharedDocs/S24_RobotProgramming_eloquent/Lab3/roscourse_ws/build/webcam:/home/yahboom/ArchDocs/SharedDocs/S24_RobotProgramming_eloquent/Lab3/roscourse_ws/install/webcam/lib/python3.8/site-packages:/home/yahboom/yahboomcar_ros2_ws/yahboomcar_ws/install/yahboomcar_voice_ctrl/lib/python3.8/site-packages:/home/yahboom/yahboomcar_ros2_ws/yahboomcar_ws/install/yahboomcar_visual/lib/python3.8/site-packages:/home/yahboom/yahboomcar_ros2_ws/yahboomcar_ws/install/yahboomcar_rviz/lib/python3.8/site-packages:/home/yahboom/yahboomcar_ros2_ws/yahboomcar_ws/install/yahboomcar_nav/lib/python3.8/site-packages:/home/yahboom/yahboomcar_ros2_ws/yahboomcar_ws/install/yahboomcar_multi/lib/python3.8/site-packages:/home/yahboom/yahboomcar_ros2_ws/yahboomcar_ws/install/yahboomcar_msgs/lib/python3.8/site-packages:/home/yahboom/yahboomcar_ros2_ws/yahboomcar_ws/install/yahboomcar_mediapipe/lib/python3.8/site-packages:/home/yahboom/yahboomcar_ros2_ws/yahboomcar_ws/install/yahboomcar_linefollow/lib/python3.8/site-packages:/home/yahboom/yahboomcar_ros2_ws/yahboomcar_ws/install/yahboomcar_laser/lib/python3.8/site-packages:/home/yahboom/yahboomcar_ros2_ws/yahboomcar_ws/install/yahboomcar_description_x1/lib/python3.8/site-packages:/home/yahboom/yahboomcar_ros2_ws/yahboomcar_ws/install/yahboomcar_description/lib/python3.8/site-packages:/home/yahboom/yahboomcar_ros2_ws/yahboomcar_ws/install/yahboomcar_ctrl/lib/python3.8/site-packages:/home/yahboom/yahboomcar_ros2_ws/yahboomcar_ws/install/yahboomcar_bringup/lib/python3.8/site-packages:/home/yahboom/yahboomcar_ros2_ws/yahboomcar_ws/install/yahboomcar_astra/lib/python3.8/site-packages:/home/yahboom/yahboomcar_ros2_ws/yahboomcar_ws/install/robot_pose_publisher/lib/python3.8/site-packages:/home/yahboom/yahboomcar_ros2_ws/yahboomcar_ws/install/laserscan_to_point_pulisher/lib/python3.8/site-packages:/home/yahboom/yahboomcar_ros2_ws/software/library_ws/install/teb_msgs/lib/python3.8/site-packages:/home/yahboom/yahboomcar_ros2_ws/software/library_ws/install/costmap_converter_msgs/lib/python3.8/site-packages:/opt/ros/foxy/lib/python3.8/site-packages /usr/bin/python3 setup.py egg_info --egg-base ../../build/python_turtle build --build-base /home/yahboom/ArchDocs/SharedDocs/S24_RobotProgramming_eloquent/Lab3/roscourse_ws/build/python_turtle/build install --record /home/yahboom/ArchDocs/SharedDocs/S24_RobotProgramming_eloquent/Lab3/roscourse_ws/build/python_turtle/install.log --install-scripts $base/lib/python_turtle --single-version-externally-managed
[7.260s] Level 1:colcon.colcon_core.environment:checking '/home/yahboom/ArchDocs/SharedDocs/S24_RobotProgramming_eloquent/Lab3/roscourse_ws/install/python_turtle' for CMake config files
[7.274s] Level 1:colcon.colcon_core.environment:checking '/home/yahboom/ArchDocs/SharedDocs/S24_RobotProgramming_eloquent/Lab3/roscourse_ws/install/python_turtle/lib'
[7.275s] Level 1:colcon.colcon_core.environment:checking '/home/yahboom/ArchDocs/SharedDocs/S24_RobotProgramming_eloquent/Lab3/roscourse_ws/install/python_turtle/bin'
[7.275s] Level 1:colcon.colcon_core.environment:checking '/home/yahboom/ArchDocs/SharedDocs/S24_RobotProgramming_eloquent/Lab3/roscourse_ws/install/python_turtle/lib/pkgconfig/python_turtle.pc'
[7.276s] Level 1:colcon.colcon_core.environment:checking '/home/yahboom/ArchDocs/SharedDocs/S24_RobotProgramming_eloquent/Lab3/roscourse_ws/install/python_turtle/lib/python3.8/site-packages'
[7.276s] Level 1:colcon.colcon_core.shell:create_environment_hook('python_turtle', 'pythonpath')
[7.277s] INFO:colcon.colcon_core.shell:Creating environment hook '/home/yahboom/ArchDocs/SharedDocs/S24_RobotProgramming_eloquent/Lab3/roscourse_ws/install/python_turtle/share/python_turtle/hook/pythonpath.ps1'
[7.279s] INFO:colcon.colcon_core.shell:Creating environment descriptor '/home/yahboom/ArchDocs/SharedDocs/S24_RobotProgramming_eloquent/Lab3/roscourse_ws/install/python_turtle/share/python_turtle/hook/pythonpath.dsv'
[7.280s] INFO:colcon.colcon_core.shell:Creating environment hook '/home/yahboom/ArchDocs/SharedDocs/S24_RobotProgramming_eloquent/Lab3/roscourse_ws/install/python_turtle/share/python_turtle/hook/pythonpath.sh'
[7.281s] Level 1:colcon.colcon_core.environment:checking '/home/yahboom/ArchDocs/SharedDocs/S24_RobotProgramming_eloquent/Lab3/roscourse_ws/install/python_turtle/bin'
[7.282s] Level 1:colcon.colcon_core.environment:create_environment_scripts_only(python_turtle)
[7.283s] INFO:colcon.colcon_core.shell:Creating package script '/home/yahboom/ArchDocs/SharedDocs/S24_RobotProgramming_eloquent/Lab3/roscourse_ws/install/python_turtle/share/python_turtle/package.ps1'
[7.284s] INFO:colcon.colcon_core.shell:Creating package descriptor '/home/yahboom/ArchDocs/SharedDocs/S24_RobotProgramming_eloquent/Lab3/roscourse_ws/install/python_turtle/share/python_turtle/package.dsv'
[7.286s] INFO:colcon.colcon_core.shell:Creating package script '/home/yahboom/ArchDocs/SharedDocs/S24_RobotProgramming_eloquent/Lab3/roscourse_ws/install/python_turtle/share/python_turtle/package.sh'
[7.287s] INFO:colcon.colcon_core.shell:Creating package script '/home/yahboom/ArchDocs/SharedDocs/S24_RobotProgramming_eloquent/Lab3/roscourse_ws/install/python_turtle/share/python_turtle/package.bash'
[7.288s] INFO:colcon.colcon_core.shell:Creating package script '/home/yahboom/ArchDocs/SharedDocs/S24_RobotProgramming_eloquent/Lab3/roscourse_ws/install/python_turtle/share/python_turtle/package.zsh'
[7.289s] Level 1:colcon.colcon_core.environment:create_file_with_runtime_dependencies(/home/yahboom/ArchDocs/SharedDocs/S24_RobotProgramming_eloquent/Lab3/roscourse_ws/install/python_turtle/share/colcon-core/packages/python_turtle)
[7.290s] DEBUG:colcon.colcon_parallel_executor.executor.parallel:closing loop
[7.290s] DEBUG:colcon.colcon_parallel_executor.executor.parallel:loop closed
[7.291s] DEBUG:colcon.colcon_parallel_executor.executor.parallel:run_until_complete finished with '0'
[7.291s] DEBUG:colcon.colcon_core.event_reactor:joining thread
[7.300s] INFO:colcon.colcon_core.plugin_system:Skipping extension 'colcon_notification.desktop_notification.terminal_notifier': Not used on non-Darwin systems
[7.301s] INFO:colcon.colcon_core.plugin_system:Skipping extension 'colcon_notification.desktop_notification.win32': Not used on non-Windows systems
[7.301s] INFO:colcon.colcon_notification.desktop_notification:Sending desktop notification using 'notify2'
[7.315s] DEBUG:colcon.colcon_core.event_reactor:joined thread
[7.317s] INFO:colcon.colcon_core.shell:Creating prefix script '/home/yahboom/ArchDocs/SharedDocs/S24_RobotProgramming_eloquent/Lab3/roscourse_ws/install/local_setup.ps1'
[7.319s] INFO:colcon.colcon_core.shell:Creating prefix util module '/home/yahboom/ArchDocs/SharedDocs/S24_RobotProgramming_eloquent/Lab3/roscourse_ws/install/_local_setup_util_ps1.py'
[7.326s] INFO:colcon.colcon_core.shell:Creating prefix chain script '/home/yahboom/ArchDocs/SharedDocs/S24_RobotProgramming_eloquent/Lab3/roscourse_ws/install/setup.ps1'
[7.337s] INFO:colcon.colcon_core.shell:Creating prefix script '/home/yahboom/ArchDocs/SharedDocs/S24_RobotProgramming_eloquent/Lab3/roscourse_ws/install/local_setup.sh'
[7.338s] INFO:colcon.colcon_core.shell:Creating prefix util module '/home/yahboom/ArchDocs/SharedDocs/S24_RobotProgramming_eloquent/Lab3/roscourse_ws/install/_local_setup_util_sh.py'
[7.339s] INFO:colcon.colcon_core.shell:Creating prefix chain script '/home/yahboom/ArchDocs/SharedDocs/S24_RobotProgramming_eloquent/Lab3/roscourse_ws/install/setup.sh'
[7.346s] INFO:colcon.colcon_core.shell:Creating prefix script '/home/yahboom/ArchDocs/SharedDocs/S24_RobotProgramming_eloquent/Lab3/roscourse_ws/install/local_setup.bash'
[7.348s] INFO:colcon.colcon_core.shell:Creating prefix chain script '/home/yahboom/ArchDocs/SharedDocs/S24_RobotProgramming_eloquent/Lab3/roscourse_ws/install/setup.bash'
[7.354s] INFO:colcon.colcon_core.shell:Creating prefix script '/home/yahboom/ArchDocs/SharedDocs/S24_RobotProgramming_eloquent/Lab3/roscourse_ws/install/local_setup.zsh'
[7.355s] INFO:colcon.colcon_core.shell:Creating prefix chain script '/home/yahboom/ArchDocs/SharedDocs/S24_RobotProgramming_eloquent/Lab3/roscourse_ws/install/setup.zsh'
