[0.281s] DEBUG:colcon:Command line arguments: ['/usr/bin/colcon', 'build']
[0.282s] DEBUG:colcon:Parsed command line arguments: Namespace(allow_overriding=[], ament_cmake_args=None, base_paths=['.'], build_base='build', catkin_cmake_args=None, catkin_skip_building_tests=False, cmake_args=None, cmake_clean_cache=False, cmake_clean_first=False, cmake_force_configure=False, cmake_target=None, cmake_target_skip_unavailable=False, continue_on_error=False, event_handlers=None, executor='parallel', ignore_user_meta=False, install_base='install', log_base=None, log_level=None, main=<bound method BuildVerb.main of <colcon_core.verb.build.BuildVerb object at 0x7fea0b0c7520>>, merge_install=False, metas=['./colcon.meta'], packages_above=None, packages_above_and_dependencies=None, packages_above_depth=None, packages_end=None, packages_ignore=None, packages_ignore_regex=None, packages_select=None, packages_select_build_failed=False, packages_select_by_dep=None, packages_select_regex=None, packages_select_test_failures=False, packages_skip=None, packages_skip_build_finished=False, packages_skip_by_dep=None, packages_skip_regex=None, packages_skip_test_passed=False, packages_skip_up_to=None, packages_start=None, packages_up_to=None, packages_up_to_regex=None, parallel_workers=8, paths=None, symlink_install=False, test_result_base=None, verb_extension=<colcon_core.verb.build.BuildVerb object at 0x7fea0b0c7520>, verb_name='build', verb_parser=<colcon_defaults.argument_parser.defaults.DefaultArgumentsDecorator object at 0x7fea0b0c7a60>)
[0.307s] Level 1:colcon.colcon_core.package_discovery:discover_packages(colcon_meta) check parameters
[0.307s] Level 1:colcon.colcon_core.package_discovery:discover_packages(recursive) check parameters
[0.307s] Level 1:colcon.colcon_core.package_discovery:discover_packages(ignore) check parameters
[0.308s] Level 1:colcon.colcon_core.package_discovery:discover_packages(path) check parameters
[0.308s] Level 1:colcon.colcon_core.package_discovery:discover_packages(colcon_meta) discover
[0.308s] Level 1:colcon.colcon_core.package_discovery:discover_packages(recursive) discover
[0.308s] INFO:colcon.colcon_core.package_discovery:Crawling recursively for packages in '/home/yahboom/ArchDocs/SharedDocs/S24_RobotProgramming_eloquent/Lab3/roscourse_ws'
[0.310s] Level 1:colcon.colcon_core.package_identification:_identify(.) by extensions ['ignore', 'ignore_ament_install']
[0.310s] Level 1:colcon.colcon_core.package_identification:_identify(.) by extension 'ignore'
[0.310s] Level 1:colcon.colcon_core.package_identification:_identify(.) by extension 'ignore_ament_install'
[0.311s] Level 1:colcon.colcon_core.package_identification:_identify(.) by extensions ['colcon_pkg']
[0.311s] Level 1:colcon.colcon_core.package_identification:_identify(.) by extension 'colcon_pkg'
[0.311s] Level 1:colcon.colcon_core.package_identification:_identify(.) by extensions ['colcon_meta']
[0.311s] Level 1:colcon.colcon_core.package_identification:_identify(.) by extension 'colcon_meta'
[0.312s] Level 1:colcon.colcon_core.package_identification:_identify(.) by extensions ['ros']
[0.312s] Level 1:colcon.colcon_core.package_identification:_identify(.) by extension 'ros'
[0.329s] Level 1:colcon.colcon_core.package_identification:_identify(.) by extensions ['cmake', 'python']
[0.329s] Level 1:colcon.colcon_core.package_identification:_identify(.) by extension 'cmake'
[0.330s] Level 1:colcon.colcon_core.package_identification:_identify(.) by extension 'python'
[0.330s] Level 1:colcon.colcon_core.package_identification:_identify(.) by extensions ['python_setup_py']
[0.330s] Level 1:colcon.colcon_core.package_identification:_identify(.) by extension 'python_setup_py'
[0.332s] Level 1:colcon.colcon_core.package_identification:_identify(build) by extensions ['ignore', 'ignore_ament_install']
[0.332s] Level 1:colcon.colcon_core.package_identification:_identify(build) by extension 'ignore'
[0.332s] Level 1:colcon.colcon_core.package_identification:_identify(build) ignored
[0.335s] Level 1:colcon.colcon_core.package_identification:_identify(install) by extensions ['ignore', 'ignore_ament_install']
[0.335s] Level 1:colcon.colcon_core.package_identification:_identify(install) by extension 'ignore'
[0.335s] Level 1:colcon.colcon_core.package_identification:_identify(install) ignored
[0.339s] Level 1:colcon.colcon_core.package_identification:_identify(log) by extensions ['ignore', 'ignore_ament_install']
[0.339s] Level 1:colcon.colcon_core.package_identification:_identify(log) by extension 'ignore'
[0.340s] Level 1:colcon.colcon_core.package_identification:_identify(log) ignored
[0.341s] Level 1:colcon.colcon_core.package_identification:_identify(src) by extensions ['ignore', 'ignore_ament_install']
[0.341s] Level 1:colcon.colcon_core.package_identification:_identify(src) by extension 'ignore'
[0.341s] Level 1:colcon.colcon_core.package_identification:_identify(src) by extension 'ignore_ament_install'
[0.342s] Level 1:colcon.colcon_core.package_identification:_identify(src) by extensions ['colcon_pkg']
[0.342s] Level 1:colcon.colcon_core.package_identification:_identify(src) by extension 'colcon_pkg'
[0.342s] Level 1:colcon.colcon_core.package_identification:_identify(src) by extensions ['colcon_meta']
[0.343s] Level 1:colcon.colcon_core.package_identification:_identify(src) by extension 'colcon_meta'
[0.343s] Level 1:colcon.colcon_core.package_identification:_identify(src) by extensions ['ros']
[0.343s] Level 1:colcon.colcon_core.package_identification:_identify(src) by extension 'ros'
[0.344s] Level 1:colcon.colcon_core.package_identification:_identify(src) by extensions ['cmake', 'python']
[0.344s] Level 1:colcon.colcon_core.package_identification:_identify(src) by extension 'cmake'
[0.344s] Level 1:colcon.colcon_core.package_identification:_identify(src) by extension 'python'
[0.345s] Level 1:colcon.colcon_core.package_identification:_identify(src) by extensions ['python_setup_py']
[0.345s] Level 1:colcon.colcon_core.package_identification:_identify(src) by extension 'python_setup_py'
[0.346s] Level 1:colcon.colcon_core.package_identification:_identify(src/python_turtle) by extensions ['ignore', 'ignore_ament_install']
[0.347s] Level 1:colcon.colcon_core.package_identification:_identify(src/python_turtle) by extension 'ignore'
[0.347s] Level 1:colcon.colcon_core.package_identification:_identify(src/python_turtle) by extension 'ignore_ament_install'
[0.347s] Level 1:colcon.colcon_core.package_identification:_identify(src/python_turtle) by extensions ['colcon_pkg']
[0.348s] Level 1:colcon.colcon_core.package_identification:_identify(src/python_turtle) by extension 'colcon_pkg'
[0.348s] Level 1:colcon.colcon_core.package_identification:_identify(src/python_turtle) by extensions ['colcon_meta']
[0.348s] Level 1:colcon.colcon_core.package_identification:_identify(src/python_turtle) by extension 'colcon_meta'
[0.348s] Level 1:colcon.colcon_core.package_identification:_identify(src/python_turtle) by extensions ['ros']
[0.348s] Level 1:colcon.colcon_core.package_identification:_identify(src/python_turtle) by extension 'ros'
[0.351s] DEBUG:colcon.colcon_core.package_identification:Package 'src/python_turtle' with type 'ros.ament_python' and name 'python_turtle'
[0.353s] Level 1:colcon.colcon_core.package_identification:_identify(src/turtle_interfaces) by extensions ['ignore', 'ignore_ament_install']
[0.353s] Level 1:colcon.colcon_core.package_identification:_identify(src/turtle_interfaces) by extension 'ignore'
[0.353s] Level 1:colcon.colcon_core.package_identification:_identify(src/turtle_interfaces) by extension 'ignore_ament_install'
[0.354s] Level 1:colcon.colcon_core.package_identification:_identify(src/turtle_interfaces) by extensions ['colcon_pkg']
[0.354s] Level 1:colcon.colcon_core.package_identification:_identify(src/turtle_interfaces) by extension 'colcon_pkg'
[0.354s] Level 1:colcon.colcon_core.package_identification:_identify(src/turtle_interfaces) by extensions ['colcon_meta']
[0.355s] Level 1:colcon.colcon_core.package_identification:_identify(src/turtle_interfaces) by extension 'colcon_meta'
[0.355s] Level 1:colcon.colcon_core.package_identification:_identify(src/turtle_interfaces) by extensions ['ros']
[0.355s] Level 1:colcon.colcon_core.package_identification:_identify(src/turtle_interfaces) by extension 'ros'
[0.356s] DEBUG:colcon.colcon_core.package_identification:Package 'src/turtle_interfaces' with type 'ros.ament_cmake' and name 'turtle_interfaces'
[0.358s] Level 1:colcon.colcon_core.package_identification:_identify(src/webcam) by extensions ['ignore', 'ignore_ament_install']
[0.358s] Level 1:colcon.colcon_core.package_identification:_identify(src/webcam) by extension 'ignore'
[0.359s] Level 1:colcon.colcon_core.package_identification:_identify(src/webcam) by extension 'ignore_ament_install'
[0.359s] Level 1:colcon.colcon_core.package_identification:_identify(src/webcam) by extensions ['colcon_pkg']
[0.359s] Level 1:colcon.colcon_core.package_identification:_identify(src/webcam) by extension 'colcon_pkg'
[0.359s] Level 1:colcon.colcon_core.package_identification:_identify(src/webcam) by extensions ['colcon_meta']
[0.360s] Level 1:colcon.colcon_core.package_identification:_identify(src/webcam) by extension 'colcon_meta'
[0.360s] Level 1:colcon.colcon_core.package_identification:_identify(src/webcam) by extensions ['ros']
[0.360s] Level 1:colcon.colcon_core.package_identification:_identify(src/webcam) by extension 'ros'
[0.361s] DEBUG:colcon.colcon_core.package_identification:Package 'src/webcam' with type 'ros.ament_python' and name 'webcam'
[0.361s] Level 1:colcon.colcon_core.package_discovery:discover_packages(recursive) using defaults
[0.362s] Level 1:colcon.colcon_core.package_discovery:discover_packages(ignore) discover
[0.362s] Level 1:colcon.colcon_core.package_discovery:discover_packages(ignore) using defaults
[0.362s] Level 1:colcon.colcon_core.package_discovery:discover_packages(path) discover
[0.362s] Level 1:colcon.colcon_core.package_discovery:discover_packages(path) using defaults
[0.381s] Level 1:colcon.colcon_core.package_discovery:discover_packages(prefix_path) check parameters
[0.381s] Level 1:colcon.colcon_core.package_discovery:discover_packages(prefix_path) discover
[0.395s] DEBUG:colcon.colcon_installed_package_information.package_discovery:Found 3 installed packages in /home/yahboom/ArchDocs/SharedDocs/S24_RobotProgramming_eloquent/Lab3/roscourse_ws/install
[0.396s] DEBUG:colcon.colcon_installed_package_information.package_discovery:Found 10 installed packages in /home/yahboom/yahboomcar_ros2_ws/software/library_ws/install
[0.398s] DEBUG:colcon.colcon_installed_package_information.package_discovery:Found 20 installed packages in /home/yahboom/yahboomcar_ros2_ws/yahboomcar_ws/install
[0.399s] DEBUG:colcon.colcon_installed_package_information.package_discovery:Found 337 installed packages in /opt/ros/foxy
[0.401s] Level 1:colcon.colcon_core.package_discovery:discover_packages(prefix_path) using defaults
[0.465s] Level 5:colcon.colcon_core.verb:set package 'turtle_interfaces' build argument 'cmake_args' from command line to 'None'
[0.465s] Level 5:colcon.colcon_core.verb:set package 'turtle_interfaces' build argument 'cmake_target' from command line to 'None'
[0.465s] Level 5:colcon.colcon_core.verb:set package 'turtle_interfaces' build argument 'cmake_target_skip_unavailable' from command line to 'False'
[0.465s] Level 5:colcon.colcon_core.verb:set package 'turtle_interfaces' build argument 'cmake_clean_cache' from command line to 'False'
[0.465s] Level 5:colcon.colcon_core.verb:set package 'turtle_interfaces' build argument 'cmake_clean_first' from command line to 'False'
[0.466s] Level 5:colcon.colcon_core.verb:set package 'turtle_interfaces' build argument 'cmake_force_configure' from command line to 'False'
[0.466s] Level 5:colcon.colcon_core.verb:set package 'turtle_interfaces' build argument 'ament_cmake_args' from command line to 'None'
[0.466s] Level 5:colcon.colcon_core.verb:set package 'turtle_interfaces' build argument 'catkin_cmake_args' from command line to 'None'
[0.466s] Level 5:colcon.colcon_core.verb:set package 'turtle_interfaces' build argument 'catkin_skip_building_tests' from command line to 'False'
[0.466s] DEBUG:colcon.colcon_core.verb:Building package 'turtle_interfaces' with the following arguments: {'ament_cmake_args': None, 'build_base': '/home/yahboom/ArchDocs/SharedDocs/S24_RobotProgramming_eloquent/Lab3/roscourse_ws/build/turtle_interfaces', 'catkin_cmake_args': None, 'catkin_skip_building_tests': False, 'cmake_args': None, 'cmake_clean_cache': False, 'cmake_clean_first': False, 'cmake_force_configure': False, 'cmake_target': None, 'cmake_target_skip_unavailable': False, 'install_base': '/home/yahboom/ArchDocs/SharedDocs/S24_RobotProgramming_eloquent/Lab3/roscourse_ws/install/turtle_interfaces', 'merge_install': False, 'path': '/home/yahboom/ArchDocs/SharedDocs/S24_RobotProgramming_eloquent/Lab3/roscourse_ws/src/turtle_interfaces', 'symlink_install': False, 'test_result_base': None}
[0.467s] Level 5:colcon.colcon_core.verb:set package 'webcam' build argument 'cmake_args' from command line to 'None'
[0.468s] Level 5:colcon.colcon_core.verb:set package 'webcam' build argument 'cmake_target' from command line to 'None'
[0.468s] Level 5:colcon.colcon_core.verb:set package 'webcam' build argument 'cmake_target_skip_unavailable' from command line to 'False'
[0.468s] Level 5:colcon.colcon_core.verb:set package 'webcam' build argument 'cmake_clean_cache' from command line to 'False'
[0.468s] Level 5:colcon.colcon_core.verb:set package 'webcam' build argument 'cmake_clean_first' from command line to 'False'
[0.468s] Level 5:colcon.colcon_core.verb:set package 'webcam' build argument 'cmake_force_configure' from command line to 'False'
[0.468s] Level 5:colcon.colcon_core.verb:set package 'webcam' build argument 'ament_cmake_args' from command line to 'None'
[0.469s] Level 5:colcon.colcon_core.verb:set package 'webcam' build argument 'catkin_cmake_args' from command line to 'None'
[0.469s] Level 5:colcon.colcon_core.verb:set package 'webcam' build argument 'catkin_skip_building_tests' from command line to 'False'
[0.469s] DEBUG:colcon.colcon_core.verb:Building package 'webcam' with the following arguments: {'ament_cmake_args': None, 'build_base': '/home/yahboom/ArchDocs/SharedDocs/S24_RobotProgramming_eloquent/Lab3/roscourse_ws/build/webcam', 'catkin_cmake_args': None, 'catkin_skip_building_tests': False, 'cmake_args': None, 'cmake_clean_cache': False, 'cmake_clean_first': False, 'cmake_force_configure': False, 'cmake_target': None, 'cmake_target_skip_unavailable': False, 'install_base': '/home/yahboom/ArchDocs/SharedDocs/S24_RobotProgramming_eloquent/Lab3/roscourse_ws/install/webcam', 'merge_install': False, 'path': '/home/yahboom/ArchDocs/SharedDocs/S24_RobotProgramming_eloquent/Lab3/roscourse_ws/src/webcam', 'symlink_install': False, 'test_result_base': None}
[0.470s] Level 5:colcon.colcon_core.verb:set package 'python_turtle' build argument 'cmake_args' from command line to 'None'
[0.470s] Level 5:colcon.colcon_core.verb:set package 'python_turtle' build argument 'cmake_target' from command line to 'None'
[0.470s] Level 5:colcon.colcon_core.verb:set package 'python_turtle' build argument 'cmake_target_skip_unavailable' from command line to 'False'
[0.470s] Level 5:colcon.colcon_core.verb:set package 'python_turtle' build argument 'cmake_clean_cache' from command line to 'False'
[0.470s] Level 5:colcon.colcon_core.verb:set package 'python_turtle' build argument 'cmake_clean_first' from command line to 'False'
[0.471s] Level 5:colcon.colcon_core.verb:set package 'python_turtle' build argument 'cmake_force_configure' from command line to 'False'
[0.471s] Level 5:colcon.colcon_core.verb:set package 'python_turtle' build argument 'ament_cmake_args' from command line to 'None'
[0.471s] Level 5:colcon.colcon_core.verb:set package 'python_turtle' build argument 'catkin_cmake_args' from command line to 'None'
[0.471s] Level 5:colcon.colcon_core.verb:set package 'python_turtle' build argument 'catkin_skip_building_tests' from command line to 'False'
[0.471s] DEBUG:colcon.colcon_core.verb:Building package 'python_turtle' with the following arguments: {'ament_cmake_args': None, 'build_base': '/home/yahboom/ArchDocs/SharedDocs/S24_RobotProgramming_eloquent/Lab3/roscourse_ws/build/python_turtle', 'catkin_cmake_args': None, 'catkin_skip_building_tests': False, 'cmake_args': None, 'cmake_clean_cache': False, 'cmake_clean_first': False, 'cmake_force_configure': False, 'cmake_target': None, 'cmake_target_skip_unavailable': False, 'install_base': '/home/yahboom/ArchDocs/SharedDocs/S24_RobotProgramming_eloquent/Lab3/roscourse_ws/install/python_turtle', 'merge_install': False, 'path': '/home/yahboom/ArchDocs/SharedDocs/S24_RobotProgramming_eloquent/Lab3/roscourse_ws/src/python_turtle', 'symlink_install': False, 'test_result_base': None}
[0.472s] INFO:colcon.colcon_core.executor:Executing jobs using 'parallel' executor
[0.475s] DEBUG:colcon.colcon_parallel_executor.executor.parallel:run_until_complete
[0.475s] INFO:colcon.colcon_ros.task.ament_cmake.build:Building ROS package in '/home/yahboom/ArchDocs/SharedDocs/S24_RobotProgramming_eloquent/Lab3/roscourse_ws/src/turtle_interfaces' with build type 'ament_cmake'
[0.476s] INFO:colcon.colcon_cmake.task.cmake.build:Building CMake package in '/home/yahboom/ArchDocs/SharedDocs/S24_RobotProgramming_eloquent/Lab3/roscourse_ws/src/turtle_interfaces'
[0.480s] INFO:colcon.colcon_core.plugin_system:Skipping extension 'colcon_core.shell.bat': Not used on non-Windows systems
[0.480s] INFO:colcon.colcon_core.shell:Skip shell extension 'powershell' for command environment: Not usable outside of PowerShell
[0.480s] DEBUG:colcon.colcon_core.shell:Skip shell extension 'dsv' for command environment
[0.498s] INFO:colcon.colcon_ros.task.ament_python.build:Building ROS package in '/home/yahboom/ArchDocs/SharedDocs/S24_RobotProgramming_eloquent/Lab3/roscourse_ws/src/webcam' with build type 'ament_python'
[0.498s] Level 1:colcon.colcon_core.shell:create_environment_hook('webcam', 'ament_prefix_path')
[0.500s] INFO:colcon.colcon_core.shell:Creating environment hook '/home/yahboom/ArchDocs/SharedDocs/S24_RobotProgramming_eloquent/Lab3/roscourse_ws/install/webcam/share/webcam/hook/ament_prefix_path.ps1'
[0.502s] INFO:colcon.colcon_core.shell:Creating environment descriptor '/home/yahboom/ArchDocs/SharedDocs/S24_RobotProgramming_eloquent/Lab3/roscourse_ws/install/webcam/share/webcam/hook/ament_prefix_path.dsv'
[0.503s] INFO:colcon.colcon_core.shell:Creating environment hook '/home/yahboom/ArchDocs/SharedDocs/S24_RobotProgramming_eloquent/Lab3/roscourse_ws/install/webcam/share/webcam/hook/ament_prefix_path.sh'
[0.507s] INFO:colcon.colcon_core.shell:Skip shell extension 'powershell' for command environment: Not usable outside of PowerShell
[0.508s] DEBUG:colcon.colcon_core.shell:Skip shell extension 'dsv' for command environment
[0.546s] DEBUG:colcon.colcon_core.event_handler.log_command:Invoking command in '/home/yahboom/ArchDocs/SharedDocs/S24_RobotProgramming_eloquent/Lab3/roscourse_ws/build/turtle_interfaces': CMAKE_PREFIX_PATH=${CMAKE_PREFIX_PATH}:/home/yahboom/ArchDocs/SharedDocs/S24_RobotProgramming_eloquent/Lab3/roscourse_ws/install/python_turtle:/home/yahboom/ArchDocs/SharedDocs/S24_RobotProgramming_eloquent/Lab3/roscourse_ws/install/webcam:/home/yahboom/yahboomcar_ros2_ws/yahboomcar_ws/install/yahboomcar_voice_ctrl:/home/yahboom/yahboomcar_ros2_ws/yahboomcar_ws/install/yahboomcar_visual:/home/yahboom/yahboomcar_ros2_ws/yahboomcar_ws/install/yahboomcar_rviz:/home/yahboom/yahboomcar_ros2_ws/yahboomcar_ws/install/yahboomcar_nav:/home/yahboom/yahboomcar_ros2_ws/yahboomcar_ws/install/yahboomcar_multi:/home/yahboom/yahboomcar_ros2_ws/yahboomcar_ws/install/yahboomcar_mediapipe:/home/yahboom/yahboomcar_ros2_ws/yahboomcar_ws/install/yahboomcar_linefollow:/home/yahboom/yahboomcar_ros2_ws/yahboomcar_ws/install/yahboomcar_laser:/home/yahboom/yahboomcar_ros2_ws/yahboomcar_ws/install/yahboomcar_description_x1:/home/yahboom/yahboomcar_ros2_ws/yahboomcar_ws/install/yahboomcar_description:/home/yahboom/yahboomcar_ros2_ws/yahboomcar_ws/install/yahboomcar_ctrl:/home/yahboom/yahboomcar_ros2_ws/yahboomcar_ws/install/yahboomcar_bringup:/home/yahboom/yahboomcar_ros2_ws/yahboomcar_ws/install/yahboomcar_astra:/home/yahboom/yahboomcar_ros2_ws/yahboomcar_ws/install/robot_pose_publisher:/home/yahboom/yahboomcar_ros2_ws/yahboomcar_ws/install/laserscan_to_point_pulisher:/opt/ros/foxy /usr/bin/cmake --build /home/yahboom/ArchDocs/SharedDocs/S24_RobotProgramming_eloquent/Lab3/roscourse_ws/build/turtle_interfaces -- -j8 -l8
[0.826s] INFO:colcon.colcon_core.task.python.build:Building Python package in '/home/yahboom/ArchDocs/SharedDocs/S24_RobotProgramming_eloquent/Lab3/roscourse_ws/src/webcam'
[0.828s] INFO:colcon.colcon_core.shell:Skip shell extension 'powershell' for command environment: Not usable outside of PowerShell
[0.828s] DEBUG:colcon.colcon_core.shell:Skip shell extension 'dsv' for command environment
[1.325s] DEBUG:colcon.colcon_core.event_handler.log_command:Invoking command in '/home/yahboom/ArchDocs/SharedDocs/S24_RobotProgramming_eloquent/Lab3/roscourse_ws/build/webcam': PYTHONPATH=/home/yahboom/ArchDocs/SharedDocs/S24_RobotProgramming_eloquent/Lab3/roscourse_ws/build/webcam/prefix_override:/home/yahboom/ArchDocs/SharedDocs/S24_RobotProgramming_eloquent/Lab3/roscourse_ws/install/webcam/lib/python3.8/site-packages:${PYTHONPATH} /usr/bin/python3 setup.py develop --uninstall --editable --build-directory /home/yahboom/ArchDocs/SharedDocs/S24_RobotProgramming_eloquent/Lab3/roscourse_ws/build/webcam/build
[1.557s] DEBUG:colcon.colcon_core.event_handler.log_command:Invoked command in '/home/yahboom/ArchDocs/SharedDocs/S24_RobotProgramming_eloquent/Lab3/roscourse_ws/build/turtle_interfaces' returned '0': CMAKE_PREFIX_PATH=${CMAKE_PREFIX_PATH}:/home/yahboom/ArchDocs/SharedDocs/S24_RobotProgramming_eloquent/Lab3/roscourse_ws/install/python_turtle:/home/yahboom/ArchDocs/SharedDocs/S24_RobotProgramming_eloquent/Lab3/roscourse_ws/install/webcam:/home/yahboom/yahboomcar_ros2_ws/yahboomcar_ws/install/yahboomcar_voice_ctrl:/home/yahboom/yahboomcar_ros2_ws/yahboomcar_ws/install/yahboomcar_visual:/home/yahboom/yahboomcar_ros2_ws/yahboomcar_ws/install/yahboomcar_rviz:/home/yahboom/yahboomcar_ros2_ws/yahboomcar_ws/install/yahboomcar_nav:/home/yahboom/yahboomcar_ros2_ws/yahboomcar_ws/install/yahboomcar_multi:/home/yahboom/yahboomcar_ros2_ws/yahboomcar_ws/install/yahboomcar_mediapipe:/home/yahboom/yahboomcar_ros2_ws/yahboomcar_ws/install/yahboomcar_linefollow:/home/yahboom/yahboomcar_ros2_ws/yahboomcar_ws/install/yahboomcar_laser:/home/yahboom/yahboomcar_ros2_ws/yahboomcar_ws/install/yahboomcar_description_x1:/home/yahboom/yahboomcar_ros2_ws/yahboomcar_ws/install/yahboomcar_description:/home/yahboom/yahboomcar_ros2_ws/yahboomcar_ws/install/yahboomcar_ctrl:/home/yahboom/yahboomcar_ros2_ws/yahboomcar_ws/install/yahboomcar_bringup:/home/yahboom/yahboomcar_ros2_ws/yahboomcar_ws/install/yahboomcar_astra:/home/yahboom/yahboomcar_ros2_ws/yahboomcar_ws/install/robot_pose_publisher:/home/yahboom/yahboomcar_ros2_ws/yahboomcar_ws/install/laserscan_to_point_pulisher:/opt/ros/foxy /usr/bin/cmake --build /home/yahboom/ArchDocs/SharedDocs/S24_RobotProgramming_eloquent/Lab3/roscourse_ws/build/turtle_interfaces -- -j8 -l8
[1.798s] DEBUG:colcon.colcon_core.event_handler.log_command:Invoked command in '/home/yahboom/ArchDocs/SharedDocs/S24_RobotProgramming_eloquent/Lab3/roscourse_ws/build/webcam' returned '0': PYTHONPATH=/home/yahboom/ArchDocs/SharedDocs/S24_RobotProgramming_eloquent/Lab3/roscourse_ws/build/webcam/prefix_override:/home/yahboom/ArchDocs/SharedDocs/S24_RobotProgramming_eloquent/Lab3/roscourse_ws/install/webcam/lib/python3.8/site-packages:${PYTHONPATH} /usr/bin/python3 setup.py develop --uninstall --editable --build-directory /home/yahboom/ArchDocs/SharedDocs/S24_RobotProgramming_eloquent/Lab3/roscourse_ws/build/webcam/build
[1.801s] DEBUG:colcon.colcon_core.event_handler.log_command:Invoking command in '/home/yahboom/ArchDocs/SharedDocs/S24_RobotProgramming_eloquent/Lab3/roscourse_ws/src/webcam': PYTHONPATH=/home/yahboom/ArchDocs/SharedDocs/S24_RobotProgramming_eloquent/Lab3/roscourse_ws/build/webcam/prefix_override:/home/yahboom/ArchDocs/SharedDocs/S24_RobotProgramming_eloquent/Lab3/roscourse_ws/install/webcam/lib/python3.8/site-packages:${PYTHONPATH} /usr/bin/python3 setup.py egg_info --egg-base ../../build/webcam build --build-base /home/yahboom/ArchDocs/SharedDocs/S24_RobotProgramming_eloquent/Lab3/roscourse_ws/build/webcam/build install --record /home/yahboom/ArchDocs/SharedDocs/S24_RobotProgramming_eloquent/Lab3/roscourse_ws/build/webcam/install.log --install-scripts $base/lib/webcam --single-version-externally-managed
[1.912s] DEBUG:colcon.colcon_core.event_handler.log_command:Invoking command in '/home/yahboom/ArchDocs/SharedDocs/S24_RobotProgramming_eloquent/Lab3/roscourse_ws/build/turtle_interfaces': CMAKE_PREFIX_PATH=${CMAKE_PREFIX_PATH}:/home/yahboom/ArchDocs/SharedDocs/S24_RobotProgramming_eloquent/Lab3/roscourse_ws/install/python_turtle:/home/yahboom/ArchDocs/SharedDocs/S24_RobotProgramming_eloquent/Lab3/roscourse_ws/install/webcam:/home/yahboom/yahboomcar_ros2_ws/yahboomcar_ws/install/yahboomcar_voice_ctrl:/home/yahboom/yahboomcar_ros2_ws/yahboomcar_ws/install/yahboomcar_visual:/home/yahboom/yahboomcar_ros2_ws/yahboomcar_ws/install/yahboomcar_rviz:/home/yahboom/yahboomcar_ros2_ws/yahboomcar_ws/install/yahboomcar_nav:/home/yahboom/yahboomcar_ros2_ws/yahboomcar_ws/install/yahboomcar_multi:/home/yahboom/yahboomcar_ros2_ws/yahboomcar_ws/install/yahboomcar_mediapipe:/home/yahboom/yahboomcar_ros2_ws/yahboomcar_ws/install/yahboomcar_linefollow:/home/yahboom/yahboomcar_ros2_ws/yahboomcar_ws/install/yahboomcar_laser:/home/yahboom/yahboomcar_ros2_ws/yahboomcar_ws/install/yahboomcar_description_x1:/home/yahboom/yahboomcar_ros2_ws/yahboomcar_ws/install/yahboomcar_description:/home/yahboom/yahboomcar_ros2_ws/yahboomcar_ws/install/yahboomcar_ctrl:/home/yahboom/yahboomcar_ros2_ws/yahboomcar_ws/install/yahboomcar_bringup:/home/yahboom/yahboomcar_ros2_ws/yahboomcar_ws/install/yahboomcar_astra:/home/yahboom/yahboomcar_ros2_ws/yahboomcar_ws/install/robot_pose_publisher:/home/yahboom/yahboomcar_ros2_ws/yahboomcar_ws/install/laserscan_to_point_pulisher:/opt/ros/foxy /usr/bin/cmake --install /home/yahboom/ArchDocs/SharedDocs/S24_RobotProgramming_eloquent/Lab3/roscourse_ws/build/turtle_interfaces
[2.216s] DEBUG:colcon.colcon_core.event_handler.log_command:Invoked command in '/home/yahboom/ArchDocs/SharedDocs/S24_RobotProgramming_eloquent/Lab3/roscourse_ws/src/webcam' returned '0': PYTHONPATH=/home/yahboom/ArchDocs/SharedDocs/S24_RobotProgramming_eloquent/Lab3/roscourse_ws/build/webcam/prefix_override:/home/yahboom/ArchDocs/SharedDocs/S24_RobotProgramming_eloquent/Lab3/roscourse_ws/install/webcam/lib/python3.8/site-packages:${PYTHONPATH} /usr/bin/python3 setup.py egg_info --egg-base ../../build/webcam build --build-base /home/yahboom/ArchDocs/SharedDocs/S24_RobotProgramming_eloquent/Lab3/roscourse_ws/build/webcam/build install --record /home/yahboom/ArchDocs/SharedDocs/S24_RobotProgramming_eloquent/Lab3/roscourse_ws/build/webcam/install.log --install-scripts $base/lib/webcam --single-version-externally-managed
[2.221s] Level 1:colcon.colcon_core.environment:checking '/home/yahboom/ArchDocs/SharedDocs/S24_RobotProgramming_eloquent/Lab3/roscourse_ws/install/webcam' for CMake module files
[2.228s] Level 1:colcon.colcon_core.environment:checking '/home/yahboom/ArchDocs/SharedDocs/S24_RobotProgramming_eloquent/Lab3/roscourse_ws/install/webcam' for CMake config files
[2.244s] Level 1:colcon.colcon_core.environment:checking '/home/yahboom/ArchDocs/SharedDocs/S24_RobotProgramming_eloquent/Lab3/roscourse_ws/install/webcam/lib'
[2.245s] Level 1:colcon.colcon_core.environment:checking '/home/yahboom/ArchDocs/SharedDocs/S24_RobotProgramming_eloquent/Lab3/roscourse_ws/install/webcam/bin'
[2.245s] Level 1:colcon.colcon_core.environment:checking '/home/yahboom/ArchDocs/SharedDocs/S24_RobotProgramming_eloquent/Lab3/roscourse_ws/install/webcam/lib/pkgconfig/webcam.pc'
[2.245s] Level 1:colcon.colcon_core.environment:checking '/home/yahboom/ArchDocs/SharedDocs/S24_RobotProgramming_eloquent/Lab3/roscourse_ws/install/webcam/lib/python3.8/site-packages'
[2.245s] Level 1:colcon.colcon_core.shell:create_environment_hook('webcam', 'pythonpath')
[2.247s] INFO:colcon.colcon_core.shell:Creating environment hook '/home/yahboom/ArchDocs/SharedDocs/S24_RobotProgramming_eloquent/Lab3/roscourse_ws/install/webcam/share/webcam/hook/pythonpath.ps1'
[2.248s] INFO:colcon.colcon_core.shell:Creating environment descriptor '/home/yahboom/ArchDocs/SharedDocs/S24_RobotProgramming_eloquent/Lab3/roscourse_ws/install/webcam/share/webcam/hook/pythonpath.dsv'
[2.249s] INFO:colcon.colcon_core.shell:Creating environment hook '/home/yahboom/ArchDocs/SharedDocs/S24_RobotProgramming_eloquent/Lab3/roscourse_ws/install/webcam/share/webcam/hook/pythonpath.sh'
[2.250s] Level 1:colcon.colcon_core.environment:checking '/home/yahboom/ArchDocs/SharedDocs/S24_RobotProgramming_eloquent/Lab3/roscourse_ws/install/webcam/bin'
[2.251s] Level 1:colcon.colcon_core.environment:create_environment_scripts_only(webcam)
[2.252s] INFO:colcon.colcon_core.shell:Creating package script '/home/yahboom/ArchDocs/SharedDocs/S24_RobotProgramming_eloquent/Lab3/roscourse_ws/install/webcam/share/webcam/package.ps1'
[2.253s] INFO:colcon.colcon_core.shell:Creating package descriptor '/home/yahboom/ArchDocs/SharedDocs/S24_RobotProgramming_eloquent/Lab3/roscourse_ws/install/webcam/share/webcam/package.dsv'
[2.254s] INFO:colcon.colcon_core.shell:Creating package script '/home/yahboom/ArchDocs/SharedDocs/S24_RobotProgramming_eloquent/Lab3/roscourse_ws/install/webcam/share/webcam/package.sh'
[2.256s] INFO:colcon.colcon_core.shell:Creating package script '/home/yahboom/ArchDocs/SharedDocs/S24_RobotProgramming_eloquent/Lab3/roscourse_ws/install/webcam/share/webcam/package.bash'
[2.257s] INFO:colcon.colcon_core.shell:Creating package script '/home/yahboom/ArchDocs/SharedDocs/S24_RobotProgramming_eloquent/Lab3/roscourse_ws/install/webcam/share/webcam/package.zsh'
[2.258s] Level 1:colcon.colcon_core.environment:create_file_with_runtime_dependencies(/home/yahboom/ArchDocs/SharedDocs/S24_RobotProgramming_eloquent/Lab3/roscourse_ws/install/webcam/share/colcon-core/packages/webcam)
[2.260s] Level 1:colcon.colcon_core.environment:create_environment_scripts_only(turtle_interfaces)
[2.262s] Level 1:colcon.colcon_core.environment:checking '/home/yahboom/ArchDocs/SharedDocs/S24_RobotProgramming_eloquent/Lab3/roscourse_ws/install/turtle_interfaces' for CMake module files
[2.264s] DEBUG:colcon.colcon_core.event_handler.log_command:Invoked command in '/home/yahboom/ArchDocs/SharedDocs/S24_RobotProgramming_eloquent/Lab3/roscourse_ws/build/turtle_interfaces' returned '0': CMAKE_PREFIX_PATH=${CMAKE_PREFIX_PATH}:/home/yahboom/ArchDocs/SharedDocs/S24_RobotProgramming_eloquent/Lab3/roscourse_ws/install/python_turtle:/home/yahboom/ArchDocs/SharedDocs/S24_RobotProgramming_eloquent/Lab3/roscourse_ws/install/webcam:/home/yahboom/yahboomcar_ros2_ws/yahboomcar_ws/install/yahboomcar_voice_ctrl:/home/yahboom/yahboomcar_ros2_ws/yahboomcar_ws/install/yahboomcar_visual:/home/yahboom/yahboomcar_ros2_ws/yahboomcar_ws/install/yahboomcar_rviz:/home/yahboom/yahboomcar_ros2_ws/yahboomcar_ws/install/yahboomcar_nav:/home/yahboom/yahboomcar_ros2_ws/yahboomcar_ws/install/yahboomcar_multi:/home/yahboom/yahboomcar_ros2_ws/yahboomcar_ws/install/yahboomcar_mediapipe:/home/yahboom/yahboomcar_ros2_ws/yahboomcar_ws/install/yahboomcar_linefollow:/home/yahboom/yahboomcar_ros2_ws/yahboomcar_ws/install/yahboomcar_laser:/home/yahboom/yahboomcar_ros2_ws/yahboomcar_ws/install/yahboomcar_description_x1:/home/yahboom/yahboomcar_ros2_ws/yahboomcar_ws/install/yahboomcar_description:/home/yahboom/yahboomcar_ros2_ws/yahboomcar_ws/install/yahboomcar_ctrl:/home/yahboom/yahboomcar_ros2_ws/yahboomcar_ws/install/yahboomcar_bringup:/home/yahboom/yahboomcar_ros2_ws/yahboomcar_ws/install/yahboomcar_astra:/home/yahboom/yahboomcar_ros2_ws/yahboomcar_ws/install/robot_pose_publisher:/home/yahboom/yahboomcar_ros2_ws/yahboomcar_ws/install/laserscan_to_point_pulisher:/opt/ros/foxy /usr/bin/cmake --install /home/yahboom/ArchDocs/SharedDocs/S24_RobotProgramming_eloquent/Lab3/roscourse_ws/build/turtle_interfaces
[2.270s] Level 1:colcon.colcon_core.environment:checking '/home/yahboom/ArchDocs/SharedDocs/S24_RobotProgramming_eloquent/Lab3/roscourse_ws/install/turtle_interfaces' for CMake config files
[2.308s] Level 1:colcon.colcon_core.shell:create_environment_hook('turtle_interfaces', 'cmake_prefix_path')
[2.310s] INFO:colcon.colcon_core.shell:Creating environment hook '/home/yahboom/ArchDocs/SharedDocs/S24_RobotProgramming_eloquent/Lab3/roscourse_ws/install/turtle_interfaces/share/turtle_interfaces/hook/cmake_prefix_path.ps1'
[2.311s] INFO:colcon.colcon_core.shell:Creating environment descriptor '/home/yahboom/ArchDocs/SharedDocs/S24_RobotProgramming_eloquent/Lab3/roscourse_ws/install/turtle_interfaces/share/turtle_interfaces/hook/cmake_prefix_path.dsv'
[2.312s] INFO:colcon.colcon_core.shell:Creating environment hook '/home/yahboom/ArchDocs/SharedDocs/S24_RobotProgramming_eloquent/Lab3/roscourse_ws/install/turtle_interfaces/share/turtle_interfaces/hook/cmake_prefix_path.sh'
[2.315s] Level 1:colcon.colcon_core.environment:checking '/home/yahboom/ArchDocs/SharedDocs/S24_RobotProgramming_eloquent/Lab3/roscourse_ws/install/turtle_interfaces/lib'
[2.316s] Level 1:colcon.colcon_core.shell:create_environment_hook('turtle_interfaces', 'ld_library_path_lib')
[2.318s] INFO:colcon.colcon_core.shell:Creating environment hook '/home/yahboom/ArchDocs/SharedDocs/S24_RobotProgramming_eloquent/Lab3/roscourse_ws/install/turtle_interfaces/share/turtle_interfaces/hook/ld_library_path_lib.ps1'
[2.319s] INFO:colcon.colcon_core.shell:Creating environment descriptor '/home/yahboom/ArchDocs/SharedDocs/S24_RobotProgramming_eloquent/Lab3/roscourse_ws/install/turtle_interfaces/share/turtle_interfaces/hook/ld_library_path_lib.dsv'
[2.320s] INFO:colcon.colcon_core.shell:Creating environment hook '/home/yahboom/ArchDocs/SharedDocs/S24_RobotProgramming_eloquent/Lab3/roscourse_ws/install/turtle_interfaces/share/turtle_interfaces/hook/ld_library_path_lib.sh'
[2.322s] Level 1:colcon.colcon_core.environment:checking '/home/yahboom/ArchDocs/SharedDocs/S24_RobotProgramming_eloquent/Lab3/roscourse_ws/install/turtle_interfaces/bin'
[2.322s] Level 1:colcon.colcon_core.environment:checking '/home/yahboom/ArchDocs/SharedDocs/S24_RobotProgramming_eloquent/Lab3/roscourse_ws/install/turtle_interfaces/lib/pkgconfig/turtle_interfaces.pc'
[2.322s] Level 1:colcon.colcon_core.environment:checking '/home/yahboom/ArchDocs/SharedDocs/S24_RobotProgramming_eloquent/Lab3/roscourse_ws/install/turtle_interfaces/lib/python3.8/site-packages'
[2.323s] Level 1:colcon.colcon_core.shell:create_environment_hook('turtle_interfaces', 'pythonpath')
[2.324s] INFO:colcon.colcon_core.shell:Creating environment hook '/home/yahboom/ArchDocs/SharedDocs/S24_RobotProgramming_eloquent/Lab3/roscourse_ws/install/turtle_interfaces/share/turtle_interfaces/hook/pythonpath.ps1'
[2.325s] INFO:colcon.colcon_core.shell:Creating environment descriptor '/home/yahboom/ArchDocs/SharedDocs/S24_RobotProgramming_eloquent/Lab3/roscourse_ws/install/turtle_interfaces/share/turtle_interfaces/hook/pythonpath.dsv'
[2.327s] INFO:colcon.colcon_core.shell:Creating environment hook '/home/yahboom/ArchDocs/SharedDocs/S24_RobotProgramming_eloquent/Lab3/roscourse_ws/install/turtle_interfaces/share/turtle_interfaces/hook/pythonpath.sh'
[2.328s] Level 1:colcon.colcon_core.environment:checking '/home/yahboom/ArchDocs/SharedDocs/S24_RobotProgramming_eloquent/Lab3/roscourse_ws/install/turtle_interfaces/bin'
[2.330s] INFO:colcon.colcon_core.shell:Creating package script '/home/yahboom/ArchDocs/SharedDocs/S24_RobotProgramming_eloquent/Lab3/roscourse_ws/install/turtle_interfaces/share/turtle_interfaces/package.ps1'
[2.331s] INFO:colcon.colcon_core.shell:Creating package descriptor '/home/yahboom/ArchDocs/SharedDocs/S24_RobotProgramming_eloquent/Lab3/roscourse_ws/install/turtle_interfaces/share/turtle_interfaces/package.dsv'
[2.332s] INFO:colcon.colcon_core.shell:Creating package script '/home/yahboom/ArchDocs/SharedDocs/S24_RobotProgramming_eloquent/Lab3/roscourse_ws/install/turtle_interfaces/share/turtle_interfaces/package.sh'
[2.333s] INFO:colcon.colcon_core.shell:Creating package script '/home/yahboom/ArchDocs/SharedDocs/S24_RobotProgramming_eloquent/Lab3/roscourse_ws/install/turtle_interfaces/share/turtle_interfaces/package.bash'
[2.334s] INFO:colcon.colcon_core.shell:Creating package script '/home/yahboom/ArchDocs/SharedDocs/S24_RobotProgramming_eloquent/Lab3/roscourse_ws/install/turtle_interfaces/share/turtle_interfaces/package.zsh'
[2.335s] Level 1:colcon.colcon_core.environment:create_file_with_runtime_dependencies(/home/yahboom/ArchDocs/SharedDocs/S24_RobotProgramming_eloquent/Lab3/roscourse_ws/install/turtle_interfaces/share/colcon-core/packages/turtle_interfaces)
[2.611s] Level 1:colcon.colcon_core.environment:create_environment_scripts_only(turtle_interfaces)
[2.613s] Level 1:colcon.colcon_core.environment:checking '/home/yahboom/ArchDocs/SharedDocs/S24_RobotProgramming_eloquent/Lab3/roscourse_ws/install/turtle_interfaces' for CMake module files
[2.621s] Level 1:colcon.colcon_core.environment:checking '/home/yahboom/ArchDocs/SharedDocs/S24_RobotProgramming_eloquent/Lab3/roscourse_ws/install/turtle_interfaces' for CMake config files
[2.653s] Level 1:colcon.colcon_core.shell:create_environment_hook('turtle_interfaces', 'cmake_prefix_path')
[2.655s] INFO:colcon.colcon_core.shell:Creating environment hook '/home/yahboom/ArchDocs/SharedDocs/S24_RobotProgramming_eloquent/Lab3/roscourse_ws/install/turtle_interfaces/share/turtle_interfaces/hook/cmake_prefix_path.ps1'
[2.656s] INFO:colcon.colcon_core.shell:Creating environment descriptor '/home/yahboom/ArchDocs/SharedDocs/S24_RobotProgramming_eloquent/Lab3/roscourse_ws/install/turtle_interfaces/share/turtle_interfaces/hook/cmake_prefix_path.dsv'
[2.657s] INFO:colcon.colcon_core.shell:Creating environment hook '/home/yahboom/ArchDocs/SharedDocs/S24_RobotProgramming_eloquent/Lab3/roscourse_ws/install/turtle_interfaces/share/turtle_interfaces/hook/cmake_prefix_path.sh'
[2.660s] Level 1:colcon.colcon_core.environment:checking '/home/yahboom/ArchDocs/SharedDocs/S24_RobotProgramming_eloquent/Lab3/roscourse_ws/install/turtle_interfaces/lib'
[2.661s] Level 1:colcon.colcon_core.shell:create_environment_hook('turtle_interfaces', 'ld_library_path_lib')
[2.663s] INFO:colcon.colcon_core.shell:Creating environment hook '/home/yahboom/ArchDocs/SharedDocs/S24_RobotProgramming_eloquent/Lab3/roscourse_ws/install/turtle_interfaces/share/turtle_interfaces/hook/ld_library_path_lib.ps1'
[2.664s] INFO:colcon.colcon_core.shell:Creating environment descriptor '/home/yahboom/ArchDocs/SharedDocs/S24_RobotProgramming_eloquent/Lab3/roscourse_ws/install/turtle_interfaces/share/turtle_interfaces/hook/ld_library_path_lib.dsv'
[2.665s] INFO:colcon.colcon_core.shell:Creating environment hook '/home/yahboom/ArchDocs/SharedDocs/S24_RobotProgramming_eloquent/Lab3/roscourse_ws/install/turtle_interfaces/share/turtle_interfaces/hook/ld_library_path_lib.sh'
[2.666s] Level 1:colcon.colcon_core.environment:checking '/home/yahboom/ArchDocs/SharedDocs/S24_RobotProgramming_eloquent/Lab3/roscourse_ws/install/turtle_interfaces/bin'
[2.666s] Level 1:colcon.colcon_core.environment:checking '/home/yahboom/ArchDocs/SharedDocs/S24_RobotProgramming_eloquent/Lab3/roscourse_ws/install/turtle_interfaces/lib/pkgconfig/turtle_interfaces.pc'
[2.667s] Level 1:colcon.colcon_core.environment:checking '/home/yahboom/ArchDocs/SharedDocs/S24_RobotProgramming_eloquent/Lab3/roscourse_ws/install/turtle_interfaces/lib/python3.8/site-packages'
[2.667s] Level 1:colcon.colcon_core.shell:create_environment_hook('turtle_interfaces', 'pythonpath')
[2.668s] INFO:colcon.colcon_core.shell:Creating environment hook '/home/yahboom/ArchDocs/SharedDocs/S24_RobotProgramming_eloquent/Lab3/roscourse_ws/install/turtle_interfaces/share/turtle_interfaces/hook/pythonpath.ps1'
[2.669s] INFO:colcon.colcon_core.shell:Creating environment descriptor '/home/yahboom/ArchDocs/SharedDocs/S24_RobotProgramming_eloquent/Lab3/roscourse_ws/install/turtle_interfaces/share/turtle_interfaces/hook/pythonpath.dsv'
[2.670s] INFO:colcon.colcon_core.shell:Creating environment hook '/home/yahboom/ArchDocs/SharedDocs/S24_RobotProgramming_eloquent/Lab3/roscourse_ws/install/turtle_interfaces/share/turtle_interfaces/hook/pythonpath.sh'
[2.672s] Level 1:colcon.colcon_core.environment:checking '/home/yahboom/ArchDocs/SharedDocs/S24_RobotProgramming_eloquent/Lab3/roscourse_ws/install/turtle_interfaces/bin'
[2.673s] INFO:colcon.colcon_core.shell:Creating package script '/home/yahboom/ArchDocs/SharedDocs/S24_RobotProgramming_eloquent/Lab3/roscourse_ws/install/turtle_interfaces/share/turtle_interfaces/package.ps1'
[2.674s] INFO:colcon.colcon_core.shell:Creating package descriptor '/home/yahboom/ArchDocs/SharedDocs/S24_RobotProgramming_eloquent/Lab3/roscourse_ws/install/turtle_interfaces/share/turtle_interfaces/package.dsv'
[2.675s] INFO:colcon.colcon_core.shell:Creating package script '/home/yahboom/ArchDocs/SharedDocs/S24_RobotProgramming_eloquent/Lab3/roscourse_ws/install/turtle_interfaces/share/turtle_interfaces/package.sh'
[2.676s] INFO:colcon.colcon_core.shell:Creating package script '/home/yahboom/ArchDocs/SharedDocs/S24_RobotProgramming_eloquent/Lab3/roscourse_ws/install/turtle_interfaces/share/turtle_interfaces/package.bash'
[2.677s] INFO:colcon.colcon_core.shell:Creating package script '/home/yahboom/ArchDocs/SharedDocs/S24_RobotProgramming_eloquent/Lab3/roscourse_ws/install/turtle_interfaces/share/turtle_interfaces/package.zsh'
[2.678s] Level 1:colcon.colcon_core.environment:create_file_with_runtime_dependencies(/home/yahboom/ArchDocs/SharedDocs/S24_RobotProgramming_eloquent/Lab3/roscourse_ws/install/turtle_interfaces/share/colcon-core/packages/turtle_interfaces)
[2.679s] INFO:colcon.colcon_ros.task.ament_python.build:Building ROS package in '/home/yahboom/ArchDocs/SharedDocs/S24_RobotProgramming_eloquent/Lab3/roscourse_ws/src/python_turtle' with build type 'ament_python'
[2.680s] Level 1:colcon.colcon_core.shell:create_environment_hook('python_turtle', 'ament_prefix_path')
[2.681s] INFO:colcon.colcon_core.shell:Creating environment hook '/home/yahboom/ArchDocs/SharedDocs/S24_RobotProgramming_eloquent/Lab3/roscourse_ws/install/python_turtle/share/python_turtle/hook/ament_prefix_path.ps1'
[2.683s] INFO:colcon.colcon_core.shell:Creating environment descriptor '/home/yahboom/ArchDocs/SharedDocs/S24_RobotProgramming_eloquent/Lab3/roscourse_ws/install/python_turtle/share/python_turtle/hook/ament_prefix_path.dsv'
[2.684s] INFO:colcon.colcon_core.shell:Creating environment hook '/home/yahboom/ArchDocs/SharedDocs/S24_RobotProgramming_eloquent/Lab3/roscourse_ws/install/python_turtle/share/python_turtle/hook/ament_prefix_path.sh'
[2.686s] INFO:colcon.colcon_core.shell:Skip shell extension 'powershell' for command environment: Not usable outside of PowerShell
[2.686s] DEBUG:colcon.colcon_core.shell:Skip shell extension 'dsv' for command environment
[2.952s] INFO:colcon.colcon_core.task.python.build:Building Python package in '/home/yahboom/ArchDocs/SharedDocs/S24_RobotProgramming_eloquent/Lab3/roscourse_ws/src/python_turtle'
[2.954s] INFO:colcon.colcon_core.shell:Skip shell extension 'powershell' for command environment: Not usable outside of PowerShell
[2.954s] DEBUG:colcon.colcon_core.shell:Skip shell extension 'dsv' for command environment
[3.373s] DEBUG:colcon.colcon_core.event_handler.log_command:Invoking command in '/home/yahboom/ArchDocs/SharedDocs/S24_RobotProgramming_eloquent/Lab3/roscourse_ws/src/python_turtle': PYTHONPATH=/home/yahboom/ArchDocs/SharedDocs/S24_RobotProgramming_eloquent/Lab3/roscourse_ws/build/python_turtle/prefix_override:/home/yahboom/ArchDocs/SharedDocs/S24_RobotProgramming_eloquent/Lab3/roscourse_ws/install/python_turtle/lib/python3.8/site-packages:/home/yahboom/ArchDocs/SharedDocs/S24_RobotProgramming_eloquent/Lab3/roscourse_ws/install/turtle_interfaces/lib/python3.8/site-packages:/home/yahboom/ArchDocs/SharedDocs/S24_RobotProgramming_eloquent/Lab3/roscourse_ws/install/python_turtle/lib/python3.8/site-packages:/home/yahboom/ArchDocs/SharedDocs/S24_RobotProgramming_eloquent/Lab3/roscourse_ws/build/webcam:/home/yahboom/ArchDocs/SharedDocs/S24_RobotProgramming_eloquent/Lab3/roscourse_ws/install/webcam/lib/python3.8/site-packages:/home/yahboom/yahboomcar_ros2_ws/yahboomcar_ws/install/yahboomcar_voice_ctrl/lib/python3.8/site-packages:/home/yahboom/yahboomcar_ros2_ws/yahboomcar_ws/install/yahboomcar_visual/lib/python3.8/site-packages:/home/yahboom/yahboomcar_ros2_ws/yahboomcar_ws/install/yahboomcar_rviz/lib/python3.8/site-packages:/home/yahboom/yahboomcar_ros2_ws/yahboomcar_ws/install/yahboomcar_nav/lib/python3.8/site-packages:/home/yahboom/yahboomcar_ros2_ws/yahboomcar_ws/install/yahboomcar_multi/lib/python3.8/site-packages:/home/yahboom/yahboomcar_ros2_ws/yahboomcar_ws/install/yahboomcar_msgs/lib/python3.8/site-packages:/home/yahboom/yahboomcar_ros2_ws/yahboomcar_ws/install/yahboomcar_mediapipe/lib/python3.8/site-packages:/home/yahboom/yahboomcar_ros2_ws/yahboomcar_ws/install/yahboomcar_linefollow/lib/python3.8/site-packages:/home/yahboom/yahboomcar_ros2_ws/yahboomcar_ws/install/yahboomcar_laser/lib/python3.8/site-packages:/home/yahboom/yahboomcar_ros2_ws/yahboomcar_ws/install/yahboomcar_description_x1/lib/python3.8/site-packages:/home/yahboom/yahboomcar_ros2_ws/yahboomcar_ws/install/yahboomcar_description/lib/python3.8/site-packages:/home/yahboom/yahboomcar_ros2_ws/yahboomcar_ws/install/yahboomcar_ctrl/lib/python3.8/site-packages:/home/yahboom/yahboomcar_ros2_ws/yahboomcar_ws/install/yahboomcar_bringup/lib/python3.8/site-packages:/home/yahboom/yahboomcar_ros2_ws/yahboomcar_ws/install/yahboomcar_astra/lib/python3.8/site-packages:/home/yahboom/yahboomcar_ros2_ws/yahboomcar_ws/install/robot_pose_publisher/lib/python3.8/site-packages:/home/yahboom/yahboomcar_ros2_ws/yahboomcar_ws/install/laserscan_to_point_pulisher/lib/python3.8/site-packages:/home/yahboom/yahboomcar_ros2_ws/software/library_ws/install/teb_msgs/lib/python3.8/site-packages:/home/yahboom/yahboomcar_ros2_ws/software/library_ws/install/costmap_converter_msgs/lib/python3.8/site-packages:/opt/ros/foxy/lib/python3.8/site-packages /usr/bin/python3 setup.py egg_info --egg-base ../../build/python_turtle build --build-base /home/yahboom/ArchDocs/SharedDocs/S24_RobotProgramming_eloquent/Lab3/roscourse_ws/build/python_turtle/build install --record /home/yahboom/ArchDocs/SharedDocs/S24_RobotProgramming_eloquent/Lab3/roscourse_ws/build/python_turtle/install.log --install-scripts $base/lib/python_turtle --single-version-externally-managed
[3.712s] Level 1:colcon.colcon_core.environment:checking '/home/yahboom/ArchDocs/SharedDocs/S24_RobotProgramming_eloquent/Lab3/roscourse_ws/install/python_turtle' for CMake module files
[3.713s] DEBUG:colcon.colcon_core.event_handler.log_command:Invoked command in '/home/yahboom/ArchDocs/SharedDocs/S24_RobotProgramming_eloquent/Lab3/roscourse_ws/src/python_turtle' returned '0': PYTHONPATH=/home/yahboom/ArchDocs/SharedDocs/S24_RobotProgramming_eloquent/Lab3/roscourse_ws/build/python_turtle/prefix_override:/home/yahboom/ArchDocs/SharedDocs/S24_RobotProgramming_eloquent/Lab3/roscourse_ws/install/python_turtle/lib/python3.8/site-packages:/home/yahboom/ArchDocs/SharedDocs/S24_RobotProgramming_eloquent/Lab3/roscourse_ws/install/turtle_interfaces/lib/python3.8/site-packages:/home/yahboom/ArchDocs/SharedDocs/S24_RobotProgramming_eloquent/Lab3/roscourse_ws/install/python_turtle/lib/python3.8/site-packages:/home/yahboom/ArchDocs/SharedDocs/S24_RobotProgramming_eloquent/Lab3/roscourse_ws/build/webcam:/home/yahboom/ArchDocs/SharedDocs/S24_RobotProgramming_eloquent/Lab3/roscourse_ws/install/webcam/lib/python3.8/site-packages:/home/yahboom/yahboomcar_ros2_ws/yahboomcar_ws/install/yahboomcar_voice_ctrl/lib/python3.8/site-packages:/home/yahboom/yahboomcar_ros2_ws/yahboomcar_ws/install/yahboomcar_visual/lib/python3.8/site-packages:/home/yahboom/yahboomcar_ros2_ws/yahboomcar_ws/install/yahboomcar_rviz/lib/python3.8/site-packages:/home/yahboom/yahboomcar_ros2_ws/yahboomcar_ws/install/yahboomcar_nav/lib/python3.8/site-packages:/home/yahboom/yahboomcar_ros2_ws/yahboomcar_ws/install/yahboomcar_multi/lib/python3.8/site-packages:/home/yahboom/yahboomcar_ros2_ws/yahboomcar_ws/install/yahboomcar_msgs/lib/python3.8/site-packages:/home/yahboom/yahboomcar_ros2_ws/yahboomcar_ws/install/yahboomcar_mediapipe/lib/python3.8/site-packages:/home/yahboom/yahboomcar_ros2_ws/yahboomcar_ws/install/yahboomcar_linefollow/lib/python3.8/site-packages:/home/yahboom/yahboomcar_ros2_ws/yahboomcar_ws/install/yahboomcar_laser/lib/python3.8/site-packages:/home/yahboom/yahboomcar_ros2_ws/yahboomcar_ws/install/yahboomcar_description_x1/lib/python3.8/site-packages:/home/yahboom/yahboomcar_ros2_ws/yahboomcar_ws/install/yahboomcar_description/lib/python3.8/site-packages:/home/yahboom/yahboomcar_ros2_ws/yahboomcar_ws/install/yahboomcar_ctrl/lib/python3.8/site-packages:/home/yahboom/yahboomcar_ros2_ws/yahboomcar_ws/install/yahboomcar_bringup/lib/python3.8/site-packages:/home/yahboom/yahboomcar_ros2_ws/yahboomcar_ws/install/yahboomcar_astra/lib/python3.8/site-packages:/home/yahboom/yahboomcar_ros2_ws/yahboomcar_ws/install/robot_pose_publisher/lib/python3.8/site-packages:/home/yahboom/yahboomcar_ros2_ws/yahboomcar_ws/install/laserscan_to_point_pulisher/lib/python3.8/site-packages:/home/yahboom/yahboomcar_ros2_ws/software/library_ws/install/teb_msgs/lib/python3.8/site-packages:/home/yahboom/yahboomcar_ros2_ws/software/library_ws/install/costmap_converter_msgs/lib/python3.8/site-packages:/opt/ros/foxy/lib/python3.8/site-packages /usr/bin/python3 setup.py egg_info --egg-base ../../build/python_turtle build --build-base /home/yahboom/ArchDocs/SharedDocs/S24_RobotProgramming_eloquent/Lab3/roscourse_ws/build/python_turtle/build install --record /home/yahboom/ArchDocs/SharedDocs/S24_RobotProgramming_eloquent/Lab3/roscourse_ws/build/python_turtle/install.log --install-scripts $base/lib/python_turtle --single-version-externally-managed
[3.718s] Level 1:colcon.colcon_core.environment:checking '/home/yahboom/ArchDocs/SharedDocs/S24_RobotProgramming_eloquent/Lab3/roscourse_ws/install/python_turtle' for CMake config files
[3.734s] Level 1:colcon.colcon_core.environment:checking '/home/yahboom/ArchDocs/SharedDocs/S24_RobotProgramming_eloquent/Lab3/roscourse_ws/install/python_turtle/lib'
[3.735s] Level 1:colcon.colcon_core.environment:checking '/home/yahboom/ArchDocs/SharedDocs/S24_RobotProgramming_eloquent/Lab3/roscourse_ws/install/python_turtle/bin'
[3.735s] Level 1:colcon.colcon_core.environment:checking '/home/yahboom/ArchDocs/SharedDocs/S24_RobotProgramming_eloquent/Lab3/roscourse_ws/install/python_turtle/lib/pkgconfig/python_turtle.pc'
[3.736s] Level 1:colcon.colcon_core.environment:checking '/home/yahboom/ArchDocs/SharedDocs/S24_RobotProgramming_eloquent/Lab3/roscourse_ws/install/python_turtle/lib/python3.8/site-packages'
[3.736s] Level 1:colcon.colcon_core.shell:create_environment_hook('python_turtle', 'pythonpath')
[3.737s] INFO:colcon.colcon_core.shell:Creating environment hook '/home/yahboom/ArchDocs/SharedDocs/S24_RobotProgramming_eloquent/Lab3/roscourse_ws/install/python_turtle/share/python_turtle/hook/pythonpath.ps1'
[3.739s] INFO:colcon.colcon_core.shell:Creating environment descriptor '/home/yahboom/ArchDocs/SharedDocs/S24_RobotProgramming_eloquent/Lab3/roscourse_ws/install/python_turtle/share/python_turtle/hook/pythonpath.dsv'
[3.740s] INFO:colcon.colcon_core.shell:Creating environment hook '/home/yahboom/ArchDocs/SharedDocs/S24_RobotProgramming_eloquent/Lab3/roscourse_ws/install/python_turtle/share/python_turtle/hook/pythonpath.sh'
[3.741s] Level 1:colcon.colcon_core.environment:checking '/home/yahboom/ArchDocs/SharedDocs/S24_RobotProgramming_eloquent/Lab3/roscourse_ws/install/python_turtle/bin'
[3.742s] Level 1:colcon.colcon_core.environment:create_environment_scripts_only(python_turtle)
[3.743s] INFO:colcon.colcon_core.shell:Creating package script '/home/yahboom/ArchDocs/SharedDocs/S24_RobotProgramming_eloquent/Lab3/roscourse_ws/install/python_turtle/share/python_turtle/package.ps1'
[3.744s] INFO:colcon.colcon_core.shell:Creating package descriptor '/home/yahboom/ArchDocs/SharedDocs/S24_RobotProgramming_eloquent/Lab3/roscourse_ws/install/python_turtle/share/python_turtle/package.dsv'
[3.745s] INFO:colcon.colcon_core.shell:Creating package script '/home/yahboom/ArchDocs/SharedDocs/S24_RobotProgramming_eloquent/Lab3/roscourse_ws/install/python_turtle/share/python_turtle/package.sh'
[3.746s] INFO:colcon.colcon_core.shell:Creating package script '/home/yahboom/ArchDocs/SharedDocs/S24_RobotProgramming_eloquent/Lab3/roscourse_ws/install/python_turtle/share/python_turtle/package.bash'
[3.748s] INFO:colcon.colcon_core.shell:Creating package script '/home/yahboom/ArchDocs/SharedDocs/S24_RobotProgramming_eloquent/Lab3/roscourse_ws/install/python_turtle/share/python_turtle/package.zsh'
[3.749s] Level 1:colcon.colcon_core.environment:create_file_with_runtime_dependencies(/home/yahboom/ArchDocs/SharedDocs/S24_RobotProgramming_eloquent/Lab3/roscourse_ws/install/python_turtle/share/colcon-core/packages/python_turtle)
[3.750s] DEBUG:colcon.colcon_parallel_executor.executor.parallel:closing loop
[3.750s] DEBUG:colcon.colcon_parallel_executor.executor.parallel:loop closed
[3.750s] DEBUG:colcon.colcon_parallel_executor.executor.parallel:run_until_complete finished with '0'
[3.751s] DEBUG:colcon.colcon_core.event_reactor:joining thread
[3.759s] INFO:colcon.colcon_core.plugin_system:Skipping extension 'colcon_notification.desktop_notification.terminal_notifier': Not used on non-Darwin systems
[3.759s] INFO:colcon.colcon_core.plugin_system:Skipping extension 'colcon_notification.desktop_notification.win32': Not used on non-Windows systems
[3.760s] INFO:colcon.colcon_notification.desktop_notification:Sending desktop notification using 'notify2'
[3.772s] DEBUG:colcon.colcon_core.event_reactor:joined thread
[3.774s] INFO:colcon.colcon_core.shell:Creating prefix script '/home/yahboom/ArchDocs/SharedDocs/S24_RobotProgramming_eloquent/Lab3/roscourse_ws/install/local_setup.ps1'
[3.776s] INFO:colcon.colcon_core.shell:Creating prefix util module '/home/yahboom/ArchDocs/SharedDocs/S24_RobotProgramming_eloquent/Lab3/roscourse_ws/install/_local_setup_util_ps1.py'
[3.783s] INFO:colcon.colcon_core.shell:Creating prefix chain script '/home/yahboom/ArchDocs/SharedDocs/S24_RobotProgramming_eloquent/Lab3/roscourse_ws/install/setup.ps1'
[3.791s] INFO:colcon.colcon_core.shell:Creating prefix script '/home/yahboom/ArchDocs/SharedDocs/S24_RobotProgramming_eloquent/Lab3/roscourse_ws/install/local_setup.sh'
[3.792s] INFO:colcon.colcon_core.shell:Creating prefix util module '/home/yahboom/ArchDocs/SharedDocs/S24_RobotProgramming_eloquent/Lab3/roscourse_ws/install/_local_setup_util_sh.py'
[3.793s] INFO:colcon.colcon_core.shell:Creating prefix chain script '/home/yahboom/ArchDocs/SharedDocs/S24_RobotProgramming_eloquent/Lab3/roscourse_ws/install/setup.sh'
[3.800s] INFO:colcon.colcon_core.shell:Creating prefix script '/home/yahboom/ArchDocs/SharedDocs/S24_RobotProgramming_eloquent/Lab3/roscourse_ws/install/local_setup.bash'
[3.801s] INFO:colcon.colcon_core.shell:Creating prefix chain script '/home/yahboom/ArchDocs/SharedDocs/S24_RobotProgramming_eloquent/Lab3/roscourse_ws/install/setup.bash'
[3.812s] INFO:colcon.colcon_core.shell:Creating prefix script '/home/yahboom/ArchDocs/SharedDocs/S24_RobotProgramming_eloquent/Lab3/roscourse_ws/install/local_setup.zsh'
[3.813s] INFO:colcon.colcon_core.shell:Creating prefix chain script '/home/yahboom/ArchDocs/SharedDocs/S24_RobotProgramming_eloquent/Lab3/roscourse_ws/install/setup.zsh'
