[0.061s] Invoking command in '/home/yahboom/ArchDocs/SharedDocs/S24_RobotProgramming_eloquent/Lab3/roscourse_ws/build/turtle_interfaces': CMAKE_PREFIX_PATH=${CMAKE_PREFIX_PATH}:/home/yahboom/ArchDocs/SharedDocs/S24_RobotProgramming_eloquent/Lab3/roscourse_ws/install/python_turtle:/home/yahboom/ArchDocs/SharedDocs/S24_RobotProgramming_eloquent/Lab3/roscourse_ws/install/webcam:/home/yahboom/yahboomcar_ros2_ws/yahboomcar_ws/install/yahboomcar_voice_ctrl:/home/yahboom/yahboomcar_ros2_ws/yahboomcar_ws/install/yahboomcar_visual:/home/yahboom/yahboomcar_ros2_ws/yahboomcar_ws/install/yahboomcar_rviz:/home/yahboom/yahboomcar_ros2_ws/yahboomcar_ws/install/yahboomcar_nav:/home/yahboom/yahboomcar_ros2_ws/yahboomcar_ws/install/yahboomcar_multi:/home/yahboom/yahboomcar_ros2_ws/yahboomcar_ws/install/yahboomcar_mediapipe:/home/yahboom/yahboomcar_ros2_ws/yahboomcar_ws/install/yahboomcar_linefollow:/home/yahboom/yahboomcar_ros2_ws/yahboomcar_ws/install/yahboomcar_laser:/home/yahboom/yahboomcar_ros2_ws/yahboomcar_ws/install/yahboomcar_description_x1:/home/yahboom/yahboomcar_ros2_ws/yahboomcar_ws/install/yahboomcar_description:/home/yahboom/yahboomcar_ros2_ws/yahboomcar_ws/install/yahboomcar_ctrl:/home/yahboom/yahboomcar_ros2_ws/yahboomcar_ws/install/yahboomcar_bringup:/home/yahboom/yahboomcar_ros2_ws/yahboomcar_ws/install/yahboomcar_astra:/home/yahboom/yahboomcar_ros2_ws/yahboomcar_ws/install/robot_pose_publisher:/home/yahboom/yahboomcar_ros2_ws/yahboomcar_ws/install/laserscan_to_point_pulisher:/opt/ros/foxy /usr/bin/cmake --build /home/yahboom/ArchDocs/SharedDocs/S24_RobotProgramming_eloquent/Lab3/roscourse_ws/build/turtle_interfaces -- -j8 -l8
[0.136s] -- Found ament_cmake: 0.9.11 (/opt/ros/foxy/share/ament_cmake/cmake)
[0.177s] -- Found PythonInterp: /usr/bin/python3 (found suitable version "3.8.10", minimum required is "3") 
[0.178s] -- Using PYTHON_EXECUTABLE: /usr/bin/python3
[0.385s] -- Found ament_lint_auto: 0.9.8 (/opt/ros/foxy/share/ament_lint_auto/cmake)
[0.460s] -- Found geometry_msgs: 2.0.5 (/opt/ros/foxy/share/geometry_msgs/cmake)
[0.486s] -- Using all available rosidl_typesupport_c: rosidl_typesupport_fastrtps_c;rosidl_typesupport_introspection_c
[0.489s] -- Found rosidl_adapter: 1.3.0 (/opt/ros/foxy/share/rosidl_adapter/cmake)
[0.709s] -- Using all available rosidl_typesupport_cpp: rosidl_typesupport_fastrtps_cpp;rosidl_typesupport_introspection_cpp
[0.795s] -- Found rosidl_default_generators: 1.0.1 (/opt/ros/foxy/share/rosidl_default_generators/cmake)
[0.808s] CMake Error at /opt/ros/foxy/share/rosidl_cmake/cmake/rosidl_generate_interfaces.cmake:93 (message):
[0.809s]   rosidl_generate_interfaces() the passed file 'msg/Turtlemsg.msg' doesn't
[0.810s]   exist relative to the CMAKE_CURRENT_SOURCE_DIR
[0.810s]   '/home/yahboom/ArchDocs/SharedDocs/S24_RobotProgramming_eloquent/Lab3/roscourse_ws/src/turtle_interfaces'
[0.811s] Call Stack (most recent call first):
[0.812s]   CMakeLists.txt:37 (rosidl_generate_interfaces)
[0.812s] 
[0.813s] 
[0.813s] -- Configuring incomplete, errors occurred!
[0.814s] See also "/home/yahboom/ArchDocs/SharedDocs/S24_RobotProgramming_eloquent/Lab3/roscourse_ws/build/turtle_interfaces/CMakeFiles/CMakeOutput.log".
[0.820s] make: *** [Makefile:1228: cmake_check_build_system] Error 1
[0.821s] Invoked command in '/home/yahboom/ArchDocs/SharedDocs/S24_RobotProgramming_eloquent/Lab3/roscourse_ws/build/turtle_interfaces' returned '2': CMAKE_PREFIX_PATH=${CMAKE_PREFIX_PATH}:/home/yahboom/ArchDocs/SharedDocs/S24_RobotProgramming_eloquent/Lab3/roscourse_ws/install/python_turtle:/home/yahboom/ArchDocs/SharedDocs/S24_RobotProgramming_eloquent/Lab3/roscourse_ws/install/webcam:/home/yahboom/yahboomcar_ros2_ws/yahboomcar_ws/install/yahboomcar_voice_ctrl:/home/yahboom/yahboomcar_ros2_ws/yahboomcar_ws/install/yahboomcar_visual:/home/yahboom/yahboomcar_ros2_ws/yahboomcar_ws/install/yahboomcar_rviz:/home/yahboom/yahboomcar_ros2_ws/yahboomcar_ws/install/yahboomcar_nav:/home/yahboom/yahboomcar_ros2_ws/yahboomcar_ws/install/yahboomcar_multi:/home/yahboom/yahboomcar_ros2_ws/yahboomcar_ws/install/yahboomcar_mediapipe:/home/yahboom/yahboomcar_ros2_ws/yahboomcar_ws/install/yahboomcar_linefollow:/home/yahboom/yahboomcar_ros2_ws/yahboomcar_ws/install/yahboomcar_laser:/home/yahboom/yahboomcar_ros2_ws/yahboomcar_ws/install/yahboomcar_description_x1:/home/yahboom/yahboomcar_ros2_ws/yahboomcar_ws/install/yahboomcar_description:/home/yahboom/yahboomcar_ros2_ws/yahboomcar_ws/install/yahboomcar_ctrl:/home/yahboom/yahboomcar_ros2_ws/yahboomcar_ws/install/yahboomcar_bringup:/home/yahboom/yahboomcar_ros2_ws/yahboomcar_ws/install/yahboomcar_astra:/home/yahboom/yahboomcar_ros2_ws/yahboomcar_ws/install/robot_pose_publisher:/home/yahboom/yahboomcar_ros2_ws/yahboomcar_ws/install/laserscan_to_point_pulisher:/opt/ros/foxy /usr/bin/cmake --build /home/yahboom/ArchDocs/SharedDocs/S24_RobotProgramming_eloquent/Lab3/roscourse_ws/build/turtle_interfaces -- -j8 -l8
