[0.768s] Invoking command in '/home/yahboom/S24_RobotProgramming_eloquent/Lab3/roscourse_ws/build/webcam': PYTHONPATH=/home/yahboom/S24_RobotProgramming_eloquent/Lab3/roscourse_ws/build/webcam/prefix_override:/home/yahboom/S24_RobotProgramming_eloquent/Lab3/roscourse_ws/install/webcam/lib/python3.8/site-packages:${PYTHONPATH} /usr/bin/python3 setup.py develop --editable --build-directory /home/yahboom/S24_RobotProgramming_eloquent/Lab3/roscourse_ws/build/webcam/build --no-deps install_data
[0.994s] running develop
[1.103s] running egg_info
[1.103s] creating webcam.egg-info
[1.104s] writing webcam.egg-info/PKG-INFO
[1.104s] writing dependency_links to webcam.egg-info/dependency_links.txt
[1.104s] writing entry points to webcam.egg-info/entry_points.txt
[1.104s] writing requirements to webcam.egg-info/requires.txt
[1.104s] writing top-level names to webcam.egg-info/top_level.txt
[1.120s] writing manifest file 'webcam.egg-info/SOURCES.txt'
[1.154s] reading manifest file 'webcam.egg-info/SOURCES.txt'
[1.155s] writing manifest file 'webcam.egg-info/SOURCES.txt'
[1.186s] running build_ext
[1.187s] Creating /home/yahboom/S24_RobotProgramming_eloquent/Lab3/roscourse_ws/install/webcam/lib/python3.8/site-packages/site.py
[1.189s] Creating /home/yahboom/S24_RobotProgramming_eloquent/Lab3/roscourse_ws/install/webcam/lib/python3.8/site-packages/webcam.egg-link (link to .)
[1.190s] Installing listener script to /home/yahboom/S24_RobotProgramming_eloquent/Lab3/roscourse_ws/install/webcam/lib/webcam
[1.191s] Installing talker script to /home/yahboom/S24_RobotProgramming_eloquent/Lab3/roscourse_ws/install/webcam/lib/webcam
[1.191s] 
[1.191s] Installed /home/yahboom/S24_RobotProgramming_eloquent/Lab3/roscourse_ws/build/webcam
[1.191s] running install_data
[1.191s] creating /home/yahboom/S24_RobotProgramming_eloquent/Lab3/roscourse_ws/install/webcam/share/ament_index
[1.191s] creating /home/yahboom/S24_RobotProgramming_eloquent/Lab3/roscourse_ws/install/webcam/share/ament_index/resource_index
[1.192s] creating /home/yahboom/S24_RobotProgramming_eloquent/Lab3/roscourse_ws/install/webcam/share/ament_index/resource_index/packages
[1.192s] copying resource/webcam -> /home/yahboom/S24_RobotProgramming_eloquent/Lab3/roscourse_ws/install/webcam/share/ament_index/resource_index/packages
[1.192s] copying package.xml -> /home/yahboom/S24_RobotProgramming_eloquent/Lab3/roscourse_ws/install/webcam/share/webcam
[1.226s] Invoked command in '/home/yahboom/S24_RobotProgramming_eloquent/Lab3/roscourse_ws/build/webcam' returned '0': PYTHONPATH=/home/yahboom/S24_RobotProgramming_eloquent/Lab3/roscourse_ws/build/webcam/prefix_override:/home/yahboom/S24_RobotProgramming_eloquent/Lab3/roscourse_ws/install/webcam/lib/python3.8/site-packages:${PYTHONPATH} /usr/bin/python3 setup.py develop --editable --build-directory /home/yahboom/S24_RobotProgramming_eloquent/Lab3/roscourse_ws/build/webcam/build --no-deps install_data
