-- Found ament_cmake: 0.9.11 (/opt/ros/foxy/share/ament_cmake/cmake)
-- Found PythonInterp: /usr/bin/python3 (found suitable version "3.8.10", minimum required is "3") 
-- Using PYTHON_EXECUTABLE: /usr/bin/python3
-- Found ament_lint_auto: 0.9.8 (/opt/ros/foxy/share/ament_lint_auto/cmake)
-- Found rosidl_default_generators: 1.0.1 (/opt/ros/foxy/share/rosidl_default_generators/cmake)
-- Using all available rosidl_typesupport_c: rosidl_typesupport_fastrtps_c;rosidl_typesupport_introspection_c
-- Found rosidl_adapter: 1.3.0 (/opt/ros/foxy/share/rosidl_adapter/cmake)
-- Using all available rosidl_typesupport_cpp: rosidl_typesupport_fastrtps_cpp;rosidl_typesupport_introspection_cpp
-- Found PythonInterp: /usr/bin/python3 (found version "3.8.10") 
-- Found ament_cmake_ros: 0.9.2 (/opt/ros/foxy/share/ament_cmake_ros/cmake)
-- Using all available rosidl_typesupport_c: rosidl_typesupport_fastrtps_c;rosidl_typesupport_introspection_c
-- Using all available rosidl_typesupport_cpp: rosidl_typesupport_fastrtps_cpp;rosidl_typesupport_introspection_cpp
-- Found PythonInterp: /usr/bin/python3 (found suitable version "3.8.10", minimum required is "3.5") 
-- Found python_cmake_module: 0.8.1 (/opt/ros/foxy/share/python_cmake_module/cmake)
-- Using PYTHON_EXECUTABLE: /usr/bin/python3
-- Using PYTHON_INCLUDE_DIRS: /usr/include/python3.8
-- Using PYTHON_LIBRARIES: /usr/lib/x86_64-linux-gnu/libpython3.8.so
-- Added test 'copyright' to check source files copyright and LICENSE
-- Added test 'lint_cmake' to check CMake code style
-- Added test 'xmllint' to check XML markup files
-- Configuring done
-- Generating done
-- Build files have been written to: /home/yahboom/S24_RobotProgramming_Master/S24_RobotProgramming_eloquent/project_ws/build/draw_shape_interfaces
[35m[1mScanning dependencies of target draw_shape_interfaces__rosidl_generator_c[0m
[35m[1mScanning dependencies of target draw_shape_interfaces__cpp[0m
[  3%] Built target draw_shape_interfaces__cpp
[  6%] [32m[1mLinking C shared library libdraw_shape_interfaces__rosidl_generator_c.so[0m
[35m[1mScanning dependencies of target draw_shape_interfaces__rosidl_typesupport_introspection_cpp[0m
[35m[1mScanning dependencies of target draw_shape_interfaces__rosidl_typesupport_cpp[0m
[35m[1mScanning dependencies of target draw_shape_interfaces__rosidl_typesupport_fastrtps_cpp[0m
[  9%] [32m[1mLinking CXX shared library libdraw_shape_interfaces__rosidl_typesupport_introspection_cpp.so[0m
[ 12%] [32m[1mLinking CXX shared library libdraw_shape_interfaces__rosidl_typesupport_cpp.so[0m
[ 16%] [32m[1mLinking CXX shared library libdraw_shape_interfaces__rosidl_typesupport_fastrtps_cpp.so[0m
[ 22%] Built target draw_shape_interfaces__rosidl_generator_c
[35m[1mScanning dependencies of target draw_shape_interfaces__rosidl_typesupport_c[0m
[ 29%] Built target draw_shape_interfaces__rosidl_typesupport_cpp
[ 35%] Built target draw_shape_interfaces__rosidl_typesupport_introspection_cpp
[ 38%] [32m[1mLinking CXX shared library libdraw_shape_interfaces__rosidl_typesupport_c.so[0m
[35m[1mScanning dependencies of target draw_shape_interfaces__rosidl_typesupport_introspection_c[0m
[ 41%] [32m[1mLinking C shared library libdraw_shape_interfaces__rosidl_typesupport_introspection_c.so[0m
[ 48%] Built target draw_shape_interfaces__rosidl_typesupport_c
[ 54%] Built target draw_shape_interfaces__rosidl_typesupport_introspection_c
[ 61%] Built target draw_shape_interfaces__rosidl_typesupport_fastrtps_cpp
[35m[1mScanning dependencies of target draw_shape_interfaces__rosidl_typesupport_fastrtps_c[0m
[ 64%] [32m[1mLinking CXX shared library libdraw_shape_interfaces__rosidl_typesupport_fastrtps_c.so[0m
[ 70%] Built target draw_shape_interfaces__rosidl_typesupport_fastrtps_c
[ 70%] Built target draw_shape_interfaces
[35m[1mScanning dependencies of target draw_shape_interfaces__py[0m
[ 74%] Built target draw_shape_interfaces__py
[35m[1mScanning dependencies of target draw_shape_interfaces__python[0m
[ 77%] [32m[1mLinking C shared library rosidl_generator_py/draw_shape_interfaces/libdraw_shape_interfaces__python.so[0m
[ 80%] Built target draw_shape_interfaces__python
[ 90%] [32m[1mLinking CXX shared library rosidl_generator_py/draw_shape_interfaces/draw_shape_interfaces_s__rosidl_typesupport_fastrtps_c.cpython-38-x86_64-linux-gnu.so[0m
[ 90%] [32m[1mLinking C shared library rosidl_generator_py/draw_shape_interfaces/draw_shape_interfaces_s__rosidl_typesupport_introspection_c.cpython-38-x86_64-linux-gnu.so[0m
[ 90%] [32m[1mLinking C shared library rosidl_generator_py/draw_shape_interfaces/draw_shape_interfaces_s__rosidl_typesupport_c.cpython-38-x86_64-linux-gnu.so[0m
[ 93%] Built target draw_shape_interfaces__rosidl_typesupport_c__pyext
[ 96%] Built target draw_shape_interfaces__rosidl_typesupport_introspection_c__pyext
[100%] Built target draw_shape_interfaces__rosidl_typesupport_fastrtps_c__pyext
-- Install configuration: ""
-- Installing: /home/yahboom/S24_RobotProgramming_Master/S24_RobotProgramming_eloquent/project_ws/install/draw_shape_interfaces/share/ament_index/resource_index/rosidl_interfaces/draw_shape_interfaces
-- Up-to-date: /home/yahboom/S24_RobotProgramming_Master/S24_RobotProgramming_eloquent/project_ws/install/draw_shape_interfaces/include/draw_shape_interfaces
-- Up-to-date: /home/yahboom/S24_RobotProgramming_Master/S24_RobotProgramming_eloquent/project_ws/install/draw_shape_interfaces/include/draw_shape_interfaces/msg
-- Up-to-date: /home/yahboom/S24_RobotProgramming_Master/S24_RobotProgramming_eloquent/project_ws/install/draw_shape_interfaces/include/draw_shape_interfaces/msg/rosidl_generator_c__visibility_control.h
-- Up-to-date: /home/yahboom/S24_RobotProgramming_Master/S24_RobotProgramming_eloquent/project_ws/install/draw_shape_interfaces/include/draw_shape_interfaces/msg/shape_def.h
-- Up-to-date: /home/yahboom/S24_RobotProgramming_Master/S24_RobotProgramming_eloquent/project_ws/install/draw_shape_interfaces/include/draw_shape_interfaces/msg/detail
-- Up-to-date: /home/yahboom/S24_RobotProgramming_Master/S24_RobotProgramming_eloquent/project_ws/install/draw_shape_interfaces/include/draw_shape_interfaces/msg/detail/shape_def__struct.h
-- Up-to-date: /home/yahboom/S24_RobotProgramming_Master/S24_RobotProgramming_eloquent/project_ws/install/draw_shape_interfaces/include/draw_shape_interfaces/msg/detail/shape_def__functions.h
-- Up-to-date: /home/yahboom/S24_RobotProgramming_Master/S24_RobotProgramming_eloquent/project_ws/install/draw_shape_interfaces/include/draw_shape_interfaces/msg/detail/shape_def__functions.c
-- Up-to-date: /home/yahboom/S24_RobotProgramming_Master/S24_RobotProgramming_eloquent/project_ws/install/draw_shape_interfaces/include/draw_shape_interfaces/msg/detail/shape_def__type_support.h
-- Up-to-date: /home/yahboom/S24_RobotProgramming_Master/S24_RobotProgramming_eloquent/project_ws/install/draw_shape_interfaces/include/draw_shape_interfaces/srv
-- Up-to-date: /home/yahboom/S24_RobotProgramming_Master/S24_RobotProgramming_eloquent/project_ws/install/draw_shape_interfaces/include/draw_shape_interfaces/srv/go_to_point.h
-- Up-to-date: /home/yahboom/S24_RobotProgramming_Master/S24_RobotProgramming_eloquent/project_ws/install/draw_shape_interfaces/include/draw_shape_interfaces/srv/detail
-- Up-to-date: /home/yahboom/S24_RobotProgramming_Master/S24_RobotProgramming_eloquent/project_ws/install/draw_shape_interfaces/include/draw_shape_interfaces/srv/detail/go_to_point__type_support.h
-- Up-to-date: /home/yahboom/S24_RobotProgramming_Master/S24_RobotProgramming_eloquent/project_ws/install/draw_shape_interfaces/include/draw_shape_interfaces/srv/detail/go_to_point__functions.c
-- Up-to-date: /home/yahboom/S24_RobotProgramming_Master/S24_RobotProgramming_eloquent/project_ws/install/draw_shape_interfaces/include/draw_shape_interfaces/srv/detail/go_to_point__struct.h
-- Up-to-date: /home/yahboom/S24_RobotProgramming_Master/S24_RobotProgramming_eloquent/project_ws/install/draw_shape_interfaces/include/draw_shape_interfaces/srv/detail/go_to_point__functions.h
-- Up-to-date: /home/yahboom/S24_RobotProgramming_Master/S24_RobotProgramming_eloquent/project_ws/install/draw_shape_interfaces/share/draw_shape_interfaces/environment/library_path.sh
-- Installing: /home/yahboom/S24_RobotProgramming_Master/S24_RobotProgramming_eloquent/project_ws/install/draw_shape_interfaces/share/draw_shape_interfaces/environment/library_path.dsv
-- Installing: /home/yahboom/S24_RobotProgramming_Master/S24_RobotProgramming_eloquent/project_ws/install/draw_shape_interfaces/lib/libdraw_shape_interfaces__rosidl_generator_c.so
-- Set runtime path of "/home/yahboom/S24_RobotProgramming_Master/S24_RobotProgramming_eloquent/project_ws/install/draw_shape_interfaces/lib/libdraw_shape_interfaces__rosidl_generator_c.so" to ""
-- Up-to-date: /home/yahboom/S24_RobotProgramming_Master/S24_RobotProgramming_eloquent/project_ws/install/draw_shape_interfaces/include/draw_shape_interfaces
-- Up-to-date: /home/yahboom/S24_RobotProgramming_Master/S24_RobotProgramming_eloquent/project_ws/install/draw_shape_interfaces/include/draw_shape_interfaces/msg
-- Up-to-date: /home/yahboom/S24_RobotProgramming_Master/S24_RobotProgramming_eloquent/project_ws/install/draw_shape_interfaces/include/draw_shape_interfaces/msg/detail
-- Up-to-date: /home/yahboom/S24_RobotProgramming_Master/S24_RobotProgramming_eloquent/project_ws/install/draw_shape_interfaces/include/draw_shape_interfaces/msg/detail/shape_def__rosidl_typesupport_fastrtps_c.h
-- Up-to-date: /home/yahboom/S24_RobotProgramming_Master/S24_RobotProgramming_eloquent/project_ws/install/draw_shape_interfaces/include/draw_shape_interfaces/msg/rosidl_typesupport_fastrtps_c__visibility_control.h
-- Up-to-date: /home/yahboom/S24_RobotProgramming_Master/S24_RobotProgramming_eloquent/project_ws/install/draw_shape_interfaces/include/draw_shape_interfaces/srv
-- Up-to-date: /home/yahboom/S24_RobotProgramming_Master/S24_RobotProgramming_eloquent/project_ws/install/draw_shape_interfaces/include/draw_shape_interfaces/srv/detail
-- Up-to-date: /home/yahboom/S24_RobotProgramming_Master/S24_RobotProgramming_eloquent/project_ws/install/draw_shape_interfaces/include/draw_shape_interfaces/srv/detail/go_to_point__rosidl_typesupport_fastrtps_c.h
-- Installing: /home/yahboom/S24_RobotProgramming_Master/S24_RobotProgramming_eloquent/project_ws/install/draw_shape_interfaces/lib/libdraw_shape_interfaces__rosidl_typesupport_fastrtps_c.so
-- Set runtime path of "/home/yahboom/S24_RobotProgramming_Master/S24_RobotProgramming_eloquent/project_ws/install/draw_shape_interfaces/lib/libdraw_shape_interfaces__rosidl_typesupport_fastrtps_c.so" to ""
-- Up-to-date: /home/yahboom/S24_RobotProgramming_Master/S24_RobotProgramming_eloquent/project_ws/install/draw_shape_interfaces/include/draw_shape_interfaces
-- Up-to-date: /home/yahboom/S24_RobotProgramming_Master/S24_RobotProgramming_eloquent/project_ws/install/draw_shape_interfaces/include/draw_shape_interfaces/msg
-- Up-to-date: /home/yahboom/S24_RobotProgramming_Master/S24_RobotProgramming_eloquent/project_ws/install/draw_shape_interfaces/include/draw_shape_interfaces/msg/detail
-- Up-to-date: /home/yahboom/S24_RobotProgramming_Master/S24_RobotProgramming_eloquent/project_ws/install/draw_shape_interfaces/include/draw_shape_interfaces/msg/detail/shape_def__rosidl_typesupport_fastrtps_cpp.hpp
-- Up-to-date: /home/yahboom/S24_RobotProgramming_Master/S24_RobotProgramming_eloquent/project_ws/install/draw_shape_interfaces/include/draw_shape_interfaces/msg/detail/dds_fastrtps
-- Up-to-date: /home/yahboom/S24_RobotProgramming_Master/S24_RobotProgramming_eloquent/project_ws/install/draw_shape_interfaces/include/draw_shape_interfaces/msg/rosidl_typesupport_fastrtps_cpp__visibility_control.h
-- Up-to-date: /home/yahboom/S24_RobotProgramming_Master/S24_RobotProgramming_eloquent/project_ws/install/draw_shape_interfaces/include/draw_shape_interfaces/srv
-- Up-to-date: /home/yahboom/S24_RobotProgramming_Master/S24_RobotProgramming_eloquent/project_ws/install/draw_shape_interfaces/include/draw_shape_interfaces/srv/detail
-- Up-to-date: /home/yahboom/S24_RobotProgramming_Master/S24_RobotProgramming_eloquent/project_ws/install/draw_shape_interfaces/include/draw_shape_interfaces/srv/detail/go_to_point__rosidl_typesupport_fastrtps_cpp.hpp
-- Up-to-date: /home/yahboom/S24_RobotProgramming_Master/S24_RobotProgramming_eloquent/project_ws/install/draw_shape_interfaces/include/draw_shape_interfaces/srv/detail/dds_fastrtps
-- Installing: /home/yahboom/S24_RobotProgramming_Master/S24_RobotProgramming_eloquent/project_ws/install/draw_shape_interfaces/lib/libdraw_shape_interfaces__rosidl_typesupport_fastrtps_cpp.so
-- Set runtime path of "/home/yahboom/S24_RobotProgramming_Master/S24_RobotProgramming_eloquent/project_ws/install/draw_shape_interfaces/lib/libdraw_shape_interfaces__rosidl_typesupport_fastrtps_cpp.so" to ""
-- Up-to-date: /home/yahboom/S24_RobotProgramming_Master/S24_RobotProgramming_eloquent/project_ws/install/draw_shape_interfaces/include/draw_shape_interfaces
-- Up-to-date: /home/yahboom/S24_RobotProgramming_Master/S24_RobotProgramming_eloquent/project_ws/install/draw_shape_interfaces/include/draw_shape_interfaces/msg
-- Up-to-date: /home/yahboom/S24_RobotProgramming_Master/S24_RobotProgramming_eloquent/project_ws/install/draw_shape_interfaces/include/draw_shape_interfaces/msg/detail
-- Up-to-date: /home/yahboom/S24_RobotProgramming_Master/S24_RobotProgramming_eloquent/project_ws/install/draw_shape_interfaces/include/draw_shape_interfaces/msg/detail/shape_def__rosidl_typesupport_introspection_c.h
-- Up-to-date: /home/yahboom/S24_RobotProgramming_Master/S24_RobotProgramming_eloquent/project_ws/install/draw_shape_interfaces/include/draw_shape_interfaces/msg/detail/shape_def__type_support.c
-- Up-to-date: /home/yahboom/S24_RobotProgramming_Master/S24_RobotProgramming_eloquent/project_ws/install/draw_shape_interfaces/include/draw_shape_interfaces/msg/rosidl_typesupport_introspection_c__visibility_control.h
-- Up-to-date: /home/yahboom/S24_RobotProgramming_Master/S24_RobotProgramming_eloquent/project_ws/install/draw_shape_interfaces/include/draw_shape_interfaces/srv
-- Up-to-date: /home/yahboom/S24_RobotProgramming_Master/S24_RobotProgramming_eloquent/project_ws/install/draw_shape_interfaces/include/draw_shape_interfaces/srv/detail
-- Up-to-date: /home/yahboom/S24_RobotProgramming_Master/S24_RobotProgramming_eloquent/project_ws/install/draw_shape_interfaces/include/draw_shape_interfaces/srv/detail/go_to_point__rosidl_typesupport_introspection_c.h
-- Up-to-date: /home/yahboom/S24_RobotProgramming_Master/S24_RobotProgramming_eloquent/project_ws/install/draw_shape_interfaces/include/draw_shape_interfaces/srv/detail/go_to_point__type_support.c
-- Installing: /home/yahboom/S24_RobotProgramming_Master/S24_RobotProgramming_eloquent/project_ws/install/draw_shape_interfaces/lib/libdraw_shape_interfaces__rosidl_typesupport_introspection_c.so
-- Set runtime path of "/home/yahboom/S24_RobotProgramming_Master/S24_RobotProgramming_eloquent/project_ws/install/draw_shape_interfaces/lib/libdraw_shape_interfaces__rosidl_typesupport_introspection_c.so" to ""
-- Installing: /home/yahboom/S24_RobotProgramming_Master/S24_RobotProgramming_eloquent/project_ws/install/draw_shape_interfaces/lib/libdraw_shape_interfaces__rosidl_typesupport_c.so
-- Set runtime path of "/home/yahboom/S24_RobotProgramming_Master/S24_RobotProgramming_eloquent/project_ws/install/draw_shape_interfaces/lib/libdraw_shape_interfaces__rosidl_typesupport_c.so" to ""
-- Up-to-date: /home/yahboom/S24_RobotProgramming_Master/S24_RobotProgramming_eloquent/project_ws/install/draw_shape_interfaces/include/draw_shape_interfaces
-- Up-to-date: /home/yahboom/S24_RobotProgramming_Master/S24_RobotProgramming_eloquent/project_ws/install/draw_shape_interfaces/include/draw_shape_interfaces/msg
-- Up-to-date: /home/yahboom/S24_RobotProgramming_Master/S24_RobotProgramming_eloquent/project_ws/install/draw_shape_interfaces/include/draw_shape_interfaces/msg/detail
-- Up-to-date: /home/yahboom/S24_RobotProgramming_Master/S24_RobotProgramming_eloquent/project_ws/install/draw_shape_interfaces/include/draw_shape_interfaces/msg/detail/shape_def__traits.hpp
-- Up-to-date: /home/yahboom/S24_RobotProgramming_Master/S24_RobotProgramming_eloquent/project_ws/install/draw_shape_interfaces/include/draw_shape_interfaces/msg/detail/shape_def__builder.hpp
-- Up-to-date: /home/yahboom/S24_RobotProgramming_Master/S24_RobotProgramming_eloquent/project_ws/install/draw_shape_interfaces/include/draw_shape_interfaces/msg/detail/shape_def__struct.hpp
-- Up-to-date: /home/yahboom/S24_RobotProgramming_Master/S24_RobotProgramming_eloquent/project_ws/install/draw_shape_interfaces/include/draw_shape_interfaces/msg/shape_def.hpp
-- Up-to-date: /home/yahboom/S24_RobotProgramming_Master/S24_RobotProgramming_eloquent/project_ws/install/draw_shape_interfaces/include/draw_shape_interfaces/srv
-- Up-to-date: /home/yahboom/S24_RobotProgramming_Master/S24_RobotProgramming_eloquent/project_ws/install/draw_shape_interfaces/include/draw_shape_interfaces/srv/detail
-- Up-to-date: /home/yahboom/S24_RobotProgramming_Master/S24_RobotProgramming_eloquent/project_ws/install/draw_shape_interfaces/include/draw_shape_interfaces/srv/detail/go_to_point__traits.hpp
-- Up-to-date: /home/yahboom/S24_RobotProgramming_Master/S24_RobotProgramming_eloquent/project_ws/install/draw_shape_interfaces/include/draw_shape_interfaces/srv/detail/go_to_point__struct.hpp
-- Up-to-date: /home/yahboom/S24_RobotProgramming_Master/S24_RobotProgramming_eloquent/project_ws/install/draw_shape_interfaces/include/draw_shape_interfaces/srv/detail/go_to_point__builder.hpp
-- Up-to-date: /home/yahboom/S24_RobotProgramming_Master/S24_RobotProgramming_eloquent/project_ws/install/draw_shape_interfaces/include/draw_shape_interfaces/srv/go_to_point.hpp
-- Up-to-date: /home/yahboom/S24_RobotProgramming_Master/S24_RobotProgramming_eloquent/project_ws/install/draw_shape_interfaces/include/draw_shape_interfaces
-- Up-to-date: /home/yahboom/S24_RobotProgramming_Master/S24_RobotProgramming_eloquent/project_ws/install/draw_shape_interfaces/include/draw_shape_interfaces/msg
-- Up-to-date: /home/yahboom/S24_RobotProgramming_Master/S24_RobotProgramming_eloquent/project_ws/install/draw_shape_interfaces/include/draw_shape_interfaces/msg/detail
-- Up-to-date: /home/yahboom/S24_RobotProgramming_Master/S24_RobotProgramming_eloquent/project_ws/install/draw_shape_interfaces/include/draw_shape_interfaces/msg/detail/shape_def__rosidl_typesupport_introspection_cpp.hpp
-- Up-to-date: /home/yahboom/S24_RobotProgramming_Master/S24_RobotProgramming_eloquent/project_ws/install/draw_shape_interfaces/include/draw_shape_interfaces/msg/detail/shape_def__type_support.cpp
-- Up-to-date: /home/yahboom/S24_RobotProgramming_Master/S24_RobotProgramming_eloquent/project_ws/install/draw_shape_interfaces/include/draw_shape_interfaces/srv
-- Up-to-date: /home/yahboom/S24_RobotProgramming_Master/S24_RobotProgramming_eloquent/project_ws/install/draw_shape_interfaces/include/draw_shape_interfaces/srv/detail
-- Up-to-date: /home/yahboom/S24_RobotProgramming_Master/S24_RobotProgramming_eloquent/project_ws/install/draw_shape_interfaces/include/draw_shape_interfaces/srv/detail/go_to_point__type_support.cpp
-- Up-to-date: /home/yahboom/S24_RobotProgramming_Master/S24_RobotProgramming_eloquent/project_ws/install/draw_shape_interfaces/include/draw_shape_interfaces/srv/detail/go_to_point__rosidl_typesupport_introspection_cpp.hpp
-- Installing: /home/yahboom/S24_RobotProgramming_Master/S24_RobotProgramming_eloquent/project_ws/install/draw_shape_interfaces/lib/libdraw_shape_interfaces__rosidl_typesupport_introspection_cpp.so
-- Set runtime path of "/home/yahboom/S24_RobotProgramming_Master/S24_RobotProgramming_eloquent/project_ws/install/draw_shape_interfaces/lib/libdraw_shape_interfaces__rosidl_typesupport_introspection_cpp.so" to ""
-- Installing: /home/yahboom/S24_RobotProgramming_Master/S24_RobotProgramming_eloquent/project_ws/install/draw_shape_interfaces/lib/libdraw_shape_interfaces__rosidl_typesupport_cpp.so
-- Set runtime path of "/home/yahboom/S24_RobotProgramming_Master/S24_RobotProgramming_eloquent/project_ws/install/draw_shape_interfaces/lib/libdraw_shape_interfaces__rosidl_typesupport_cpp.so" to ""
-- Up-to-date: /home/yahboom/S24_RobotProgramming_Master/S24_RobotProgramming_eloquent/project_ws/install/draw_shape_interfaces/share/draw_shape_interfaces/environment/pythonpath.sh
-- Installing: /home/yahboom/S24_RobotProgramming_Master/S24_RobotProgramming_eloquent/project_ws/install/draw_shape_interfaces/share/draw_shape_interfaces/environment/pythonpath.dsv
-- Installing: /home/yahboom/S24_RobotProgramming_Master/S24_RobotProgramming_eloquent/project_ws/install/draw_shape_interfaces/lib/python3.8/site-packages/draw_shape_interfaces/__init__.py
Compiling '/home/yahboom/S24_RobotProgramming_Master/S24_RobotProgramming_eloquent/project_ws/install/draw_shape_interfaces/lib/python3.8/site-packages/draw_shape_interfaces/__init__.py'...
-- Up-to-date: /home/yahboom/S24_RobotProgramming_Master/S24_RobotProgramming_eloquent/project_ws/install/draw_shape_interfaces/lib/python3.8/site-packages/draw_shape_interfaces/msg
-- Up-to-date: /home/yahboom/S24_RobotProgramming_Master/S24_RobotProgramming_eloquent/project_ws/install/draw_shape_interfaces/lib/python3.8/site-packages/draw_shape_interfaces/msg/_shape_def.py
-- Up-to-date: /home/yahboom/S24_RobotProgramming_Master/S24_RobotProgramming_eloquent/project_ws/install/draw_shape_interfaces/lib/python3.8/site-packages/draw_shape_interfaces/msg/__init__.py
-- Up-to-date: /home/yahboom/S24_RobotProgramming_Master/S24_RobotProgramming_eloquent/project_ws/install/draw_shape_interfaces/lib/python3.8/site-packages/draw_shape_interfaces/msg/_shape_def_s.c
-- Installing: /home/yahboom/S24_RobotProgramming_Master/S24_RobotProgramming_eloquent/project_ws/install/draw_shape_interfaces/lib/python3.8/site-packages/draw_shape_interfaces/draw_shape_interfaces_s__rosidl_typesupport_fastrtps_c.cpython-38-x86_64-linux-gnu.so
-- Set runtime path of "/home/yahboom/S24_RobotProgramming_Master/S24_RobotProgramming_eloquent/project_ws/install/draw_shape_interfaces/lib/python3.8/site-packages/draw_shape_interfaces/draw_shape_interfaces_s__rosidl_typesupport_fastrtps_c.cpython-38-x86_64-linux-gnu.so" to ""
-- Installing: /home/yahboom/S24_RobotProgramming_Master/S24_RobotProgramming_eloquent/project_ws/install/draw_shape_interfaces/lib/python3.8/site-packages/draw_shape_interfaces/draw_shape_interfaces_s__rosidl_typesupport_introspection_c.cpython-38-x86_64-linux-gnu.so
-- Set runtime path of "/home/yahboom/S24_RobotProgramming_Master/S24_RobotProgramming_eloquent/project_ws/install/draw_shape_interfaces/lib/python3.8/site-packages/draw_shape_interfaces/draw_shape_interfaces_s__rosidl_typesupport_introspection_c.cpython-38-x86_64-linux-gnu.so" to ""
-- Installing: /home/yahboom/S24_RobotProgramming_Master/S24_RobotProgramming_eloquent/project_ws/install/draw_shape_interfaces/lib/python3.8/site-packages/draw_shape_interfaces/draw_shape_interfaces_s__rosidl_typesupport_c.cpython-38-x86_64-linux-gnu.so
-- Set runtime path of "/home/yahboom/S24_RobotProgramming_Master/S24_RobotProgramming_eloquent/project_ws/install/draw_shape_interfaces/lib/python3.8/site-packages/draw_shape_interfaces/draw_shape_interfaces_s__rosidl_typesupport_c.cpython-38-x86_64-linux-gnu.so" to ""
-- Installing: /home/yahboom/S24_RobotProgramming_Master/S24_RobotProgramming_eloquent/project_ws/install/draw_shape_interfaces/lib/libdraw_shape_interfaces__python.so
-- Set runtime path of "/home/yahboom/S24_RobotProgramming_Master/S24_RobotProgramming_eloquent/project_ws/install/draw_shape_interfaces/lib/libdraw_shape_interfaces__python.so" to ""
-- Up-to-date: /home/yahboom/S24_RobotProgramming_Master/S24_RobotProgramming_eloquent/project_ws/install/draw_shape_interfaces/share/draw_shape_interfaces/msg/ShapeDef.idl
-- Up-to-date: /home/yahboom/S24_RobotProgramming_Master/S24_RobotProgramming_eloquent/project_ws/install/draw_shape_interfaces/share/draw_shape_interfaces/msg/ShapeDef.msg
-- Up-to-date: /home/yahboom/S24_RobotProgramming_Master/S24_RobotProgramming_eloquent/project_ws/install/draw_shape_interfaces/share/ament_index/resource_index/package_run_dependencies/draw_shape_interfaces
-- Up-to-date: /home/yahboom/S24_RobotProgramming_Master/S24_RobotProgramming_eloquent/project_ws/install/draw_shape_interfaces/share/ament_index/resource_index/parent_prefix_path/draw_shape_interfaces
-- Up-to-date: /home/yahboom/S24_RobotProgramming_Master/S24_RobotProgramming_eloquent/project_ws/install/draw_shape_interfaces/share/draw_shape_interfaces/environment/ament_prefix_path.sh
-- Installing: /home/yahboom/S24_RobotProgramming_Master/S24_RobotProgramming_eloquent/project_ws/install/draw_shape_interfaces/share/draw_shape_interfaces/environment/ament_prefix_path.dsv
-- Up-to-date: /home/yahboom/S24_RobotProgramming_Master/S24_RobotProgramming_eloquent/project_ws/install/draw_shape_interfaces/share/draw_shape_interfaces/environment/path.sh
-- Installing: /home/yahboom/S24_RobotProgramming_Master/S24_RobotProgramming_eloquent/project_ws/install/draw_shape_interfaces/share/draw_shape_interfaces/environment/path.dsv
-- Up-to-date: /home/yahboom/S24_RobotProgramming_Master/S24_RobotProgramming_eloquent/project_ws/install/draw_shape_interfaces/share/draw_shape_interfaces/local_setup.bash
-- Up-to-date: /home/yahboom/S24_RobotProgramming_Master/S24_RobotProgramming_eloquent/project_ws/install/draw_shape_interfaces/share/draw_shape_interfaces/local_setup.sh
-- Up-to-date: /home/yahboom/S24_RobotProgramming_Master/S24_RobotProgramming_eloquent/project_ws/install/draw_shape_interfaces/share/draw_shape_interfaces/local_setup.zsh
-- Installing: /home/yahboom/S24_RobotProgramming_Master/S24_RobotProgramming_eloquent/project_ws/install/draw_shape_interfaces/share/draw_shape_interfaces/local_setup.dsv
-- Installing: /home/yahboom/S24_RobotProgramming_Master/S24_RobotProgramming_eloquent/project_ws/install/draw_shape_interfaces/share/draw_shape_interfaces/package.dsv
-- Up-to-date: /home/yahboom/S24_RobotProgramming_Master/S24_RobotProgramming_eloquent/project_ws/install/draw_shape_interfaces/share/ament_index/resource_index/packages/draw_shape_interfaces
-- Up-to-date: /home/yahboom/S24_RobotProgramming_Master/S24_RobotProgramming_eloquent/project_ws/install/draw_shape_interfaces/share/draw_shape_interfaces/cmake/draw_shape_interfaces__rosidl_generator_cExport.cmake
-- Installing: /home/yahboom/S24_RobotProgramming_Master/S24_RobotProgramming_eloquent/project_ws/install/draw_shape_interfaces/share/draw_shape_interfaces/cmake/draw_shape_interfaces__rosidl_generator_cExport-noconfig.cmake
-- Up-to-date: /home/yahboom/S24_RobotProgramming_Master/S24_RobotProgramming_eloquent/project_ws/install/draw_shape_interfaces/share/draw_shape_interfaces/cmake/draw_shape_interfaces__rosidl_typesupport_introspection_cExport.cmake
-- Installing: /home/yahboom/S24_RobotProgramming_Master/S24_RobotProgramming_eloquent/project_ws/install/draw_shape_interfaces/share/draw_shape_interfaces/cmake/draw_shape_interfaces__rosidl_typesupport_introspection_cExport-noconfig.cmake
-- Up-to-date: /home/yahboom/S24_RobotProgramming_Master/S24_RobotProgramming_eloquent/project_ws/install/draw_shape_interfaces/share/draw_shape_interfaces/cmake/draw_shape_interfaces__rosidl_typesupport_cExport.cmake
-- Installing: /home/yahboom/S24_RobotProgramming_Master/S24_RobotProgramming_eloquent/project_ws/install/draw_shape_interfaces/share/draw_shape_interfaces/cmake/draw_shape_interfaces__rosidl_typesupport_cExport-noconfig.cmake
-- Up-to-date: /home/yahboom/S24_RobotProgramming_Master/S24_RobotProgramming_eloquent/project_ws/install/draw_shape_interfaces/share/draw_shape_interfaces/cmake/draw_shape_interfaces__rosidl_generator_cppExport.cmake
-- Up-to-date: /home/yahboom/S24_RobotProgramming_Master/S24_RobotProgramming_eloquent/project_ws/install/draw_shape_interfaces/share/draw_shape_interfaces/cmake/draw_shape_interfaces__rosidl_typesupport_introspection_cppExport.cmake
-- Installing: /home/yahboom/S24_RobotProgramming_Master/S24_RobotProgramming_eloquent/project_ws/install/draw_shape_interfaces/share/draw_shape_interfaces/cmake/draw_shape_interfaces__rosidl_typesupport_introspection_cppExport-noconfig.cmake
-- Up-to-date: /home/yahboom/S24_RobotProgramming_Master/S24_RobotProgramming_eloquent/project_ws/install/draw_shape_interfaces/share/draw_shape_interfaces/cmake/draw_shape_interfaces__rosidl_typesupport_cppExport.cmake
-- Installing: /home/yahboom/S24_RobotProgramming_Master/S24_RobotProgramming_eloquent/project_ws/install/draw_shape_interfaces/share/draw_shape_interfaces/cmake/draw_shape_interfaces__rosidl_typesupport_cppExport-noconfig.cmake
-- Installing: /home/yahboom/S24_RobotProgramming_Master/S24_RobotProgramming_eloquent/project_ws/install/draw_shape_interfaces/share/draw_shape_interfaces/cmake/rosidl_cmake-extras.cmake
-- Up-to-date: /home/yahboom/S24_RobotProgramming_Master/S24_RobotProgramming_eloquent/project_ws/install/draw_shape_interfaces/share/draw_shape_interfaces/cmake/ament_cmake_export_dependencies-extras.cmake
-- Up-to-date: /home/yahboom/S24_RobotProgramming_Master/S24_RobotProgramming_eloquent/project_ws/install/draw_shape_interfaces/share/draw_shape_interfaces/cmake/ament_cmake_export_libraries-extras.cmake
-- Up-to-date: /home/yahboom/S24_RobotProgramming_Master/S24_RobotProgramming_eloquent/project_ws/install/draw_shape_interfaces/share/draw_shape_interfaces/cmake/ament_cmake_export_targets-extras.cmake
-- Up-to-date: /home/yahboom/S24_RobotProgramming_Master/S24_RobotProgramming_eloquent/project_ws/install/draw_shape_interfaces/share/draw_shape_interfaces/cmake/ament_cmake_export_include_directories-extras.cmake
-- Up-to-date: /home/yahboom/S24_RobotProgramming_Master/S24_RobotProgramming_eloquent/project_ws/install/draw_shape_interfaces/share/draw_shape_interfaces/cmake/rosidl_cmake_export_typesupport_libraries-extras.cmake
-- Up-to-date: /home/yahboom/S24_RobotProgramming_Master/S24_RobotProgramming_eloquent/project_ws/install/draw_shape_interfaces/share/draw_shape_interfaces/cmake/rosidl_cmake_export_typesupport_targets-extras.cmake
-- Up-to-date: /home/yahboom/S24_RobotProgramming_Master/S24_RobotProgramming_eloquent/project_ws/install/draw_shape_interfaces/share/draw_shape_interfaces/cmake/draw_shape_interfacesConfig.cmake
-- Up-to-date: /home/yahboom/S24_RobotProgramming_Master/S24_RobotProgramming_eloquent/project_ws/install/draw_shape_interfaces/share/draw_shape_interfaces/cmake/draw_shape_interfacesConfig-version.cmake
-- Up-to-date: /home/yahboom/S24_RobotProgramming_Master/S24_RobotProgramming_eloquent/project_ws/install/draw_shape_interfaces/share/draw_shape_interfaces/package.xml
