[0.379s] DEBUG:colcon:Command line arguments: ['/usr/bin/colcon', 'build', '--packages-select', 'webcam']
[0.379s] DEBUG:colcon:Parsed command line arguments: Namespace(allow_overriding=[], ament_cmake_args=None, base_paths=['.'], build_base='build', catkin_cmake_args=None, catkin_skip_building_tests=False, cmake_args=None, cmake_clean_cache=False, cmake_clean_first=False, cmake_force_configure=False, cmake_target=None, cmake_target_skip_unavailable=False, continue_on_error=False, event_handlers=None, executor='parallel', ignore_user_meta=False, install_base='install', log_base=None, log_level=None, main=<bound method BuildVerb.main of <colcon_core.verb.build.BuildVerb object at 0x7f4398937490>>, merge_install=False, metas=['./colcon.meta'], packages_above=None, packages_above_and_dependencies=None, packages_above_depth=None, packages_end=None, packages_ignore=None, packages_ignore_regex=None, packages_select=['webcam'], packages_select_build_failed=False, packages_select_by_dep=None, packages_select_regex=None, packages_select_test_failures=False, packages_skip=None, packages_skip_build_finished=False, packages_skip_by_dep=None, packages_skip_regex=None, packages_skip_test_passed=False, packages_skip_up_to=None, packages_start=None, packages_up_to=None, packages_up_to_regex=None, parallel_workers=4, paths=None, symlink_install=False, test_result_base=None, verb_extension=<colcon_core.verb.build.BuildVerb object at 0x7f4398937490>, verb_name='build', verb_parser=<colcon_defaults.argument_parser.defaults.DefaultArgumentsDecorator object at 0x7f43989379d0>)
[0.418s] Level 1:colcon.colcon_core.package_discovery:discover_packages(colcon_meta) check parameters
[0.418s] Level 1:colcon.colcon_core.package_discovery:discover_packages(recursive) check parameters
[0.418s] Level 1:colcon.colcon_core.package_discovery:discover_packages(ignore) check parameters
[0.418s] Level 1:colcon.colcon_core.package_discovery:discover_packages(path) check parameters
[0.418s] Level 1:colcon.colcon_core.package_discovery:discover_packages(colcon_meta) discover
[0.418s] Level 1:colcon.colcon_core.package_discovery:discover_packages(recursive) discover
[0.418s] INFO:colcon.colcon_core.package_discovery:Crawling recursively for packages in '/home/yahboom/S24_RobotProgramming_eloquent/Lab3/roscourse_ws'
[0.418s] Level 1:colcon.colcon_core.package_identification:_identify(.) by extensions ['ignore', 'ignore_ament_install']
[0.418s] Level 1:colcon.colcon_core.package_identification:_identify(.) by extension 'ignore'
[0.419s] Level 1:colcon.colcon_core.package_identification:_identify(.) by extension 'ignore_ament_install'
[0.419s] Level 1:colcon.colcon_core.package_identification:_identify(.) by extensions ['colcon_pkg']
[0.419s] Level 1:colcon.colcon_core.package_identification:_identify(.) by extension 'colcon_pkg'
[0.419s] Level 1:colcon.colcon_core.package_identification:_identify(.) by extensions ['colcon_meta']
[0.419s] Level 1:colcon.colcon_core.package_identification:_identify(.) by extension 'colcon_meta'
[0.419s] Level 1:colcon.colcon_core.package_identification:_identify(.) by extensions ['ros']
[0.419s] Level 1:colcon.colcon_core.package_identification:_identify(.) by extension 'ros'
[0.452s] Level 1:colcon.colcon_core.package_identification:_identify(.) by extensions ['cmake', 'python']
[0.452s] Level 1:colcon.colcon_core.package_identification:_identify(.) by extension 'cmake'
[0.452s] Level 1:colcon.colcon_core.package_identification:_identify(.) by extension 'python'
[0.452s] Level 1:colcon.colcon_core.package_identification:_identify(.) by extensions ['python_setup_py']
[0.452s] Level 1:colcon.colcon_core.package_identification:_identify(.) by extension 'python_setup_py'
[0.453s] Level 1:colcon.colcon_core.package_identification:_identify(build) by extensions ['ignore', 'ignore_ament_install']
[0.453s] Level 1:colcon.colcon_core.package_identification:_identify(build) by extension 'ignore'
[0.453s] Level 1:colcon.colcon_core.package_identification:_identify(build) ignored
[0.453s] Level 1:colcon.colcon_core.package_identification:_identify(install) by extensions ['ignore', 'ignore_ament_install']
[0.453s] Level 1:colcon.colcon_core.package_identification:_identify(install) by extension 'ignore'
[0.453s] Level 1:colcon.colcon_core.package_identification:_identify(install) ignored
[0.453s] Level 1:colcon.colcon_core.package_identification:_identify(log) by extensions ['ignore', 'ignore_ament_install']
[0.453s] Level 1:colcon.colcon_core.package_identification:_identify(log) by extension 'ignore'
[0.453s] Level 1:colcon.colcon_core.package_identification:_identify(log) ignored
[0.453s] Level 1:colcon.colcon_core.package_identification:_identify(src) by extensions ['ignore', 'ignore_ament_install']
[0.453s] Level 1:colcon.colcon_core.package_identification:_identify(src) by extension 'ignore'
[0.453s] Level 1:colcon.colcon_core.package_identification:_identify(src) by extension 'ignore_ament_install'
[0.453s] Level 1:colcon.colcon_core.package_identification:_identify(src) by extensions ['colcon_pkg']
[0.453s] Level 1:colcon.colcon_core.package_identification:_identify(src) by extension 'colcon_pkg'
[0.453s] Level 1:colcon.colcon_core.package_identification:_identify(src) by extensions ['colcon_meta']
[0.453s] Level 1:colcon.colcon_core.package_identification:_identify(src) by extension 'colcon_meta'
[0.454s] Level 1:colcon.colcon_core.package_identification:_identify(src) by extensions ['ros']
[0.454s] Level 1:colcon.colcon_core.package_identification:_identify(src) by extension 'ros'
[0.454s] Level 1:colcon.colcon_core.package_identification:_identify(src) by extensions ['cmake', 'python']
[0.454s] Level 1:colcon.colcon_core.package_identification:_identify(src) by extension 'cmake'
[0.454s] Level 1:colcon.colcon_core.package_identification:_identify(src) by extension 'python'
[0.454s] Level 1:colcon.colcon_core.package_identification:_identify(src) by extensions ['python_setup_py']
[0.454s] Level 1:colcon.colcon_core.package_identification:_identify(src) by extension 'python_setup_py'
[0.454s] Level 1:colcon.colcon_core.package_identification:_identify(src/webcam) by extensions ['ignore', 'ignore_ament_install']
[0.454s] Level 1:colcon.colcon_core.package_identification:_identify(src/webcam) by extension 'ignore'
[0.454s] Level 1:colcon.colcon_core.package_identification:_identify(src/webcam) by extension 'ignore_ament_install'
[0.454s] Level 1:colcon.colcon_core.package_identification:_identify(src/webcam) by extensions ['colcon_pkg']
[0.454s] Level 1:colcon.colcon_core.package_identification:_identify(src/webcam) by extension 'colcon_pkg'
[0.454s] Level 1:colcon.colcon_core.package_identification:_identify(src/webcam) by extensions ['colcon_meta']
[0.454s] Level 1:colcon.colcon_core.package_identification:_identify(src/webcam) by extension 'colcon_meta'
[0.454s] Level 1:colcon.colcon_core.package_identification:_identify(src/webcam) by extensions ['ros']
[0.454s] Level 1:colcon.colcon_core.package_identification:_identify(src/webcam) by extension 'ros'
[0.457s] DEBUG:colcon.colcon_core.package_identification:Package 'src/webcam' with type 'ros.ament_python' and name 'webcam'
[0.457s] Level 1:colcon.colcon_core.package_discovery:discover_packages(recursive) using defaults
[0.458s] Level 1:colcon.colcon_core.package_discovery:discover_packages(ignore) discover
[0.458s] Level 1:colcon.colcon_core.package_discovery:discover_packages(ignore) using defaults
[0.458s] Level 1:colcon.colcon_core.package_discovery:discover_packages(path) discover
[0.458s] Level 1:colcon.colcon_core.package_discovery:discover_packages(path) using defaults
[0.489s] Level 1:colcon.colcon_core.package_discovery:discover_packages(prefix_path) check parameters
[0.489s] Level 1:colcon.colcon_core.package_discovery:discover_packages(prefix_path) discover
[0.492s] DEBUG:colcon.colcon_installed_package_information.package_discovery:Found 1 installed packages in /home/yahboom/S24_RobotProgramming_eloquent/Lab3/roscourse_ws/install
[0.494s] DEBUG:colcon.colcon_installed_package_information.package_discovery:Found 10 installed packages in /home/yahboom/yahboomcar_ros2_ws/software/library_ws/install
[0.496s] DEBUG:colcon.colcon_installed_package_information.package_discovery:Found 20 installed packages in /home/yahboom/yahboomcar_ros2_ws/yahboomcar_ws/install
[0.498s] DEBUG:colcon.colcon_installed_package_information.package_discovery:Found 337 installed packages in /opt/ros/foxy
[0.501s] Level 1:colcon.colcon_core.package_discovery:discover_packages(prefix_path) using defaults
[0.582s] Level 5:colcon.colcon_core.verb:set package 'webcam' build argument 'cmake_args' from command line to 'None'
[0.582s] Level 5:colcon.colcon_core.verb:set package 'webcam' build argument 'cmake_target' from command line to 'None'
[0.582s] Level 5:colcon.colcon_core.verb:set package 'webcam' build argument 'cmake_target_skip_unavailable' from command line to 'False'
[0.583s] Level 5:colcon.colcon_core.verb:set package 'webcam' build argument 'cmake_clean_cache' from command line to 'False'
[0.583s] Level 5:colcon.colcon_core.verb:set package 'webcam' build argument 'cmake_clean_first' from command line to 'False'
[0.583s] Level 5:colcon.colcon_core.verb:set package 'webcam' build argument 'cmake_force_configure' from command line to 'False'
[0.583s] Level 5:colcon.colcon_core.verb:set package 'webcam' build argument 'ament_cmake_args' from command line to 'None'
[0.583s] Level 5:colcon.colcon_core.verb:set package 'webcam' build argument 'catkin_cmake_args' from command line to 'None'
[0.583s] Level 5:colcon.colcon_core.verb:set package 'webcam' build argument 'catkin_skip_building_tests' from command line to 'False'
[0.583s] DEBUG:colcon.colcon_core.verb:Building package 'webcam' with the following arguments: {'ament_cmake_args': None, 'build_base': '/home/yahboom/S24_RobotProgramming_eloquent/Lab3/roscourse_ws/build/webcam', 'catkin_cmake_args': None, 'catkin_skip_building_tests': False, 'cmake_args': None, 'cmake_clean_cache': False, 'cmake_clean_first': False, 'cmake_force_configure': False, 'cmake_target': None, 'cmake_target_skip_unavailable': False, 'install_base': '/home/yahboom/S24_RobotProgramming_eloquent/Lab3/roscourse_ws/install/webcam', 'merge_install': False, 'path': '/home/yahboom/S24_RobotProgramming_eloquent/Lab3/roscourse_ws/src/webcam', 'symlink_install': False, 'test_result_base': None}
[0.583s] INFO:colcon.colcon_core.executor:Executing jobs using 'parallel' executor
[0.587s] DEBUG:colcon.colcon_parallel_executor.executor.parallel:run_until_complete
[0.588s] INFO:colcon.colcon_ros.task.ament_python.build:Building ROS package in '/home/yahboom/S24_RobotProgramming_eloquent/Lab3/roscourse_ws/src/webcam' with build type 'ament_python'
[0.588s] Level 1:colcon.colcon_core.shell:create_environment_hook('webcam', 'ament_prefix_path')
[0.593s] INFO:colcon.colcon_core.plugin_system:Skipping extension 'colcon_core.shell.bat': Not used on non-Windows systems
[0.593s] INFO:colcon.colcon_core.shell:Creating environment hook '/home/yahboom/S24_RobotProgramming_eloquent/Lab3/roscourse_ws/install/webcam/share/webcam/hook/ament_prefix_path.ps1'
[0.594s] INFO:colcon.colcon_core.shell:Creating environment descriptor '/home/yahboom/S24_RobotProgramming_eloquent/Lab3/roscourse_ws/install/webcam/share/webcam/hook/ament_prefix_path.dsv'
[0.595s] INFO:colcon.colcon_core.shell:Creating environment hook '/home/yahboom/S24_RobotProgramming_eloquent/Lab3/roscourse_ws/install/webcam/share/webcam/hook/ament_prefix_path.sh'
[0.597s] INFO:colcon.colcon_core.shell:Skip shell extension 'powershell' for command environment: Not usable outside of PowerShell
[0.597s] DEBUG:colcon.colcon_core.shell:Skip shell extension 'dsv' for command environment
[0.863s] INFO:colcon.colcon_core.task.python.build:Building Python package in '/home/yahboom/S24_RobotProgramming_eloquent/Lab3/roscourse_ws/src/webcam'
[0.865s] INFO:colcon.colcon_core.shell:Skip shell extension 'powershell' for command environment: Not usable outside of PowerShell
[0.865s] DEBUG:colcon.colcon_core.shell:Skip shell extension 'dsv' for command environment
[1.371s] DEBUG:colcon.colcon_core.event_handler.log_command:Invoking command in '/home/yahboom/S24_RobotProgramming_eloquent/Lab3/roscourse_ws/build/webcam': PYTHONPATH=/home/yahboom/S24_RobotProgramming_eloquent/Lab3/roscourse_ws/build/webcam/prefix_override:/home/yahboom/S24_RobotProgramming_eloquent/Lab3/roscourse_ws/install/webcam/lib/python3.8/site-packages:${PYTHONPATH} /usr/bin/python3 setup.py develop --uninstall --editable --build-directory /home/yahboom/S24_RobotProgramming_eloquent/Lab3/roscourse_ws/build/webcam/build
[1.735s] DEBUG:colcon.colcon_core.event_handler.log_command:Invoked command in '/home/yahboom/S24_RobotProgramming_eloquent/Lab3/roscourse_ws/build/webcam' returned '0': PYTHONPATH=/home/yahboom/S24_RobotProgramming_eloquent/Lab3/roscourse_ws/build/webcam/prefix_override:/home/yahboom/S24_RobotProgramming_eloquent/Lab3/roscourse_ws/install/webcam/lib/python3.8/site-packages:${PYTHONPATH} /usr/bin/python3 setup.py develop --uninstall --editable --build-directory /home/yahboom/S24_RobotProgramming_eloquent/Lab3/roscourse_ws/build/webcam/build
[1.737s] DEBUG:colcon.colcon_core.event_handler.log_command:Invoking command in '/home/yahboom/S24_RobotProgramming_eloquent/Lab3/roscourse_ws/src/webcam': PYTHONPATH=/home/yahboom/S24_RobotProgramming_eloquent/Lab3/roscourse_ws/build/webcam/prefix_override:/home/yahboom/S24_RobotProgramming_eloquent/Lab3/roscourse_ws/install/webcam/lib/python3.8/site-packages:${PYTHONPATH} /usr/bin/python3 setup.py egg_info --egg-base ../../build/webcam build --build-base /home/yahboom/S24_RobotProgramming_eloquent/Lab3/roscourse_ws/build/webcam/build install --record /home/yahboom/S24_RobotProgramming_eloquent/Lab3/roscourse_ws/build/webcam/install.log --install-scripts $base/lib/webcam --single-version-externally-managed
[2.027s] DEBUG:colcon.colcon_core.event_handler.log_command:Invoked command in '/home/yahboom/S24_RobotProgramming_eloquent/Lab3/roscourse_ws/src/webcam' returned '0': PYTHONPATH=/home/yahboom/S24_RobotProgramming_eloquent/Lab3/roscourse_ws/build/webcam/prefix_override:/home/yahboom/S24_RobotProgramming_eloquent/Lab3/roscourse_ws/install/webcam/lib/python3.8/site-packages:${PYTHONPATH} /usr/bin/python3 setup.py egg_info --egg-base ../../build/webcam build --build-base /home/yahboom/S24_RobotProgramming_eloquent/Lab3/roscourse_ws/build/webcam/build install --record /home/yahboom/S24_RobotProgramming_eloquent/Lab3/roscourse_ws/build/webcam/install.log --install-scripts $base/lib/webcam --single-version-externally-managed
[2.032s] Level 1:colcon.colcon_core.environment:checking '/home/yahboom/S24_RobotProgramming_eloquent/Lab3/roscourse_ws/install/webcam' for CMake module files
[2.033s] Level 1:colcon.colcon_core.environment:checking '/home/yahboom/S24_RobotProgramming_eloquent/Lab3/roscourse_ws/install/webcam' for CMake config files
[2.034s] Level 1:colcon.colcon_core.environment:checking '/home/yahboom/S24_RobotProgramming_eloquent/Lab3/roscourse_ws/install/webcam/lib'
[2.034s] Level 1:colcon.colcon_core.environment:checking '/home/yahboom/S24_RobotProgramming_eloquent/Lab3/roscourse_ws/install/webcam/bin'
[2.034s] Level 1:colcon.colcon_core.environment:checking '/home/yahboom/S24_RobotProgramming_eloquent/Lab3/roscourse_ws/install/webcam/lib/pkgconfig/webcam.pc'
[2.034s] Level 1:colcon.colcon_core.environment:checking '/home/yahboom/S24_RobotProgramming_eloquent/Lab3/roscourse_ws/install/webcam/lib/python3.8/site-packages'
[2.034s] Level 1:colcon.colcon_core.shell:create_environment_hook('webcam', 'pythonpath')
[2.036s] INFO:colcon.colcon_core.shell:Creating environment hook '/home/yahboom/S24_RobotProgramming_eloquent/Lab3/roscourse_ws/install/webcam/share/webcam/hook/pythonpath.ps1'
[2.037s] INFO:colcon.colcon_core.shell:Creating environment descriptor '/home/yahboom/S24_RobotProgramming_eloquent/Lab3/roscourse_ws/install/webcam/share/webcam/hook/pythonpath.dsv'
[2.037s] INFO:colcon.colcon_core.shell:Creating environment hook '/home/yahboom/S24_RobotProgramming_eloquent/Lab3/roscourse_ws/install/webcam/share/webcam/hook/pythonpath.sh'
[2.038s] Level 1:colcon.colcon_core.environment:checking '/home/yahboom/S24_RobotProgramming_eloquent/Lab3/roscourse_ws/install/webcam/bin'
[2.038s] Level 1:colcon.colcon_core.environment:create_environment_scripts_only(webcam)
[2.039s] INFO:colcon.colcon_core.shell:Creating package script '/home/yahboom/S24_RobotProgramming_eloquent/Lab3/roscourse_ws/install/webcam/share/webcam/package.ps1'
[2.040s] INFO:colcon.colcon_core.shell:Creating package descriptor '/home/yahboom/S24_RobotProgramming_eloquent/Lab3/roscourse_ws/install/webcam/share/webcam/package.dsv'
[2.041s] INFO:colcon.colcon_core.shell:Creating package script '/home/yahboom/S24_RobotProgramming_eloquent/Lab3/roscourse_ws/install/webcam/share/webcam/package.sh'
[2.042s] INFO:colcon.colcon_core.shell:Creating package script '/home/yahboom/S24_RobotProgramming_eloquent/Lab3/roscourse_ws/install/webcam/share/webcam/package.bash'
[2.042s] INFO:colcon.colcon_core.shell:Creating package script '/home/yahboom/S24_RobotProgramming_eloquent/Lab3/roscourse_ws/install/webcam/share/webcam/package.zsh'
[2.043s] Level 1:colcon.colcon_core.environment:create_file_with_runtime_dependencies(/home/yahboom/S24_RobotProgramming_eloquent/Lab3/roscourse_ws/install/webcam/share/colcon-core/packages/webcam)
[2.044s] DEBUG:colcon.colcon_parallel_executor.executor.parallel:closing loop
[2.044s] DEBUG:colcon.colcon_parallel_executor.executor.parallel:loop closed
[2.044s] DEBUG:colcon.colcon_parallel_executor.executor.parallel:run_until_complete finished with '0'
[2.044s] DEBUG:colcon.colcon_core.event_reactor:joining thread
[2.050s] INFO:colcon.colcon_core.plugin_system:Skipping extension 'colcon_notification.desktop_notification.terminal_notifier': Not used on non-Darwin systems
[2.050s] INFO:colcon.colcon_core.plugin_system:Skipping extension 'colcon_notification.desktop_notification.win32': Not used on non-Windows systems
[2.050s] INFO:colcon.colcon_notification.desktop_notification:Sending desktop notification using 'notify2'
[2.070s] DEBUG:colcon.colcon_core.event_reactor:joined thread
[2.072s] INFO:colcon.colcon_core.shell:Creating prefix script '/home/yahboom/S24_RobotProgramming_eloquent/Lab3/roscourse_ws/install/local_setup.ps1'
[2.073s] INFO:colcon.colcon_core.shell:Creating prefix util module '/home/yahboom/S24_RobotProgramming_eloquent/Lab3/roscourse_ws/install/_local_setup_util_ps1.py'
[2.075s] INFO:colcon.colcon_core.shell:Creating prefix chain script '/home/yahboom/S24_RobotProgramming_eloquent/Lab3/roscourse_ws/install/setup.ps1'
[2.078s] INFO:colcon.colcon_core.shell:Creating prefix script '/home/yahboom/S24_RobotProgramming_eloquent/Lab3/roscourse_ws/install/local_setup.sh'
[2.080s] INFO:colcon.colcon_core.shell:Creating prefix util module '/home/yahboom/S24_RobotProgramming_eloquent/Lab3/roscourse_ws/install/_local_setup_util_sh.py'
[2.081s] INFO:colcon.colcon_core.shell:Creating prefix chain script '/home/yahboom/S24_RobotProgramming_eloquent/Lab3/roscourse_ws/install/setup.sh'
[2.083s] INFO:colcon.colcon_core.shell:Creating prefix script '/home/yahboom/S24_RobotProgramming_eloquent/Lab3/roscourse_ws/install/local_setup.bash'
[2.084s] INFO:colcon.colcon_core.shell:Creating prefix chain script '/home/yahboom/S24_RobotProgramming_eloquent/Lab3/roscourse_ws/install/setup.bash'
[2.087s] INFO:colcon.colcon_core.shell:Creating prefix script '/home/yahboom/S24_RobotProgramming_eloquent/Lab3/roscourse_ws/install/local_setup.zsh'
[2.088s] INFO:colcon.colcon_core.shell:Creating prefix chain script '/home/yahboom/S24_RobotProgramming_eloquent/Lab3/roscourse_ws/install/setup.zsh'
