[0.050s] Invoking command in '/home/yahboom/S24_RobotProgramming_Master/S24_RobotProgramming_eloquent/project_ws/build/draw_shape_interfaces': CMAKE_PREFIX_PATH=${CMAKE_PREFIX_PATH}:/home/yahboom/S24_RobotProgramming_Master/S24_RobotProgramming_eloquent/project_ws/install/rosmaster_sim:/home/yahboom/S24_RobotProgramming_Master/S24_RobotProgramming_eloquent/project_ws/install/draw_shape:/home/yahboom/yahboomcar_ros2_ws/yahboomcar_ws/install/yahboomcar_voice_ctrl:/home/yahboom/yahboomcar_ros2_ws/yahboomcar_ws/install/yahboomcar_visual:/home/yahboom/yahboomcar_ros2_ws/yahboomcar_ws/install/yahboomcar_rviz:/home/yahboom/yahboomcar_ros2_ws/yahboomcar_ws/install/yahboomcar_nav:/home/yahboom/yahboomcar_ros2_ws/yahboomcar_ws/install/yahboomcar_multi:/home/yahboom/yahboomcar_ros2_ws/yahboomcar_ws/install/yahboomcar_mediapipe:/home/yahboom/yahboomcar_ros2_ws/yahboomcar_ws/install/yahboomcar_linefollow:/home/yahboom/yahboomcar_ros2_ws/yahboomcar_ws/install/yahboomcar_laser:/home/yahboom/yahboomcar_ros2_ws/yahboomcar_ws/install/yahboomcar_description_x1:/home/yahboom/yahboomcar_ros2_ws/yahboomcar_ws/install/yahboomcar_description:/home/yahboom/yahboomcar_ros2_ws/yahboomcar_ws/install/yahboomcar_ctrl:/home/yahboom/yahboomcar_ros2_ws/yahboomcar_ws/install/yahboomcar_bringup:/home/yahboom/yahboomcar_ros2_ws/yahboomcar_ws/install/yahboomcar_astra:/home/yahboom/yahboomcar_ros2_ws/yahboomcar_ws/install/robot_pose_publisher:/home/yahboom/yahboomcar_ros2_ws/yahboomcar_ws/install/laserscan_to_point_pulisher:/opt/ros/foxy /usr/bin/cmake --build /home/yahboom/S24_RobotProgramming_Master/S24_RobotProgramming_eloquent/project_ws/build/draw_shape_interfaces -- -j4 -l4
[0.176s] [  9%] Built target draw_shape_interfaces__rosidl_generator_c
[0.204s] [ 12%] Built target draw_shape_interfaces__cpp
[0.267s] [ 22%] Built target draw_shape_interfaces__rosidl_typesupport_c
[0.278s] [ 32%] Built target draw_shape_interfaces__rosidl_typesupport_introspection_c
[0.282s] [ 41%] Built target draw_shape_interfaces__rosidl_typesupport_introspection_cpp
[0.304s] [ 51%] Built target draw_shape_interfaces__rosidl_typesupport_fastrtps_cpp
[0.314s] [ 61%] Built target draw_shape_interfaces__rosidl_typesupport_cpp
[0.344s] [ 70%] Built target draw_shape_interfaces__rosidl_typesupport_fastrtps_c
[0.372s] [ 70%] Built target draw_shape_interfaces
[0.403s] [ 74%] Built target draw_shape_interfaces__py
[0.446s] [ 80%] Built target draw_shape_interfaces__python
[0.479s] [ 87%] Built target draw_shape_interfaces__rosidl_typesupport_c__pyext
[0.484s] [ 93%] Built target draw_shape_interfaces__rosidl_typesupport_fastrtps_c__pyext
[0.485s] [100%] Built target draw_shape_interfaces__rosidl_typesupport_introspection_c__pyext
[0.503s] Invoked command in '/home/yahboom/S24_RobotProgramming_Master/S24_RobotProgramming_eloquent/project_ws/build/draw_shape_interfaces' returned '0': CMAKE_PREFIX_PATH=${CMAKE_PREFIX_PATH}:/home/yahboom/S24_RobotProgramming_Master/S24_RobotProgramming_eloquent/project_ws/install/rosmaster_sim:/home/yahboom/S24_RobotProgramming_Master/S24_RobotProgramming_eloquent/project_ws/install/draw_shape:/home/yahboom/yahboomcar_ros2_ws/yahboomcar_ws/install/yahboomcar_voice_ctrl:/home/yahboom/yahboomcar_ros2_ws/yahboomcar_ws/install/yahboomcar_visual:/home/yahboom/yahboomcar_ros2_ws/yahboomcar_ws/install/yahboomcar_rviz:/home/yahboom/yahboomcar_ros2_ws/yahboomcar_ws/install/yahboomcar_nav:/home/yahboom/yahboomcar_ros2_ws/yahboomcar_ws/install/yahboomcar_multi:/home/yahboom/yahboomcar_ros2_ws/yahboomcar_ws/install/yahboomcar_mediapipe:/home/yahboom/yahboomcar_ros2_ws/yahboomcar_ws/install/yahboomcar_linefollow:/home/yahboom/yahboomcar_ros2_ws/yahboomcar_ws/install/yahboomcar_laser:/home/yahboom/yahboomcar_ros2_ws/yahboomcar_ws/install/yahboomcar_description_x1:/home/yahboom/yahboomcar_ros2_ws/yahboomcar_ws/install/yahboomcar_description:/home/yahboom/yahboomcar_ros2_ws/yahboomcar_ws/install/yahboomcar_ctrl:/home/yahboom/yahboomcar_ros2_ws/yahboomcar_ws/install/yahboomcar_bringup:/home/yahboom/yahboomcar_ros2_ws/yahboomcar_ws/install/yahboomcar_astra:/home/yahboom/yahboomcar_ros2_ws/yahboomcar_ws/install/robot_pose_publisher:/home/yahboom/yahboomcar_ros2_ws/yahboomcar_ws/install/laserscan_to_point_pulisher:/opt/ros/foxy /usr/bin/cmake --build /home/yahboom/S24_RobotProgramming_Master/S24_RobotProgramming_eloquent/project_ws/build/draw_shape_interfaces -- -j4 -l4
[0.606s] Invoking command in '/home/yahboom/S24_RobotProgramming_Master/S24_RobotProgramming_eloquent/project_ws/build/draw_shape_interfaces': CMAKE_PREFIX_PATH=${CMAKE_PREFIX_PATH}:/home/yahboom/S24_RobotProgramming_Master/S24_RobotProgramming_eloquent/project_ws/install/rosmaster_sim:/home/yahboom/S24_RobotProgramming_Master/S24_RobotProgramming_eloquent/project_ws/install/draw_shape:/home/yahboom/yahboomcar_ros2_ws/yahboomcar_ws/install/yahboomcar_voice_ctrl:/home/yahboom/yahboomcar_ros2_ws/yahboomcar_ws/install/yahboomcar_visual:/home/yahboom/yahboomcar_ros2_ws/yahboomcar_ws/install/yahboomcar_rviz:/home/yahboom/yahboomcar_ros2_ws/yahboomcar_ws/install/yahboomcar_nav:/home/yahboom/yahboomcar_ros2_ws/yahboomcar_ws/install/yahboomcar_multi:/home/yahboom/yahboomcar_ros2_ws/yahboomcar_ws/install/yahboomcar_mediapipe:/home/yahboom/yahboomcar_ros2_ws/yahboomcar_ws/install/yahboomcar_linefollow:/home/yahboom/yahboomcar_ros2_ws/yahboomcar_ws/install/yahboomcar_laser:/home/yahboom/yahboomcar_ros2_ws/yahboomcar_ws/install/yahboomcar_description_x1:/home/yahboom/yahboomcar_ros2_ws/yahboomcar_ws/install/yahboomcar_description:/home/yahboom/yahboomcar_ros2_ws/yahboomcar_ws/install/yahboomcar_ctrl:/home/yahboom/yahboomcar_ros2_ws/yahboomcar_ws/install/yahboomcar_bringup:/home/yahboom/yahboomcar_ros2_ws/yahboomcar_ws/install/yahboomcar_astra:/home/yahboom/yahboomcar_ros2_ws/yahboomcar_ws/install/robot_pose_publisher:/home/yahboom/yahboomcar_ros2_ws/yahboomcar_ws/install/laserscan_to_point_pulisher:/opt/ros/foxy /usr/bin/cmake --install /home/yahboom/S24_RobotProgramming_Master/S24_RobotProgramming_eloquent/project_ws/build/draw_shape_interfaces
[0.616s] -- Install configuration: ""
[0.617s] -- Up-to-date: /home/yahboom/S24_RobotProgramming_Master/S24_RobotProgramming_eloquent/project_ws/install/draw_shape_interfaces/share/ament_index/resource_index/rosidl_interfaces/draw_shape_interfaces
[0.617s] -- Up-to-date: /home/yahboom/S24_RobotProgramming_Master/S24_RobotProgramming_eloquent/project_ws/install/draw_shape_interfaces/include/draw_shape_interfaces
[0.617s] -- Up-to-date: /home/yahboom/S24_RobotProgramming_Master/S24_RobotProgramming_eloquent/project_ws/install/draw_shape_interfaces/include/draw_shape_interfaces/msg
[0.617s] -- Up-to-date: /home/yahboom/S24_RobotProgramming_Master/S24_RobotProgramming_eloquent/project_ws/install/draw_shape_interfaces/include/draw_shape_interfaces/msg/rosidl_generator_c__visibility_control.h
[0.617s] -- Up-to-date: /home/yahboom/S24_RobotProgramming_Master/S24_RobotProgramming_eloquent/project_ws/install/draw_shape_interfaces/include/draw_shape_interfaces/msg/shape_def.h
[0.618s] -- Up-to-date: /home/yahboom/S24_RobotProgramming_Master/S24_RobotProgramming_eloquent/project_ws/install/draw_shape_interfaces/include/draw_shape_interfaces/msg/detail
[0.618s] -- Up-to-date: /home/yahboom/S24_RobotProgramming_Master/S24_RobotProgramming_eloquent/project_ws/install/draw_shape_interfaces/include/draw_shape_interfaces/msg/detail/shape_def__struct.h
[0.618s] -- Up-to-date: /home/yahboom/S24_RobotProgramming_Master/S24_RobotProgramming_eloquent/project_ws/install/draw_shape_interfaces/include/draw_shape_interfaces/msg/detail/shape_def__functions.h
[0.618s] -- Up-to-date: /home/yahboom/S24_RobotProgramming_Master/S24_RobotProgramming_eloquent/project_ws/install/draw_shape_interfaces/include/draw_shape_interfaces/msg/detail/shape_def__functions.c
[0.618s] -- Up-to-date: /home/yahboom/S24_RobotProgramming_Master/S24_RobotProgramming_eloquent/project_ws/install/draw_shape_interfaces/include/draw_shape_interfaces/msg/detail/shape_def__type_support.h
[0.618s] -- Up-to-date: /home/yahboom/S24_RobotProgramming_Master/S24_RobotProgramming_eloquent/project_ws/install/draw_shape_interfaces/share/draw_shape_interfaces/environment/library_path.sh
[0.619s] -- Up-to-date: /home/yahboom/S24_RobotProgramming_Master/S24_RobotProgramming_eloquent/project_ws/install/draw_shape_interfaces/share/draw_shape_interfaces/environment/library_path.dsv
[0.619s] -- Up-to-date: /home/yahboom/S24_RobotProgramming_Master/S24_RobotProgramming_eloquent/project_ws/install/draw_shape_interfaces/lib/libdraw_shape_interfaces__rosidl_generator_c.so
[0.619s] -- Up-to-date: /home/yahboom/S24_RobotProgramming_Master/S24_RobotProgramming_eloquent/project_ws/install/draw_shape_interfaces/include/draw_shape_interfaces
[0.619s] -- Up-to-date: /home/yahboom/S24_RobotProgramming_Master/S24_RobotProgramming_eloquent/project_ws/install/draw_shape_interfaces/include/draw_shape_interfaces/msg
[0.619s] -- Up-to-date: /home/yahboom/S24_RobotProgramming_Master/S24_RobotProgramming_eloquent/project_ws/install/draw_shape_interfaces/include/draw_shape_interfaces/msg/detail
[0.619s] -- Up-to-date: /home/yahboom/S24_RobotProgramming_Master/S24_RobotProgramming_eloquent/project_ws/install/draw_shape_interfaces/include/draw_shape_interfaces/msg/detail/shape_def__rosidl_typesupport_fastrtps_c.h
[0.620s] -- Up-to-date: /home/yahboom/S24_RobotProgramming_Master/S24_RobotProgramming_eloquent/project_ws/install/draw_shape_interfaces/include/draw_shape_interfaces/msg/rosidl_typesupport_fastrtps_c__visibility_control.h
[0.620s] -- Up-to-date: /home/yahboom/S24_RobotProgramming_Master/S24_RobotProgramming_eloquent/project_ws/install/draw_shape_interfaces/lib/libdraw_shape_interfaces__rosidl_typesupport_fastrtps_c.so
[0.620s] -- Up-to-date: /home/yahboom/S24_RobotProgramming_Master/S24_RobotProgramming_eloquent/project_ws/install/draw_shape_interfaces/include/draw_shape_interfaces
[0.620s] -- Up-to-date: /home/yahboom/S24_RobotProgramming_Master/S24_RobotProgramming_eloquent/project_ws/install/draw_shape_interfaces/include/draw_shape_interfaces/msg
[0.620s] -- Up-to-date: /home/yahboom/S24_RobotProgramming_Master/S24_RobotProgramming_eloquent/project_ws/install/draw_shape_interfaces/include/draw_shape_interfaces/msg/detail
[0.620s] -- Up-to-date: /home/yahboom/S24_RobotProgramming_Master/S24_RobotProgramming_eloquent/project_ws/install/draw_shape_interfaces/include/draw_shape_interfaces/msg/detail/shape_def__rosidl_typesupport_fastrtps_cpp.hpp
[0.620s] -- Up-to-date: /home/yahboom/S24_RobotProgramming_Master/S24_RobotProgramming_eloquent/project_ws/install/draw_shape_interfaces/include/draw_shape_interfaces/msg/detail/dds_fastrtps
[0.620s] -- Up-to-date: /home/yahboom/S24_RobotProgramming_Master/S24_RobotProgramming_eloquent/project_ws/install/draw_shape_interfaces/include/draw_shape_interfaces/msg/rosidl_typesupport_fastrtps_cpp__visibility_control.h
[0.620s] -- Up-to-date: /home/yahboom/S24_RobotProgramming_Master/S24_RobotProgramming_eloquent/project_ws/install/draw_shape_interfaces/lib/libdraw_shape_interfaces__rosidl_typesupport_fastrtps_cpp.so
[0.621s] -- Up-to-date: /home/yahboom/S24_RobotProgramming_Master/S24_RobotProgramming_eloquent/project_ws/install/draw_shape_interfaces/include/draw_shape_interfaces
[0.621s] -- Up-to-date: /home/yahboom/S24_RobotProgramming_Master/S24_RobotProgramming_eloquent/project_ws/install/draw_shape_interfaces/include/draw_shape_interfaces/msg
[0.621s] -- Up-to-date: /home/yahboom/S24_RobotProgramming_Master/S24_RobotProgramming_eloquent/project_ws/install/draw_shape_interfaces/include/draw_shape_interfaces/msg/detail
[0.621s] -- Up-to-date: /home/yahboom/S24_RobotProgramming_Master/S24_RobotProgramming_eloquent/project_ws/install/draw_shape_interfaces/include/draw_shape_interfaces/msg/detail/shape_def__rosidl_typesupport_introspection_c.h
[0.621s] -- Up-to-date: /home/yahboom/S24_RobotProgramming_Master/S24_RobotProgramming_eloquent/project_ws/install/draw_shape_interfaces/include/draw_shape_interfaces/msg/detail/shape_def__type_support.c
[0.621s] -- Up-to-date: /home/yahboom/S24_RobotProgramming_Master/S24_RobotProgramming_eloquent/project_ws/install/draw_shape_interfaces/include/draw_shape_interfaces/msg/rosidl_typesupport_introspection_c__visibility_control.h
[0.621s] -- Up-to-date: /home/yahboom/S24_RobotProgramming_Master/S24_RobotProgramming_eloquent/project_ws/install/draw_shape_interfaces/lib/libdraw_shape_interfaces__rosidl_typesupport_introspection_c.so
[0.621s] -- Up-to-date: /home/yahboom/S24_RobotProgramming_Master/S24_RobotProgramming_eloquent/project_ws/install/draw_shape_interfaces/lib/libdraw_shape_interfaces__rosidl_typesupport_c.so
[0.621s] -- Up-to-date: /home/yahboom/S24_RobotProgramming_Master/S24_RobotProgramming_eloquent/project_ws/install/draw_shape_interfaces/include/draw_shape_interfaces
[0.621s] -- Up-to-date: /home/yahboom/S24_RobotProgramming_Master/S24_RobotProgramming_eloquent/project_ws/install/draw_shape_interfaces/include/draw_shape_interfaces/msg
[0.621s] -- Up-to-date: /home/yahboom/S24_RobotProgramming_Master/S24_RobotProgramming_eloquent/project_ws/install/draw_shape_interfaces/include/draw_shape_interfaces/msg/detail
[0.621s] -- Up-to-date: /home/yahboom/S24_RobotProgramming_Master/S24_RobotProgramming_eloquent/project_ws/install/draw_shape_interfaces/include/draw_shape_interfaces/msg/detail/shape_def__traits.hpp
[0.622s] -- Up-to-date: /home/yahboom/S24_RobotProgramming_Master/S24_RobotProgramming_eloquent/project_ws/install/draw_shape_interfaces/include/draw_shape_interfaces/msg/detail/shape_def__builder.hpp
[0.622s] -- Up-to-date: /home/yahboom/S24_RobotProgramming_Master/S24_RobotProgramming_eloquent/project_ws/install/draw_shape_interfaces/include/draw_shape_interfaces/msg/detail/shape_def__struct.hpp
[0.622s] -- Up-to-date: /home/yahboom/S24_RobotProgramming_Master/S24_RobotProgramming_eloquent/project_ws/install/draw_shape_interfaces/include/draw_shape_interfaces/msg/shape_def.hpp
[0.622s] -- Up-to-date: /home/yahboom/S24_RobotProgramming_Master/S24_RobotProgramming_eloquent/project_ws/install/draw_shape_interfaces/include/draw_shape_interfaces
[0.622s] -- Up-to-date: /home/yahboom/S24_RobotProgramming_Master/S24_RobotProgramming_eloquent/project_ws/install/draw_shape_interfaces/include/draw_shape_interfaces/msg
[0.622s] -- Up-to-date: /home/yahboom/S24_RobotProgramming_Master/S24_RobotProgramming_eloquent/project_ws/install/draw_shape_interfaces/include/draw_shape_interfaces/msg/detail
[0.623s] -- Up-to-date: /home/yahboom/S24_RobotProgramming_Master/S24_RobotProgramming_eloquent/project_ws/install/draw_shape_interfaces/include/draw_shape_interfaces/msg/detail/shape_def__rosidl_typesupport_introspection_cpp.hpp
[0.623s] -- Up-to-date: /home/yahboom/S24_RobotProgramming_Master/S24_RobotProgramming_eloquent/project_ws/install/draw_shape_interfaces/include/draw_shape_interfaces/msg/detail/shape_def__type_support.cpp
[0.623s] -- Up-to-date: /home/yahboom/S24_RobotProgramming_Master/S24_RobotProgramming_eloquent/project_ws/install/draw_shape_interfaces/lib/libdraw_shape_interfaces__rosidl_typesupport_introspection_cpp.so
[0.623s] -- Up-to-date: /home/yahboom/S24_RobotProgramming_Master/S24_RobotProgramming_eloquent/project_ws/install/draw_shape_interfaces/lib/libdraw_shape_interfaces__rosidl_typesupport_cpp.so
[0.623s] -- Up-to-date: /home/yahboom/S24_RobotProgramming_Master/S24_RobotProgramming_eloquent/project_ws/install/draw_shape_interfaces/share/draw_shape_interfaces/environment/pythonpath.sh
[0.623s] -- Up-to-date: /home/yahboom/S24_RobotProgramming_Master/S24_RobotProgramming_eloquent/project_ws/install/draw_shape_interfaces/share/draw_shape_interfaces/environment/pythonpath.dsv
[0.623s] -- Up-to-date: /home/yahboom/S24_RobotProgramming_Master/S24_RobotProgramming_eloquent/project_ws/install/draw_shape_interfaces/lib/python3.8/site-packages/draw_shape_interfaces/__init__.py
[0.668s] -- Up-to-date: /home/yahboom/S24_RobotProgramming_Master/S24_RobotProgramming_eloquent/project_ws/install/draw_shape_interfaces/lib/python3.8/site-packages/draw_shape_interfaces/msg
[0.668s] -- Up-to-date: /home/yahboom/S24_RobotProgramming_Master/S24_RobotProgramming_eloquent/project_ws/install/draw_shape_interfaces/lib/python3.8/site-packages/draw_shape_interfaces/msg/_shape_def.py
[0.668s] -- Up-to-date: /home/yahboom/S24_RobotProgramming_Master/S24_RobotProgramming_eloquent/project_ws/install/draw_shape_interfaces/lib/python3.8/site-packages/draw_shape_interfaces/msg/__init__.py
[0.668s] -- Up-to-date: /home/yahboom/S24_RobotProgramming_Master/S24_RobotProgramming_eloquent/project_ws/install/draw_shape_interfaces/lib/python3.8/site-packages/draw_shape_interfaces/msg/_shape_def_s.c
[0.669s] -- Up-to-date: /home/yahboom/S24_RobotProgramming_Master/S24_RobotProgramming_eloquent/project_ws/install/draw_shape_interfaces/lib/python3.8/site-packages/draw_shape_interfaces/draw_shape_interfaces_s__rosidl_typesupport_fastrtps_c.cpython-38-x86_64-linux-gnu.so
[0.669s] -- Up-to-date: /home/yahboom/S24_RobotProgramming_Master/S24_RobotProgramming_eloquent/project_ws/install/draw_shape_interfaces/lib/python3.8/site-packages/draw_shape_interfaces/draw_shape_interfaces_s__rosidl_typesupport_introspection_c.cpython-38-x86_64-linux-gnu.so
[0.670s] -- Up-to-date: /home/yahboom/S24_RobotProgramming_Master/S24_RobotProgramming_eloquent/project_ws/install/draw_shape_interfaces/lib/python3.8/site-packages/draw_shape_interfaces/draw_shape_interfaces_s__rosidl_typesupport_c.cpython-38-x86_64-linux-gnu.so
[0.670s] -- Up-to-date: /home/yahboom/S24_RobotProgramming_Master/S24_RobotProgramming_eloquent/project_ws/install/draw_shape_interfaces/lib/libdraw_shape_interfaces__python.so
[0.671s] -- Up-to-date: /home/yahboom/S24_RobotProgramming_Master/S24_RobotProgramming_eloquent/project_ws/install/draw_shape_interfaces/share/draw_shape_interfaces/msg/ShapeDef.idl
[0.671s] -- Up-to-date: /home/yahboom/S24_RobotProgramming_Master/S24_RobotProgramming_eloquent/project_ws/install/draw_shape_interfaces/share/draw_shape_interfaces/msg/ShapeDef.msg
[0.671s] -- Up-to-date: /home/yahboom/S24_RobotProgramming_Master/S24_RobotProgramming_eloquent/project_ws/install/draw_shape_interfaces/share/ament_index/resource_index/package_run_dependencies/draw_shape_interfaces
[0.671s] -- Up-to-date: /home/yahboom/S24_RobotProgramming_Master/S24_RobotProgramming_eloquent/project_ws/install/draw_shape_interfaces/share/ament_index/resource_index/parent_prefix_path/draw_shape_interfaces
[0.672s] -- Up-to-date: /home/yahboom/S24_RobotProgramming_Master/S24_RobotProgramming_eloquent/project_ws/install/draw_shape_interfaces/share/draw_shape_interfaces/environment/ament_prefix_path.sh
[0.672s] -- Up-to-date: /home/yahboom/S24_RobotProgramming_Master/S24_RobotProgramming_eloquent/project_ws/install/draw_shape_interfaces/share/draw_shape_interfaces/environment/ament_prefix_path.dsv
[0.672s] -- Up-to-date: /home/yahboom/S24_RobotProgramming_Master/S24_RobotProgramming_eloquent/project_ws/install/draw_shape_interfaces/share/draw_shape_interfaces/environment/path.sh
[0.672s] -- Up-to-date: /home/yahboom/S24_RobotProgramming_Master/S24_RobotProgramming_eloquent/project_ws/install/draw_shape_interfaces/share/draw_shape_interfaces/environment/path.dsv
[0.672s] -- Up-to-date: /home/yahboom/S24_RobotProgramming_Master/S24_RobotProgramming_eloquent/project_ws/install/draw_shape_interfaces/share/draw_shape_interfaces/local_setup.bash
[0.672s] -- Up-to-date: /home/yahboom/S24_RobotProgramming_Master/S24_RobotProgramming_eloquent/project_ws/install/draw_shape_interfaces/share/draw_shape_interfaces/local_setup.sh
[0.673s] -- Up-to-date: /home/yahboom/S24_RobotProgramming_Master/S24_RobotProgramming_eloquent/project_ws/install/draw_shape_interfaces/share/draw_shape_interfaces/local_setup.zsh
[0.673s] -- Up-to-date: /home/yahboom/S24_RobotProgramming_Master/S24_RobotProgramming_eloquent/project_ws/install/draw_shape_interfaces/share/draw_shape_interfaces/local_setup.dsv
[0.673s] -- Installing: /home/yahboom/S24_RobotProgramming_Master/S24_RobotProgramming_eloquent/project_ws/install/draw_shape_interfaces/share/draw_shape_interfaces/package.dsv
[0.673s] -- Up-to-date: /home/yahboom/S24_RobotProgramming_Master/S24_RobotProgramming_eloquent/project_ws/install/draw_shape_interfaces/share/ament_index/resource_index/packages/draw_shape_interfaces
[0.673s] -- Up-to-date: /home/yahboom/S24_RobotProgramming_Master/S24_RobotProgramming_eloquent/project_ws/install/draw_shape_interfaces/share/draw_shape_interfaces/cmake/draw_shape_interfaces__rosidl_generator_cExport.cmake
[0.674s] -- Up-to-date: /home/yahboom/S24_RobotProgramming_Master/S24_RobotProgramming_eloquent/project_ws/install/draw_shape_interfaces/share/draw_shape_interfaces/cmake/draw_shape_interfaces__rosidl_generator_cExport-noconfig.cmake
[0.674s] -- Up-to-date: /home/yahboom/S24_RobotProgramming_Master/S24_RobotProgramming_eloquent/project_ws/install/draw_shape_interfaces/share/draw_shape_interfaces/cmake/draw_shape_interfaces__rosidl_typesupport_introspection_cExport.cmake
[0.674s] -- Up-to-date: /home/yahboom/S24_RobotProgramming_Master/S24_RobotProgramming_eloquent/project_ws/install/draw_shape_interfaces/share/draw_shape_interfaces/cmake/draw_shape_interfaces__rosidl_typesupport_introspection_cExport-noconfig.cmake
[0.674s] -- Up-to-date: /home/yahboom/S24_RobotProgramming_Master/S24_RobotProgramming_eloquent/project_ws/install/draw_shape_interfaces/share/draw_shape_interfaces/cmake/draw_shape_interfaces__rosidl_typesupport_cExport.cmake
[0.674s] -- Up-to-date: /home/yahboom/S24_RobotProgramming_Master/S24_RobotProgramming_eloquent/project_ws/install/draw_shape_interfaces/share/draw_shape_interfaces/cmake/draw_shape_interfaces__rosidl_typesupport_cExport-noconfig.cmake
[0.675s] -- Up-to-date: /home/yahboom/S24_RobotProgramming_Master/S24_RobotProgramming_eloquent/project_ws/install/draw_shape_interfaces/share/draw_shape_interfaces/cmake/draw_shape_interfaces__rosidl_generator_cppExport.cmake
[0.675s] -- Up-to-date: /home/yahboom/S24_RobotProgramming_Master/S24_RobotProgramming_eloquent/project_ws/install/draw_shape_interfaces/share/draw_shape_interfaces/cmake/draw_shape_interfaces__rosidl_typesupport_introspection_cppExport.cmake
[0.675s] -- Up-to-date: /home/yahboom/S24_RobotProgramming_Master/S24_RobotProgramming_eloquent/project_ws/install/draw_shape_interfaces/share/draw_shape_interfaces/cmake/draw_shape_interfaces__rosidl_typesupport_introspection_cppExport-noconfig.cmake
[0.675s] -- Up-to-date: /home/yahboom/S24_RobotProgramming_Master/S24_RobotProgramming_eloquent/project_ws/install/draw_shape_interfaces/share/draw_shape_interfaces/cmake/draw_shape_interfaces__rosidl_typesupport_cppExport.cmake
[0.675s] -- Up-to-date: /home/yahboom/S24_RobotProgramming_Master/S24_RobotProgramming_eloquent/project_ws/install/draw_shape_interfaces/share/draw_shape_interfaces/cmake/draw_shape_interfaces__rosidl_typesupport_cppExport-noconfig.cmake
[0.675s] -- Up-to-date: /home/yahboom/S24_RobotProgramming_Master/S24_RobotProgramming_eloquent/project_ws/install/draw_shape_interfaces/share/draw_shape_interfaces/cmake/rosidl_cmake-extras.cmake
[0.675s] -- Up-to-date: /home/yahboom/S24_RobotProgramming_Master/S24_RobotProgramming_eloquent/project_ws/install/draw_shape_interfaces/share/draw_shape_interfaces/cmake/ament_cmake_export_dependencies-extras.cmake
[0.675s] -- Up-to-date: /home/yahboom/S24_RobotProgramming_Master/S24_RobotProgramming_eloquent/project_ws/install/draw_shape_interfaces/share/draw_shape_interfaces/cmake/ament_cmake_export_libraries-extras.cmake
[0.675s] -- Up-to-date: /home/yahboom/S24_RobotProgramming_Master/S24_RobotProgramming_eloquent/project_ws/install/draw_shape_interfaces/share/draw_shape_interfaces/cmake/ament_cmake_export_targets-extras.cmake
[0.675s] -- Up-to-date: /home/yahboom/S24_RobotProgramming_Master/S24_RobotProgramming_eloquent/project_ws/install/draw_shape_interfaces/share/draw_shape_interfaces/cmake/ament_cmake_export_include_directories-extras.cmake
[0.675s] -- Up-to-date: /home/yahboom/S24_RobotProgramming_Master/S24_RobotProgramming_eloquent/project_ws/install/draw_shape_interfaces/share/draw_shape_interfaces/cmake/rosidl_cmake_export_typesupport_libraries-extras.cmake
[0.676s] -- Up-to-date: /home/yahboom/S24_RobotProgramming_Master/S24_RobotProgramming_eloquent/project_ws/install/draw_shape_interfaces/share/draw_shape_interfaces/cmake/rosidl_cmake_export_typesupport_targets-extras.cmake
[0.676s] -- Up-to-date: /home/yahboom/S24_RobotProgramming_Master/S24_RobotProgramming_eloquent/project_ws/install/draw_shape_interfaces/share/draw_shape_interfaces/cmake/draw_shape_interfacesConfig.cmake
[0.676s] -- Up-to-date: /home/yahboom/S24_RobotProgramming_Master/S24_RobotProgramming_eloquent/project_ws/install/draw_shape_interfaces/share/draw_shape_interfaces/cmake/draw_shape_interfacesConfig-version.cmake
[0.676s] -- Up-to-date: /home/yahboom/S24_RobotProgramming_Master/S24_RobotProgramming_eloquent/project_ws/install/draw_shape_interfaces/share/draw_shape_interfaces/package.xml
[0.679s] Invoked command in '/home/yahboom/S24_RobotProgramming_Master/S24_RobotProgramming_eloquent/project_ws/build/draw_shape_interfaces' returned '0': CMAKE_PREFIX_PATH=${CMAKE_PREFIX_PATH}:/home/yahboom/S24_RobotProgramming_Master/S24_RobotProgramming_eloquent/project_ws/install/rosmaster_sim:/home/yahboom/S24_RobotProgramming_Master/S24_RobotProgramming_eloquent/project_ws/install/draw_shape:/home/yahboom/yahboomcar_ros2_ws/yahboomcar_ws/install/yahboomcar_voice_ctrl:/home/yahboom/yahboomcar_ros2_ws/yahboomcar_ws/install/yahboomcar_visual:/home/yahboom/yahboomcar_ros2_ws/yahboomcar_ws/install/yahboomcar_rviz:/home/yahboom/yahboomcar_ros2_ws/yahboomcar_ws/install/yahboomcar_nav:/home/yahboom/yahboomcar_ros2_ws/yahboomcar_ws/install/yahboomcar_multi:/home/yahboom/yahboomcar_ros2_ws/yahboomcar_ws/install/yahboomcar_mediapipe:/home/yahboom/yahboomcar_ros2_ws/yahboomcar_ws/install/yahboomcar_linefollow:/home/yahboom/yahboomcar_ros2_ws/yahboomcar_ws/install/yahboomcar_laser:/home/yahboom/yahboomcar_ros2_ws/yahboomcar_ws/install/yahboomcar_description_x1:/home/yahboom/yahboomcar_ros2_ws/yahboomcar_ws/install/yahboomcar_description:/home/yahboom/yahboomcar_ros2_ws/yahboomcar_ws/install/yahboomcar_ctrl:/home/yahboom/yahboomcar_ros2_ws/yahboomcar_ws/install/yahboomcar_bringup:/home/yahboom/yahboomcar_ros2_ws/yahboomcar_ws/install/yahboomcar_astra:/home/yahboom/yahboomcar_ros2_ws/yahboomcar_ws/install/robot_pose_publisher:/home/yahboom/yahboomcar_ros2_ws/yahboomcar_ws/install/laserscan_to_point_pulisher:/opt/ros/foxy /usr/bin/cmake --install /home/yahboom/S24_RobotProgramming_Master/S24_RobotProgramming_eloquent/project_ws/build/draw_shape_interfaces
