[0.047s] Invoking command in '/home/yahboom/S24_RobotProgramming_Master/S24_RobotProgramming_eloquent/project_ws/build/draw_shape_interfaces': CMAKE_PREFIX_PATH=${CMAKE_PREFIX_PATH}:/home/yahboom/yahboomcar_ros2_ws/yahboomcar_ws/install/yahboomcar_voice_ctrl:/home/yahboom/yahboomcar_ros2_ws/yahboomcar_ws/install/yahboomcar_visual:/home/yahboom/yahboomcar_ros2_ws/yahboomcar_ws/install/yahboomcar_rviz:/home/yahboom/yahboomcar_ros2_ws/yahboomcar_ws/install/yahboomcar_nav:/home/yahboom/yahboomcar_ros2_ws/yahboomcar_ws/install/yahboomcar_multi:/home/yahboom/yahboomcar_ros2_ws/yahboomcar_ws/install/yahboomcar_mediapipe:/home/yahboom/yahboomcar_ros2_ws/yahboomcar_ws/install/yahboomcar_linefollow:/home/yahboom/yahboomcar_ros2_ws/yahboomcar_ws/install/yahboomcar_laser:/home/yahboom/yahboomcar_ros2_ws/yahboomcar_ws/install/yahboomcar_description_x1:/home/yahboom/yahboomcar_ros2_ws/yahboomcar_ws/install/yahboomcar_description:/home/yahboom/yahboomcar_ros2_ws/yahboomcar_ws/install/yahboomcar_ctrl:/home/yahboom/yahboomcar_ros2_ws/yahboomcar_ws/install/yahboomcar_bringup:/home/yahboom/yahboomcar_ros2_ws/yahboomcar_ws/install/yahboomcar_astra:/home/yahboom/yahboomcar_ros2_ws/yahboomcar_ws/install/robot_pose_publisher:/home/yahboom/yahboomcar_ros2_ws/yahboomcar_ws/install/laserscan_to_point_pulisher:/opt/ros/foxy /usr/bin/cmake --build /home/yahboom/S24_RobotProgramming_Master/S24_RobotProgramming_eloquent/project_ws/build/draw_shape_interfaces -- -j4 -l4
[0.215s] [  2%] Built target draw_shape_interfaces__cpp
[0.222s] [ 12%] Built target draw_shape_interfaces__rosidl_generator_c
[0.264s] [ 23%] Built target draw_shape_interfaces__rosidl_typesupport_introspection_cpp
[0.281s] [ 33%] Built target draw_shape_interfaces__rosidl_typesupport_fastrtps_cpp
[0.282s] [ 43%] Built target draw_shape_interfaces__rosidl_typesupport_c
[0.295s] [ 53%] Built target draw_shape_interfaces__rosidl_typesupport_cpp
[0.315s] [ 64%] Built target draw_shape_interfaces__rosidl_typesupport_introspection_c
[0.330s] [ 74%] Built target draw_shape_interfaces__rosidl_typesupport_fastrtps_c
[0.363s] [ 74%] Built target draw_shape_interfaces
[0.395s] [ 76%] Built target draw_shape_interfaces__py
[0.435s] [ 84%] Built target draw_shape_interfaces__python
[0.481s] [ 89%] Built target draw_shape_interfaces__rosidl_typesupport_introspection_c__pyext
[0.483s] [ 94%] Built target draw_shape_interfaces__rosidl_typesupport_c__pyext
[0.492s] [100%] Built target draw_shape_interfaces__rosidl_typesupport_fastrtps_c__pyext
[0.508s] Invoked command in '/home/yahboom/S24_RobotProgramming_Master/S24_RobotProgramming_eloquent/project_ws/build/draw_shape_interfaces' returned '0': CMAKE_PREFIX_PATH=${CMAKE_PREFIX_PATH}:/home/yahboom/yahboomcar_ros2_ws/yahboomcar_ws/install/yahboomcar_voice_ctrl:/home/yahboom/yahboomcar_ros2_ws/yahboomcar_ws/install/yahboomcar_visual:/home/yahboom/yahboomcar_ros2_ws/yahboomcar_ws/install/yahboomcar_rviz:/home/yahboom/yahboomcar_ros2_ws/yahboomcar_ws/install/yahboomcar_nav:/home/yahboom/yahboomcar_ros2_ws/yahboomcar_ws/install/yahboomcar_multi:/home/yahboom/yahboomcar_ros2_ws/yahboomcar_ws/install/yahboomcar_mediapipe:/home/yahboom/yahboomcar_ros2_ws/yahboomcar_ws/install/yahboomcar_linefollow:/home/yahboom/yahboomcar_ros2_ws/yahboomcar_ws/install/yahboomcar_laser:/home/yahboom/yahboomcar_ros2_ws/yahboomcar_ws/install/yahboomcar_description_x1:/home/yahboom/yahboomcar_ros2_ws/yahboomcar_ws/install/yahboomcar_description:/home/yahboom/yahboomcar_ros2_ws/yahboomcar_ws/install/yahboomcar_ctrl:/home/yahboom/yahboomcar_ros2_ws/yahboomcar_ws/install/yahboomcar_bringup:/home/yahboom/yahboomcar_ros2_ws/yahboomcar_ws/install/yahboomcar_astra:/home/yahboom/yahboomcar_ros2_ws/yahboomcar_ws/install/robot_pose_publisher:/home/yahboom/yahboomcar_ros2_ws/yahboomcar_ws/install/laserscan_to_point_pulisher:/opt/ros/foxy /usr/bin/cmake --build /home/yahboom/S24_RobotProgramming_Master/S24_RobotProgramming_eloquent/project_ws/build/draw_shape_interfaces -- -j4 -l4
[0.643s] Invoking command in '/home/yahboom/S24_RobotProgramming_Master/S24_RobotProgramming_eloquent/project_ws/build/draw_shape_interfaces': CMAKE_PREFIX_PATH=${CMAKE_PREFIX_PATH}:/home/yahboom/yahboomcar_ros2_ws/yahboomcar_ws/install/yahboomcar_voice_ctrl:/home/yahboom/yahboomcar_ros2_ws/yahboomcar_ws/install/yahboomcar_visual:/home/yahboom/yahboomcar_ros2_ws/yahboomcar_ws/install/yahboomcar_rviz:/home/yahboom/yahboomcar_ros2_ws/yahboomcar_ws/install/yahboomcar_nav:/home/yahboom/yahboomcar_ros2_ws/yahboomcar_ws/install/yahboomcar_multi:/home/yahboom/yahboomcar_ros2_ws/yahboomcar_ws/install/yahboomcar_mediapipe:/home/yahboom/yahboomcar_ros2_ws/yahboomcar_ws/install/yahboomcar_linefollow:/home/yahboom/yahboomcar_ros2_ws/yahboomcar_ws/install/yahboomcar_laser:/home/yahboom/yahboomcar_ros2_ws/yahboomcar_ws/install/yahboomcar_description_x1:/home/yahboom/yahboomcar_ros2_ws/yahboomcar_ws/install/yahboomcar_description:/home/yahboom/yahboomcar_ros2_ws/yahboomcar_ws/install/yahboomcar_ctrl:/home/yahboom/yahboomcar_ros2_ws/yahboomcar_ws/install/yahboomcar_bringup:/home/yahboom/yahboomcar_ros2_ws/yahboomcar_ws/install/yahboomcar_astra:/home/yahboom/yahboomcar_ros2_ws/yahboomcar_ws/install/robot_pose_publisher:/home/yahboom/yahboomcar_ros2_ws/yahboomcar_ws/install/laserscan_to_point_pulisher:/opt/ros/foxy /usr/bin/cmake --install /home/yahboom/S24_RobotProgramming_Master/S24_RobotProgramming_eloquent/project_ws/build/draw_shape_interfaces
[0.654s] -- Install configuration: ""
[0.655s] -- Up-to-date: /home/yahboom/S24_RobotProgramming_Master/S24_RobotProgramming_eloquent/project_ws/install/draw_shape_interfaces/share/ament_index/resource_index/rosidl_interfaces/draw_shape_interfaces
[0.655s] -- Up-to-date: /home/yahboom/S24_RobotProgramming_Master/S24_RobotProgramming_eloquent/project_ws/install/draw_shape_interfaces/include/draw_shape_interfaces
[0.655s] -- Up-to-date: /home/yahboom/S24_RobotProgramming_Master/S24_RobotProgramming_eloquent/project_ws/install/draw_shape_interfaces/include/draw_shape_interfaces/msg
[0.655s] -- Up-to-date: /home/yahboom/S24_RobotProgramming_Master/S24_RobotProgramming_eloquent/project_ws/install/draw_shape_interfaces/include/draw_shape_interfaces/msg/rosidl_generator_c__visibility_control.h
[0.655s] -- Up-to-date: /home/yahboom/S24_RobotProgramming_Master/S24_RobotProgramming_eloquent/project_ws/install/draw_shape_interfaces/include/draw_shape_interfaces/msg/shape_def.h
[0.655s] -- Up-to-date: /home/yahboom/S24_RobotProgramming_Master/S24_RobotProgramming_eloquent/project_ws/install/draw_shape_interfaces/include/draw_shape_interfaces/msg/detail
[0.655s] -- Up-to-date: /home/yahboom/S24_RobotProgramming_Master/S24_RobotProgramming_eloquent/project_ws/install/draw_shape_interfaces/include/draw_shape_interfaces/msg/detail/shape_def__struct.h
[0.655s] -- Up-to-date: /home/yahboom/S24_RobotProgramming_Master/S24_RobotProgramming_eloquent/project_ws/install/draw_shape_interfaces/include/draw_shape_interfaces/msg/detail/shape_def__functions.h
[0.655s] -- Up-to-date: /home/yahboom/S24_RobotProgramming_Master/S24_RobotProgramming_eloquent/project_ws/install/draw_shape_interfaces/include/draw_shape_interfaces/msg/detail/shape_def__functions.c
[0.655s] -- Up-to-date: /home/yahboom/S24_RobotProgramming_Master/S24_RobotProgramming_eloquent/project_ws/install/draw_shape_interfaces/include/draw_shape_interfaces/msg/detail/shape_def__type_support.h
[0.655s] -- Up-to-date: /home/yahboom/S24_RobotProgramming_Master/S24_RobotProgramming_eloquent/project_ws/install/draw_shape_interfaces/include/draw_shape_interfaces/srv
[0.655s] -- Up-to-date: /home/yahboom/S24_RobotProgramming_Master/S24_RobotProgramming_eloquent/project_ws/install/draw_shape_interfaces/include/draw_shape_interfaces/srv/go_to_point.h
[0.655s] -- Up-to-date: /home/yahboom/S24_RobotProgramming_Master/S24_RobotProgramming_eloquent/project_ws/install/draw_shape_interfaces/include/draw_shape_interfaces/srv/detail
[0.655s] -- Up-to-date: /home/yahboom/S24_RobotProgramming_Master/S24_RobotProgramming_eloquent/project_ws/install/draw_shape_interfaces/include/draw_shape_interfaces/srv/detail/go_to_point__type_support.h
[0.664s] -- Up-to-date: /home/yahboom/S24_RobotProgramming_Master/S24_RobotProgramming_eloquent/project_ws/install/draw_shape_interfaces/include/draw_shape_interfaces/srv/detail/go_to_point__functions.c
[0.664s] -- Up-to-date: /home/yahboom/S24_RobotProgramming_Master/S24_RobotProgramming_eloquent/project_ws/install/draw_shape_interfaces/include/draw_shape_interfaces/srv/detail/go_to_point__struct.h
[0.664s] -- Up-to-date: /home/yahboom/S24_RobotProgramming_Master/S24_RobotProgramming_eloquent/project_ws/install/draw_shape_interfaces/include/draw_shape_interfaces/srv/detail/go_to_point__functions.h
[0.664s] -- Up-to-date: /home/yahboom/S24_RobotProgramming_Master/S24_RobotProgramming_eloquent/project_ws/install/draw_shape_interfaces/share/draw_shape_interfaces/environment/library_path.sh
[0.664s] -- Up-to-date: /home/yahboom/S24_RobotProgramming_Master/S24_RobotProgramming_eloquent/project_ws/install/draw_shape_interfaces/share/draw_shape_interfaces/environment/library_path.dsv
[0.664s] -- Up-to-date: /home/yahboom/S24_RobotProgramming_Master/S24_RobotProgramming_eloquent/project_ws/install/draw_shape_interfaces/lib/libdraw_shape_interfaces__rosidl_generator_c.so
[0.664s] -- Up-to-date: /home/yahboom/S24_RobotProgramming_Master/S24_RobotProgramming_eloquent/project_ws/install/draw_shape_interfaces/include/draw_shape_interfaces
[0.664s] -- Up-to-date: /home/yahboom/S24_RobotProgramming_Master/S24_RobotProgramming_eloquent/project_ws/install/draw_shape_interfaces/include/draw_shape_interfaces/msg
[0.664s] -- Up-to-date: /home/yahboom/S24_RobotProgramming_Master/S24_RobotProgramming_eloquent/project_ws/install/draw_shape_interfaces/include/draw_shape_interfaces/msg/detail
[0.665s] -- Up-to-date: /home/yahboom/S24_RobotProgramming_Master/S24_RobotProgramming_eloquent/project_ws/install/draw_shape_interfaces/include/draw_shape_interfaces/msg/detail/shape_def__rosidl_typesupport_fastrtps_c.h
[0.665s] -- Up-to-date: /home/yahboom/S24_RobotProgramming_Master/S24_RobotProgramming_eloquent/project_ws/install/draw_shape_interfaces/include/draw_shape_interfaces/msg/rosidl_typesupport_fastrtps_c__visibility_control.h
[0.665s] -- Up-to-date: /home/yahboom/S24_RobotProgramming_Master/S24_RobotProgramming_eloquent/project_ws/install/draw_shape_interfaces/include/draw_shape_interfaces/srv
[0.665s] -- Up-to-date: /home/yahboom/S24_RobotProgramming_Master/S24_RobotProgramming_eloquent/project_ws/install/draw_shape_interfaces/include/draw_shape_interfaces/srv/detail
[0.665s] -- Up-to-date: /home/yahboom/S24_RobotProgramming_Master/S24_RobotProgramming_eloquent/project_ws/install/draw_shape_interfaces/include/draw_shape_interfaces/srv/detail/go_to_point__rosidl_typesupport_fastrtps_c.h
[0.665s] -- Up-to-date: /home/yahboom/S24_RobotProgramming_Master/S24_RobotProgramming_eloquent/project_ws/install/draw_shape_interfaces/lib/libdraw_shape_interfaces__rosidl_typesupport_fastrtps_c.so
[0.665s] -- Up-to-date: /home/yahboom/S24_RobotProgramming_Master/S24_RobotProgramming_eloquent/project_ws/install/draw_shape_interfaces/include/draw_shape_interfaces
[0.665s] -- Up-to-date: /home/yahboom/S24_RobotProgramming_Master/S24_RobotProgramming_eloquent/project_ws/install/draw_shape_interfaces/include/draw_shape_interfaces/msg
[0.665s] -- Up-to-date: /home/yahboom/S24_RobotProgramming_Master/S24_RobotProgramming_eloquent/project_ws/install/draw_shape_interfaces/include/draw_shape_interfaces/msg/detail
[0.665s] -- Up-to-date: /home/yahboom/S24_RobotProgramming_Master/S24_RobotProgramming_eloquent/project_ws/install/draw_shape_interfaces/include/draw_shape_interfaces/msg/detail/shape_def__rosidl_typesupport_fastrtps_cpp.hpp
[0.665s] -- Up-to-date: /home/yahboom/S24_RobotProgramming_Master/S24_RobotProgramming_eloquent/project_ws/install/draw_shape_interfaces/include/draw_shape_interfaces/msg/detail/dds_fastrtps
[0.665s] -- Up-to-date: /home/yahboom/S24_RobotProgramming_Master/S24_RobotProgramming_eloquent/project_ws/install/draw_shape_interfaces/include/draw_shape_interfaces/msg/rosidl_typesupport_fastrtps_cpp__visibility_control.h
[0.665s] -- Up-to-date: /home/yahboom/S24_RobotProgramming_Master/S24_RobotProgramming_eloquent/project_ws/install/draw_shape_interfaces/include/draw_shape_interfaces/srv
[0.665s] -- Up-to-date: /home/yahboom/S24_RobotProgramming_Master/S24_RobotProgramming_eloquent/project_ws/install/draw_shape_interfaces/include/draw_shape_interfaces/srv/detail
[0.665s] -- Up-to-date: /home/yahboom/S24_RobotProgramming_Master/S24_RobotProgramming_eloquent/project_ws/install/draw_shape_interfaces/include/draw_shape_interfaces/srv/detail/go_to_point__rosidl_typesupport_fastrtps_cpp.hpp
[0.665s] -- Up-to-date: /home/yahboom/S24_RobotProgramming_Master/S24_RobotProgramming_eloquent/project_ws/install/draw_shape_interfaces/include/draw_shape_interfaces/srv/detail/dds_fastrtps
[0.665s] -- Up-to-date: /home/yahboom/S24_RobotProgramming_Master/S24_RobotProgramming_eloquent/project_ws/install/draw_shape_interfaces/lib/libdraw_shape_interfaces__rosidl_typesupport_fastrtps_cpp.so
[0.665s] -- Up-to-date: /home/yahboom/S24_RobotProgramming_Master/S24_RobotProgramming_eloquent/project_ws/install/draw_shape_interfaces/include/draw_shape_interfaces
[0.666s] -- Up-to-date: /home/yahboom/S24_RobotProgramming_Master/S24_RobotProgramming_eloquent/project_ws/install/draw_shape_interfaces/include/draw_shape_interfaces/msg
[0.666s] -- Up-to-date: /home/yahboom/S24_RobotProgramming_Master/S24_RobotProgramming_eloquent/project_ws/install/draw_shape_interfaces/include/draw_shape_interfaces/msg/detail
[0.666s] -- Up-to-date: /home/yahboom/S24_RobotProgramming_Master/S24_RobotProgramming_eloquent/project_ws/install/draw_shape_interfaces/include/draw_shape_interfaces/msg/detail/shape_def__rosidl_typesupport_introspection_c.h
[0.666s] -- Up-to-date: /home/yahboom/S24_RobotProgramming_Master/S24_RobotProgramming_eloquent/project_ws/install/draw_shape_interfaces/include/draw_shape_interfaces/msg/detail/shape_def__type_support.c
[0.666s] -- Up-to-date: /home/yahboom/S24_RobotProgramming_Master/S24_RobotProgramming_eloquent/project_ws/install/draw_shape_interfaces/include/draw_shape_interfaces/msg/rosidl_typesupport_introspection_c__visibility_control.h
[0.666s] -- Up-to-date: /home/yahboom/S24_RobotProgramming_Master/S24_RobotProgramming_eloquent/project_ws/install/draw_shape_interfaces/include/draw_shape_interfaces/srv
[0.666s] -- Up-to-date: /home/yahboom/S24_RobotProgramming_Master/S24_RobotProgramming_eloquent/project_ws/install/draw_shape_interfaces/include/draw_shape_interfaces/srv/detail
[0.666s] -- Up-to-date: /home/yahboom/S24_RobotProgramming_Master/S24_RobotProgramming_eloquent/project_ws/install/draw_shape_interfaces/include/draw_shape_interfaces/srv/detail/go_to_point__rosidl_typesupport_introspection_c.h
[0.666s] -- Up-to-date: /home/yahboom/S24_RobotProgramming_Master/S24_RobotProgramming_eloquent/project_ws/install/draw_shape_interfaces/include/draw_shape_interfaces/srv/detail/go_to_point__type_support.c
[0.666s] -- Up-to-date: /home/yahboom/S24_RobotProgramming_Master/S24_RobotProgramming_eloquent/project_ws/install/draw_shape_interfaces/lib/libdraw_shape_interfaces__rosidl_typesupport_introspection_c.so
[0.666s] -- Up-to-date: /home/yahboom/S24_RobotProgramming_Master/S24_RobotProgramming_eloquent/project_ws/install/draw_shape_interfaces/lib/libdraw_shape_interfaces__rosidl_typesupport_c.so
[0.666s] -- Up-to-date: /home/yahboom/S24_RobotProgramming_Master/S24_RobotProgramming_eloquent/project_ws/install/draw_shape_interfaces/include/draw_shape_interfaces
[0.666s] -- Up-to-date: /home/yahboom/S24_RobotProgramming_Master/S24_RobotProgramming_eloquent/project_ws/install/draw_shape_interfaces/include/draw_shape_interfaces/msg
[0.666s] -- Up-to-date: /home/yahboom/S24_RobotProgramming_Master/S24_RobotProgramming_eloquent/project_ws/install/draw_shape_interfaces/include/draw_shape_interfaces/msg/detail
[0.666s] -- Up-to-date: /home/yahboom/S24_RobotProgramming_Master/S24_RobotProgramming_eloquent/project_ws/install/draw_shape_interfaces/include/draw_shape_interfaces/msg/detail/shape_def__traits.hpp
[0.666s] -- Up-to-date: /home/yahboom/S24_RobotProgramming_Master/S24_RobotProgramming_eloquent/project_ws/install/draw_shape_interfaces/include/draw_shape_interfaces/msg/detail/shape_def__builder.hpp
[0.666s] -- Up-to-date: /home/yahboom/S24_RobotProgramming_Master/S24_RobotProgramming_eloquent/project_ws/install/draw_shape_interfaces/include/draw_shape_interfaces/msg/detail/shape_def__struct.hpp
[0.666s] -- Up-to-date: /home/yahboom/S24_RobotProgramming_Master/S24_RobotProgramming_eloquent/project_ws/install/draw_shape_interfaces/include/draw_shape_interfaces/msg/shape_def.hpp
[0.667s] -- Up-to-date: /home/yahboom/S24_RobotProgramming_Master/S24_RobotProgramming_eloquent/project_ws/install/draw_shape_interfaces/include/draw_shape_interfaces/srv
[0.667s] -- Up-to-date: /home/yahboom/S24_RobotProgramming_Master/S24_RobotProgramming_eloquent/project_ws/install/draw_shape_interfaces/include/draw_shape_interfaces/srv/detail
[0.667s] -- Up-to-date: /home/yahboom/S24_RobotProgramming_Master/S24_RobotProgramming_eloquent/project_ws/install/draw_shape_interfaces/include/draw_shape_interfaces/srv/detail/go_to_point__traits.hpp
[0.667s] -- Up-to-date: /home/yahboom/S24_RobotProgramming_Master/S24_RobotProgramming_eloquent/project_ws/install/draw_shape_interfaces/include/draw_shape_interfaces/srv/detail/go_to_point__struct.hpp
[0.667s] -- Up-to-date: /home/yahboom/S24_RobotProgramming_Master/S24_RobotProgramming_eloquent/project_ws/install/draw_shape_interfaces/include/draw_shape_interfaces/srv/detail/go_to_point__builder.hpp
[0.667s] -- Up-to-date: /home/yahboom/S24_RobotProgramming_Master/S24_RobotProgramming_eloquent/project_ws/install/draw_shape_interfaces/include/draw_shape_interfaces/srv/go_to_point.hpp
[0.667s] -- Up-to-date: /home/yahboom/S24_RobotProgramming_Master/S24_RobotProgramming_eloquent/project_ws/install/draw_shape_interfaces/include/draw_shape_interfaces
[0.667s] -- Up-to-date: /home/yahboom/S24_RobotProgramming_Master/S24_RobotProgramming_eloquent/project_ws/install/draw_shape_interfaces/include/draw_shape_interfaces/msg
[0.667s] -- Up-to-date: /home/yahboom/S24_RobotProgramming_Master/S24_RobotProgramming_eloquent/project_ws/install/draw_shape_interfaces/include/draw_shape_interfaces/msg/detail
[0.667s] -- Up-to-date: /home/yahboom/S24_RobotProgramming_Master/S24_RobotProgramming_eloquent/project_ws/install/draw_shape_interfaces/include/draw_shape_interfaces/msg/detail/shape_def__rosidl_typesupport_introspection_cpp.hpp
[0.667s] -- Up-to-date: /home/yahboom/S24_RobotProgramming_Master/S24_RobotProgramming_eloquent/project_ws/install/draw_shape_interfaces/include/draw_shape_interfaces/msg/detail/shape_def__type_support.cpp
[0.667s] -- Up-to-date: /home/yahboom/S24_RobotProgramming_Master/S24_RobotProgramming_eloquent/project_ws/install/draw_shape_interfaces/include/draw_shape_interfaces/srv
[0.668s] -- Up-to-date: /home/yahboom/S24_RobotProgramming_Master/S24_RobotProgramming_eloquent/project_ws/install/draw_shape_interfaces/include/draw_shape_interfaces/srv/detail
[0.668s] -- Up-to-date: /home/yahboom/S24_RobotProgramming_Master/S24_RobotProgramming_eloquent/project_ws/install/draw_shape_interfaces/include/draw_shape_interfaces/srv/detail/go_to_point__type_support.cpp
[0.668s] -- Up-to-date: /home/yahboom/S24_RobotProgramming_Master/S24_RobotProgramming_eloquent/project_ws/install/draw_shape_interfaces/include/draw_shape_interfaces/srv/detail/go_to_point__rosidl_typesupport_introspection_cpp.hpp
[0.668s] -- Up-to-date: /home/yahboom/S24_RobotProgramming_Master/S24_RobotProgramming_eloquent/project_ws/install/draw_shape_interfaces/lib/libdraw_shape_interfaces__rosidl_typesupport_introspection_cpp.so
[0.668s] -- Up-to-date: /home/yahboom/S24_RobotProgramming_Master/S24_RobotProgramming_eloquent/project_ws/install/draw_shape_interfaces/lib/libdraw_shape_interfaces__rosidl_typesupport_cpp.so
[0.668s] -- Up-to-date: /home/yahboom/S24_RobotProgramming_Master/S24_RobotProgramming_eloquent/project_ws/install/draw_shape_interfaces/share/draw_shape_interfaces/environment/pythonpath.sh
[0.668s] -- Up-to-date: /home/yahboom/S24_RobotProgramming_Master/S24_RobotProgramming_eloquent/project_ws/install/draw_shape_interfaces/share/draw_shape_interfaces/environment/pythonpath.dsv
[0.668s] -- Up-to-date: /home/yahboom/S24_RobotProgramming_Master/S24_RobotProgramming_eloquent/project_ws/install/draw_shape_interfaces/lib/python3.8/site-packages/draw_shape_interfaces/__init__.py
[0.706s] -- Up-to-date: /home/yahboom/S24_RobotProgramming_Master/S24_RobotProgramming_eloquent/project_ws/install/draw_shape_interfaces/lib/python3.8/site-packages/draw_shape_interfaces/msg
[0.706s] -- Up-to-date: /home/yahboom/S24_RobotProgramming_Master/S24_RobotProgramming_eloquent/project_ws/install/draw_shape_interfaces/lib/python3.8/site-packages/draw_shape_interfaces/msg/_shape_def.py
[0.706s] -- Up-to-date: /home/yahboom/S24_RobotProgramming_Master/S24_RobotProgramming_eloquent/project_ws/install/draw_shape_interfaces/lib/python3.8/site-packages/draw_shape_interfaces/msg/__init__.py
[0.706s] -- Up-to-date: /home/yahboom/S24_RobotProgramming_Master/S24_RobotProgramming_eloquent/project_ws/install/draw_shape_interfaces/lib/python3.8/site-packages/draw_shape_interfaces/msg/_shape_def_s.c
[0.707s] -- Up-to-date: /home/yahboom/S24_RobotProgramming_Master/S24_RobotProgramming_eloquent/project_ws/install/draw_shape_interfaces/lib/python3.8/site-packages/draw_shape_interfaces/srv
[0.707s] -- Up-to-date: /home/yahboom/S24_RobotProgramming_Master/S24_RobotProgramming_eloquent/project_ws/install/draw_shape_interfaces/lib/python3.8/site-packages/draw_shape_interfaces/srv/_go_to_point_s.c
[0.707s] -- Up-to-date: /home/yahboom/S24_RobotProgramming_Master/S24_RobotProgramming_eloquent/project_ws/install/draw_shape_interfaces/lib/python3.8/site-packages/draw_shape_interfaces/srv/_go_to_point.py
[0.707s] -- Up-to-date: /home/yahboom/S24_RobotProgramming_Master/S24_RobotProgramming_eloquent/project_ws/install/draw_shape_interfaces/lib/python3.8/site-packages/draw_shape_interfaces/srv/__init__.py
[0.707s] -- Up-to-date: /home/yahboom/S24_RobotProgramming_Master/S24_RobotProgramming_eloquent/project_ws/install/draw_shape_interfaces/lib/python3.8/site-packages/draw_shape_interfaces/draw_shape_interfaces_s__rosidl_typesupport_fastrtps_c.cpython-38-x86_64-linux-gnu.so
[0.708s] -- Up-to-date: /home/yahboom/S24_RobotProgramming_Master/S24_RobotProgramming_eloquent/project_ws/install/draw_shape_interfaces/lib/python3.8/site-packages/draw_shape_interfaces/draw_shape_interfaces_s__rosidl_typesupport_introspection_c.cpython-38-x86_64-linux-gnu.so
[0.709s] -- Up-to-date: /home/yahboom/S24_RobotProgramming_Master/S24_RobotProgramming_eloquent/project_ws/install/draw_shape_interfaces/lib/python3.8/site-packages/draw_shape_interfaces/draw_shape_interfaces_s__rosidl_typesupport_c.cpython-38-x86_64-linux-gnu.so
[0.709s] -- Up-to-date: /home/yahboom/S24_RobotProgramming_Master/S24_RobotProgramming_eloquent/project_ws/install/draw_shape_interfaces/lib/libdraw_shape_interfaces__python.so
[0.710s] -- Up-to-date: /home/yahboom/S24_RobotProgramming_Master/S24_RobotProgramming_eloquent/project_ws/install/draw_shape_interfaces/share/draw_shape_interfaces/msg/ShapeDef.idl
[0.710s] -- Up-to-date: /home/yahboom/S24_RobotProgramming_Master/S24_RobotProgramming_eloquent/project_ws/install/draw_shape_interfaces/share/draw_shape_interfaces/srv/GoToPoint.idl
[0.710s] -- Up-to-date: /home/yahboom/S24_RobotProgramming_Master/S24_RobotProgramming_eloquent/project_ws/install/draw_shape_interfaces/share/draw_shape_interfaces/msg/ShapeDef.msg
[0.711s] -- Up-to-date: /home/yahboom/S24_RobotProgramming_Master/S24_RobotProgramming_eloquent/project_ws/install/draw_shape_interfaces/share/draw_shape_interfaces/srv/GoToPoint.srv
[0.711s] -- Up-to-date: /home/yahboom/S24_RobotProgramming_Master/S24_RobotProgramming_eloquent/project_ws/install/draw_shape_interfaces/share/draw_shape_interfaces/srv/GoToPoint_Request.msg
[0.711s] -- Up-to-date: /home/yahboom/S24_RobotProgramming_Master/S24_RobotProgramming_eloquent/project_ws/install/draw_shape_interfaces/share/draw_shape_interfaces/srv/GoToPoint_Response.msg
[0.711s] -- Up-to-date: /home/yahboom/S24_RobotProgramming_Master/S24_RobotProgramming_eloquent/project_ws/install/draw_shape_interfaces/share/ament_index/resource_index/package_run_dependencies/draw_shape_interfaces
[0.711s] -- Up-to-date: /home/yahboom/S24_RobotProgramming_Master/S24_RobotProgramming_eloquent/project_ws/install/draw_shape_interfaces/share/ament_index/resource_index/parent_prefix_path/draw_shape_interfaces
[0.712s] -- Up-to-date: /home/yahboom/S24_RobotProgramming_Master/S24_RobotProgramming_eloquent/project_ws/install/draw_shape_interfaces/share/draw_shape_interfaces/environment/ament_prefix_path.sh
[0.712s] -- Up-to-date: /home/yahboom/S24_RobotProgramming_Master/S24_RobotProgramming_eloquent/project_ws/install/draw_shape_interfaces/share/draw_shape_interfaces/environment/ament_prefix_path.dsv
[0.712s] -- Up-to-date: /home/yahboom/S24_RobotProgramming_Master/S24_RobotProgramming_eloquent/project_ws/install/draw_shape_interfaces/share/draw_shape_interfaces/environment/path.sh
[0.712s] -- Up-to-date: /home/yahboom/S24_RobotProgramming_Master/S24_RobotProgramming_eloquent/project_ws/install/draw_shape_interfaces/share/draw_shape_interfaces/environment/path.dsv
[0.712s] -- Up-to-date: /home/yahboom/S24_RobotProgramming_Master/S24_RobotProgramming_eloquent/project_ws/install/draw_shape_interfaces/share/draw_shape_interfaces/local_setup.bash
[0.712s] -- Up-to-date: /home/yahboom/S24_RobotProgramming_Master/S24_RobotProgramming_eloquent/project_ws/install/draw_shape_interfaces/share/draw_shape_interfaces/local_setup.sh
[0.712s] -- Up-to-date: /home/yahboom/S24_RobotProgramming_Master/S24_RobotProgramming_eloquent/project_ws/install/draw_shape_interfaces/share/draw_shape_interfaces/local_setup.zsh
[0.713s] -- Up-to-date: /home/yahboom/S24_RobotProgramming_Master/S24_RobotProgramming_eloquent/project_ws/install/draw_shape_interfaces/share/draw_shape_interfaces/local_setup.dsv
[0.713s] -- Installing: /home/yahboom/S24_RobotProgramming_Master/S24_RobotProgramming_eloquent/project_ws/install/draw_shape_interfaces/share/draw_shape_interfaces/package.dsv
[0.713s] -- Up-to-date: /home/yahboom/S24_RobotProgramming_Master/S24_RobotProgramming_eloquent/project_ws/install/draw_shape_interfaces/share/ament_index/resource_index/packages/draw_shape_interfaces
[0.713s] -- Up-to-date: /home/yahboom/S24_RobotProgramming_Master/S24_RobotProgramming_eloquent/project_ws/install/draw_shape_interfaces/share/draw_shape_interfaces/cmake/draw_shape_interfaces__rosidl_generator_cExport.cmake
[0.713s] -- Up-to-date: /home/yahboom/S24_RobotProgramming_Master/S24_RobotProgramming_eloquent/project_ws/install/draw_shape_interfaces/share/draw_shape_interfaces/cmake/draw_shape_interfaces__rosidl_generator_cExport-noconfig.cmake
[0.713s] -- Up-to-date: /home/yahboom/S24_RobotProgramming_Master/S24_RobotProgramming_eloquent/project_ws/install/draw_shape_interfaces/share/draw_shape_interfaces/cmake/draw_shape_interfaces__rosidl_typesupport_introspection_cExport.cmake
[0.713s] -- Up-to-date: /home/yahboom/S24_RobotProgramming_Master/S24_RobotProgramming_eloquent/project_ws/install/draw_shape_interfaces/share/draw_shape_interfaces/cmake/draw_shape_interfaces__rosidl_typesupport_introspection_cExport-noconfig.cmake
[0.714s] -- Up-to-date: /home/yahboom/S24_RobotProgramming_Master/S24_RobotProgramming_eloquent/project_ws/install/draw_shape_interfaces/share/draw_shape_interfaces/cmake/draw_shape_interfaces__rosidl_typesupport_cExport.cmake
[0.714s] -- Up-to-date: /home/yahboom/S24_RobotProgramming_Master/S24_RobotProgramming_eloquent/project_ws/install/draw_shape_interfaces/share/draw_shape_interfaces/cmake/draw_shape_interfaces__rosidl_typesupport_cExport-noconfig.cmake
[0.714s] -- Up-to-date: /home/yahboom/S24_RobotProgramming_Master/S24_RobotProgramming_eloquent/project_ws/install/draw_shape_interfaces/share/draw_shape_interfaces/cmake/draw_shape_interfaces__rosidl_generator_cppExport.cmake
[0.714s] -- Up-to-date: /home/yahboom/S24_RobotProgramming_Master/S24_RobotProgramming_eloquent/project_ws/install/draw_shape_interfaces/share/draw_shape_interfaces/cmake/draw_shape_interfaces__rosidl_typesupport_introspection_cppExport.cmake
[0.715s] -- Up-to-date: /home/yahboom/S24_RobotProgramming_Master/S24_RobotProgramming_eloquent/project_ws/install/draw_shape_interfaces/share/draw_shape_interfaces/cmake/draw_shape_interfaces__rosidl_typesupport_introspection_cppExport-noconfig.cmake
[0.715s] -- Up-to-date: /home/yahboom/S24_RobotProgramming_Master/S24_RobotProgramming_eloquent/project_ws/install/draw_shape_interfaces/share/draw_shape_interfaces/cmake/draw_shape_interfaces__rosidl_typesupport_cppExport.cmake
[0.715s] -- Up-to-date: /home/yahboom/S24_RobotProgramming_Master/S24_RobotProgramming_eloquent/project_ws/install/draw_shape_interfaces/share/draw_shape_interfaces/cmake/draw_shape_interfaces__rosidl_typesupport_cppExport-noconfig.cmake
[0.715s] -- Up-to-date: /home/yahboom/S24_RobotProgramming_Master/S24_RobotProgramming_eloquent/project_ws/install/draw_shape_interfaces/share/draw_shape_interfaces/cmake/rosidl_cmake-extras.cmake
[0.716s] -- Up-to-date: /home/yahboom/S24_RobotProgramming_Master/S24_RobotProgramming_eloquent/project_ws/install/draw_shape_interfaces/share/draw_shape_interfaces/cmake/ament_cmake_export_dependencies-extras.cmake
[0.716s] -- Up-to-date: /home/yahboom/S24_RobotProgramming_Master/S24_RobotProgramming_eloquent/project_ws/install/draw_shape_interfaces/share/draw_shape_interfaces/cmake/ament_cmake_export_libraries-extras.cmake
[0.716s] -- Up-to-date: /home/yahboom/S24_RobotProgramming_Master/S24_RobotProgramming_eloquent/project_ws/install/draw_shape_interfaces/share/draw_shape_interfaces/cmake/ament_cmake_export_targets-extras.cmake
[0.716s] -- Up-to-date: /home/yahboom/S24_RobotProgramming_Master/S24_RobotProgramming_eloquent/project_ws/install/draw_shape_interfaces/share/draw_shape_interfaces/cmake/ament_cmake_export_include_directories-extras.cmake
[0.716s] -- Up-to-date: /home/yahboom/S24_RobotProgramming_Master/S24_RobotProgramming_eloquent/project_ws/install/draw_shape_interfaces/share/draw_shape_interfaces/cmake/rosidl_cmake_export_typesupport_libraries-extras.cmake
[0.717s] -- Up-to-date: /home/yahboom/S24_RobotProgramming_Master/S24_RobotProgramming_eloquent/project_ws/install/draw_shape_interfaces/share/draw_shape_interfaces/cmake/rosidl_cmake_export_typesupport_targets-extras.cmake
[0.717s] -- Up-to-date: /home/yahboom/S24_RobotProgramming_Master/S24_RobotProgramming_eloquent/project_ws/install/draw_shape_interfaces/share/draw_shape_interfaces/cmake/draw_shape_interfacesConfig.cmake
[0.717s] -- Up-to-date: /home/yahboom/S24_RobotProgramming_Master/S24_RobotProgramming_eloquent/project_ws/install/draw_shape_interfaces/share/draw_shape_interfaces/cmake/draw_shape_interfacesConfig-version.cmake
[0.717s] -- Up-to-date: /home/yahboom/S24_RobotProgramming_Master/S24_RobotProgramming_eloquent/project_ws/install/draw_shape_interfaces/share/draw_shape_interfaces/package.xml
[0.721s] Invoked command in '/home/yahboom/S24_RobotProgramming_Master/S24_RobotProgramming_eloquent/project_ws/build/draw_shape_interfaces' returned '0': CMAKE_PREFIX_PATH=${CMAKE_PREFIX_PATH}:/home/yahboom/yahboomcar_ros2_ws/yahboomcar_ws/install/yahboomcar_voice_ctrl:/home/yahboom/yahboomcar_ros2_ws/yahboomcar_ws/install/yahboomcar_visual:/home/yahboom/yahboomcar_ros2_ws/yahboomcar_ws/install/yahboomcar_rviz:/home/yahboom/yahboomcar_ros2_ws/yahboomcar_ws/install/yahboomcar_nav:/home/yahboom/yahboomcar_ros2_ws/yahboomcar_ws/install/yahboomcar_multi:/home/yahboom/yahboomcar_ros2_ws/yahboomcar_ws/install/yahboomcar_mediapipe:/home/yahboom/yahboomcar_ros2_ws/yahboomcar_ws/install/yahboomcar_linefollow:/home/yahboom/yahboomcar_ros2_ws/yahboomcar_ws/install/yahboomcar_laser:/home/yahboom/yahboomcar_ros2_ws/yahboomcar_ws/install/yahboomcar_description_x1:/home/yahboom/yahboomcar_ros2_ws/yahboomcar_ws/install/yahboomcar_description:/home/yahboom/yahboomcar_ros2_ws/yahboomcar_ws/install/yahboomcar_ctrl:/home/yahboom/yahboomcar_ros2_ws/yahboomcar_ws/install/yahboomcar_bringup:/home/yahboom/yahboomcar_ros2_ws/yahboomcar_ws/install/yahboomcar_astra:/home/yahboom/yahboomcar_ros2_ws/yahboomcar_ws/install/robot_pose_publisher:/home/yahboom/yahboomcar_ros2_ws/yahboomcar_ws/install/laserscan_to_point_pulisher:/opt/ros/foxy /usr/bin/cmake --install /home/yahboom/S24_RobotProgramming_Master/S24_RobotProgramming_eloquent/project_ws/build/draw_shape_interfaces
