[0.683s] Invoking command in '/home/yahboom/S24_RobotProgramming_eloquent/lab6/roscourse_sim-ws/src/my_robot': PYTHONPATH=/home/yahboom/S24_RobotProgramming_eloquent/lab6/roscourse_sim-ws/build/my_robot/prefix_override:/home/yahboom/S24_RobotProgramming_eloquent/lab6/roscourse_sim-ws/install/my_robot/lib/python3.8/site-packages:${PYTHONPATH} /usr/bin/python3 setup.py egg_info --egg-base ../../build/my_robot build --build-base /home/yahboom/S24_RobotProgramming_eloquent/lab6/roscourse_sim-ws/build/my_robot/build install --record /home/yahboom/S24_RobotProgramming_eloquent/lab6/roscourse_sim-ws/build/my_robot/install.log --install-scripts $base/lib/my_robot --single-version-externally-managed
[0.915s] running egg_info
[0.916s] writing ../../build/my_robot/my_robot.egg-info/PKG-INFO
[0.916s] writing dependency_links to ../../build/my_robot/my_robot.egg-info/dependency_links.txt
[0.917s] writing entry points to ../../build/my_robot/my_robot.egg-info/entry_points.txt
[0.918s] writing requirements to ../../build/my_robot/my_robot.egg-info/requires.txt
[0.918s] writing top-level names to ../../build/my_robot/my_robot.egg-info/top_level.txt
[0.957s] reading manifest file '../../build/my_robot/my_robot.egg-info/SOURCES.txt'
[0.958s] writing manifest file '../../build/my_robot/my_robot.egg-info/SOURCES.txt'
[0.958s] running build
[0.958s] running build_py
[0.958s] running install
[0.959s] running install_lib
[0.960s] running install_data
[0.961s] copying urdf/my_robot.urdf.xacro -> /home/yahboom/S24_RobotProgramming_eloquent/lab6/roscourse_sim-ws/install/my_robot/share/my_robot
[0.962s] running install_egg_info
[0.964s] removing '/home/yahboom/S24_RobotProgramming_eloquent/lab6/roscourse_sim-ws/install/my_robot/lib/python3.8/site-packages/my_robot-0.0.0-py3.8.egg-info' (and everything under it)
[0.964s] Copying ../../build/my_robot/my_robot.egg-info to /home/yahboom/S24_RobotProgramming_eloquent/lab6/roscourse_sim-ws/install/my_robot/lib/python3.8/site-packages/my_robot-0.0.0-py3.8.egg-info
[0.965s] running install_scripts
[0.983s] writing list of installed files to '/home/yahboom/S24_RobotProgramming_eloquent/lab6/roscourse_sim-ws/build/my_robot/install.log'
[1.000s] Invoked command in '/home/yahboom/S24_RobotProgramming_eloquent/lab6/roscourse_sim-ws/src/my_robot' returned '0': PYTHONPATH=/home/yahboom/S24_RobotProgramming_eloquent/lab6/roscourse_sim-ws/build/my_robot/prefix_override:/home/yahboom/S24_RobotProgramming_eloquent/lab6/roscourse_sim-ws/install/my_robot/lib/python3.8/site-packages:${PYTHONPATH} /usr/bin/python3 setup.py egg_info --egg-base ../../build/my_robot build --build-base /home/yahboom/S24_RobotProgramming_eloquent/lab6/roscourse_sim-ws/build/my_robot/build install --record /home/yahboom/S24_RobotProgramming_eloquent/lab6/roscourse_sim-ws/build/my_robot/install.log --install-scripts $base/lib/my_robot --single-version-externally-managed
