[0.750s] Invoking command in '/home/yahboom/S24_RobotProgramming_eloquent/roscourse_sim_ws/src/my_robot': PYTHONPATH=/home/yahboom/S24_RobotProgramming_eloquent/roscourse_sim_ws/src/build/my_robot/prefix_override:/home/yahboom/S24_RobotProgramming_eloquent/roscourse_sim_ws/src/install/my_robot/lib/python3.8/site-packages:${PYTHONPATH} /usr/bin/python3 setup.py egg_info --egg-base ../build/my_robot build --build-base /home/yahboom/S24_RobotProgramming_eloquent/roscourse_sim_ws/src/build/my_robot/build install --record /home/yahboom/S24_RobotProgramming_eloquent/roscourse_sim_ws/src/build/my_robot/install.log --install-scripts $base/lib/my_robot --single-version-externally-managed
[0.941s] running egg_info
[0.942s] creating ../build/my_robot/my_robot.egg-info
[0.942s] writing ../build/my_robot/my_robot.egg-info/PKG-INFO
[0.942s] writing dependency_links to ../build/my_robot/my_robot.egg-info/dependency_links.txt
[0.942s] writing entry points to ../build/my_robot/my_robot.egg-info/entry_points.txt
[0.942s] writing requirements to ../build/my_robot/my_robot.egg-info/requires.txt
[0.942s] writing top-level names to ../build/my_robot/my_robot.egg-info/top_level.txt
[0.947s] writing manifest file '../build/my_robot/my_robot.egg-info/SOURCES.txt'
[0.978s] reading manifest file '../build/my_robot/my_robot.egg-info/SOURCES.txt'
[0.979s] writing manifest file '../build/my_robot/my_robot.egg-info/SOURCES.txt'
[0.979s] running build
[0.979s] running build_py
[0.980s] creating /home/yahboom/S24_RobotProgramming_eloquent/roscourse_sim_ws/src/build/my_robot/build
[0.980s] creating /home/yahboom/S24_RobotProgramming_eloquent/roscourse_sim_ws/src/build/my_robot/build/lib
[0.980s] creating /home/yahboom/S24_RobotProgramming_eloquent/roscourse_sim_ws/src/build/my_robot/build/lib/my_robot
[0.980s] copying my_robot/__init__.py -> /home/yahboom/S24_RobotProgramming_eloquent/roscourse_sim_ws/src/build/my_robot/build/lib/my_robot
[0.980s] running install
[0.980s] running install_lib
[0.981s] creating /home/yahboom/S24_RobotProgramming_eloquent/roscourse_sim_ws/src/install/my_robot/lib/python3.8/site-packages/my_robot
[0.981s] copying /home/yahboom/S24_RobotProgramming_eloquent/roscourse_sim_ws/src/build/my_robot/build/lib/my_robot/__init__.py -> /home/yahboom/S24_RobotProgramming_eloquent/roscourse_sim_ws/src/install/my_robot/lib/python3.8/site-packages/my_robot
[0.982s] byte-compiling /home/yahboom/S24_RobotProgramming_eloquent/roscourse_sim_ws/src/install/my_robot/lib/python3.8/site-packages/my_robot/__init__.py to __init__.cpython-38.pyc
[0.983s] running install_data
[0.983s] creating /home/yahboom/S24_RobotProgramming_eloquent/roscourse_sim_ws/src/install/my_robot/share/ament_index
[0.983s] creating /home/yahboom/S24_RobotProgramming_eloquent/roscourse_sim_ws/src/install/my_robot/share/ament_index/resource_index
[0.984s] creating /home/yahboom/S24_RobotProgramming_eloquent/roscourse_sim_ws/src/install/my_robot/share/ament_index/resource_index/packages
[0.984s] copying resource/my_robot -> /home/yahboom/S24_RobotProgramming_eloquent/roscourse_sim_ws/src/install/my_robot/share/ament_index/resource_index/packages
[0.984s] copying package.xml -> /home/yahboom/S24_RobotProgramming_eloquent/roscourse_sim_ws/src/install/my_robot/share/my_robot
[0.984s] copying urdf/my_robot.urdf -> /home/yahboom/S24_RobotProgramming_eloquent/roscourse_sim_ws/src/install/my_robot/share/my_robot
[0.985s] creating /home/yahboom/S24_RobotProgramming_eloquent/roscourse_sim_ws/src/install/my_robot/share/my_robot/launch
[0.985s] copying launch/my_robot_rviz.launch.py -> /home/yahboom/S24_RobotProgramming_eloquent/roscourse_sim_ws/src/install/my_robot/share/my_robot/launch
[0.986s] copying rviz/my_robot.rviz -> /home/yahboom/S24_RobotProgramming_eloquent/roscourse_sim_ws/src/install/my_robot/share/my_robot
[0.986s] running install_egg_info
[0.988s] Copying ../build/my_robot/my_robot.egg-info to /home/yahboom/S24_RobotProgramming_eloquent/roscourse_sim_ws/src/install/my_robot/lib/python3.8/site-packages/my_robot-0.0.0-py3.8.egg-info
[0.989s] running install_scripts
[1.004s] writing list of installed files to '/home/yahboom/S24_RobotProgramming_eloquent/roscourse_sim_ws/src/build/my_robot/install.log'
[1.031s] Invoked command in '/home/yahboom/S24_RobotProgramming_eloquent/roscourse_sim_ws/src/my_robot' returned '0': PYTHONPATH=/home/yahboom/S24_RobotProgramming_eloquent/roscourse_sim_ws/src/build/my_robot/prefix_override:/home/yahboom/S24_RobotProgramming_eloquent/roscourse_sim_ws/src/install/my_robot/lib/python3.8/site-packages:${PYTHONPATH} /usr/bin/python3 setup.py egg_info --egg-base ../build/my_robot build --build-base /home/yahboom/S24_RobotProgramming_eloquent/roscourse_sim_ws/src/build/my_robot/build install --record /home/yahboom/S24_RobotProgramming_eloquent/roscourse_sim_ws/src/build/my_robot/install.log --install-scripts $base/lib/my_robot --single-version-externally-managed
