[0.591s] Invoking command in '/home/yahboom/ArchDocs/ArchDocs/S24_RobotProgramming_eloquent/lab6-7/roscourse_sim_ws/src/my_robot': PYTHONPATH=/home/yahboom/ArchDocs/ArchDocs/S24_RobotProgramming_eloquent/lab6-7/roscourse_sim_ws/build/my_robot/prefix_override:/home/yahboom/ArchDocs/ArchDocs/S24_RobotProgramming_eloquent/lab6-7/roscourse_sim_ws/install/my_robot/lib/python3.8/site-packages:${PYTHONPATH} /usr/bin/python3 setup.py egg_info --egg-base ../../build/my_robot build --build-base /home/yahboom/ArchDocs/ArchDocs/S24_RobotProgramming_eloquent/lab6-7/roscourse_sim_ws/build/my_robot/build install --record /home/yahboom/ArchDocs/ArchDocs/S24_RobotProgramming_eloquent/lab6-7/roscourse_sim_ws/build/my_robot/install.log --install-scripts $base/lib/my_robot --single-version-externally-managed
[0.782s] running egg_info
[0.783s] writing ../../build/my_robot/my_robot.egg-info/PKG-INFO
[0.784s] writing dependency_links to ../../build/my_robot/my_robot.egg-info/dependency_links.txt
[0.785s] writing entry points to ../../build/my_robot/my_robot.egg-info/entry_points.txt
[0.786s] writing requirements to ../../build/my_robot/my_robot.egg-info/requires.txt
[0.787s] writing top-level names to ../../build/my_robot/my_robot.egg-info/top_level.txt
[0.821s] reading manifest file '../../build/my_robot/my_robot.egg-info/SOURCES.txt'
[0.824s] writing manifest file '../../build/my_robot/my_robot.egg-info/SOURCES.txt'
[0.824s] running build
[0.825s] running build_py
[0.826s] running install
[0.827s] running install_lib
[0.829s] running install_data
[0.831s] copying launch/my_robot_xacro_rviz.launch.py -> /home/yahboom/ArchDocs/ArchDocs/S24_RobotProgramming_eloquent/lab6-7/roscourse_sim_ws/install/my_robot/share/my_robot/launch
[0.833s] running install_egg_info
[0.835s] removing '/home/yahboom/ArchDocs/ArchDocs/S24_RobotProgramming_eloquent/lab6-7/roscourse_sim_ws/install/my_robot/lib/python3.8/site-packages/my_robot-0.0.0-py3.8.egg-info' (and everything under it)
[0.839s] Copying ../../build/my_robot/my_robot.egg-info to /home/yahboom/ArchDocs/ArchDocs/S24_RobotProgramming_eloquent/lab6-7/roscourse_sim_ws/install/my_robot/lib/python3.8/site-packages/my_robot-0.0.0-py3.8.egg-info
[0.851s] running install_scripts
[0.866s] writing list of installed files to '/home/yahboom/ArchDocs/ArchDocs/S24_RobotProgramming_eloquent/lab6-7/roscourse_sim_ws/build/my_robot/install.log'
[0.882s] Invoked command in '/home/yahboom/ArchDocs/ArchDocs/S24_RobotProgramming_eloquent/lab6-7/roscourse_sim_ws/src/my_robot' returned '0': PYTHONPATH=/home/yahboom/ArchDocs/ArchDocs/S24_RobotProgramming_eloquent/lab6-7/roscourse_sim_ws/build/my_robot/prefix_override:/home/yahboom/ArchDocs/ArchDocs/S24_RobotProgramming_eloquent/lab6-7/roscourse_sim_ws/install/my_robot/lib/python3.8/site-packages:${PYTHONPATH} /usr/bin/python3 setup.py egg_info --egg-base ../../build/my_robot build --build-base /home/yahboom/ArchDocs/ArchDocs/S24_RobotProgramming_eloquent/lab6-7/roscourse_sim_ws/build/my_robot/build install --record /home/yahboom/ArchDocs/ArchDocs/S24_RobotProgramming_eloquent/lab6-7/roscourse_sim_ws/build/my_robot/install.log --install-scripts $base/lib/my_robot --single-version-externally-managed
