[0.532s] Invoking command in '/home/yahboom/S24_RobotProgramming_eloquent/lab3/roscourse_ws/build/turtle_interfaces': CMAKE_PREFIX_PATH=${CMAKE_PREFIX_PATH}:/home/yahboom/yahboomcar_ros2_ws/yahboomcar_ws/install/yahboomcar_voice_ctrl:/home/yahboom/yahboomcar_ros2_ws/yahboomcar_ws/install/yahboomcar_visual:/home/yahboom/yahboomcar_ros2_ws/yahboomcar_ws/install/yahboomcar_rviz:/home/yahboom/yahboomcar_ros2_ws/yahboomcar_ws/install/yahboomcar_nav:/home/yahboom/yahboomcar_ros2_ws/yahboomcar_ws/install/yahboomcar_multi:/home/yahboom/yahboomcar_ros2_ws/yahboomcar_ws/install/yahboomcar_mediapipe:/home/yahboom/yahboomcar_ros2_ws/yahboomcar_ws/install/yahboomcar_linefollow:/home/yahboom/yahboomcar_ros2_ws/yahboomcar_ws/install/yahboomcar_laser:/home/yahboom/yahboomcar_ros2_ws/yahboomcar_ws/install/yahboomcar_description_x1:/home/yahboom/yahboomcar_ros2_ws/yahboomcar_ws/install/yahboomcar_description:/home/yahboom/yahboomcar_ros2_ws/yahboomcar_ws/install/yahboomcar_ctrl:/home/yahboom/yahboomcar_ros2_ws/yahboomcar_ws/install/yahboomcar_bringup:/home/yahboom/yahboomcar_ros2_ws/yahboomcar_ws/install/yahboomcar_astra:/home/yahboom/yahboomcar_ros2_ws/yahboomcar_ws/install/robot_pose_publisher:/home/yahboom/yahboomcar_ros2_ws/yahboomcar_ws/install/laserscan_to_point_pulisher:/opt/ros/foxy /usr/bin/cmake --build /home/yahboom/S24_RobotProgramming_eloquent/lab3/roscourse_ws/build/turtle_interfaces -- -j4 -l4
[0.589s] [  2%] Built target turtle_interfaces__cpp
[0.598s] [ 12%] Built target turtle_interfaces__rosidl_generator_c
[0.620s] [ 23%] Built target turtle_interfaces__rosidl_typesupport_fastrtps_cpp
[0.621s] [ 34%] Built target turtle_interfaces__rosidl_typesupport_introspection_cpp
[0.636s] [ 44%] Built target turtle_interfaces__rosidl_typesupport_c
[0.637s] [ 55%] Built target turtle_interfaces__rosidl_typesupport_cpp
[0.652s] [ 65%] Built target turtle_interfaces__rosidl_typesupport_introspection_c
[0.664s] [ 76%] Built target turtle_interfaces__rosidl_typesupport_fastrtps_c
[0.687s] [ 76%] Built target turtle_interfaces
[0.712s] [ 78%] Built target turtle_interfaces__py
[0.739s] [ 87%] Built target turtle_interfaces__python
[0.779s] [ 91%] Built target turtle_interfaces__rosidl_typesupport_introspection_c__pyext
[0.780s] [100%] Built target turtle_interfaces__rosidl_typesupport_c__pyext
[0.780s] [100%] Built target turtle_interfaces__rosidl_typesupport_fastrtps_c__pyext
[0.836s] Invoked command in '/home/yahboom/S24_RobotProgramming_eloquent/lab3/roscourse_ws/build/turtle_interfaces' returned '0': CMAKE_PREFIX_PATH=${CMAKE_PREFIX_PATH}:/home/yahboom/yahboomcar_ros2_ws/yahboomcar_ws/install/yahboomcar_voice_ctrl:/home/yahboom/yahboomcar_ros2_ws/yahboomcar_ws/install/yahboomcar_visual:/home/yahboom/yahboomcar_ros2_ws/yahboomcar_ws/install/yahboomcar_rviz:/home/yahboom/yahboomcar_ros2_ws/yahboomcar_ws/install/yahboomcar_nav:/home/yahboom/yahboomcar_ros2_ws/yahboomcar_ws/install/yahboomcar_multi:/home/yahboom/yahboomcar_ros2_ws/yahboomcar_ws/install/yahboomcar_mediapipe:/home/yahboom/yahboomcar_ros2_ws/yahboomcar_ws/install/yahboomcar_linefollow:/home/yahboom/yahboomcar_ros2_ws/yahboomcar_ws/install/yahboomcar_laser:/home/yahboom/yahboomcar_ros2_ws/yahboomcar_ws/install/yahboomcar_description_x1:/home/yahboom/yahboomcar_ros2_ws/yahboomcar_ws/install/yahboomcar_description:/home/yahboom/yahboomcar_ros2_ws/yahboomcar_ws/install/yahboomcar_ctrl:/home/yahboom/yahboomcar_ros2_ws/yahboomcar_ws/install/yahboomcar_bringup:/home/yahboom/yahboomcar_ros2_ws/yahboomcar_ws/install/yahboomcar_astra:/home/yahboom/yahboomcar_ros2_ws/yahboomcar_ws/install/robot_pose_publisher:/home/yahboom/yahboomcar_ros2_ws/yahboomcar_ws/install/laserscan_to_point_pulisher:/opt/ros/foxy /usr/bin/cmake --build /home/yahboom/S24_RobotProgramming_eloquent/lab3/roscourse_ws/build/turtle_interfaces -- -j4 -l4
[0.989s] Invoking command in '/home/yahboom/S24_RobotProgramming_eloquent/lab3/roscourse_ws/build/turtle_interfaces': CMAKE_PREFIX_PATH=${CMAKE_PREFIX_PATH}:/home/yahboom/yahboomcar_ros2_ws/yahboomcar_ws/install/yahboomcar_voice_ctrl:/home/yahboom/yahboomcar_ros2_ws/yahboomcar_ws/install/yahboomcar_visual:/home/yahboom/yahboomcar_ros2_ws/yahboomcar_ws/install/yahboomcar_rviz:/home/yahboom/yahboomcar_ros2_ws/yahboomcar_ws/install/yahboomcar_nav:/home/yahboom/yahboomcar_ros2_ws/yahboomcar_ws/install/yahboomcar_multi:/home/yahboom/yahboomcar_ros2_ws/yahboomcar_ws/install/yahboomcar_mediapipe:/home/yahboom/yahboomcar_ros2_ws/yahboomcar_ws/install/yahboomcar_linefollow:/home/yahboom/yahboomcar_ros2_ws/yahboomcar_ws/install/yahboomcar_laser:/home/yahboom/yahboomcar_ros2_ws/yahboomcar_ws/install/yahboomcar_description_x1:/home/yahboom/yahboomcar_ros2_ws/yahboomcar_ws/install/yahboomcar_description:/home/yahboom/yahboomcar_ros2_ws/yahboomcar_ws/install/yahboomcar_ctrl:/home/yahboom/yahboomcar_ros2_ws/yahboomcar_ws/install/yahboomcar_bringup:/home/yahboom/yahboomcar_ros2_ws/yahboomcar_ws/install/yahboomcar_astra:/home/yahboom/yahboomcar_ros2_ws/yahboomcar_ws/install/robot_pose_publisher:/home/yahboom/yahboomcar_ros2_ws/yahboomcar_ws/install/laserscan_to_point_pulisher:/opt/ros/foxy /usr/bin/cmake --install /home/yahboom/S24_RobotProgramming_eloquent/lab3/roscourse_ws/build/turtle_interfaces
[1.003s] -- Install configuration: ""
[1.003s] -- Execute custom install script
[1.003s] -- Up-to-date symlink: /home/yahboom/S24_RobotProgramming_eloquent/lab3/roscourse_ws/install/turtle_interfaces/share/ament_index/resource_index/rosidl_interfaces/turtle_interfaces
[1.003s] -- Up-to-date symlink: /home/yahboom/S24_RobotProgramming_eloquent/lab3/roscourse_ws/install/turtle_interfaces/include/turtle_interfaces/msg/detail/turtle_msg__functions.h
[1.003s] -- Up-to-date symlink: /home/yahboom/S24_RobotProgramming_eloquent/lab3/roscourse_ws/install/turtle_interfaces/include/turtle_interfaces/msg/detail/turtle_msg__struct.h
[1.003s] -- Up-to-date symlink: /home/yahboom/S24_RobotProgramming_eloquent/lab3/roscourse_ws/install/turtle_interfaces/include/turtle_interfaces/msg/detail/turtle_msg__type_support.h
[1.003s] -- Up-to-date symlink: /home/yahboom/S24_RobotProgramming_eloquent/lab3/roscourse_ws/install/turtle_interfaces/include/turtle_interfaces/msg/rosidl_generator_c__visibility_control.h
[1.003s] -- Up-to-date symlink: /home/yahboom/S24_RobotProgramming_eloquent/lab3/roscourse_ws/install/turtle_interfaces/include/turtle_interfaces/msg/turtle_msg.h
[1.004s] -- Up-to-date symlink: /home/yahboom/S24_RobotProgramming_eloquent/lab3/roscourse_ws/install/turtle_interfaces/include/turtle_interfaces/srv/detail/set_color__functions.h
[1.004s] -- Up-to-date symlink: /home/yahboom/S24_RobotProgramming_eloquent/lab3/roscourse_ws/install/turtle_interfaces/include/turtle_interfaces/srv/detail/set_color__struct.h
[1.004s] -- Up-to-date symlink: /home/yahboom/S24_RobotProgramming_eloquent/lab3/roscourse_ws/install/turtle_interfaces/include/turtle_interfaces/srv/detail/set_color__type_support.h
[1.004s] -- Up-to-date symlink: /home/yahboom/S24_RobotProgramming_eloquent/lab3/roscourse_ws/install/turtle_interfaces/include/turtle_interfaces/srv/detail/set_pose__functions.h
[1.004s] -- Up-to-date symlink: /home/yahboom/S24_RobotProgramming_eloquent/lab3/roscourse_ws/install/turtle_interfaces/include/turtle_interfaces/srv/detail/set_pose__struct.h
[1.004s] -- Up-to-date symlink: /home/yahboom/S24_RobotProgramming_eloquent/lab3/roscourse_ws/install/turtle_interfaces/include/turtle_interfaces/srv/detail/set_pose__type_support.h
[1.004s] -- Up-to-date symlink: /home/yahboom/S24_RobotProgramming_eloquent/lab3/roscourse_ws/install/turtle_interfaces/include/turtle_interfaces/srv/set_color.h
[1.004s] -- Up-to-date symlink: /home/yahboom/S24_RobotProgramming_eloquent/lab3/roscourse_ws/install/turtle_interfaces/include/turtle_interfaces/srv/set_pose.h
[1.004s] -- Up-to-date symlink: /home/yahboom/S24_RobotProgramming_eloquent/lab3/roscourse_ws/install/turtle_interfaces/share/turtle_interfaces/environment/library_path.sh
[1.005s] -- Up-to-date symlink: /home/yahboom/S24_RobotProgramming_eloquent/lab3/roscourse_ws/install/turtle_interfaces/share/turtle_interfaces/environment/library_path.dsv
[1.005s] -- Up-to-date symlink: /home/yahboom/S24_RobotProgramming_eloquent/lab3/roscourse_ws/install/turtle_interfaces/include/turtle_interfaces/msg/detail/turtle_msg__rosidl_typesupport_fastrtps_c.h
[1.005s] -- Up-to-date symlink: /home/yahboom/S24_RobotProgramming_eloquent/lab3/roscourse_ws/install/turtle_interfaces/include/turtle_interfaces/msg/rosidl_typesupport_fastrtps_c__visibility_control.h
[1.005s] -- Up-to-date symlink: /home/yahboom/S24_RobotProgramming_eloquent/lab3/roscourse_ws/install/turtle_interfaces/include/turtle_interfaces/srv/detail/set_color__rosidl_typesupport_fastrtps_c.h
[1.005s] -- Up-to-date symlink: /home/yahboom/S24_RobotProgramming_eloquent/lab3/roscourse_ws/install/turtle_interfaces/include/turtle_interfaces/srv/detail/set_pose__rosidl_typesupport_fastrtps_c.h
[1.005s] -- Up-to-date symlink: /home/yahboom/S24_RobotProgramming_eloquent/lab3/roscourse_ws/install/turtle_interfaces/lib/libturtle_interfaces__rosidl_typesupport_fastrtps_c.so
[1.007s] -- Up-to-date symlink: /home/yahboom/S24_RobotProgramming_eloquent/lab3/roscourse_ws/install/turtle_interfaces/include/turtle_interfaces/msg/detail/turtle_msg__rosidl_typesupport_fastrtps_cpp.hpp
[1.007s] -- Up-to-date symlink: /home/yahboom/S24_RobotProgramming_eloquent/lab3/roscourse_ws/install/turtle_interfaces/include/turtle_interfaces/msg/rosidl_typesupport_fastrtps_cpp__visibility_control.h
[1.008s] -- Up-to-date symlink: /home/yahboom/S24_RobotProgramming_eloquent/lab3/roscourse_ws/install/turtle_interfaces/include/turtle_interfaces/srv/detail/set_color__rosidl_typesupport_fastrtps_cpp.hpp
[1.008s] -- Up-to-date symlink: /home/yahboom/S24_RobotProgramming_eloquent/lab3/roscourse_ws/install/turtle_interfaces/include/turtle_interfaces/srv/detail/set_pose__rosidl_typesupport_fastrtps_cpp.hpp
[1.009s] -- Up-to-date symlink: /home/yahboom/S24_RobotProgramming_eloquent/lab3/roscourse_ws/install/turtle_interfaces/lib/libturtle_interfaces__rosidl_typesupport_fastrtps_cpp.so
[1.010s] -- Up-to-date symlink: /home/yahboom/S24_RobotProgramming_eloquent/lab3/roscourse_ws/install/turtle_interfaces/include/turtle_interfaces/msg/detail/turtle_msg__rosidl_typesupport_introspection_c.h
[1.011s] -- Up-to-date symlink: /home/yahboom/S24_RobotProgramming_eloquent/lab3/roscourse_ws/install/turtle_interfaces/include/turtle_interfaces/msg/rosidl_typesupport_introspection_c__visibility_control.h
[1.011s] -- Up-to-date symlink: /home/yahboom/S24_RobotProgramming_eloquent/lab3/roscourse_ws/install/turtle_interfaces/include/turtle_interfaces/srv/detail/set_color__rosidl_typesupport_introspection_c.h
[1.012s] -- Up-to-date symlink: /home/yahboom/S24_RobotProgramming_eloquent/lab3/roscourse_ws/install/turtle_interfaces/include/turtle_interfaces/srv/detail/set_pose__rosidl_typesupport_introspection_c.h
[1.013s] -- Up-to-date symlink: /home/yahboom/S24_RobotProgramming_eloquent/lab3/roscourse_ws/install/turtle_interfaces/include/turtle_interfaces/msg/detail/turtle_msg__builder.hpp
[1.013s] -- Up-to-date symlink: /home/yahboom/S24_RobotProgramming_eloquent/lab3/roscourse_ws/install/turtle_interfaces/include/turtle_interfaces/msg/detail/turtle_msg__struct.hpp
[1.014s] -- Up-to-date symlink: /home/yahboom/S24_RobotProgramming_eloquent/lab3/roscourse_ws/install/turtle_interfaces/include/turtle_interfaces/msg/detail/turtle_msg__traits.hpp
[1.014s] -- Up-to-date symlink: /home/yahboom/S24_RobotProgramming_eloquent/lab3/roscourse_ws/install/turtle_interfaces/include/turtle_interfaces/msg/turtle_msg.hpp
[1.015s] -- Up-to-date symlink: /home/yahboom/S24_RobotProgramming_eloquent/lab3/roscourse_ws/install/turtle_interfaces/include/turtle_interfaces/srv/detail/set_color__builder.hpp
[1.015s] -- Up-to-date symlink: /home/yahboom/S24_RobotProgramming_eloquent/lab3/roscourse_ws/install/turtle_interfaces/include/turtle_interfaces/srv/detail/set_color__struct.hpp
[1.015s] -- Up-to-date symlink: /home/yahboom/S24_RobotProgramming_eloquent/lab3/roscourse_ws/install/turtle_interfaces/include/turtle_interfaces/srv/detail/set_color__traits.hpp
[1.016s] -- Up-to-date symlink: /home/yahboom/S24_RobotProgramming_eloquent/lab3/roscourse_ws/install/turtle_interfaces/include/turtle_interfaces/srv/detail/set_pose__builder.hpp
[1.016s] -- Up-to-date symlink: /home/yahboom/S24_RobotProgramming_eloquent/lab3/roscourse_ws/install/turtle_interfaces/include/turtle_interfaces/srv/detail/set_pose__struct.hpp
[1.017s] -- Up-to-date symlink: /home/yahboom/S24_RobotProgramming_eloquent/lab3/roscourse_ws/install/turtle_interfaces/include/turtle_interfaces/srv/detail/set_pose__traits.hpp
[1.017s] -- Up-to-date symlink: /home/yahboom/S24_RobotProgramming_eloquent/lab3/roscourse_ws/install/turtle_interfaces/include/turtle_interfaces/srv/set_color.hpp
[1.018s] -- Up-to-date symlink: /home/yahboom/S24_RobotProgramming_eloquent/lab3/roscourse_ws/install/turtle_interfaces/include/turtle_interfaces/srv/set_pose.hpp
[1.019s] -- Up-to-date symlink: /home/yahboom/S24_RobotProgramming_eloquent/lab3/roscourse_ws/install/turtle_interfaces/include/turtle_interfaces/msg/detail/turtle_msg__rosidl_typesupport_introspection_cpp.hpp
[1.019s] -- Up-to-date symlink: /home/yahboom/S24_RobotProgramming_eloquent/lab3/roscourse_ws/install/turtle_interfaces/include/turtle_interfaces/srv/detail/set_color__rosidl_typesupport_introspection_cpp.hpp
[1.020s] -- Up-to-date symlink: /home/yahboom/S24_RobotProgramming_eloquent/lab3/roscourse_ws/install/turtle_interfaces/include/turtle_interfaces/srv/detail/set_pose__rosidl_typesupport_introspection_cpp.hpp
[1.020s] -- Up-to-date symlink: /home/yahboom/S24_RobotProgramming_eloquent/lab3/roscourse_ws/install/turtle_interfaces/share/turtle_interfaces/environment/pythonpath.sh
[1.021s] -- Up-to-date symlink: /home/yahboom/S24_RobotProgramming_eloquent/lab3/roscourse_ws/install/turtle_interfaces/share/turtle_interfaces/environment/pythonpath.dsv
[1.022s] -- Up-to-date symlink: /home/yahboom/S24_RobotProgramming_eloquent/lab3/roscourse_ws/install/turtle_interfaces/lib/python3.8/site-packages/turtle_interfaces/__init__.py
[1.023s] -- Up-to-date symlink: /home/yahboom/S24_RobotProgramming_eloquent/lab3/roscourse_ws/install/turtle_interfaces/lib/python3.8/site-packages/turtle_interfaces/msg/__init__.py
[1.023s] -- Up-to-date symlink: /home/yahboom/S24_RobotProgramming_eloquent/lab3/roscourse_ws/install/turtle_interfaces/lib/python3.8/site-packages/turtle_interfaces/msg/_turtle_msg.py
[1.024s] -- Up-to-date symlink: /home/yahboom/S24_RobotProgramming_eloquent/lab3/roscourse_ws/install/turtle_interfaces/lib/python3.8/site-packages/turtle_interfaces/srv/__init__.py
[1.024s] -- Up-to-date symlink: /home/yahboom/S24_RobotProgramming_eloquent/lab3/roscourse_ws/install/turtle_interfaces/lib/python3.8/site-packages/turtle_interfaces/srv/_set_color.py
[1.024s] -- Up-to-date symlink: /home/yahboom/S24_RobotProgramming_eloquent/lab3/roscourse_ws/install/turtle_interfaces/lib/python3.8/site-packages/turtle_interfaces/srv/_set_pose.py
[1.025s] -- Up-to-date symlink: /home/yahboom/S24_RobotProgramming_eloquent/lab3/roscourse_ws/install/turtle_interfaces/lib/python3.8/site-packages/turtle_interfaces/turtle_interfaces_s__rosidl_typesupport_fastrtps_c.cpython-38-x86_64-linux-gnu.so
[1.026s] -- Up-to-date symlink: /home/yahboom/S24_RobotProgramming_eloquent/lab3/roscourse_ws/install/turtle_interfaces/lib/python3.8/site-packages/turtle_interfaces/turtle_interfaces_s__rosidl_typesupport_introspection_c.cpython-38-x86_64-linux-gnu.so
[1.026s] -- Up-to-date symlink: /home/yahboom/S24_RobotProgramming_eloquent/lab3/roscourse_ws/install/turtle_interfaces/lib/python3.8/site-packages/turtle_interfaces/turtle_interfaces_s__rosidl_typesupport_c.cpython-38-x86_64-linux-gnu.so
[1.028s] -- Up-to-date symlink: /home/yahboom/S24_RobotProgramming_eloquent/lab3/roscourse_ws/install/turtle_interfaces/lib/libturtle_interfaces__python.so
[1.028s] -- Up-to-date symlink: /home/yahboom/S24_RobotProgramming_eloquent/lab3/roscourse_ws/install/turtle_interfaces/share/turtle_interfaces/msg/TurtleMsg.idl
[1.028s] -- Up-to-date symlink: /home/yahboom/S24_RobotProgramming_eloquent/lab3/roscourse_ws/install/turtle_interfaces/share/turtle_interfaces/srv/SetPose.idl
[1.028s] -- Up-to-date symlink: /home/yahboom/S24_RobotProgramming_eloquent/lab3/roscourse_ws/install/turtle_interfaces/share/turtle_interfaces/srv/SetColor.idl
[1.029s] -- Up-to-date symlink: /home/yahboom/S24_RobotProgramming_eloquent/lab3/roscourse_ws/install/turtle_interfaces/share/turtle_interfaces/msg/TurtleMsg.msg
[1.029s] -- Up-to-date symlink: /home/yahboom/S24_RobotProgramming_eloquent/lab3/roscourse_ws/install/turtle_interfaces/share/turtle_interfaces/srv/SetPose.srv
[1.030s] -- Up-to-date symlink: /home/yahboom/S24_RobotProgramming_eloquent/lab3/roscourse_ws/install/turtle_interfaces/share/turtle_interfaces/srv/SetPose_Request.msg
[1.030s] -- Up-to-date symlink: /home/yahboom/S24_RobotProgramming_eloquent/lab3/roscourse_ws/install/turtle_interfaces/share/turtle_interfaces/srv/SetPose_Response.msg
[1.031s] -- Up-to-date symlink: /home/yahboom/S24_RobotProgramming_eloquent/lab3/roscourse_ws/install/turtle_interfaces/share/turtle_interfaces/srv/SetColor.srv
[1.031s] -- Up-to-date symlink: /home/yahboom/S24_RobotProgramming_eloquent/lab3/roscourse_ws/install/turtle_interfaces/share/turtle_interfaces/srv/SetColor_Request.msg
[1.032s] -- Up-to-date symlink: /home/yahboom/S24_RobotProgramming_eloquent/lab3/roscourse_ws/install/turtle_interfaces/share/turtle_interfaces/srv/SetColor_Response.msg
[1.032s] -- Up-to-date symlink: /home/yahboom/S24_RobotProgramming_eloquent/lab3/roscourse_ws/install/turtle_interfaces/share/ament_index/resource_index/package_run_dependencies/turtle_interfaces
[1.033s] -- Up-to-date symlink: /home/yahboom/S24_RobotProgramming_eloquent/lab3/roscourse_ws/install/turtle_interfaces/share/ament_index/resource_index/parent_prefix_path/turtle_interfaces
[1.033s] -- Up-to-date symlink: /home/yahboom/S24_RobotProgramming_eloquent/lab3/roscourse_ws/install/turtle_interfaces/share/turtle_interfaces/environment/ament_prefix_path.sh
[1.033s] -- Up-to-date symlink: /home/yahboom/S24_RobotProgramming_eloquent/lab3/roscourse_ws/install/turtle_interfaces/share/turtle_interfaces/environment/ament_prefix_path.dsv
[1.034s] -- Up-to-date symlink: /home/yahboom/S24_RobotProgramming_eloquent/lab3/roscourse_ws/install/turtle_interfaces/share/turtle_interfaces/environment/path.sh
[1.034s] -- Up-to-date symlink: /home/yahboom/S24_RobotProgramming_eloquent/lab3/roscourse_ws/install/turtle_interfaces/share/turtle_interfaces/environment/path.dsv
[1.035s] -- Up-to-date symlink: /home/yahboom/S24_RobotProgramming_eloquent/lab3/roscourse_ws/install/turtle_interfaces/share/turtle_interfaces/local_setup.bash
[1.036s] -- Up-to-date symlink: /home/yahboom/S24_RobotProgramming_eloquent/lab3/roscourse_ws/install/turtle_interfaces/share/turtle_interfaces/local_setup.sh
[1.036s] -- Up-to-date symlink: /home/yahboom/S24_RobotProgramming_eloquent/lab3/roscourse_ws/install/turtle_interfaces/share/turtle_interfaces/local_setup.zsh
[1.037s] -- Up-to-date symlink: /home/yahboom/S24_RobotProgramming_eloquent/lab3/roscourse_ws/install/turtle_interfaces/share/turtle_interfaces/local_setup.dsv
[1.037s] -- Symlinking: /home/yahboom/S24_RobotProgramming_eloquent/lab3/roscourse_ws/install/turtle_interfaces/share/turtle_interfaces/package.dsv
[1.050s] -- Up-to-date symlink: /home/yahboom/S24_RobotProgramming_eloquent/lab3/roscourse_ws/install/turtle_interfaces/share/ament_index/resource_index/packages/turtle_interfaces
[1.050s] -- Up-to-date symlink: /home/yahboom/S24_RobotProgramming_eloquent/lab3/roscourse_ws/install/turtle_interfaces/share/turtle_interfaces/cmake/rosidl_cmake-extras.cmake
[1.051s] -- Up-to-date symlink: /home/yahboom/S24_RobotProgramming_eloquent/lab3/roscourse_ws/install/turtle_interfaces/share/turtle_interfaces/cmake/ament_cmake_export_dependencies-extras.cmake
[1.051s] -- Up-to-date symlink: /home/yahboom/S24_RobotProgramming_eloquent/lab3/roscourse_ws/install/turtle_interfaces/share/turtle_interfaces/cmake/ament_cmake_export_libraries-extras.cmake
[1.051s] -- Up-to-date symlink: /home/yahboom/S24_RobotProgramming_eloquent/lab3/roscourse_ws/install/turtle_interfaces/share/turtle_interfaces/cmake/ament_cmake_export_targets-extras.cmake
[1.051s] -- Up-to-date symlink: /home/yahboom/S24_RobotProgramming_eloquent/lab3/roscourse_ws/install/turtle_interfaces/share/turtle_interfaces/cmake/ament_cmake_export_include_directories-extras.cmake
[1.052s] -- Up-to-date symlink: /home/yahboom/S24_RobotProgramming_eloquent/lab3/roscourse_ws/install/turtle_interfaces/share/turtle_interfaces/cmake/rosidl_cmake_export_typesupport_libraries-extras.cmake
[1.052s] -- Up-to-date symlink: /home/yahboom/S24_RobotProgramming_eloquent/lab3/roscourse_ws/install/turtle_interfaces/share/turtle_interfaces/cmake/rosidl_cmake_export_typesupport_targets-extras.cmake
[1.053s] -- Up-to-date symlink: /home/yahboom/S24_RobotProgramming_eloquent/lab3/roscourse_ws/install/turtle_interfaces/share/turtle_interfaces/cmake/turtle_interfacesConfig.cmake
[1.053s] -- Up-to-date symlink: /home/yahboom/S24_RobotProgramming_eloquent/lab3/roscourse_ws/install/turtle_interfaces/share/turtle_interfaces/cmake/turtle_interfacesConfig-version.cmake
[1.054s] -- Up-to-date symlink: /home/yahboom/S24_RobotProgramming_eloquent/lab3/roscourse_ws/install/turtle_interfaces/share/turtle_interfaces/package.xml
[1.054s] -- Up-to-date: /home/yahboom/S24_RobotProgramming_eloquent/lab3/roscourse_ws/install/turtle_interfaces/lib/libturtle_interfaces__rosidl_generator_c.so
[1.055s] -- Up-to-date: /home/yahboom/S24_RobotProgramming_eloquent/lab3/roscourse_ws/install/turtle_interfaces/lib/libturtle_interfaces__rosidl_typesupport_introspection_c.so
[1.055s] -- Up-to-date: /home/yahboom/S24_RobotProgramming_eloquent/lab3/roscourse_ws/install/turtle_interfaces/lib/libturtle_interfaces__rosidl_typesupport_c.so
[1.056s] -- Up-to-date: /home/yahboom/S24_RobotProgramming_eloquent/lab3/roscourse_ws/install/turtle_interfaces/lib/libturtle_interfaces__rosidl_typesupport_introspection_cpp.so
[1.056s] -- Up-to-date: /home/yahboom/S24_RobotProgramming_eloquent/lab3/roscourse_ws/install/turtle_interfaces/lib/libturtle_interfaces__rosidl_typesupport_cpp.so
[1.100s] -- Up-to-date: /home/yahboom/S24_RobotProgramming_eloquent/lab3/roscourse_ws/install/turtle_interfaces/share/turtle_interfaces/cmake/turtle_interfaces__rosidl_generator_cExport.cmake
[1.100s] -- Up-to-date: /home/yahboom/S24_RobotProgramming_eloquent/lab3/roscourse_ws/install/turtle_interfaces/share/turtle_interfaces/cmake/turtle_interfaces__rosidl_generator_cExport-noconfig.cmake
[1.101s] -- Up-to-date: /home/yahboom/S24_RobotProgramming_eloquent/lab3/roscourse_ws/install/turtle_interfaces/share/turtle_interfaces/cmake/turtle_interfaces__rosidl_typesupport_introspection_cExport.cmake
[1.101s] -- Up-to-date: /home/yahboom/S24_RobotProgramming_eloquent/lab3/roscourse_ws/install/turtle_interfaces/share/turtle_interfaces/cmake/turtle_interfaces__rosidl_typesupport_introspection_cExport-noconfig.cmake
[1.101s] -- Up-to-date: /home/yahboom/S24_RobotProgramming_eloquent/lab3/roscourse_ws/install/turtle_interfaces/share/turtle_interfaces/cmake/turtle_interfaces__rosidl_typesupport_cExport.cmake
[1.102s] -- Up-to-date: /home/yahboom/S24_RobotProgramming_eloquent/lab3/roscourse_ws/install/turtle_interfaces/share/turtle_interfaces/cmake/turtle_interfaces__rosidl_typesupport_cExport-noconfig.cmake
[1.102s] -- Up-to-date: /home/yahboom/S24_RobotProgramming_eloquent/lab3/roscourse_ws/install/turtle_interfaces/share/turtle_interfaces/cmake/turtle_interfaces__rosidl_generator_cppExport.cmake
[1.103s] -- Up-to-date: /home/yahboom/S24_RobotProgramming_eloquent/lab3/roscourse_ws/install/turtle_interfaces/share/turtle_interfaces/cmake/turtle_interfaces__rosidl_typesupport_introspection_cppExport.cmake
[1.103s] -- Up-to-date: /home/yahboom/S24_RobotProgramming_eloquent/lab3/roscourse_ws/install/turtle_interfaces/share/turtle_interfaces/cmake/turtle_interfaces__rosidl_typesupport_introspection_cppExport-noconfig.cmake
[1.103s] -- Up-to-date: /home/yahboom/S24_RobotProgramming_eloquent/lab3/roscourse_ws/install/turtle_interfaces/share/turtle_interfaces/cmake/turtle_interfaces__rosidl_typesupport_cppExport.cmake
[1.103s] -- Up-to-date: /home/yahboom/S24_RobotProgramming_eloquent/lab3/roscourse_ws/install/turtle_interfaces/share/turtle_interfaces/cmake/turtle_interfaces__rosidl_typesupport_cppExport-noconfig.cmake
[1.111s] Invoked command in '/home/yahboom/S24_RobotProgramming_eloquent/lab3/roscourse_ws/build/turtle_interfaces' returned '0': CMAKE_PREFIX_PATH=${CMAKE_PREFIX_PATH}:/home/yahboom/yahboomcar_ros2_ws/yahboomcar_ws/install/yahboomcar_voice_ctrl:/home/yahboom/yahboomcar_ros2_ws/yahboomcar_ws/install/yahboomcar_visual:/home/yahboom/yahboomcar_ros2_ws/yahboomcar_ws/install/yahboomcar_rviz:/home/yahboom/yahboomcar_ros2_ws/yahboomcar_ws/install/yahboomcar_nav:/home/yahboom/yahboomcar_ros2_ws/yahboomcar_ws/install/yahboomcar_multi:/home/yahboom/yahboomcar_ros2_ws/yahboomcar_ws/install/yahboomcar_mediapipe:/home/yahboom/yahboomcar_ros2_ws/yahboomcar_ws/install/yahboomcar_linefollow:/home/yahboom/yahboomcar_ros2_ws/yahboomcar_ws/install/yahboomcar_laser:/home/yahboom/yahboomcar_ros2_ws/yahboomcar_ws/install/yahboomcar_description_x1:/home/yahboom/yahboomcar_ros2_ws/yahboomcar_ws/install/yahboomcar_description:/home/yahboom/yahboomcar_ros2_ws/yahboomcar_ws/install/yahboomcar_ctrl:/home/yahboom/yahboomcar_ros2_ws/yahboomcar_ws/install/yahboomcar_bringup:/home/yahboom/yahboomcar_ros2_ws/yahboomcar_ws/install/yahboomcar_astra:/home/yahboom/yahboomcar_ros2_ws/yahboomcar_ws/install/robot_pose_publisher:/home/yahboom/yahboomcar_ros2_ws/yahboomcar_ws/install/laserscan_to_point_pulisher:/opt/ros/foxy /usr/bin/cmake --install /home/yahboom/S24_RobotProgramming_eloquent/lab3/roscourse_ws/build/turtle_interfaces
