[0.074s] Invoking command in '/home/yahboom/ArchDocs/SharedDocs/S24_RobotProgramming_eloquent/Lab3-4/roscourse_ws/build/turtle_interfaces': CMAKE_PREFIX_PATH=${CMAKE_PREFIX_PATH}:/home/yahboom/yahboomcar_ros2_ws/yahboomcar_ws/install/yahboomcar_voice_ctrl:/home/yahboom/yahboomcar_ros2_ws/yahboomcar_ws/install/yahboomcar_visual:/home/yahboom/yahboomcar_ros2_ws/yahboomcar_ws/install/yahboomcar_rviz:/home/yahboom/yahboomcar_ros2_ws/yahboomcar_ws/install/yahboomcar_nav:/home/yahboom/yahboomcar_ros2_ws/yahboomcar_ws/install/yahboomcar_multi:/home/yahboom/yahboomcar_ros2_ws/yahboomcar_ws/install/yahboomcar_mediapipe:/home/yahboom/yahboomcar_ros2_ws/yahboomcar_ws/install/yahboomcar_linefollow:/home/yahboom/yahboomcar_ros2_ws/yahboomcar_ws/install/yahboomcar_laser:/home/yahboom/yahboomcar_ros2_ws/yahboomcar_ws/install/yahboomcar_description_x1:/home/yahboom/yahboomcar_ros2_ws/yahboomcar_ws/install/yahboomcar_description:/home/yahboom/yahboomcar_ros2_ws/yahboomcar_ws/install/yahboomcar_ctrl:/home/yahboom/yahboomcar_ros2_ws/yahboomcar_ws/install/yahboomcar_bringup:/home/yahboom/yahboomcar_ros2_ws/yahboomcar_ws/install/yahboomcar_astra:/home/yahboom/yahboomcar_ros2_ws/yahboomcar_ws/install/robot_pose_publisher:/home/yahboom/yahboomcar_ros2_ws/yahboomcar_ws/install/laserscan_to_point_pulisher:/opt/ros/foxy /usr/bin/cmake --build /home/yahboom/ArchDocs/SharedDocs/S24_RobotProgramming_eloquent/Lab3-4/roscourse_ws/build/turtle_interfaces -- -j8 -l8
[0.339s] [  2%] Built target turtle_interfaces__cpp
[0.341s] [ 12%] Built target turtle_interfaces__rosidl_generator_c
[0.343s] [ 23%] Built target turtle_interfaces__rosidl_typesupport_introspection_cpp
[0.344s] [ 34%] Built target turtle_interfaces__rosidl_typesupport_cpp
[0.344s] [ 55%] Built target turtle_interfaces__rosidl_typesupport_c
[0.345s] [ 55%] Built target turtle_interfaces__rosidl_typesupport_fastrtps_cpp
[0.346s] [ 65%] Built target turtle_interfaces__rosidl_typesupport_introspection_c
[0.400s] [ 76%] Built target turtle_interfaces__rosidl_typesupport_fastrtps_c
[0.436s] [ 76%] Built target turtle_interfaces
[0.475s] [ 78%] Built target turtle_interfaces__py
[0.528s] [ 87%] Built target turtle_interfaces__python
[0.594s] [ 91%] Built target turtle_interfaces__rosidl_typesupport_c__pyext
[0.611s] [100%] Built target turtle_interfaces__rosidl_typesupport_fastrtps_c__pyext
[0.612s] [100%] Built target turtle_interfaces__rosidl_typesupport_introspection_c__pyext
[0.648s] Invoked command in '/home/yahboom/ArchDocs/SharedDocs/S24_RobotProgramming_eloquent/Lab3-4/roscourse_ws/build/turtle_interfaces' returned '0': CMAKE_PREFIX_PATH=${CMAKE_PREFIX_PATH}:/home/yahboom/yahboomcar_ros2_ws/yahboomcar_ws/install/yahboomcar_voice_ctrl:/home/yahboom/yahboomcar_ros2_ws/yahboomcar_ws/install/yahboomcar_visual:/home/yahboom/yahboomcar_ros2_ws/yahboomcar_ws/install/yahboomcar_rviz:/home/yahboom/yahboomcar_ros2_ws/yahboomcar_ws/install/yahboomcar_nav:/home/yahboom/yahboomcar_ros2_ws/yahboomcar_ws/install/yahboomcar_multi:/home/yahboom/yahboomcar_ros2_ws/yahboomcar_ws/install/yahboomcar_mediapipe:/home/yahboom/yahboomcar_ros2_ws/yahboomcar_ws/install/yahboomcar_linefollow:/home/yahboom/yahboomcar_ros2_ws/yahboomcar_ws/install/yahboomcar_laser:/home/yahboom/yahboomcar_ros2_ws/yahboomcar_ws/install/yahboomcar_description_x1:/home/yahboom/yahboomcar_ros2_ws/yahboomcar_ws/install/yahboomcar_description:/home/yahboom/yahboomcar_ros2_ws/yahboomcar_ws/install/yahboomcar_ctrl:/home/yahboom/yahboomcar_ros2_ws/yahboomcar_ws/install/yahboomcar_bringup:/home/yahboom/yahboomcar_ros2_ws/yahboomcar_ws/install/yahboomcar_astra:/home/yahboom/yahboomcar_ros2_ws/yahboomcar_ws/install/robot_pose_publisher:/home/yahboom/yahboomcar_ros2_ws/yahboomcar_ws/install/laserscan_to_point_pulisher:/opt/ros/foxy /usr/bin/cmake --build /home/yahboom/ArchDocs/SharedDocs/S24_RobotProgramming_eloquent/Lab3-4/roscourse_ws/build/turtle_interfaces -- -j8 -l8
[0.751s] Invoking command in '/home/yahboom/ArchDocs/SharedDocs/S24_RobotProgramming_eloquent/Lab3-4/roscourse_ws/build/turtle_interfaces': CMAKE_PREFIX_PATH=${CMAKE_PREFIX_PATH}:/home/yahboom/yahboomcar_ros2_ws/yahboomcar_ws/install/yahboomcar_voice_ctrl:/home/yahboom/yahboomcar_ros2_ws/yahboomcar_ws/install/yahboomcar_visual:/home/yahboom/yahboomcar_ros2_ws/yahboomcar_ws/install/yahboomcar_rviz:/home/yahboom/yahboomcar_ros2_ws/yahboomcar_ws/install/yahboomcar_nav:/home/yahboom/yahboomcar_ros2_ws/yahboomcar_ws/install/yahboomcar_multi:/home/yahboom/yahboomcar_ros2_ws/yahboomcar_ws/install/yahboomcar_mediapipe:/home/yahboom/yahboomcar_ros2_ws/yahboomcar_ws/install/yahboomcar_linefollow:/home/yahboom/yahboomcar_ros2_ws/yahboomcar_ws/install/yahboomcar_laser:/home/yahboom/yahboomcar_ros2_ws/yahboomcar_ws/install/yahboomcar_description_x1:/home/yahboom/yahboomcar_ros2_ws/yahboomcar_ws/install/yahboomcar_description:/home/yahboom/yahboomcar_ros2_ws/yahboomcar_ws/install/yahboomcar_ctrl:/home/yahboom/yahboomcar_ros2_ws/yahboomcar_ws/install/yahboomcar_bringup:/home/yahboom/yahboomcar_ros2_ws/yahboomcar_ws/install/yahboomcar_astra:/home/yahboom/yahboomcar_ros2_ws/yahboomcar_ws/install/robot_pose_publisher:/home/yahboom/yahboomcar_ros2_ws/yahboomcar_ws/install/laserscan_to_point_pulisher:/opt/ros/foxy /usr/bin/cmake --install /home/yahboom/ArchDocs/SharedDocs/S24_RobotProgramming_eloquent/Lab3-4/roscourse_ws/build/turtle_interfaces
[0.760s] -- Install configuration: ""
[0.761s] -- Up-to-date: /home/yahboom/ArchDocs/SharedDocs/S24_RobotProgramming_eloquent/Lab3-4/roscourse_ws/install/turtle_interfaces/share/ament_index/resource_index/rosidl_interfaces/turtle_interfaces
[0.763s] -- Up-to-date: /home/yahboom/ArchDocs/SharedDocs/S24_RobotProgramming_eloquent/Lab3-4/roscourse_ws/install/turtle_interfaces/include/turtle_interfaces
[0.764s] -- Up-to-date: /home/yahboom/ArchDocs/SharedDocs/S24_RobotProgramming_eloquent/Lab3-4/roscourse_ws/install/turtle_interfaces/include/turtle_interfaces/msg
[0.766s] -- Up-to-date: /home/yahboom/ArchDocs/SharedDocs/S24_RobotProgramming_eloquent/Lab3-4/roscourse_ws/install/turtle_interfaces/include/turtle_interfaces/msg/detail
[0.769s] -- Up-to-date: /home/yahboom/ArchDocs/SharedDocs/S24_RobotProgramming_eloquent/Lab3-4/roscourse_ws/install/turtle_interfaces/include/turtle_interfaces/msg/detail/turtle_msg__type_support.h
[0.770s] -- Up-to-date: /home/yahboom/ArchDocs/SharedDocs/S24_RobotProgramming_eloquent/Lab3-4/roscourse_ws/install/turtle_interfaces/include/turtle_interfaces/msg/detail/turtle_msg__functions.c
[0.771s] -- Up-to-date: /home/yahboom/ArchDocs/SharedDocs/S24_RobotProgramming_eloquent/Lab3-4/roscourse_ws/install/turtle_interfaces/include/turtle_interfaces/msg/detail/turtle_msg__functions.h
[0.772s] -- Up-to-date: /home/yahboom/ArchDocs/SharedDocs/S24_RobotProgramming_eloquent/Lab3-4/roscourse_ws/install/turtle_interfaces/include/turtle_interfaces/msg/detail/turtle_msg__struct.h
[0.774s] -- Up-to-date: /home/yahboom/ArchDocs/SharedDocs/S24_RobotProgramming_eloquent/Lab3-4/roscourse_ws/install/turtle_interfaces/include/turtle_interfaces/msg/rosidl_generator_c__visibility_control.h
[0.775s] -- Up-to-date: /home/yahboom/ArchDocs/SharedDocs/S24_RobotProgramming_eloquent/Lab3-4/roscourse_ws/install/turtle_interfaces/include/turtle_interfaces/msg/turtle_msg.h
[0.776s] -- Up-to-date: /home/yahboom/ArchDocs/SharedDocs/S24_RobotProgramming_eloquent/Lab3-4/roscourse_ws/install/turtle_interfaces/include/turtle_interfaces/srv
[0.777s] -- Up-to-date: /home/yahboom/ArchDocs/SharedDocs/S24_RobotProgramming_eloquent/Lab3-4/roscourse_ws/install/turtle_interfaces/include/turtle_interfaces/srv/detail
[0.777s] -- Up-to-date: /home/yahboom/ArchDocs/SharedDocs/S24_RobotProgramming_eloquent/Lab3-4/roscourse_ws/install/turtle_interfaces/include/turtle_interfaces/srv/detail/set_color__struct.h
[0.778s] -- Up-to-date: /home/yahboom/ArchDocs/SharedDocs/S24_RobotProgramming_eloquent/Lab3-4/roscourse_ws/install/turtle_interfaces/include/turtle_interfaces/srv/detail/set_pose__functions.c
[0.779s] -- Up-to-date: /home/yahboom/ArchDocs/SharedDocs/S24_RobotProgramming_eloquent/Lab3-4/roscourse_ws/install/turtle_interfaces/include/turtle_interfaces/srv/detail/set_pose__type_support.h
[0.782s] -- Up-to-date: /home/yahboom/ArchDocs/SharedDocs/S24_RobotProgramming_eloquent/Lab3-4/roscourse_ws/install/turtle_interfaces/include/turtle_interfaces/srv/detail/set_pose__struct.h
[0.783s] -- Up-to-date: /home/yahboom/ArchDocs/SharedDocs/S24_RobotProgramming_eloquent/Lab3-4/roscourse_ws/install/turtle_interfaces/include/turtle_interfaces/srv/detail/set_color__functions.c
[0.784s] -- Up-to-date: /home/yahboom/ArchDocs/SharedDocs/S24_RobotProgramming_eloquent/Lab3-4/roscourse_ws/install/turtle_interfaces/include/turtle_interfaces/srv/detail/set_color__type_support.h
[0.785s] -- Up-to-date: /home/yahboom/ArchDocs/SharedDocs/S24_RobotProgramming_eloquent/Lab3-4/roscourse_ws/install/turtle_interfaces/include/turtle_interfaces/srv/detail/set_color__functions.h
[0.786s] -- Up-to-date: /home/yahboom/ArchDocs/SharedDocs/S24_RobotProgramming_eloquent/Lab3-4/roscourse_ws/install/turtle_interfaces/include/turtle_interfaces/srv/detail/set_pose__functions.h
[0.787s] -- Up-to-date: /home/yahboom/ArchDocs/SharedDocs/S24_RobotProgramming_eloquent/Lab3-4/roscourse_ws/install/turtle_interfaces/include/turtle_interfaces/srv/set_color.h
[0.787s] -- Up-to-date: /home/yahboom/ArchDocs/SharedDocs/S24_RobotProgramming_eloquent/Lab3-4/roscourse_ws/install/turtle_interfaces/include/turtle_interfaces/srv/set_pose.h
[0.789s] -- Up-to-date: /home/yahboom/ArchDocs/SharedDocs/S24_RobotProgramming_eloquent/Lab3-4/roscourse_ws/install/turtle_interfaces/share/turtle_interfaces/environment/library_path.sh
[0.790s] -- Up-to-date: /home/yahboom/ArchDocs/SharedDocs/S24_RobotProgramming_eloquent/Lab3-4/roscourse_ws/install/turtle_interfaces/share/turtle_interfaces/environment/library_path.dsv
[0.791s] -- Up-to-date: /home/yahboom/ArchDocs/SharedDocs/S24_RobotProgramming_eloquent/Lab3-4/roscourse_ws/install/turtle_interfaces/lib/libturtle_interfaces__rosidl_generator_c.so
[0.792s] -- Up-to-date: /home/yahboom/ArchDocs/SharedDocs/S24_RobotProgramming_eloquent/Lab3-4/roscourse_ws/install/turtle_interfaces/include/turtle_interfaces
[0.794s] -- Up-to-date: /home/yahboom/ArchDocs/SharedDocs/S24_RobotProgramming_eloquent/Lab3-4/roscourse_ws/install/turtle_interfaces/include/turtle_interfaces/msg
[0.794s] -- Up-to-date: /home/yahboom/ArchDocs/SharedDocs/S24_RobotProgramming_eloquent/Lab3-4/roscourse_ws/install/turtle_interfaces/include/turtle_interfaces/msg/rosidl_typesupport_fastrtps_c__visibility_control.h
[0.795s] -- Up-to-date: /home/yahboom/ArchDocs/SharedDocs/S24_RobotProgramming_eloquent/Lab3-4/roscourse_ws/install/turtle_interfaces/include/turtle_interfaces/msg/detail
[0.796s] -- Up-to-date: /home/yahboom/ArchDocs/SharedDocs/S24_RobotProgramming_eloquent/Lab3-4/roscourse_ws/install/turtle_interfaces/include/turtle_interfaces/msg/detail/turtle_msg__rosidl_typesupport_fastrtps_c.h
[0.797s] -- Up-to-date: /home/yahboom/ArchDocs/SharedDocs/S24_RobotProgramming_eloquent/Lab3-4/roscourse_ws/install/turtle_interfaces/include/turtle_interfaces/srv
[0.798s] -- Up-to-date: /home/yahboom/ArchDocs/SharedDocs/S24_RobotProgramming_eloquent/Lab3-4/roscourse_ws/install/turtle_interfaces/include/turtle_interfaces/srv/detail
[0.800s] -- Up-to-date: /home/yahboom/ArchDocs/SharedDocs/S24_RobotProgramming_eloquent/Lab3-4/roscourse_ws/install/turtle_interfaces/include/turtle_interfaces/srv/detail/set_pose__rosidl_typesupport_fastrtps_c.h
[0.801s] -- Up-to-date: /home/yahboom/ArchDocs/SharedDocs/S24_RobotProgramming_eloquent/Lab3-4/roscourse_ws/install/turtle_interfaces/include/turtle_interfaces/srv/detail/set_color__rosidl_typesupport_fastrtps_c.h
[0.802s] -- Up-to-date: /home/yahboom/ArchDocs/SharedDocs/S24_RobotProgramming_eloquent/Lab3-4/roscourse_ws/install/turtle_interfaces/lib/libturtle_interfaces__rosidl_typesupport_fastrtps_c.so
[0.803s] -- Up-to-date: /home/yahboom/ArchDocs/SharedDocs/S24_RobotProgramming_eloquent/Lab3-4/roscourse_ws/install/turtle_interfaces/include/turtle_interfaces
[0.804s] -- Up-to-date: /home/yahboom/ArchDocs/SharedDocs/S24_RobotProgramming_eloquent/Lab3-4/roscourse_ws/install/turtle_interfaces/include/turtle_interfaces/msg
[0.805s] -- Up-to-date: /home/yahboom/ArchDocs/SharedDocs/S24_RobotProgramming_eloquent/Lab3-4/roscourse_ws/install/turtle_interfaces/include/turtle_interfaces/msg/rosidl_typesupport_fastrtps_cpp__visibility_control.h
[0.806s] -- Up-to-date: /home/yahboom/ArchDocs/SharedDocs/S24_RobotProgramming_eloquent/Lab3-4/roscourse_ws/install/turtle_interfaces/include/turtle_interfaces/msg/detail
[0.807s] -- Up-to-date: /home/yahboom/ArchDocs/SharedDocs/S24_RobotProgramming_eloquent/Lab3-4/roscourse_ws/install/turtle_interfaces/include/turtle_interfaces/msg/detail/turtle_msg__rosidl_typesupport_fastrtps_cpp.hpp
[0.808s] -- Up-to-date: /home/yahboom/ArchDocs/SharedDocs/S24_RobotProgramming_eloquent/Lab3-4/roscourse_ws/install/turtle_interfaces/include/turtle_interfaces/msg/detail/dds_fastrtps
[0.809s] -- Up-to-date: /home/yahboom/ArchDocs/SharedDocs/S24_RobotProgramming_eloquent/Lab3-4/roscourse_ws/install/turtle_interfaces/include/turtle_interfaces/srv
[0.810s] -- Up-to-date: /home/yahboom/ArchDocs/SharedDocs/S24_RobotProgramming_eloquent/Lab3-4/roscourse_ws/install/turtle_interfaces/include/turtle_interfaces/srv/detail
[0.811s] -- Up-to-date: /home/yahboom/ArchDocs/SharedDocs/S24_RobotProgramming_eloquent/Lab3-4/roscourse_ws/install/turtle_interfaces/include/turtle_interfaces/srv/detail/set_pose__rosidl_typesupport_fastrtps_cpp.hpp
[0.812s] -- Up-to-date: /home/yahboom/ArchDocs/SharedDocs/S24_RobotProgramming_eloquent/Lab3-4/roscourse_ws/install/turtle_interfaces/include/turtle_interfaces/srv/detail/set_color__rosidl_typesupport_fastrtps_cpp.hpp
[0.813s] -- Up-to-date: /home/yahboom/ArchDocs/SharedDocs/S24_RobotProgramming_eloquent/Lab3-4/roscourse_ws/install/turtle_interfaces/include/turtle_interfaces/srv/detail/dds_fastrtps
[0.814s] -- Up-to-date: /home/yahboom/ArchDocs/SharedDocs/S24_RobotProgramming_eloquent/Lab3-4/roscourse_ws/install/turtle_interfaces/lib/libturtle_interfaces__rosidl_typesupport_fastrtps_cpp.so
[0.815s] -- Up-to-date: /home/yahboom/ArchDocs/SharedDocs/S24_RobotProgramming_eloquent/Lab3-4/roscourse_ws/install/turtle_interfaces/include/turtle_interfaces
[0.816s] -- Up-to-date: /home/yahboom/ArchDocs/SharedDocs/S24_RobotProgramming_eloquent/Lab3-4/roscourse_ws/install/turtle_interfaces/include/turtle_interfaces/msg
[0.817s] -- Up-to-date: /home/yahboom/ArchDocs/SharedDocs/S24_RobotProgramming_eloquent/Lab3-4/roscourse_ws/install/turtle_interfaces/include/turtle_interfaces/msg/rosidl_typesupport_introspection_c__visibility_control.h
[0.817s] -- Up-to-date: /home/yahboom/ArchDocs/SharedDocs/S24_RobotProgramming_eloquent/Lab3-4/roscourse_ws/install/turtle_interfaces/include/turtle_interfaces/msg/detail
[0.818s] -- Up-to-date: /home/yahboom/ArchDocs/SharedDocs/S24_RobotProgramming_eloquent/Lab3-4/roscourse_ws/install/turtle_interfaces/include/turtle_interfaces/msg/detail/turtle_msg__rosidl_typesupport_introspection_c.h
[0.819s] -- Up-to-date: /home/yahboom/ArchDocs/SharedDocs/S24_RobotProgramming_eloquent/Lab3-4/roscourse_ws/install/turtle_interfaces/include/turtle_interfaces/msg/detail/turtle_msg__type_support.c
[0.819s] -- Up-to-date: /home/yahboom/ArchDocs/SharedDocs/S24_RobotProgramming_eloquent/Lab3-4/roscourse_ws/install/turtle_interfaces/include/turtle_interfaces/srv
[0.820s] -- Up-to-date: /home/yahboom/ArchDocs/SharedDocs/S24_RobotProgramming_eloquent/Lab3-4/roscourse_ws/install/turtle_interfaces/include/turtle_interfaces/srv/detail
[0.820s] -- Up-to-date: /home/yahboom/ArchDocs/SharedDocs/S24_RobotProgramming_eloquent/Lab3-4/roscourse_ws/install/turtle_interfaces/include/turtle_interfaces/srv/detail/set_pose__rosidl_typesupport_introspection_c.h
[0.821s] -- Up-to-date: /home/yahboom/ArchDocs/SharedDocs/S24_RobotProgramming_eloquent/Lab3-4/roscourse_ws/install/turtle_interfaces/include/turtle_interfaces/srv/detail/set_color__type_support.c
[0.822s] -- Up-to-date: /home/yahboom/ArchDocs/SharedDocs/S24_RobotProgramming_eloquent/Lab3-4/roscourse_ws/install/turtle_interfaces/include/turtle_interfaces/srv/detail/set_color__rosidl_typesupport_introspection_c.h
[0.823s] -- Up-to-date: /home/yahboom/ArchDocs/SharedDocs/S24_RobotProgramming_eloquent/Lab3-4/roscourse_ws/install/turtle_interfaces/include/turtle_interfaces/srv/detail/set_pose__type_support.c
[0.824s] -- Up-to-date: /home/yahboom/ArchDocs/SharedDocs/S24_RobotProgramming_eloquent/Lab3-4/roscourse_ws/install/turtle_interfaces/lib/libturtle_interfaces__rosidl_typesupport_introspection_c.so
[0.825s] -- Up-to-date: /home/yahboom/ArchDocs/SharedDocs/S24_RobotProgramming_eloquent/Lab3-4/roscourse_ws/install/turtle_interfaces/lib/libturtle_interfaces__rosidl_typesupport_c.so
[0.826s] -- Up-to-date: /home/yahboom/ArchDocs/SharedDocs/S24_RobotProgramming_eloquent/Lab3-4/roscourse_ws/install/turtle_interfaces/include/turtle_interfaces
[0.827s] -- Up-to-date: /home/yahboom/ArchDocs/SharedDocs/S24_RobotProgramming_eloquent/Lab3-4/roscourse_ws/install/turtle_interfaces/include/turtle_interfaces/msg
[0.829s] -- Up-to-date: /home/yahboom/ArchDocs/SharedDocs/S24_RobotProgramming_eloquent/Lab3-4/roscourse_ws/install/turtle_interfaces/include/turtle_interfaces/msg/turtle_msg.hpp
[0.830s] -- Up-to-date: /home/yahboom/ArchDocs/SharedDocs/S24_RobotProgramming_eloquent/Lab3-4/roscourse_ws/install/turtle_interfaces/include/turtle_interfaces/msg/detail
[0.832s] -- Up-to-date: /home/yahboom/ArchDocs/SharedDocs/S24_RobotProgramming_eloquent/Lab3-4/roscourse_ws/install/turtle_interfaces/include/turtle_interfaces/msg/detail/turtle_msg__builder.hpp
[0.833s] -- Up-to-date: /home/yahboom/ArchDocs/SharedDocs/S24_RobotProgramming_eloquent/Lab3-4/roscourse_ws/install/turtle_interfaces/include/turtle_interfaces/msg/detail/turtle_msg__traits.hpp
[0.833s] -- Up-to-date: /home/yahboom/ArchDocs/SharedDocs/S24_RobotProgramming_eloquent/Lab3-4/roscourse_ws/install/turtle_interfaces/include/turtle_interfaces/msg/detail/turtle_msg__struct.hpp
[0.834s] -- Up-to-date: /home/yahboom/ArchDocs/SharedDocs/S24_RobotProgramming_eloquent/Lab3-4/roscourse_ws/install/turtle_interfaces/include/turtle_interfaces/srv
[0.835s] -- Up-to-date: /home/yahboom/ArchDocs/SharedDocs/S24_RobotProgramming_eloquent/Lab3-4/roscourse_ws/install/turtle_interfaces/include/turtle_interfaces/srv/set_color.hpp
[0.836s] -- Up-to-date: /home/yahboom/ArchDocs/SharedDocs/S24_RobotProgramming_eloquent/Lab3-4/roscourse_ws/install/turtle_interfaces/include/turtle_interfaces/srv/detail
[0.837s] -- Up-to-date: /home/yahboom/ArchDocs/SharedDocs/S24_RobotProgramming_eloquent/Lab3-4/roscourse_ws/install/turtle_interfaces/include/turtle_interfaces/srv/detail/set_color__traits.hpp
[0.839s] -- Up-to-date: /home/yahboom/ArchDocs/SharedDocs/S24_RobotProgramming_eloquent/Lab3-4/roscourse_ws/install/turtle_interfaces/include/turtle_interfaces/srv/detail/set_color__builder.hpp
[0.839s] -- Up-to-date: /home/yahboom/ArchDocs/SharedDocs/S24_RobotProgramming_eloquent/Lab3-4/roscourse_ws/install/turtle_interfaces/include/turtle_interfaces/srv/detail/set_pose__struct.hpp
[0.841s] -- Up-to-date: /home/yahboom/ArchDocs/SharedDocs/S24_RobotProgramming_eloquent/Lab3-4/roscourse_ws/install/turtle_interfaces/include/turtle_interfaces/srv/detail/set_pose__traits.hpp
[0.843s] -- Up-to-date: /home/yahboom/ArchDocs/SharedDocs/S24_RobotProgramming_eloquent/Lab3-4/roscourse_ws/install/turtle_interfaces/include/turtle_interfaces/srv/detail/set_pose__builder.hpp
[0.844s] -- Up-to-date: /home/yahboom/ArchDocs/SharedDocs/S24_RobotProgramming_eloquent/Lab3-4/roscourse_ws/install/turtle_interfaces/include/turtle_interfaces/srv/detail/set_color__struct.hpp
[0.845s] -- Up-to-date: /home/yahboom/ArchDocs/SharedDocs/S24_RobotProgramming_eloquent/Lab3-4/roscourse_ws/install/turtle_interfaces/include/turtle_interfaces/srv/set_pose.hpp
[0.846s] -- Up-to-date: /home/yahboom/ArchDocs/SharedDocs/S24_RobotProgramming_eloquent/Lab3-4/roscourse_ws/install/turtle_interfaces/include/turtle_interfaces
[0.847s] -- Up-to-date: /home/yahboom/ArchDocs/SharedDocs/S24_RobotProgramming_eloquent/Lab3-4/roscourse_ws/install/turtle_interfaces/include/turtle_interfaces/msg
[0.848s] -- Up-to-date: /home/yahboom/ArchDocs/SharedDocs/S24_RobotProgramming_eloquent/Lab3-4/roscourse_ws/install/turtle_interfaces/include/turtle_interfaces/msg/detail
[0.848s] -- Up-to-date: /home/yahboom/ArchDocs/SharedDocs/S24_RobotProgramming_eloquent/Lab3-4/roscourse_ws/install/turtle_interfaces/include/turtle_interfaces/msg/detail/turtle_msg__type_support.cpp
[0.849s] -- Up-to-date: /home/yahboom/ArchDocs/SharedDocs/S24_RobotProgramming_eloquent/Lab3-4/roscourse_ws/install/turtle_interfaces/include/turtle_interfaces/msg/detail/turtle_msg__rosidl_typesupport_introspection_cpp.hpp
[0.850s] -- Up-to-date: /home/yahboom/ArchDocs/SharedDocs/S24_RobotProgramming_eloquent/Lab3-4/roscourse_ws/install/turtle_interfaces/include/turtle_interfaces/srv
[0.851s] -- Up-to-date: /home/yahboom/ArchDocs/SharedDocs/S24_RobotProgramming_eloquent/Lab3-4/roscourse_ws/install/turtle_interfaces/include/turtle_interfaces/srv/detail
[0.852s] -- Up-to-date: /home/yahboom/ArchDocs/SharedDocs/S24_RobotProgramming_eloquent/Lab3-4/roscourse_ws/install/turtle_interfaces/include/turtle_interfaces/srv/detail/set_color__rosidl_typesupport_introspection_cpp.hpp
[0.852s] -- Up-to-date: /home/yahboom/ArchDocs/SharedDocs/S24_RobotProgramming_eloquent/Lab3-4/roscourse_ws/install/turtle_interfaces/include/turtle_interfaces/srv/detail/set_pose__type_support.cpp
[0.854s] -- Up-to-date: /home/yahboom/ArchDocs/SharedDocs/S24_RobotProgramming_eloquent/Lab3-4/roscourse_ws/install/turtle_interfaces/include/turtle_interfaces/srv/detail/set_pose__rosidl_typesupport_introspection_cpp.hpp
[0.855s] -- Up-to-date: /home/yahboom/ArchDocs/SharedDocs/S24_RobotProgramming_eloquent/Lab3-4/roscourse_ws/install/turtle_interfaces/include/turtle_interfaces/srv/detail/set_color__type_support.cpp
[0.855s] -- Up-to-date: /home/yahboom/ArchDocs/SharedDocs/S24_RobotProgramming_eloquent/Lab3-4/roscourse_ws/install/turtle_interfaces/lib/libturtle_interfaces__rosidl_typesupport_introspection_cpp.so
[0.856s] -- Up-to-date: /home/yahboom/ArchDocs/SharedDocs/S24_RobotProgramming_eloquent/Lab3-4/roscourse_ws/install/turtle_interfaces/lib/libturtle_interfaces__rosidl_typesupport_cpp.so
[0.856s] -- Up-to-date: /home/yahboom/ArchDocs/SharedDocs/S24_RobotProgramming_eloquent/Lab3-4/roscourse_ws/install/turtle_interfaces/share/turtle_interfaces/environment/pythonpath.sh
[0.857s] -- Up-to-date: /home/yahboom/ArchDocs/SharedDocs/S24_RobotProgramming_eloquent/Lab3-4/roscourse_ws/install/turtle_interfaces/share/turtle_interfaces/environment/pythonpath.dsv
[0.858s] -- Up-to-date: /home/yahboom/ArchDocs/SharedDocs/S24_RobotProgramming_eloquent/Lab3-4/roscourse_ws/install/turtle_interfaces/lib/python3.8/site-packages/turtle_interfaces/__init__.py
[0.910s] -- Up-to-date: /home/yahboom/ArchDocs/SharedDocs/S24_RobotProgramming_eloquent/Lab3-4/roscourse_ws/install/turtle_interfaces/lib/python3.8/site-packages/turtle_interfaces/msg
[0.911s] -- Up-to-date: /home/yahboom/ArchDocs/SharedDocs/S24_RobotProgramming_eloquent/Lab3-4/roscourse_ws/install/turtle_interfaces/lib/python3.8/site-packages/turtle_interfaces/msg/_turtle_msg_s.c
[0.912s] -- Up-to-date: /home/yahboom/ArchDocs/SharedDocs/S24_RobotProgramming_eloquent/Lab3-4/roscourse_ws/install/turtle_interfaces/lib/python3.8/site-packages/turtle_interfaces/msg/__init__.py
[0.914s] -- Up-to-date: /home/yahboom/ArchDocs/SharedDocs/S24_RobotProgramming_eloquent/Lab3-4/roscourse_ws/install/turtle_interfaces/lib/python3.8/site-packages/turtle_interfaces/msg/_turtle_msg.py
[0.914s] -- Up-to-date: /home/yahboom/ArchDocs/SharedDocs/S24_RobotProgramming_eloquent/Lab3-4/roscourse_ws/install/turtle_interfaces/lib/python3.8/site-packages/turtle_interfaces/srv
[0.915s] -- Up-to-date: /home/yahboom/ArchDocs/SharedDocs/S24_RobotProgramming_eloquent/Lab3-4/roscourse_ws/install/turtle_interfaces/lib/python3.8/site-packages/turtle_interfaces/srv/_set_pose_s.c
[0.916s] -- Up-to-date: /home/yahboom/ArchDocs/SharedDocs/S24_RobotProgramming_eloquent/Lab3-4/roscourse_ws/install/turtle_interfaces/lib/python3.8/site-packages/turtle_interfaces/srv/_set_color.py
[0.916s] -- Up-to-date: /home/yahboom/ArchDocs/SharedDocs/S24_RobotProgramming_eloquent/Lab3-4/roscourse_ws/install/turtle_interfaces/lib/python3.8/site-packages/turtle_interfaces/srv/_set_color_s.c
[0.917s] -- Up-to-date: /home/yahboom/ArchDocs/SharedDocs/S24_RobotProgramming_eloquent/Lab3-4/roscourse_ws/install/turtle_interfaces/lib/python3.8/site-packages/turtle_interfaces/srv/__init__.py
[0.918s] -- Up-to-date: /home/yahboom/ArchDocs/SharedDocs/S24_RobotProgramming_eloquent/Lab3-4/roscourse_ws/install/turtle_interfaces/lib/python3.8/site-packages/turtle_interfaces/srv/_set_pose.py
[0.919s] -- Up-to-date: /home/yahboom/ArchDocs/SharedDocs/S24_RobotProgramming_eloquent/Lab3-4/roscourse_ws/install/turtle_interfaces/lib/python3.8/site-packages/turtle_interfaces/turtle_interfaces_s__rosidl_typesupport_fastrtps_c.cpython-38-x86_64-linux-gnu.so
[0.921s] -- Up-to-date: /home/yahboom/ArchDocs/SharedDocs/S24_RobotProgramming_eloquent/Lab3-4/roscourse_ws/install/turtle_interfaces/lib/python3.8/site-packages/turtle_interfaces/turtle_interfaces_s__rosidl_typesupport_introspection_c.cpython-38-x86_64-linux-gnu.so
[0.924s] -- Up-to-date: /home/yahboom/ArchDocs/SharedDocs/S24_RobotProgramming_eloquent/Lab3-4/roscourse_ws/install/turtle_interfaces/lib/python3.8/site-packages/turtle_interfaces/turtle_interfaces_s__rosidl_typesupport_c.cpython-38-x86_64-linux-gnu.so
[0.927s] -- Up-to-date: /home/yahboom/ArchDocs/SharedDocs/S24_RobotProgramming_eloquent/Lab3-4/roscourse_ws/install/turtle_interfaces/lib/libturtle_interfaces__python.so
[0.930s] -- Up-to-date: /home/yahboom/ArchDocs/SharedDocs/S24_RobotProgramming_eloquent/Lab3-4/roscourse_ws/install/turtle_interfaces/share/turtle_interfaces/msg/TurtleMsg.idl
[0.931s] -- Up-to-date: /home/yahboom/ArchDocs/SharedDocs/S24_RobotProgramming_eloquent/Lab3-4/roscourse_ws/install/turtle_interfaces/share/turtle_interfaces/srv/SetPose.idl
[0.932s] -- Up-to-date: /home/yahboom/ArchDocs/SharedDocs/S24_RobotProgramming_eloquent/Lab3-4/roscourse_ws/install/turtle_interfaces/share/turtle_interfaces/srv/SetColor.idl
[0.933s] -- Up-to-date: /home/yahboom/ArchDocs/SharedDocs/S24_RobotProgramming_eloquent/Lab3-4/roscourse_ws/install/turtle_interfaces/share/turtle_interfaces/msg/TurtleMsg.msg
[0.934s] -- Up-to-date: /home/yahboom/ArchDocs/SharedDocs/S24_RobotProgramming_eloquent/Lab3-4/roscourse_ws/install/turtle_interfaces/share/turtle_interfaces/srv/SetPose.srv
[0.935s] -- Up-to-date: /home/yahboom/ArchDocs/SharedDocs/S24_RobotProgramming_eloquent/Lab3-4/roscourse_ws/install/turtle_interfaces/share/turtle_interfaces/srv/SetPose_Request.msg
[0.936s] -- Up-to-date: /home/yahboom/ArchDocs/SharedDocs/S24_RobotProgramming_eloquent/Lab3-4/roscourse_ws/install/turtle_interfaces/share/turtle_interfaces/srv/SetPose_Response.msg
[0.936s] -- Up-to-date: /home/yahboom/ArchDocs/SharedDocs/S24_RobotProgramming_eloquent/Lab3-4/roscourse_ws/install/turtle_interfaces/share/turtle_interfaces/srv/SetColor.srv
[0.937s] -- Up-to-date: /home/yahboom/ArchDocs/SharedDocs/S24_RobotProgramming_eloquent/Lab3-4/roscourse_ws/install/turtle_interfaces/share/turtle_interfaces/srv/SetColor_Request.msg
[0.938s] -- Up-to-date: /home/yahboom/ArchDocs/SharedDocs/S24_RobotProgramming_eloquent/Lab3-4/roscourse_ws/install/turtle_interfaces/share/turtle_interfaces/srv/SetColor_Response.msg
[0.939s] -- Up-to-date: /home/yahboom/ArchDocs/SharedDocs/S24_RobotProgramming_eloquent/Lab3-4/roscourse_ws/install/turtle_interfaces/share/ament_index/resource_index/package_run_dependencies/turtle_interfaces
[0.940s] -- Up-to-date: /home/yahboom/ArchDocs/SharedDocs/S24_RobotProgramming_eloquent/Lab3-4/roscourse_ws/install/turtle_interfaces/share/ament_index/resource_index/parent_prefix_path/turtle_interfaces
[0.941s] -- Up-to-date: /home/yahboom/ArchDocs/SharedDocs/S24_RobotProgramming_eloquent/Lab3-4/roscourse_ws/install/turtle_interfaces/share/turtle_interfaces/environment/ament_prefix_path.sh
[0.942s] -- Up-to-date: /home/yahboom/ArchDocs/SharedDocs/S24_RobotProgramming_eloquent/Lab3-4/roscourse_ws/install/turtle_interfaces/share/turtle_interfaces/environment/ament_prefix_path.dsv
[0.943s] -- Up-to-date: /home/yahboom/ArchDocs/SharedDocs/S24_RobotProgramming_eloquent/Lab3-4/roscourse_ws/install/turtle_interfaces/share/turtle_interfaces/environment/path.sh
[0.943s] -- Up-to-date: /home/yahboom/ArchDocs/SharedDocs/S24_RobotProgramming_eloquent/Lab3-4/roscourse_ws/install/turtle_interfaces/share/turtle_interfaces/environment/path.dsv
[0.944s] -- Up-to-date: /home/yahboom/ArchDocs/SharedDocs/S24_RobotProgramming_eloquent/Lab3-4/roscourse_ws/install/turtle_interfaces/share/turtle_interfaces/local_setup.bash
[0.945s] -- Up-to-date: /home/yahboom/ArchDocs/SharedDocs/S24_RobotProgramming_eloquent/Lab3-4/roscourse_ws/install/turtle_interfaces/share/turtle_interfaces/local_setup.sh
[0.946s] -- Up-to-date: /home/yahboom/ArchDocs/SharedDocs/S24_RobotProgramming_eloquent/Lab3-4/roscourse_ws/install/turtle_interfaces/share/turtle_interfaces/local_setup.zsh
[0.947s] -- Up-to-date: /home/yahboom/ArchDocs/SharedDocs/S24_RobotProgramming_eloquent/Lab3-4/roscourse_ws/install/turtle_interfaces/share/turtle_interfaces/local_setup.dsv
[0.948s] -- Installing: /home/yahboom/ArchDocs/SharedDocs/S24_RobotProgramming_eloquent/Lab3-4/roscourse_ws/install/turtle_interfaces/share/turtle_interfaces/package.dsv
[0.949s] -- Up-to-date: /home/yahboom/ArchDocs/SharedDocs/S24_RobotProgramming_eloquent/Lab3-4/roscourse_ws/install/turtle_interfaces/share/ament_index/resource_index/packages/turtle_interfaces
[0.949s] -- Up-to-date: /home/yahboom/ArchDocs/SharedDocs/S24_RobotProgramming_eloquent/Lab3-4/roscourse_ws/install/turtle_interfaces/share/turtle_interfaces/cmake/turtle_interfaces__rosidl_generator_cExport.cmake
[0.950s] -- Up-to-date: /home/yahboom/ArchDocs/SharedDocs/S24_RobotProgramming_eloquent/Lab3-4/roscourse_ws/install/turtle_interfaces/share/turtle_interfaces/cmake/turtle_interfaces__rosidl_generator_cExport-noconfig.cmake
[0.952s] -- Up-to-date: /home/yahboom/ArchDocs/SharedDocs/S24_RobotProgramming_eloquent/Lab3-4/roscourse_ws/install/turtle_interfaces/share/turtle_interfaces/cmake/turtle_interfaces__rosidl_typesupport_introspection_cExport.cmake
[0.952s] -- Up-to-date: /home/yahboom/ArchDocs/SharedDocs/S24_RobotProgramming_eloquent/Lab3-4/roscourse_ws/install/turtle_interfaces/share/turtle_interfaces/cmake/turtle_interfaces__rosidl_typesupport_introspection_cExport-noconfig.cmake
[0.954s] -- Up-to-date: /home/yahboom/ArchDocs/SharedDocs/S24_RobotProgramming_eloquent/Lab3-4/roscourse_ws/install/turtle_interfaces/share/turtle_interfaces/cmake/turtle_interfaces__rosidl_typesupport_cExport.cmake
[0.955s] -- Up-to-date: /home/yahboom/ArchDocs/SharedDocs/S24_RobotProgramming_eloquent/Lab3-4/roscourse_ws/install/turtle_interfaces/share/turtle_interfaces/cmake/turtle_interfaces__rosidl_typesupport_cExport-noconfig.cmake
[0.957s] -- Up-to-date: /home/yahboom/ArchDocs/SharedDocs/S24_RobotProgramming_eloquent/Lab3-4/roscourse_ws/install/turtle_interfaces/share/turtle_interfaces/cmake/turtle_interfaces__rosidl_generator_cppExport.cmake
[0.959s] -- Up-to-date: /home/yahboom/ArchDocs/SharedDocs/S24_RobotProgramming_eloquent/Lab3-4/roscourse_ws/install/turtle_interfaces/share/turtle_interfaces/cmake/turtle_interfaces__rosidl_typesupport_introspection_cppExport.cmake
[0.960s] -- Up-to-date: /home/yahboom/ArchDocs/SharedDocs/S24_RobotProgramming_eloquent/Lab3-4/roscourse_ws/install/turtle_interfaces/share/turtle_interfaces/cmake/turtle_interfaces__rosidl_typesupport_introspection_cppExport-noconfig.cmake
[0.962s] -- Up-to-date: /home/yahboom/ArchDocs/SharedDocs/S24_RobotProgramming_eloquent/Lab3-4/roscourse_ws/install/turtle_interfaces/share/turtle_interfaces/cmake/turtle_interfaces__rosidl_typesupport_cppExport.cmake
[0.963s] -- Up-to-date: /home/yahboom/ArchDocs/SharedDocs/S24_RobotProgramming_eloquent/Lab3-4/roscourse_ws/install/turtle_interfaces/share/turtle_interfaces/cmake/turtle_interfaces__rosidl_typesupport_cppExport-noconfig.cmake
[0.964s] -- Up-to-date: /home/yahboom/ArchDocs/SharedDocs/S24_RobotProgramming_eloquent/Lab3-4/roscourse_ws/install/turtle_interfaces/share/turtle_interfaces/cmake/rosidl_cmake-extras.cmake
[0.964s] -- Up-to-date: /home/yahboom/ArchDocs/SharedDocs/S24_RobotProgramming_eloquent/Lab3-4/roscourse_ws/install/turtle_interfaces/share/turtle_interfaces/cmake/ament_cmake_export_dependencies-extras.cmake
[0.965s] -- Up-to-date: /home/yahboom/ArchDocs/SharedDocs/S24_RobotProgramming_eloquent/Lab3-4/roscourse_ws/install/turtle_interfaces/share/turtle_interfaces/cmake/ament_cmake_export_libraries-extras.cmake
[0.966s] -- Up-to-date: /home/yahboom/ArchDocs/SharedDocs/S24_RobotProgramming_eloquent/Lab3-4/roscourse_ws/install/turtle_interfaces/share/turtle_interfaces/cmake/ament_cmake_export_targets-extras.cmake
[0.967s] -- Up-to-date: /home/yahboom/ArchDocs/SharedDocs/S24_RobotProgramming_eloquent/Lab3-4/roscourse_ws/install/turtle_interfaces/share/turtle_interfaces/cmake/ament_cmake_export_include_directories-extras.cmake
[0.968s] -- Up-to-date: /home/yahboom/ArchDocs/SharedDocs/S24_RobotProgramming_eloquent/Lab3-4/roscourse_ws/install/turtle_interfaces/share/turtle_interfaces/cmake/rosidl_cmake_export_typesupport_libraries-extras.cmake
[0.969s] -- Up-to-date: /home/yahboom/ArchDocs/SharedDocs/S24_RobotProgramming_eloquent/Lab3-4/roscourse_ws/install/turtle_interfaces/share/turtle_interfaces/cmake/rosidl_cmake_export_typesupport_targets-extras.cmake
[0.970s] -- Up-to-date: /home/yahboom/ArchDocs/SharedDocs/S24_RobotProgramming_eloquent/Lab3-4/roscourse_ws/install/turtle_interfaces/share/turtle_interfaces/cmake/turtle_interfacesConfig.cmake
[0.970s] -- Up-to-date: /home/yahboom/ArchDocs/SharedDocs/S24_RobotProgramming_eloquent/Lab3-4/roscourse_ws/install/turtle_interfaces/share/turtle_interfaces/cmake/turtle_interfacesConfig-version.cmake
[0.971s] -- Up-to-date: /home/yahboom/ArchDocs/SharedDocs/S24_RobotProgramming_eloquent/Lab3-4/roscourse_ws/install/turtle_interfaces/share/turtle_interfaces/package.xml
[0.973s] Invoked command in '/home/yahboom/ArchDocs/SharedDocs/S24_RobotProgramming_eloquent/Lab3-4/roscourse_ws/build/turtle_interfaces' returned '0': CMAKE_PREFIX_PATH=${CMAKE_PREFIX_PATH}:/home/yahboom/yahboomcar_ros2_ws/yahboomcar_ws/install/yahboomcar_voice_ctrl:/home/yahboom/yahboomcar_ros2_ws/yahboomcar_ws/install/yahboomcar_visual:/home/yahboom/yahboomcar_ros2_ws/yahboomcar_ws/install/yahboomcar_rviz:/home/yahboom/yahboomcar_ros2_ws/yahboomcar_ws/install/yahboomcar_nav:/home/yahboom/yahboomcar_ros2_ws/yahboomcar_ws/install/yahboomcar_multi:/home/yahboom/yahboomcar_ros2_ws/yahboomcar_ws/install/yahboomcar_mediapipe:/home/yahboom/yahboomcar_ros2_ws/yahboomcar_ws/install/yahboomcar_linefollow:/home/yahboom/yahboomcar_ros2_ws/yahboomcar_ws/install/yahboomcar_laser:/home/yahboom/yahboomcar_ros2_ws/yahboomcar_ws/install/yahboomcar_description_x1:/home/yahboom/yahboomcar_ros2_ws/yahboomcar_ws/install/yahboomcar_description:/home/yahboom/yahboomcar_ros2_ws/yahboomcar_ws/install/yahboomcar_ctrl:/home/yahboom/yahboomcar_ros2_ws/yahboomcar_ws/install/yahboomcar_bringup:/home/yahboom/yahboomcar_ros2_ws/yahboomcar_ws/install/yahboomcar_astra:/home/yahboom/yahboomcar_ros2_ws/yahboomcar_ws/install/robot_pose_publisher:/home/yahboom/yahboomcar_ros2_ws/yahboomcar_ws/install/laserscan_to_point_pulisher:/opt/ros/foxy /usr/bin/cmake --install /home/yahboom/ArchDocs/SharedDocs/S24_RobotProgramming_eloquent/Lab3-4/roscourse_ws/build/turtle_interfaces
