[0.508s] DEBUG:colcon:Command line arguments: ['/usr/bin/colcon', 'build']
[0.508s] DEBUG:colcon:Parsed command line arguments: Namespace(allow_overriding=[], ament_cmake_args=None, base_paths=['.'], build_base='build', catkin_cmake_args=None, catkin_skip_building_tests=False, cmake_args=None, cmake_clean_cache=False, cmake_clean_first=False, cmake_force_configure=False, cmake_target=None, cmake_target_skip_unavailable=False, continue_on_error=False, event_handlers=None, executor='parallel', ignore_user_meta=False, install_base='install', log_base=None, log_level=None, main=<bound method BuildVerb.main of <colcon_core.verb.build.BuildVerb object at 0x7ff2032a7970>>, merge_install=False, metas=['./colcon.meta'], packages_above=None, packages_above_and_dependencies=None, packages_above_depth=None, packages_end=None, packages_ignore=None, packages_ignore_regex=None, packages_select=None, packages_select_build_failed=False, packages_select_by_dep=None, packages_select_regex=None, packages_select_test_failures=False, packages_skip=None, packages_skip_build_finished=False, packages_skip_by_dep=None, packages_skip_regex=None, packages_skip_test_passed=False, packages_skip_up_to=None, packages_start=None, packages_up_to=None, packages_up_to_regex=None, parallel_workers=4, paths=None, symlink_install=False, test_result_base=None, verb_extension=<colcon_core.verb.build.BuildVerb object at 0x7ff2032a7970>, verb_name='build', verb_parser=<colcon_defaults.argument_parser.defaults.DefaultArgumentsDecorator object at 0x7ff2032a7ee0>)
[0.557s] Level 1:colcon.colcon_core.package_discovery:discover_packages(colcon_meta) check parameters
[0.557s] Level 1:colcon.colcon_core.package_discovery:discover_packages(recursive) check parameters
[0.557s] Level 1:colcon.colcon_core.package_discovery:discover_packages(ignore) check parameters
[0.557s] Level 1:colcon.colcon_core.package_discovery:discover_packages(path) check parameters
[0.557s] Level 1:colcon.colcon_core.package_discovery:discover_packages(colcon_meta) discover
[0.557s] Level 1:colcon.colcon_core.package_discovery:discover_packages(recursive) discover
[0.557s] INFO:colcon.colcon_core.package_discovery:Crawling recursively for packages in '/home/yahboom/S24_RobotProgramming_eloquent/Lab3/roscourse_ws'
[0.557s] Level 1:colcon.colcon_core.package_identification:_identify(.) by extensions ['ignore', 'ignore_ament_install']
[0.558s] Level 1:colcon.colcon_core.package_identification:_identify(.) by extension 'ignore'
[0.558s] Level 1:colcon.colcon_core.package_identification:_identify(.) by extension 'ignore_ament_install'
[0.558s] Level 1:colcon.colcon_core.package_identification:_identify(.) by extensions ['colcon_pkg']
[0.558s] Level 1:colcon.colcon_core.package_identification:_identify(.) by extension 'colcon_pkg'
[0.558s] Level 1:colcon.colcon_core.package_identification:_identify(.) by extensions ['colcon_meta']
[0.558s] Level 1:colcon.colcon_core.package_identification:_identify(.) by extension 'colcon_meta'
[0.558s] Level 1:colcon.colcon_core.package_identification:_identify(.) by extensions ['ros']
[0.558s] Level 1:colcon.colcon_core.package_identification:_identify(.) by extension 'ros'
[0.591s] Level 1:colcon.colcon_core.package_identification:_identify(.) by extensions ['cmake', 'python']
[0.591s] Level 1:colcon.colcon_core.package_identification:_identify(.) by extension 'cmake'
[0.591s] Level 1:colcon.colcon_core.package_identification:_identify(.) by extension 'python'
[0.592s] Level 1:colcon.colcon_core.package_identification:_identify(.) by extensions ['python_setup_py']
[0.592s] Level 1:colcon.colcon_core.package_identification:_identify(.) by extension 'python_setup_py'
[0.592s] Level 1:colcon.colcon_core.package_identification:_identify(build) by extensions ['ignore', 'ignore_ament_install']
[0.592s] Level 1:colcon.colcon_core.package_identification:_identify(build) by extension 'ignore'
[0.592s] Level 1:colcon.colcon_core.package_identification:_identify(build) ignored
[0.592s] Level 1:colcon.colcon_core.package_identification:_identify(install) by extensions ['ignore', 'ignore_ament_install']
[0.592s] Level 1:colcon.colcon_core.package_identification:_identify(install) by extension 'ignore'
[0.592s] Level 1:colcon.colcon_core.package_identification:_identify(install) ignored
[0.593s] Level 1:colcon.colcon_core.package_identification:_identify(log) by extensions ['ignore', 'ignore_ament_install']
[0.593s] Level 1:colcon.colcon_core.package_identification:_identify(log) by extension 'ignore'
[0.593s] Level 1:colcon.colcon_core.package_identification:_identify(log) ignored
[0.593s] Level 1:colcon.colcon_core.package_identification:_identify(src) by extensions ['ignore', 'ignore_ament_install']
[0.593s] Level 1:colcon.colcon_core.package_identification:_identify(src) by extension 'ignore'
[0.593s] Level 1:colcon.colcon_core.package_identification:_identify(src) by extension 'ignore_ament_install'
[0.593s] Level 1:colcon.colcon_core.package_identification:_identify(src) by extensions ['colcon_pkg']
[0.593s] Level 1:colcon.colcon_core.package_identification:_identify(src) by extension 'colcon_pkg'
[0.593s] Level 1:colcon.colcon_core.package_identification:_identify(src) by extensions ['colcon_meta']
[0.593s] Level 1:colcon.colcon_core.package_identification:_identify(src) by extension 'colcon_meta'
[0.593s] Level 1:colcon.colcon_core.package_identification:_identify(src) by extensions ['ros']
[0.593s] Level 1:colcon.colcon_core.package_identification:_identify(src) by extension 'ros'
[0.594s] Level 1:colcon.colcon_core.package_identification:_identify(src) by extensions ['cmake', 'python']
[0.594s] Level 1:colcon.colcon_core.package_identification:_identify(src) by extension 'cmake'
[0.594s] Level 1:colcon.colcon_core.package_identification:_identify(src) by extension 'python'
[0.594s] Level 1:colcon.colcon_core.package_identification:_identify(src) by extensions ['python_setup_py']
[0.594s] Level 1:colcon.colcon_core.package_identification:_identify(src) by extension 'python_setup_py'
[0.594s] Level 1:colcon.colcon_core.package_identification:_identify(src/python_turtle) by extensions ['ignore', 'ignore_ament_install']
[0.594s] Level 1:colcon.colcon_core.package_identification:_identify(src/python_turtle) by extension 'ignore'
[0.594s] Level 1:colcon.colcon_core.package_identification:_identify(src/python_turtle) by extension 'ignore_ament_install'
[0.594s] Level 1:colcon.colcon_core.package_identification:_identify(src/python_turtle) by extensions ['colcon_pkg']
[0.594s] Level 1:colcon.colcon_core.package_identification:_identify(src/python_turtle) by extension 'colcon_pkg'
[0.594s] Level 1:colcon.colcon_core.package_identification:_identify(src/python_turtle) by extensions ['colcon_meta']
[0.594s] Level 1:colcon.colcon_core.package_identification:_identify(src/python_turtle) by extension 'colcon_meta'
[0.594s] Level 1:colcon.colcon_core.package_identification:_identify(src/python_turtle) by extensions ['ros']
[0.595s] Level 1:colcon.colcon_core.package_identification:_identify(src/python_turtle) by extension 'ros'
[0.598s] DEBUG:colcon.colcon_core.package_identification:Package 'src/python_turtle' with type 'ros.ament_python' and name 'python_turtle'
[0.599s] Level 1:colcon.colcon_core.package_identification:_identify(src/turtle_interfaces) by extensions ['ignore', 'ignore_ament_install']
[0.599s] Level 1:colcon.colcon_core.package_identification:_identify(src/turtle_interfaces) by extension 'ignore'
[0.599s] Level 1:colcon.colcon_core.package_identification:_identify(src/turtle_interfaces) by extension 'ignore_ament_install'
[0.599s] Level 1:colcon.colcon_core.package_identification:_identify(src/turtle_interfaces) by extensions ['colcon_pkg']
[0.599s] Level 1:colcon.colcon_core.package_identification:_identify(src/turtle_interfaces) by extension 'colcon_pkg'
[0.599s] Level 1:colcon.colcon_core.package_identification:_identify(src/turtle_interfaces) by extensions ['colcon_meta']
[0.599s] Level 1:colcon.colcon_core.package_identification:_identify(src/turtle_interfaces) by extension 'colcon_meta'
[0.599s] Level 1:colcon.colcon_core.package_identification:_identify(src/turtle_interfaces) by extensions ['ros']
[0.599s] Level 1:colcon.colcon_core.package_identification:_identify(src/turtle_interfaces) by extension 'ros'
[0.601s] DEBUG:colcon.colcon_core.package_identification:Package 'src/turtle_interfaces' with type 'ros.ament_cmake' and name 'turtle_interfaces'
[0.601s] Level 1:colcon.colcon_core.package_identification:_identify(src/webcam) by extensions ['ignore', 'ignore_ament_install']
[0.601s] Level 1:colcon.colcon_core.package_identification:_identify(src/webcam) by extension 'ignore'
[0.601s] Level 1:colcon.colcon_core.package_identification:_identify(src/webcam) by extension 'ignore_ament_install'
[0.601s] Level 1:colcon.colcon_core.package_identification:_identify(src/webcam) by extensions ['colcon_pkg']
[0.601s] Level 1:colcon.colcon_core.package_identification:_identify(src/webcam) by extension 'colcon_pkg'
[0.602s] Level 1:colcon.colcon_core.package_identification:_identify(src/webcam) by extensions ['colcon_meta']
[0.602s] Level 1:colcon.colcon_core.package_identification:_identify(src/webcam) by extension 'colcon_meta'
[0.602s] Level 1:colcon.colcon_core.package_identification:_identify(src/webcam) by extensions ['ros']
[0.602s] Level 1:colcon.colcon_core.package_identification:_identify(src/webcam) by extension 'ros'
[0.603s] DEBUG:colcon.colcon_core.package_identification:Package 'src/webcam' with type 'ros.ament_python' and name 'webcam'
[0.603s] Level 1:colcon.colcon_core.package_discovery:discover_packages(recursive) using defaults
[0.603s] Level 1:colcon.colcon_core.package_discovery:discover_packages(ignore) discover
[0.603s] Level 1:colcon.colcon_core.package_discovery:discover_packages(ignore) using defaults
[0.603s] Level 1:colcon.colcon_core.package_discovery:discover_packages(path) discover
[0.603s] Level 1:colcon.colcon_core.package_discovery:discover_packages(path) using defaults
[0.644s] Level 1:colcon.colcon_core.package_discovery:discover_packages(prefix_path) check parameters
[0.644s] Level 1:colcon.colcon_core.package_discovery:discover_packages(prefix_path) discover
[0.653s] DEBUG:colcon.colcon_installed_package_information.package_discovery:Found 10 installed packages in /home/yahboom/yahboomcar_ros2_ws/software/library_ws/install
[0.656s] DEBUG:colcon.colcon_installed_package_information.package_discovery:Found 20 installed packages in /home/yahboom/yahboomcar_ros2_ws/yahboomcar_ws/install
[0.661s] DEBUG:colcon.colcon_installed_package_information.package_discovery:Found 337 installed packages in /opt/ros/foxy
[0.666s] Level 1:colcon.colcon_core.package_discovery:discover_packages(prefix_path) using defaults
[0.801s] Level 5:colcon.colcon_core.verb:set package 'turtle_interfaces' build argument 'cmake_args' from command line to 'None'
[0.801s] Level 5:colcon.colcon_core.verb:set package 'turtle_interfaces' build argument 'cmake_target' from command line to 'None'
[0.802s] Level 5:colcon.colcon_core.verb:set package 'turtle_interfaces' build argument 'cmake_target_skip_unavailable' from command line to 'False'
[0.802s] Level 5:colcon.colcon_core.verb:set package 'turtle_interfaces' build argument 'cmake_clean_cache' from command line to 'False'
[0.802s] Level 5:colcon.colcon_core.verb:set package 'turtle_interfaces' build argument 'cmake_clean_first' from command line to 'False'
[0.802s] Level 5:colcon.colcon_core.verb:set package 'turtle_interfaces' build argument 'cmake_force_configure' from command line to 'False'
[0.802s] Level 5:colcon.colcon_core.verb:set package 'turtle_interfaces' build argument 'ament_cmake_args' from command line to 'None'
[0.802s] Level 5:colcon.colcon_core.verb:set package 'turtle_interfaces' build argument 'catkin_cmake_args' from command line to 'None'
[0.802s] Level 5:colcon.colcon_core.verb:set package 'turtle_interfaces' build argument 'catkin_skip_building_tests' from command line to 'False'
[0.802s] DEBUG:colcon.colcon_core.verb:Building package 'turtle_interfaces' with the following arguments: {'ament_cmake_args': None, 'build_base': '/home/yahboom/S24_RobotProgramming_eloquent/Lab3/roscourse_ws/build/turtle_interfaces', 'catkin_cmake_args': None, 'catkin_skip_building_tests': False, 'cmake_args': None, 'cmake_clean_cache': False, 'cmake_clean_first': False, 'cmake_force_configure': False, 'cmake_target': None, 'cmake_target_skip_unavailable': False, 'install_base': '/home/yahboom/S24_RobotProgramming_eloquent/Lab3/roscourse_ws/install/turtle_interfaces', 'merge_install': False, 'path': '/home/yahboom/S24_RobotProgramming_eloquent/Lab3/roscourse_ws/src/turtle_interfaces', 'symlink_install': False, 'test_result_base': None}
[0.804s] Level 5:colcon.colcon_core.verb:set package 'webcam' build argument 'cmake_args' from command line to 'None'
[0.804s] Level 5:colcon.colcon_core.verb:set package 'webcam' build argument 'cmake_target' from command line to 'None'
[0.804s] Level 5:colcon.colcon_core.verb:set package 'webcam' build argument 'cmake_target_skip_unavailable' from command line to 'False'
[0.804s] Level 5:colcon.colcon_core.verb:set package 'webcam' build argument 'cmake_clean_cache' from command line to 'False'
[0.805s] Level 5:colcon.colcon_core.verb:set package 'webcam' build argument 'cmake_clean_first' from command line to 'False'
[0.805s] Level 5:colcon.colcon_core.verb:set package 'webcam' build argument 'cmake_force_configure' from command line to 'False'
[0.805s] Level 5:colcon.colcon_core.verb:set package 'webcam' build argument 'ament_cmake_args' from command line to 'None'
[0.805s] Level 5:colcon.colcon_core.verb:set package 'webcam' build argument 'catkin_cmake_args' from command line to 'None'
[0.805s] Level 5:colcon.colcon_core.verb:set package 'webcam' build argument 'catkin_skip_building_tests' from command line to 'False'
[0.805s] DEBUG:colcon.colcon_core.verb:Building package 'webcam' with the following arguments: {'ament_cmake_args': None, 'build_base': '/home/yahboom/S24_RobotProgramming_eloquent/Lab3/roscourse_ws/build/webcam', 'catkin_cmake_args': None, 'catkin_skip_building_tests': False, 'cmake_args': None, 'cmake_clean_cache': False, 'cmake_clean_first': False, 'cmake_force_configure': False, 'cmake_target': None, 'cmake_target_skip_unavailable': False, 'install_base': '/home/yahboom/S24_RobotProgramming_eloquent/Lab3/roscourse_ws/install/webcam', 'merge_install': False, 'path': '/home/yahboom/S24_RobotProgramming_eloquent/Lab3/roscourse_ws/src/webcam', 'symlink_install': False, 'test_result_base': None}
[0.807s] Level 5:colcon.colcon_core.verb:set package 'python_turtle' build argument 'cmake_args' from command line to 'None'
[0.807s] Level 5:colcon.colcon_core.verb:set package 'python_turtle' build argument 'cmake_target' from command line to 'None'
[0.807s] Level 5:colcon.colcon_core.verb:set package 'python_turtle' build argument 'cmake_target_skip_unavailable' from command line to 'False'
[0.807s] Level 5:colcon.colcon_core.verb:set package 'python_turtle' build argument 'cmake_clean_cache' from command line to 'False'
[0.807s] Level 5:colcon.colcon_core.verb:set package 'python_turtle' build argument 'cmake_clean_first' from command line to 'False'
[0.807s] Level 5:colcon.colcon_core.verb:set package 'python_turtle' build argument 'cmake_force_configure' from command line to 'False'
[0.807s] Level 5:colcon.colcon_core.verb:set package 'python_turtle' build argument 'ament_cmake_args' from command line to 'None'
[0.807s] Level 5:colcon.colcon_core.verb:set package 'python_turtle' build argument 'catkin_cmake_args' from command line to 'None'
[0.807s] Level 5:colcon.colcon_core.verb:set package 'python_turtle' build argument 'catkin_skip_building_tests' from command line to 'False'
[0.807s] DEBUG:colcon.colcon_core.verb:Building package 'python_turtle' with the following arguments: {'ament_cmake_args': None, 'build_base': '/home/yahboom/S24_RobotProgramming_eloquent/Lab3/roscourse_ws/build/python_turtle', 'catkin_cmake_args': None, 'catkin_skip_building_tests': False, 'cmake_args': None, 'cmake_clean_cache': False, 'cmake_clean_first': False, 'cmake_force_configure': False, 'cmake_target': None, 'cmake_target_skip_unavailable': False, 'install_base': '/home/yahboom/S24_RobotProgramming_eloquent/Lab3/roscourse_ws/install/python_turtle', 'merge_install': False, 'path': '/home/yahboom/S24_RobotProgramming_eloquent/Lab3/roscourse_ws/src/python_turtle', 'symlink_install': False, 'test_result_base': None}
[0.808s] INFO:colcon.colcon_core.executor:Executing jobs using 'parallel' executor
[0.814s] DEBUG:colcon.colcon_parallel_executor.executor.parallel:run_until_complete
[0.815s] INFO:colcon.colcon_ros.task.ament_cmake.build:Building ROS package in '/home/yahboom/S24_RobotProgramming_eloquent/Lab3/roscourse_ws/src/turtle_interfaces' with build type 'ament_cmake'
[0.816s] INFO:colcon.colcon_cmake.task.cmake.build:Building CMake package in '/home/yahboom/S24_RobotProgramming_eloquent/Lab3/roscourse_ws/src/turtle_interfaces'
[0.824s] INFO:colcon.colcon_core.plugin_system:Skipping extension 'colcon_core.shell.bat': Not used on non-Windows systems
[0.824s] INFO:colcon.colcon_core.shell:Skip shell extension 'powershell' for command environment: Not usable outside of PowerShell
[0.824s] DEBUG:colcon.colcon_core.shell:Skip shell extension 'dsv' for command environment
[0.841s] INFO:colcon.colcon_ros.task.ament_python.build:Building ROS package in '/home/yahboom/S24_RobotProgramming_eloquent/Lab3/roscourse_ws/src/webcam' with build type 'ament_python'
[0.841s] Level 1:colcon.colcon_core.shell:create_environment_hook('webcam', 'ament_prefix_path')
[0.844s] INFO:colcon.colcon_core.shell:Creating environment hook '/home/yahboom/S24_RobotProgramming_eloquent/Lab3/roscourse_ws/install/webcam/share/webcam/hook/ament_prefix_path.ps1'
[0.848s] INFO:colcon.colcon_core.shell:Creating environment descriptor '/home/yahboom/S24_RobotProgramming_eloquent/Lab3/roscourse_ws/install/webcam/share/webcam/hook/ament_prefix_path.dsv'
[0.849s] INFO:colcon.colcon_core.shell:Creating environment hook '/home/yahboom/S24_RobotProgramming_eloquent/Lab3/roscourse_ws/install/webcam/share/webcam/hook/ament_prefix_path.sh'
[0.853s] INFO:colcon.colcon_core.shell:Skip shell extension 'powershell' for command environment: Not usable outside of PowerShell
[0.853s] DEBUG:colcon.colcon_core.shell:Skip shell extension 'dsv' for command environment
[0.885s] DEBUG:colcon.colcon_core.event_handler.log_command:Invoking command in '/home/yahboom/S24_RobotProgramming_eloquent/Lab3/roscourse_ws/build/turtle_interfaces': CMAKE_PREFIX_PATH=${CMAKE_PREFIX_PATH}:/home/yahboom/yahboomcar_ros2_ws/yahboomcar_ws/install/yahboomcar_voice_ctrl:/home/yahboom/yahboomcar_ros2_ws/yahboomcar_ws/install/yahboomcar_visual:/home/yahboom/yahboomcar_ros2_ws/yahboomcar_ws/install/yahboomcar_rviz:/home/yahboom/yahboomcar_ros2_ws/yahboomcar_ws/install/yahboomcar_nav:/home/yahboom/yahboomcar_ros2_ws/yahboomcar_ws/install/yahboomcar_multi:/home/yahboom/yahboomcar_ros2_ws/yahboomcar_ws/install/yahboomcar_mediapipe:/home/yahboom/yahboomcar_ros2_ws/yahboomcar_ws/install/yahboomcar_linefollow:/home/yahboom/yahboomcar_ros2_ws/yahboomcar_ws/install/yahboomcar_laser:/home/yahboom/yahboomcar_ros2_ws/yahboomcar_ws/install/yahboomcar_description_x1:/home/yahboom/yahboomcar_ros2_ws/yahboomcar_ws/install/yahboomcar_description:/home/yahboom/yahboomcar_ros2_ws/yahboomcar_ws/install/yahboomcar_ctrl:/home/yahboom/yahboomcar_ros2_ws/yahboomcar_ws/install/yahboomcar_bringup:/home/yahboom/yahboomcar_ros2_ws/yahboomcar_ws/install/yahboomcar_astra:/home/yahboom/yahboomcar_ros2_ws/yahboomcar_ws/install/robot_pose_publisher:/home/yahboom/yahboomcar_ros2_ws/yahboomcar_ws/install/laserscan_to_point_pulisher:/opt/ros/foxy /usr/bin/cmake --build /home/yahboom/S24_RobotProgramming_eloquent/Lab3/roscourse_ws/build/turtle_interfaces -- -j4 -l4
[1.337s] INFO:colcon.colcon_core.task.python.build:Building Python package in '/home/yahboom/S24_RobotProgramming_eloquent/Lab3/roscourse_ws/src/webcam'
[1.340s] INFO:colcon.colcon_core.shell:Skip shell extension 'powershell' for command environment: Not usable outside of PowerShell
[1.340s] DEBUG:colcon.colcon_core.shell:Skip shell extension 'dsv' for command environment
[1.372s] DEBUG:colcon.colcon_core.event_handler.log_command:Invoked command in '/home/yahboom/S24_RobotProgramming_eloquent/Lab3/roscourse_ws/build/turtle_interfaces' returned '0': CMAKE_PREFIX_PATH=${CMAKE_PREFIX_PATH}:/home/yahboom/yahboomcar_ros2_ws/yahboomcar_ws/install/yahboomcar_voice_ctrl:/home/yahboom/yahboomcar_ros2_ws/yahboomcar_ws/install/yahboomcar_visual:/home/yahboom/yahboomcar_ros2_ws/yahboomcar_ws/install/yahboomcar_rviz:/home/yahboom/yahboomcar_ros2_ws/yahboomcar_ws/install/yahboomcar_nav:/home/yahboom/yahboomcar_ros2_ws/yahboomcar_ws/install/yahboomcar_multi:/home/yahboom/yahboomcar_ros2_ws/yahboomcar_ws/install/yahboomcar_mediapipe:/home/yahboom/yahboomcar_ros2_ws/yahboomcar_ws/install/yahboomcar_linefollow:/home/yahboom/yahboomcar_ros2_ws/yahboomcar_ws/install/yahboomcar_laser:/home/yahboom/yahboomcar_ros2_ws/yahboomcar_ws/install/yahboomcar_description_x1:/home/yahboom/yahboomcar_ros2_ws/yahboomcar_ws/install/yahboomcar_description:/home/yahboom/yahboomcar_ros2_ws/yahboomcar_ws/install/yahboomcar_ctrl:/home/yahboom/yahboomcar_ros2_ws/yahboomcar_ws/install/yahboomcar_bringup:/home/yahboom/yahboomcar_ros2_ws/yahboomcar_ws/install/yahboomcar_astra:/home/yahboom/yahboomcar_ros2_ws/yahboomcar_ws/install/robot_pose_publisher:/home/yahboom/yahboomcar_ros2_ws/yahboomcar_ws/install/laserscan_to_point_pulisher:/opt/ros/foxy /usr/bin/cmake --build /home/yahboom/S24_RobotProgramming_eloquent/Lab3/roscourse_ws/build/turtle_interfaces -- -j4 -l4
[1.559s] DEBUG:colcon.colcon_core.event_handler.log_command:Invoking command in '/home/yahboom/S24_RobotProgramming_eloquent/Lab3/roscourse_ws/build/turtle_interfaces': CMAKE_PREFIX_PATH=${CMAKE_PREFIX_PATH}:/home/yahboom/yahboomcar_ros2_ws/yahboomcar_ws/install/yahboomcar_voice_ctrl:/home/yahboom/yahboomcar_ros2_ws/yahboomcar_ws/install/yahboomcar_visual:/home/yahboom/yahboomcar_ros2_ws/yahboomcar_ws/install/yahboomcar_rviz:/home/yahboom/yahboomcar_ros2_ws/yahboomcar_ws/install/yahboomcar_nav:/home/yahboom/yahboomcar_ros2_ws/yahboomcar_ws/install/yahboomcar_multi:/home/yahboom/yahboomcar_ros2_ws/yahboomcar_ws/install/yahboomcar_mediapipe:/home/yahboom/yahboomcar_ros2_ws/yahboomcar_ws/install/yahboomcar_linefollow:/home/yahboom/yahboomcar_ros2_ws/yahboomcar_ws/install/yahboomcar_laser:/home/yahboom/yahboomcar_ros2_ws/yahboomcar_ws/install/yahboomcar_description_x1:/home/yahboom/yahboomcar_ros2_ws/yahboomcar_ws/install/yahboomcar_description:/home/yahboom/yahboomcar_ros2_ws/yahboomcar_ws/install/yahboomcar_ctrl:/home/yahboom/yahboomcar_ros2_ws/yahboomcar_ws/install/yahboomcar_bringup:/home/yahboom/yahboomcar_ros2_ws/yahboomcar_ws/install/yahboomcar_astra:/home/yahboom/yahboomcar_ros2_ws/yahboomcar_ws/install/robot_pose_publisher:/home/yahboom/yahboomcar_ros2_ws/yahboomcar_ws/install/laserscan_to_point_pulisher:/opt/ros/foxy /usr/bin/cmake --install /home/yahboom/S24_RobotProgramming_eloquent/Lab3/roscourse_ws/build/turtle_interfaces
[1.682s] Level 1:colcon.colcon_core.environment:create_environment_scripts_only(turtle_interfaces)
[1.684s] DEBUG:colcon.colcon_core.event_handler.log_command:Invoked command in '/home/yahboom/S24_RobotProgramming_eloquent/Lab3/roscourse_ws/build/turtle_interfaces' returned '0': CMAKE_PREFIX_PATH=${CMAKE_PREFIX_PATH}:/home/yahboom/yahboomcar_ros2_ws/yahboomcar_ws/install/yahboomcar_voice_ctrl:/home/yahboom/yahboomcar_ros2_ws/yahboomcar_ws/install/yahboomcar_visual:/home/yahboom/yahboomcar_ros2_ws/yahboomcar_ws/install/yahboomcar_rviz:/home/yahboom/yahboomcar_ros2_ws/yahboomcar_ws/install/yahboomcar_nav:/home/yahboom/yahboomcar_ros2_ws/yahboomcar_ws/install/yahboomcar_multi:/home/yahboom/yahboomcar_ros2_ws/yahboomcar_ws/install/yahboomcar_mediapipe:/home/yahboom/yahboomcar_ros2_ws/yahboomcar_ws/install/yahboomcar_linefollow:/home/yahboom/yahboomcar_ros2_ws/yahboomcar_ws/install/yahboomcar_laser:/home/yahboom/yahboomcar_ros2_ws/yahboomcar_ws/install/yahboomcar_description_x1:/home/yahboom/yahboomcar_ros2_ws/yahboomcar_ws/install/yahboomcar_description:/home/yahboom/yahboomcar_ros2_ws/yahboomcar_ws/install/yahboomcar_ctrl:/home/yahboom/yahboomcar_ros2_ws/yahboomcar_ws/install/yahboomcar_bringup:/home/yahboom/yahboomcar_ros2_ws/yahboomcar_ws/install/yahboomcar_astra:/home/yahboom/yahboomcar_ros2_ws/yahboomcar_ws/install/robot_pose_publisher:/home/yahboom/yahboomcar_ros2_ws/yahboomcar_ws/install/laserscan_to_point_pulisher:/opt/ros/foxy /usr/bin/cmake --install /home/yahboom/S24_RobotProgramming_eloquent/Lab3/roscourse_ws/build/turtle_interfaces
[1.694s] Level 1:colcon.colcon_core.environment:checking '/home/yahboom/S24_RobotProgramming_eloquent/Lab3/roscourse_ws/install/turtle_interfaces' for CMake module files
[1.695s] Level 1:colcon.colcon_core.environment:checking '/home/yahboom/S24_RobotProgramming_eloquent/Lab3/roscourse_ws/install/turtle_interfaces' for CMake config files
[1.696s] Level 1:colcon.colcon_core.shell:create_environment_hook('turtle_interfaces', 'cmake_prefix_path')
[1.698s] INFO:colcon.colcon_core.shell:Creating environment hook '/home/yahboom/S24_RobotProgramming_eloquent/Lab3/roscourse_ws/install/turtle_interfaces/share/turtle_interfaces/hook/cmake_prefix_path.ps1'
[1.699s] INFO:colcon.colcon_core.shell:Creating environment descriptor '/home/yahboom/S24_RobotProgramming_eloquent/Lab3/roscourse_ws/install/turtle_interfaces/share/turtle_interfaces/hook/cmake_prefix_path.dsv'
[1.700s] INFO:colcon.colcon_core.shell:Creating environment hook '/home/yahboom/S24_RobotProgramming_eloquent/Lab3/roscourse_ws/install/turtle_interfaces/share/turtle_interfaces/hook/cmake_prefix_path.sh'
[1.703s] Level 1:colcon.colcon_core.environment:checking '/home/yahboom/S24_RobotProgramming_eloquent/Lab3/roscourse_ws/install/turtle_interfaces/lib'
[1.703s] Level 1:colcon.colcon_core.shell:create_environment_hook('turtle_interfaces', 'ld_library_path_lib')
[1.706s] INFO:colcon.colcon_core.shell:Creating environment hook '/home/yahboom/S24_RobotProgramming_eloquent/Lab3/roscourse_ws/install/turtle_interfaces/share/turtle_interfaces/hook/ld_library_path_lib.ps1'
[1.707s] INFO:colcon.colcon_core.shell:Creating environment descriptor '/home/yahboom/S24_RobotProgramming_eloquent/Lab3/roscourse_ws/install/turtle_interfaces/share/turtle_interfaces/hook/ld_library_path_lib.dsv'
[1.708s] INFO:colcon.colcon_core.shell:Creating environment hook '/home/yahboom/S24_RobotProgramming_eloquent/Lab3/roscourse_ws/install/turtle_interfaces/share/turtle_interfaces/hook/ld_library_path_lib.sh'
[1.710s] Level 1:colcon.colcon_core.environment:checking '/home/yahboom/S24_RobotProgramming_eloquent/Lab3/roscourse_ws/install/turtle_interfaces/bin'
[1.710s] Level 1:colcon.colcon_core.environment:checking '/home/yahboom/S24_RobotProgramming_eloquent/Lab3/roscourse_ws/install/turtle_interfaces/lib/pkgconfig/turtle_interfaces.pc'
[1.710s] Level 1:colcon.colcon_core.environment:checking '/home/yahboom/S24_RobotProgramming_eloquent/Lab3/roscourse_ws/install/turtle_interfaces/lib/python3.8/site-packages'
[1.711s] Level 1:colcon.colcon_core.shell:create_environment_hook('turtle_interfaces', 'pythonpath')
[1.713s] INFO:colcon.colcon_core.shell:Creating environment hook '/home/yahboom/S24_RobotProgramming_eloquent/Lab3/roscourse_ws/install/turtle_interfaces/share/turtle_interfaces/hook/pythonpath.ps1'
[1.714s] INFO:colcon.colcon_core.shell:Creating environment descriptor '/home/yahboom/S24_RobotProgramming_eloquent/Lab3/roscourse_ws/install/turtle_interfaces/share/turtle_interfaces/hook/pythonpath.dsv'
[1.715s] INFO:colcon.colcon_core.shell:Creating environment hook '/home/yahboom/S24_RobotProgramming_eloquent/Lab3/roscourse_ws/install/turtle_interfaces/share/turtle_interfaces/hook/pythonpath.sh'
[1.717s] Level 1:colcon.colcon_core.environment:checking '/home/yahboom/S24_RobotProgramming_eloquent/Lab3/roscourse_ws/install/turtle_interfaces/bin'
[1.720s] INFO:colcon.colcon_core.shell:Creating package script '/home/yahboom/S24_RobotProgramming_eloquent/Lab3/roscourse_ws/install/turtle_interfaces/share/turtle_interfaces/package.ps1'
[1.722s] INFO:colcon.colcon_core.shell:Creating package descriptor '/home/yahboom/S24_RobotProgramming_eloquent/Lab3/roscourse_ws/install/turtle_interfaces/share/turtle_interfaces/package.dsv'
[1.723s] INFO:colcon.colcon_core.shell:Creating package script '/home/yahboom/S24_RobotProgramming_eloquent/Lab3/roscourse_ws/install/turtle_interfaces/share/turtle_interfaces/package.sh'
[1.725s] INFO:colcon.colcon_core.shell:Creating package script '/home/yahboom/S24_RobotProgramming_eloquent/Lab3/roscourse_ws/install/turtle_interfaces/share/turtle_interfaces/package.bash'
[1.727s] INFO:colcon.colcon_core.shell:Creating package script '/home/yahboom/S24_RobotProgramming_eloquent/Lab3/roscourse_ws/install/turtle_interfaces/share/turtle_interfaces/package.zsh'
[1.728s] Level 1:colcon.colcon_core.environment:create_file_with_runtime_dependencies(/home/yahboom/S24_RobotProgramming_eloquent/Lab3/roscourse_ws/install/turtle_interfaces/share/colcon-core/packages/turtle_interfaces)
[1.931s] Level 1:colcon.colcon_core.environment:create_environment_scripts_only(turtle_interfaces)
[1.936s] Level 1:colcon.colcon_core.environment:checking '/home/yahboom/S24_RobotProgramming_eloquent/Lab3/roscourse_ws/install/turtle_interfaces' for CMake module files
[1.937s] Level 1:colcon.colcon_core.environment:checking '/home/yahboom/S24_RobotProgramming_eloquent/Lab3/roscourse_ws/install/turtle_interfaces' for CMake config files
[1.939s] Level 1:colcon.colcon_core.shell:create_environment_hook('turtle_interfaces', 'cmake_prefix_path')
[1.941s] INFO:colcon.colcon_core.shell:Creating environment hook '/home/yahboom/S24_RobotProgramming_eloquent/Lab3/roscourse_ws/install/turtle_interfaces/share/turtle_interfaces/hook/cmake_prefix_path.ps1'
[1.943s] INFO:colcon.colcon_core.shell:Creating environment descriptor '/home/yahboom/S24_RobotProgramming_eloquent/Lab3/roscourse_ws/install/turtle_interfaces/share/turtle_interfaces/hook/cmake_prefix_path.dsv'
[1.945s] INFO:colcon.colcon_core.shell:Creating environment hook '/home/yahboom/S24_RobotProgramming_eloquent/Lab3/roscourse_ws/install/turtle_interfaces/share/turtle_interfaces/hook/cmake_prefix_path.sh'
[1.946s] Level 1:colcon.colcon_core.environment:checking '/home/yahboom/S24_RobotProgramming_eloquent/Lab3/roscourse_ws/install/turtle_interfaces/lib'
[1.947s] Level 1:colcon.colcon_core.shell:create_environment_hook('turtle_interfaces', 'ld_library_path_lib')
[1.949s] INFO:colcon.colcon_core.shell:Creating environment hook '/home/yahboom/S24_RobotProgramming_eloquent/Lab3/roscourse_ws/install/turtle_interfaces/share/turtle_interfaces/hook/ld_library_path_lib.ps1'
[1.951s] INFO:colcon.colcon_core.shell:Creating environment descriptor '/home/yahboom/S24_RobotProgramming_eloquent/Lab3/roscourse_ws/install/turtle_interfaces/share/turtle_interfaces/hook/ld_library_path_lib.dsv'
[1.953s] INFO:colcon.colcon_core.shell:Creating environment hook '/home/yahboom/S24_RobotProgramming_eloquent/Lab3/roscourse_ws/install/turtle_interfaces/share/turtle_interfaces/hook/ld_library_path_lib.sh'
[1.954s] Level 1:colcon.colcon_core.environment:checking '/home/yahboom/S24_RobotProgramming_eloquent/Lab3/roscourse_ws/install/turtle_interfaces/bin'
[1.954s] Level 1:colcon.colcon_core.environment:checking '/home/yahboom/S24_RobotProgramming_eloquent/Lab3/roscourse_ws/install/turtle_interfaces/lib/pkgconfig/turtle_interfaces.pc'
[1.955s] Level 1:colcon.colcon_core.environment:checking '/home/yahboom/S24_RobotProgramming_eloquent/Lab3/roscourse_ws/install/turtle_interfaces/lib/python3.8/site-packages'
[1.955s] Level 1:colcon.colcon_core.shell:create_environment_hook('turtle_interfaces', 'pythonpath')
[1.959s] INFO:colcon.colcon_core.shell:Creating environment hook '/home/yahboom/S24_RobotProgramming_eloquent/Lab3/roscourse_ws/install/turtle_interfaces/share/turtle_interfaces/hook/pythonpath.ps1'
[1.960s] INFO:colcon.colcon_core.shell:Creating environment descriptor '/home/yahboom/S24_RobotProgramming_eloquent/Lab3/roscourse_ws/install/turtle_interfaces/share/turtle_interfaces/hook/pythonpath.dsv'
[1.961s] INFO:colcon.colcon_core.shell:Creating environment hook '/home/yahboom/S24_RobotProgramming_eloquent/Lab3/roscourse_ws/install/turtle_interfaces/share/turtle_interfaces/hook/pythonpath.sh'
[1.963s] Level 1:colcon.colcon_core.environment:checking '/home/yahboom/S24_RobotProgramming_eloquent/Lab3/roscourse_ws/install/turtle_interfaces/bin'
[1.968s] INFO:colcon.colcon_core.shell:Creating package script '/home/yahboom/S24_RobotProgramming_eloquent/Lab3/roscourse_ws/install/turtle_interfaces/share/turtle_interfaces/package.ps1'
[1.970s] INFO:colcon.colcon_core.shell:Creating package descriptor '/home/yahboom/S24_RobotProgramming_eloquent/Lab3/roscourse_ws/install/turtle_interfaces/share/turtle_interfaces/package.dsv'
[1.972s] INFO:colcon.colcon_core.shell:Creating package script '/home/yahboom/S24_RobotProgramming_eloquent/Lab3/roscourse_ws/install/turtle_interfaces/share/turtle_interfaces/package.sh'
[1.973s] INFO:colcon.colcon_core.shell:Creating package script '/home/yahboom/S24_RobotProgramming_eloquent/Lab3/roscourse_ws/install/turtle_interfaces/share/turtle_interfaces/package.bash'
[1.975s] INFO:colcon.colcon_core.shell:Creating package script '/home/yahboom/S24_RobotProgramming_eloquent/Lab3/roscourse_ws/install/turtle_interfaces/share/turtle_interfaces/package.zsh'
[1.976s] Level 1:colcon.colcon_core.environment:create_file_with_runtime_dependencies(/home/yahboom/S24_RobotProgramming_eloquent/Lab3/roscourse_ws/install/turtle_interfaces/share/colcon-core/packages/turtle_interfaces)
[1.977s] INFO:colcon.colcon_ros.task.ament_python.build:Building ROS package in '/home/yahboom/S24_RobotProgramming_eloquent/Lab3/roscourse_ws/src/python_turtle' with build type 'ament_python'
[1.978s] Level 1:colcon.colcon_core.shell:create_environment_hook('python_turtle', 'ament_prefix_path')
[1.980s] INFO:colcon.colcon_core.shell:Creating environment hook '/home/yahboom/S24_RobotProgramming_eloquent/Lab3/roscourse_ws/install/python_turtle/share/python_turtle/hook/ament_prefix_path.ps1'
[1.983s] INFO:colcon.colcon_core.shell:Creating environment descriptor '/home/yahboom/S24_RobotProgramming_eloquent/Lab3/roscourse_ws/install/python_turtle/share/python_turtle/hook/ament_prefix_path.dsv'
[1.986s] INFO:colcon.colcon_core.shell:Creating environment hook '/home/yahboom/S24_RobotProgramming_eloquent/Lab3/roscourse_ws/install/python_turtle/share/python_turtle/hook/ament_prefix_path.sh'
[1.989s] INFO:colcon.colcon_core.shell:Skip shell extension 'powershell' for command environment: Not usable outside of PowerShell
[1.989s] DEBUG:colcon.colcon_core.shell:Skip shell extension 'dsv' for command environment
[2.448s] INFO:colcon.colcon_core.task.python.build:Building Python package in '/home/yahboom/S24_RobotProgramming_eloquent/Lab3/roscourse_ws/src/python_turtle'
[2.451s] INFO:colcon.colcon_core.shell:Skip shell extension 'powershell' for command environment: Not usable outside of PowerShell
[2.451s] DEBUG:colcon.colcon_core.shell:Skip shell extension 'dsv' for command environment
[2.474s] DEBUG:colcon.colcon_core.event_handler.log_command:Invoking command in '/home/yahboom/S24_RobotProgramming_eloquent/Lab3/roscourse_ws/build/webcam': PYTHONPATH=/home/yahboom/S24_RobotProgramming_eloquent/Lab3/roscourse_ws/build/webcam/prefix_override:/home/yahboom/S24_RobotProgramming_eloquent/Lab3/roscourse_ws/install/webcam/lib/python3.8/site-packages:${PYTHONPATH} /usr/bin/python3 setup.py develop --uninstall --editable --build-directory /home/yahboom/S24_RobotProgramming_eloquent/Lab3/roscourse_ws/build/webcam/build
[3.124s] DEBUG:colcon.colcon_core.event_handler.log_command:Invoked command in '/home/yahboom/S24_RobotProgramming_eloquent/Lab3/roscourse_ws/build/webcam' returned '0': PYTHONPATH=/home/yahboom/S24_RobotProgramming_eloquent/Lab3/roscourse_ws/build/webcam/prefix_override:/home/yahboom/S24_RobotProgramming_eloquent/Lab3/roscourse_ws/install/webcam/lib/python3.8/site-packages:${PYTHONPATH} /usr/bin/python3 setup.py develop --uninstall --editable --build-directory /home/yahboom/S24_RobotProgramming_eloquent/Lab3/roscourse_ws/build/webcam/build
[3.125s] DEBUG:colcon.colcon_core.event_handler.log_command:Invoking command in '/home/yahboom/S24_RobotProgramming_eloquent/Lab3/roscourse_ws/src/webcam': PYTHONPATH=/home/yahboom/S24_RobotProgramming_eloquent/Lab3/roscourse_ws/build/webcam/prefix_override:/home/yahboom/S24_RobotProgramming_eloquent/Lab3/roscourse_ws/install/webcam/lib/python3.8/site-packages:${PYTHONPATH} /usr/bin/python3 setup.py egg_info --egg-base ../../build/webcam build --build-base /home/yahboom/S24_RobotProgramming_eloquent/Lab3/roscourse_ws/build/webcam/build install --record /home/yahboom/S24_RobotProgramming_eloquent/Lab3/roscourse_ws/build/webcam/install.log --install-scripts $base/lib/webcam --single-version-externally-managed
[3.186s] DEBUG:colcon.colcon_core.event_handler.log_command:Invoking command in '/home/yahboom/S24_RobotProgramming_eloquent/Lab3/roscourse_ws/src/python_turtle': AMENT_PREFIX_PATH=/home/yahboom/S24_RobotProgramming_eloquent/Lab3/roscourse_ws/install/turtle_interfaces:${AMENT_PREFIX_PATH} CMAKE_PREFIX_PATH=/home/yahboom/S24_RobotProgramming_eloquent/Lab3/roscourse_ws/install/turtle_interfaces:${CMAKE_PREFIX_PATH} LD_LIBRARY_PATH=/home/yahboom/S24_RobotProgramming_eloquent/Lab3/roscourse_ws/install/turtle_interfaces/lib:${LD_LIBRARY_PATH} PYTHONPATH=/home/yahboom/S24_RobotProgramming_eloquent/Lab3/roscourse_ws/build/python_turtle/prefix_override:/home/yahboom/S24_RobotProgramming_eloquent/Lab3/roscourse_ws/install/python_turtle/lib/python3.8/site-packages:/home/yahboom/S24_RobotProgramming_eloquent/Lab3/roscourse_ws/install/turtle_interfaces/lib/python3.8/site-packages:${PYTHONPATH} /usr/bin/python3 setup.py egg_info --egg-base ../../build/python_turtle build --build-base /home/yahboom/S24_RobotProgramming_eloquent/Lab3/roscourse_ws/build/python_turtle/build install --record /home/yahboom/S24_RobotProgramming_eloquent/Lab3/roscourse_ws/build/python_turtle/install.log --install-scripts $base/lib/python_turtle --single-version-externally-managed
[3.540s] Level 1:colcon.colcon_core.environment:checking '/home/yahboom/S24_RobotProgramming_eloquent/Lab3/roscourse_ws/install/webcam' for CMake module files
[3.541s] DEBUG:colcon.colcon_core.event_handler.log_command:Invoked command in '/home/yahboom/S24_RobotProgramming_eloquent/Lab3/roscourse_ws/src/webcam' returned '0': PYTHONPATH=/home/yahboom/S24_RobotProgramming_eloquent/Lab3/roscourse_ws/build/webcam/prefix_override:/home/yahboom/S24_RobotProgramming_eloquent/Lab3/roscourse_ws/install/webcam/lib/python3.8/site-packages:${PYTHONPATH} /usr/bin/python3 setup.py egg_info --egg-base ../../build/webcam build --build-base /home/yahboom/S24_RobotProgramming_eloquent/Lab3/roscourse_ws/build/webcam/build install --record /home/yahboom/S24_RobotProgramming_eloquent/Lab3/roscourse_ws/build/webcam/install.log --install-scripts $base/lib/webcam --single-version-externally-managed
[3.542s] Level 1:colcon.colcon_core.environment:checking '/home/yahboom/S24_RobotProgramming_eloquent/Lab3/roscourse_ws/install/webcam' for CMake config files
[3.543s] Level 1:colcon.colcon_core.environment:checking '/home/yahboom/S24_RobotProgramming_eloquent/Lab3/roscourse_ws/install/webcam/lib'
[3.543s] Level 1:colcon.colcon_core.environment:checking '/home/yahboom/S24_RobotProgramming_eloquent/Lab3/roscourse_ws/install/webcam/bin'
[3.543s] Level 1:colcon.colcon_core.environment:checking '/home/yahboom/S24_RobotProgramming_eloquent/Lab3/roscourse_ws/install/webcam/lib/pkgconfig/webcam.pc'
[3.543s] Level 1:colcon.colcon_core.environment:checking '/home/yahboom/S24_RobotProgramming_eloquent/Lab3/roscourse_ws/install/webcam/lib/python3.8/site-packages'
[3.543s] Level 1:colcon.colcon_core.shell:create_environment_hook('webcam', 'pythonpath')
[3.545s] INFO:colcon.colcon_core.shell:Creating environment hook '/home/yahboom/S24_RobotProgramming_eloquent/Lab3/roscourse_ws/install/webcam/share/webcam/hook/pythonpath.ps1'
[3.546s] INFO:colcon.colcon_core.shell:Creating environment descriptor '/home/yahboom/S24_RobotProgramming_eloquent/Lab3/roscourse_ws/install/webcam/share/webcam/hook/pythonpath.dsv'
[3.547s] INFO:colcon.colcon_core.shell:Creating environment hook '/home/yahboom/S24_RobotProgramming_eloquent/Lab3/roscourse_ws/install/webcam/share/webcam/hook/pythonpath.sh'
[3.548s] Level 1:colcon.colcon_core.environment:checking '/home/yahboom/S24_RobotProgramming_eloquent/Lab3/roscourse_ws/install/webcam/bin'
[3.548s] Level 1:colcon.colcon_core.environment:create_environment_scripts_only(webcam)
[3.550s] INFO:colcon.colcon_core.shell:Creating package script '/home/yahboom/S24_RobotProgramming_eloquent/Lab3/roscourse_ws/install/webcam/share/webcam/package.ps1'
[3.551s] INFO:colcon.colcon_core.shell:Creating package descriptor '/home/yahboom/S24_RobotProgramming_eloquent/Lab3/roscourse_ws/install/webcam/share/webcam/package.dsv'
[3.552s] INFO:colcon.colcon_core.shell:Creating package script '/home/yahboom/S24_RobotProgramming_eloquent/Lab3/roscourse_ws/install/webcam/share/webcam/package.sh'
[3.553s] INFO:colcon.colcon_core.shell:Creating package script '/home/yahboom/S24_RobotProgramming_eloquent/Lab3/roscourse_ws/install/webcam/share/webcam/package.bash'
[3.553s] INFO:colcon.colcon_core.shell:Creating package script '/home/yahboom/S24_RobotProgramming_eloquent/Lab3/roscourse_ws/install/webcam/share/webcam/package.zsh'
[3.554s] Level 1:colcon.colcon_core.environment:create_file_with_runtime_dependencies(/home/yahboom/S24_RobotProgramming_eloquent/Lab3/roscourse_ws/install/webcam/share/colcon-core/packages/webcam)
[3.587s] Level 1:colcon.colcon_core.environment:checking '/home/yahboom/S24_RobotProgramming_eloquent/Lab3/roscourse_ws/install/python_turtle' for CMake module files
[3.589s] DEBUG:colcon.colcon_core.event_handler.log_command:Invoked command in '/home/yahboom/S24_RobotProgramming_eloquent/Lab3/roscourse_ws/src/python_turtle' returned '0': AMENT_PREFIX_PATH=/home/yahboom/S24_RobotProgramming_eloquent/Lab3/roscourse_ws/install/turtle_interfaces:${AMENT_PREFIX_PATH} CMAKE_PREFIX_PATH=/home/yahboom/S24_RobotProgramming_eloquent/Lab3/roscourse_ws/install/turtle_interfaces:${CMAKE_PREFIX_PATH} LD_LIBRARY_PATH=/home/yahboom/S24_RobotProgramming_eloquent/Lab3/roscourse_ws/install/turtle_interfaces/lib:${LD_LIBRARY_PATH} PYTHONPATH=/home/yahboom/S24_RobotProgramming_eloquent/Lab3/roscourse_ws/build/python_turtle/prefix_override:/home/yahboom/S24_RobotProgramming_eloquent/Lab3/roscourse_ws/install/python_turtle/lib/python3.8/site-packages:/home/yahboom/S24_RobotProgramming_eloquent/Lab3/roscourse_ws/install/turtle_interfaces/lib/python3.8/site-packages:${PYTHONPATH} /usr/bin/python3 setup.py egg_info --egg-base ../../build/python_turtle build --build-base /home/yahboom/S24_RobotProgramming_eloquent/Lab3/roscourse_ws/build/python_turtle/build install --record /home/yahboom/S24_RobotProgramming_eloquent/Lab3/roscourse_ws/build/python_turtle/install.log --install-scripts $base/lib/python_turtle --single-version-externally-managed
[3.589s] Level 1:colcon.colcon_core.environment:checking '/home/yahboom/S24_RobotProgramming_eloquent/Lab3/roscourse_ws/install/python_turtle' for CMake config files
[3.590s] Level 1:colcon.colcon_core.environment:checking '/home/yahboom/S24_RobotProgramming_eloquent/Lab3/roscourse_ws/install/python_turtle/lib'
[3.590s] Level 1:colcon.colcon_core.environment:checking '/home/yahboom/S24_RobotProgramming_eloquent/Lab3/roscourse_ws/install/python_turtle/bin'
[3.590s] Level 1:colcon.colcon_core.environment:checking '/home/yahboom/S24_RobotProgramming_eloquent/Lab3/roscourse_ws/install/python_turtle/lib/pkgconfig/python_turtle.pc'
[3.590s] Level 1:colcon.colcon_core.environment:checking '/home/yahboom/S24_RobotProgramming_eloquent/Lab3/roscourse_ws/install/python_turtle/lib/python3.8/site-packages'
[3.590s] Level 1:colcon.colcon_core.shell:create_environment_hook('python_turtle', 'pythonpath')
[3.592s] INFO:colcon.colcon_core.shell:Creating environment hook '/home/yahboom/S24_RobotProgramming_eloquent/Lab3/roscourse_ws/install/python_turtle/share/python_turtle/hook/pythonpath.ps1'
[3.592s] INFO:colcon.colcon_core.shell:Creating environment descriptor '/home/yahboom/S24_RobotProgramming_eloquent/Lab3/roscourse_ws/install/python_turtle/share/python_turtle/hook/pythonpath.dsv'
[3.593s] INFO:colcon.colcon_core.shell:Creating environment hook '/home/yahboom/S24_RobotProgramming_eloquent/Lab3/roscourse_ws/install/python_turtle/share/python_turtle/hook/pythonpath.sh'
[3.594s] Level 1:colcon.colcon_core.environment:checking '/home/yahboom/S24_RobotProgramming_eloquent/Lab3/roscourse_ws/install/python_turtle/bin'
[3.594s] Level 1:colcon.colcon_core.environment:create_environment_scripts_only(python_turtle)
[3.596s] INFO:colcon.colcon_core.shell:Creating package script '/home/yahboom/S24_RobotProgramming_eloquent/Lab3/roscourse_ws/install/python_turtle/share/python_turtle/package.ps1'
[3.597s] INFO:colcon.colcon_core.shell:Creating package descriptor '/home/yahboom/S24_RobotProgramming_eloquent/Lab3/roscourse_ws/install/python_turtle/share/python_turtle/package.dsv'
[3.597s] INFO:colcon.colcon_core.shell:Creating package script '/home/yahboom/S24_RobotProgramming_eloquent/Lab3/roscourse_ws/install/python_turtle/share/python_turtle/package.sh'
[3.598s] INFO:colcon.colcon_core.shell:Creating package script '/home/yahboom/S24_RobotProgramming_eloquent/Lab3/roscourse_ws/install/python_turtle/share/python_turtle/package.bash'
[3.599s] INFO:colcon.colcon_core.shell:Creating package script '/home/yahboom/S24_RobotProgramming_eloquent/Lab3/roscourse_ws/install/python_turtle/share/python_turtle/package.zsh'
[3.599s] Level 1:colcon.colcon_core.environment:create_file_with_runtime_dependencies(/home/yahboom/S24_RobotProgramming_eloquent/Lab3/roscourse_ws/install/python_turtle/share/colcon-core/packages/python_turtle)
[3.600s] DEBUG:colcon.colcon_parallel_executor.executor.parallel:closing loop
[3.601s] DEBUG:colcon.colcon_parallel_executor.executor.parallel:loop closed
[3.601s] DEBUG:colcon.colcon_parallel_executor.executor.parallel:run_until_complete finished with '0'
[3.601s] DEBUG:colcon.colcon_core.event_reactor:joining thread
[3.610s] INFO:colcon.colcon_core.plugin_system:Skipping extension 'colcon_notification.desktop_notification.terminal_notifier': Not used on non-Darwin systems
[3.610s] INFO:colcon.colcon_core.plugin_system:Skipping extension 'colcon_notification.desktop_notification.win32': Not used on non-Windows systems
[3.610s] INFO:colcon.colcon_notification.desktop_notification:Sending desktop notification using 'notify2'
[3.630s] DEBUG:colcon.colcon_core.event_reactor:joined thread
[3.632s] INFO:colcon.colcon_core.shell:Creating prefix script '/home/yahboom/S24_RobotProgramming_eloquent/Lab3/roscourse_ws/install/local_setup.ps1'
[3.633s] INFO:colcon.colcon_core.shell:Creating prefix util module '/home/yahboom/S24_RobotProgramming_eloquent/Lab3/roscourse_ws/install/_local_setup_util_ps1.py'
[3.636s] INFO:colcon.colcon_core.shell:Creating prefix chain script '/home/yahboom/S24_RobotProgramming_eloquent/Lab3/roscourse_ws/install/setup.ps1'
[3.639s] INFO:colcon.colcon_core.shell:Creating prefix script '/home/yahboom/S24_RobotProgramming_eloquent/Lab3/roscourse_ws/install/local_setup.sh'
[3.641s] INFO:colcon.colcon_core.shell:Creating prefix util module '/home/yahboom/S24_RobotProgramming_eloquent/Lab3/roscourse_ws/install/_local_setup_util_sh.py'
[3.642s] INFO:colcon.colcon_core.shell:Creating prefix chain script '/home/yahboom/S24_RobotProgramming_eloquent/Lab3/roscourse_ws/install/setup.sh'
[3.645s] INFO:colcon.colcon_core.shell:Creating prefix script '/home/yahboom/S24_RobotProgramming_eloquent/Lab3/roscourse_ws/install/local_setup.bash'
[3.646s] INFO:colcon.colcon_core.shell:Creating prefix chain script '/home/yahboom/S24_RobotProgramming_eloquent/Lab3/roscourse_ws/install/setup.bash'
[3.648s] INFO:colcon.colcon_core.shell:Creating prefix script '/home/yahboom/S24_RobotProgramming_eloquent/Lab3/roscourse_ws/install/local_setup.zsh'
[3.649s] INFO:colcon.colcon_core.shell:Creating prefix chain script '/home/yahboom/S24_RobotProgramming_eloquent/Lab3/roscourse_ws/install/setup.zsh'
