running develop
running egg_info
writing ../../build/webcam/webcam.egg-info/PKG-INFO
writing dependency_links to ../../build/webcam/webcam.egg-info/dependency_links.txt
writing entry points to ../../build/webcam/webcam.egg-info/entry_points.txt
writing requirements to ../../build/webcam/webcam.egg-info/requires.txt
writing top-level names to ../../build/webcam/webcam.egg-info/top_level.txt
reading manifest file '../../build/webcam/webcam.egg-info/SOURCES.txt'
writing manifest file '../../build/webcam/webcam.egg-info/SOURCES.txt'
running build
running build_py
creating /home/yahboom/S24_RobotProgramming_eloquent/lab3/roscourse_ws/build/webcam/build
creating /home/yahboom/S24_RobotProgramming_eloquent/lab3/roscourse_ws/build/webcam/build/lib
creating /home/yahboom/S24_RobotProgramming_eloquent/lab3/roscourse_ws/build/webcam/build/lib/webcam
copying webcam/__init__.py -> /home/yahboom/S24_RobotProgramming_eloquent/lab3/roscourse_ws/build/webcam/build/lib/webcam
copying webcam/cam_sub.py -> /home/yahboom/S24_RobotProgramming_eloquent/lab3/roscourse_ws/build/webcam/build/lib/webcam
copying webcam/cam_pub.py -> /home/yahboom/S24_RobotProgramming_eloquent/lab3/roscourse_ws/build/webcam/build/lib/webcam
running install
running install_lib
creating /home/yahboom/S24_RobotProgramming_eloquent/lab3/roscourse_ws/install/webcam/lib/python3.8/site-packages/webcam
copying /home/yahboom/S24_RobotProgramming_eloquent/lab3/roscourse_ws/build/webcam/build/lib/webcam/__init__.py -> /home/yahboom/S24_RobotProgramming_eloquent/lab3/roscourse_ws/install/webcam/lib/python3.8/site-packages/webcam
copying /home/yahboom/S24_RobotProgramming_eloquent/lab3/roscourse_ws/build/webcam/build/lib/webcam/cam_sub.py -> /home/yahboom/S24_RobotProgramming_eloquent/lab3/roscourse_ws/install/webcam/lib/python3.8/site-packages/webcam
copying /home/yahboom/S24_RobotProgramming_eloquent/lab3/roscourse_ws/build/webcam/build/lib/webcam/cam_pub.py -> /home/yahboom/S24_RobotProgramming_eloquent/lab3/roscourse_ws/install/webcam/lib/python3.8/site-packages/webcam
byte-compiling /home/yahboom/S24_RobotProgramming_eloquent/lab3/roscourse_ws/install/webcam/lib/python3.8/site-packages/webcam/__init__.py to __init__.cpython-38.pyc
byte-compiling /home/yahboom/S24_RobotProgramming_eloquent/lab3/roscourse_ws/install/webcam/lib/python3.8/site-packages/webcam/cam_sub.py to cam_sub.cpython-38.pyc
byte-compiling /home/yahboom/S24_RobotProgramming_eloquent/lab3/roscourse_ws/install/webcam/lib/python3.8/site-packages/webcam/cam_pub.py to cam_pub.cpython-38.pyc
running install_data
running install_egg_info
Copying ../../build/webcam/webcam.egg-info to /home/yahboom/S24_RobotProgramming_eloquent/lab3/roscourse_ws/install/webcam/lib/python3.8/site-packages/webcam-0.0.0-py3.8.egg-info
running install_scripts
Installing webcam_pub script to /home/yahboom/S24_RobotProgramming_eloquent/lab3/roscourse_ws/install/webcam/lib/webcam
Installing webcam_sub script to /home/yahboom/S24_RobotProgramming_eloquent/lab3/roscourse_ws/install/webcam/lib/webcam
writing list of installed files to '/home/yahboom/S24_RobotProgramming_eloquent/lab3/roscourse_ws/build/webcam/install.log'
