[0.762s] DEBUG:colcon:Command line arguments: ['/usr/bin/colcon', 'build', '--packages-select', 'python_turtle', '--symlink-install']
[0.762s] DEBUG:colcon:Parsed command line arguments: Namespace(allow_overriding=[], ament_cmake_args=None, base_paths=['.'], build_base='build', catkin_cmake_args=None, catkin_skip_building_tests=False, cmake_args=None, cmake_clean_cache=False, cmake_clean_first=False, cmake_force_configure=False, cmake_target=None, cmake_target_skip_unavailable=False, continue_on_error=False, event_handlers=None, executor='parallel', ignore_user_meta=False, install_base='install', log_base=None, log_level=None, main=<bound method BuildVerb.main of <colcon_core.verb.build.BuildVerb object at 0x7f696d2afca0>>, merge_install=False, metas=['./colcon.meta'], packages_above=None, packages_above_and_dependencies=None, packages_above_depth=None, packages_end=None, packages_ignore=None, packages_ignore_regex=None, packages_select=['python_turtle'], packages_select_build_failed=False, packages_select_by_dep=None, packages_select_regex=None, packages_select_test_failures=False, packages_skip=None, packages_skip_build_finished=False, packages_skip_by_dep=None, packages_skip_regex=None, packages_skip_test_passed=False, packages_skip_up_to=None, packages_start=None, packages_up_to=None, packages_up_to_regex=None, parallel_workers=4, paths=None, symlink_install=True, test_result_base=None, verb_extension=<colcon_core.verb.build.BuildVerb object at 0x7f696d2afca0>, verb_name='build', verb_parser=<colcon_defaults.argument_parser.defaults.DefaultArgumentsDecorator object at 0x7f696d23d250>)
[0.826s] Level 1:colcon.colcon_core.package_discovery:discover_packages(colcon_meta) check parameters
[0.826s] Level 1:colcon.colcon_core.package_discovery:discover_packages(recursive) check parameters
[0.827s] Level 1:colcon.colcon_core.package_discovery:discover_packages(ignore) check parameters
[0.827s] Level 1:colcon.colcon_core.package_discovery:discover_packages(path) check parameters
[0.827s] Level 1:colcon.colcon_core.package_discovery:discover_packages(colcon_meta) discover
[0.827s] Level 1:colcon.colcon_core.package_discovery:discover_packages(recursive) discover
[0.827s] INFO:colcon.colcon_core.package_discovery:Crawling recursively for packages in '/home/yahboom/S24_RobotProgramming_eloquent/Lab4/roscourse_ws'
[0.827s] Level 1:colcon.colcon_core.package_identification:_identify(.) by extensions ['ignore', 'ignore_ament_install']
[0.828s] Level 1:colcon.colcon_core.package_identification:_identify(.) by extension 'ignore'
[0.828s] Level 1:colcon.colcon_core.package_identification:_identify(.) by extension 'ignore_ament_install'
[0.828s] Level 1:colcon.colcon_core.package_identification:_identify(.) by extensions ['colcon_pkg']
[0.828s] Level 1:colcon.colcon_core.package_identification:_identify(.) by extension 'colcon_pkg'
[0.828s] Level 1:colcon.colcon_core.package_identification:_identify(.) by extensions ['colcon_meta']
[0.828s] Level 1:colcon.colcon_core.package_identification:_identify(.) by extension 'colcon_meta'
[0.828s] Level 1:colcon.colcon_core.package_identification:_identify(.) by extensions ['ros']
[0.829s] Level 1:colcon.colcon_core.package_identification:_identify(.) by extension 'ros'
[0.867s] Level 1:colcon.colcon_core.package_identification:_identify(.) by extensions ['cmake', 'python']
[0.867s] Level 1:colcon.colcon_core.package_identification:_identify(.) by extension 'cmake'
[0.867s] Level 1:colcon.colcon_core.package_identification:_identify(.) by extension 'python'
[0.867s] Level 1:colcon.colcon_core.package_identification:_identify(.) by extensions ['python_setup_py']
[0.868s] Level 1:colcon.colcon_core.package_identification:_identify(.) by extension 'python_setup_py'
[0.868s] Level 1:colcon.colcon_core.package_identification:_identify(build) by extensions ['ignore', 'ignore_ament_install']
[0.868s] Level 1:colcon.colcon_core.package_identification:_identify(build) by extension 'ignore'
[0.868s] Level 1:colcon.colcon_core.package_identification:_identify(build) ignored
[0.868s] Level 1:colcon.colcon_core.package_identification:_identify(install) by extensions ['ignore', 'ignore_ament_install']
[0.868s] Level 1:colcon.colcon_core.package_identification:_identify(install) by extension 'ignore'
[0.868s] Level 1:colcon.colcon_core.package_identification:_identify(install) ignored
[0.869s] Level 1:colcon.colcon_core.package_identification:_identify(log) by extensions ['ignore', 'ignore_ament_install']
[0.869s] Level 1:colcon.colcon_core.package_identification:_identify(log) by extension 'ignore'
[0.869s] Level 1:colcon.colcon_core.package_identification:_identify(log) ignored
[0.869s] Level 1:colcon.colcon_core.package_identification:_identify(src) by extensions ['ignore', 'ignore_ament_install']
[0.869s] Level 1:colcon.colcon_core.package_identification:_identify(src) by extension 'ignore'
[0.869s] Level 1:colcon.colcon_core.package_identification:_identify(src) by extension 'ignore_ament_install'
[0.869s] Level 1:colcon.colcon_core.package_identification:_identify(src) by extensions ['colcon_pkg']
[0.869s] Level 1:colcon.colcon_core.package_identification:_identify(src) by extension 'colcon_pkg'
[0.870s] Level 1:colcon.colcon_core.package_identification:_identify(src) by extensions ['colcon_meta']
[0.870s] Level 1:colcon.colcon_core.package_identification:_identify(src) by extension 'colcon_meta'
[0.870s] Level 1:colcon.colcon_core.package_identification:_identify(src) by extensions ['ros']
[0.870s] Level 1:colcon.colcon_core.package_identification:_identify(src) by extension 'ros'
[0.870s] Level 1:colcon.colcon_core.package_identification:_identify(src) by extensions ['cmake', 'python']
[0.870s] Level 1:colcon.colcon_core.package_identification:_identify(src) by extension 'cmake'
[0.870s] Level 1:colcon.colcon_core.package_identification:_identify(src) by extension 'python'
[0.870s] Level 1:colcon.colcon_core.package_identification:_identify(src) by extensions ['python_setup_py']
[0.870s] Level 1:colcon.colcon_core.package_identification:_identify(src) by extension 'python_setup_py'
[0.871s] Level 1:colcon.colcon_core.package_identification:_identify(src/python_turtle) by extensions ['ignore', 'ignore_ament_install']
[0.871s] Level 1:colcon.colcon_core.package_identification:_identify(src/python_turtle) by extension 'ignore'
[0.871s] Level 1:colcon.colcon_core.package_identification:_identify(src/python_turtle) by extension 'ignore_ament_install'
[0.871s] Level 1:colcon.colcon_core.package_identification:_identify(src/python_turtle) by extensions ['colcon_pkg']
[0.871s] Level 1:colcon.colcon_core.package_identification:_identify(src/python_turtle) by extension 'colcon_pkg'
[0.871s] Level 1:colcon.colcon_core.package_identification:_identify(src/python_turtle) by extensions ['colcon_meta']
[0.871s] Level 1:colcon.colcon_core.package_identification:_identify(src/python_turtle) by extension 'colcon_meta'
[0.871s] Level 1:colcon.colcon_core.package_identification:_identify(src/python_turtle) by extensions ['ros']
[0.871s] Level 1:colcon.colcon_core.package_identification:_identify(src/python_turtle) by extension 'ros'
[0.875s] DEBUG:colcon.colcon_core.package_identification:Package 'src/python_turtle' with type 'ros.ament_python' and name 'python_turtle'
[0.876s] Level 1:colcon.colcon_core.package_identification:_identify(src/teleop_twist_keyboard) by extensions ['ignore', 'ignore_ament_install']
[0.876s] Level 1:colcon.colcon_core.package_identification:_identify(src/teleop_twist_keyboard) by extension 'ignore'
[0.877s] Level 1:colcon.colcon_core.package_identification:_identify(src/teleop_twist_keyboard) by extension 'ignore_ament_install'
[0.877s] Level 1:colcon.colcon_core.package_identification:_identify(src/teleop_twist_keyboard) by extensions ['colcon_pkg']
[0.877s] Level 1:colcon.colcon_core.package_identification:_identify(src/teleop_twist_keyboard) by extension 'colcon_pkg'
[0.877s] Level 1:colcon.colcon_core.package_identification:_identify(src/teleop_twist_keyboard) by extensions ['colcon_meta']
[0.877s] Level 1:colcon.colcon_core.package_identification:_identify(src/teleop_twist_keyboard) by extension 'colcon_meta'
[0.877s] Level 1:colcon.colcon_core.package_identification:_identify(src/teleop_twist_keyboard) by extensions ['ros']
[0.877s] Level 1:colcon.colcon_core.package_identification:_identify(src/teleop_twist_keyboard) by extension 'ros'
[0.878s] DEBUG:colcon.colcon_core.package_identification:Package 'src/teleop_twist_keyboard' with type 'ros.ament_python' and name 'teleop_twist_keyboard'
[0.878s] Level 1:colcon.colcon_core.package_identification:_identify(src/turtle_interfaces) by extensions ['ignore', 'ignore_ament_install']
[0.879s] Level 1:colcon.colcon_core.package_identification:_identify(src/turtle_interfaces) by extension 'ignore'
[0.879s] Level 1:colcon.colcon_core.package_identification:_identify(src/turtle_interfaces) by extension 'ignore_ament_install'
[0.879s] Level 1:colcon.colcon_core.package_identification:_identify(src/turtle_interfaces) by extensions ['colcon_pkg']
[0.879s] Level 1:colcon.colcon_core.package_identification:_identify(src/turtle_interfaces) by extension 'colcon_pkg'
[0.879s] Level 1:colcon.colcon_core.package_identification:_identify(src/turtle_interfaces) by extensions ['colcon_meta']
[0.879s] Level 1:colcon.colcon_core.package_identification:_identify(src/turtle_interfaces) by extension 'colcon_meta'
[0.879s] Level 1:colcon.colcon_core.package_identification:_identify(src/turtle_interfaces) by extensions ['ros']
[0.879s] Level 1:colcon.colcon_core.package_identification:_identify(src/turtle_interfaces) by extension 'ros'
[0.881s] DEBUG:colcon.colcon_core.package_identification:Package 'src/turtle_interfaces' with type 'ros.ament_cmake' and name 'turtle_interfaces'
[0.881s] Level 1:colcon.colcon_core.package_identification:_identify(src/webcam) by extensions ['ignore', 'ignore_ament_install']
[0.881s] Level 1:colcon.colcon_core.package_identification:_identify(src/webcam) by extension 'ignore'
[0.881s] Level 1:colcon.colcon_core.package_identification:_identify(src/webcam) by extension 'ignore_ament_install'
[0.882s] Level 1:colcon.colcon_core.package_identification:_identify(src/webcam) by extensions ['colcon_pkg']
[0.882s] Level 1:colcon.colcon_core.package_identification:_identify(src/webcam) by extension 'colcon_pkg'
[0.882s] Level 1:colcon.colcon_core.package_identification:_identify(src/webcam) by extensions ['colcon_meta']
[0.882s] Level 1:colcon.colcon_core.package_identification:_identify(src/webcam) by extension 'colcon_meta'
[0.882s] Level 1:colcon.colcon_core.package_identification:_identify(src/webcam) by extensions ['ros']
[0.882s] Level 1:colcon.colcon_core.package_identification:_identify(src/webcam) by extension 'ros'
[0.883s] DEBUG:colcon.colcon_core.package_identification:Package 'src/webcam' with type 'ros.ament_python' and name 'webcam'
[0.883s] Level 1:colcon.colcon_core.package_discovery:discover_packages(recursive) using defaults
[0.884s] Level 1:colcon.colcon_core.package_discovery:discover_packages(ignore) discover
[0.884s] Level 1:colcon.colcon_core.package_discovery:discover_packages(ignore) using defaults
[0.884s] Level 1:colcon.colcon_core.package_discovery:discover_packages(path) discover
[0.884s] Level 1:colcon.colcon_core.package_discovery:discover_packages(path) using defaults
[0.935s] INFO:colcon.colcon_core.package_selection:Skipping not selected package 'teleop_twist_keyboard' in 'src/teleop_twist_keyboard'
[0.935s] INFO:colcon.colcon_core.package_selection:Skipping not selected package 'turtle_interfaces' in 'src/turtle_interfaces'
[0.935s] INFO:colcon.colcon_core.package_selection:Skipping not selected package 'webcam' in 'src/webcam'
[0.937s] Level 1:colcon.colcon_core.package_discovery:discover_packages(prefix_path) check parameters
[0.937s] Level 1:colcon.colcon_core.package_discovery:discover_packages(prefix_path) discover
[0.948s] DEBUG:colcon.colcon_installed_package_information.package_discovery:Found 4 installed packages in /home/yahboom/S24_RobotProgramming_eloquent/Lab4/roscourse_ws/install
[0.951s] DEBUG:colcon.colcon_installed_package_information.package_discovery:Found 10 installed packages in /home/yahboom/yahboomcar_ros2_ws/software/library_ws/install
[0.953s] DEBUG:colcon.colcon_installed_package_information.package_discovery:Found 20 installed packages in /home/yahboom/yahboomcar_ros2_ws/yahboomcar_ws/install
[0.957s] DEBUG:colcon.colcon_installed_package_information.package_discovery:Found 337 installed packages in /opt/ros/foxy
[0.961s] Level 1:colcon.colcon_core.package_discovery:discover_packages(prefix_path) using defaults
[1.122s] Level 5:colcon.colcon_core.verb:set package 'python_turtle' build argument 'cmake_args' from command line to 'None'
[1.122s] Level 5:colcon.colcon_core.verb:set package 'python_turtle' build argument 'cmake_target' from command line to 'None'
[1.122s] Level 5:colcon.colcon_core.verb:set package 'python_turtle' build argument 'cmake_target_skip_unavailable' from command line to 'False'
[1.122s] Level 5:colcon.colcon_core.verb:set package 'python_turtle' build argument 'cmake_clean_cache' from command line to 'False'
[1.122s] Level 5:colcon.colcon_core.verb:set package 'python_turtle' build argument 'cmake_clean_first' from command line to 'False'
[1.122s] Level 5:colcon.colcon_core.verb:set package 'python_turtle' build argument 'cmake_force_configure' from command line to 'False'
[1.122s] Level 5:colcon.colcon_core.verb:set package 'python_turtle' build argument 'ament_cmake_args' from command line to 'None'
[1.122s] Level 5:colcon.colcon_core.verb:set package 'python_turtle' build argument 'catkin_cmake_args' from command line to 'None'
[1.122s] Level 5:colcon.colcon_core.verb:set package 'python_turtle' build argument 'catkin_skip_building_tests' from command line to 'False'
[1.122s] DEBUG:colcon.colcon_core.verb:Building package 'python_turtle' with the following arguments: {'ament_cmake_args': None, 'build_base': '/home/yahboom/S24_RobotProgramming_eloquent/Lab4/roscourse_ws/build/python_turtle', 'catkin_cmake_args': None, 'catkin_skip_building_tests': False, 'cmake_args': None, 'cmake_clean_cache': False, 'cmake_clean_first': False, 'cmake_force_configure': False, 'cmake_target': None, 'cmake_target_skip_unavailable': False, 'install_base': '/home/yahboom/S24_RobotProgramming_eloquent/Lab4/roscourse_ws/install/python_turtle', 'merge_install': False, 'path': '/home/yahboom/S24_RobotProgramming_eloquent/Lab4/roscourse_ws/src/python_turtle', 'symlink_install': True, 'test_result_base': None}
[1.125s] INFO:colcon.colcon_core.executor:Executing jobs using 'parallel' executor
[1.135s] DEBUG:colcon.colcon_parallel_executor.executor.parallel:run_until_complete
[1.136s] INFO:colcon.colcon_ros.task.ament_python.build:Building ROS package in '/home/yahboom/S24_RobotProgramming_eloquent/Lab4/roscourse_ws/src/python_turtle' with build type 'ament_python'
[1.137s] Level 1:colcon.colcon_core.shell:create_environment_hook('python_turtle', 'ament_prefix_path')
[1.147s] INFO:colcon.colcon_core.plugin_system:Skipping extension 'colcon_core.shell.bat': Not used on non-Windows systems
[1.147s] INFO:colcon.colcon_core.shell:Creating environment hook '/home/yahboom/S24_RobotProgramming_eloquent/Lab4/roscourse_ws/install/python_turtle/share/python_turtle/hook/ament_prefix_path.ps1'
[1.149s] INFO:colcon.colcon_core.shell:Creating environment descriptor '/home/yahboom/S24_RobotProgramming_eloquent/Lab4/roscourse_ws/install/python_turtle/share/python_turtle/hook/ament_prefix_path.dsv'
[1.152s] INFO:colcon.colcon_core.shell:Creating environment hook '/home/yahboom/S24_RobotProgramming_eloquent/Lab4/roscourse_ws/install/python_turtle/share/python_turtle/hook/ament_prefix_path.sh'
[1.160s] INFO:colcon.colcon_core.shell:Skip shell extension 'powershell' for command environment: Not usable outside of PowerShell
[1.160s] DEBUG:colcon.colcon_core.shell:Skip shell extension 'dsv' for command environment
[2.037s] INFO:colcon.colcon_core.task.python.build:Building Python package in '/home/yahboom/S24_RobotProgramming_eloquent/Lab4/roscourse_ws/src/python_turtle'
[2.041s] INFO:colcon.colcon_core.shell:Skip shell extension 'powershell' for command environment: Not usable outside of PowerShell
[2.041s] DEBUG:colcon.colcon_core.shell:Skip shell extension 'dsv' for command environment
[3.419s] DEBUG:colcon.colcon_core.task.python.build:While undoing a previous installation files outside the Python library path are being ignored: /home/yahboom/S24_RobotProgramming_eloquent/Lab4/roscourse_ws/install/python_turtle/share/ament_index/resource_index/packages/python_turtle
[3.419s] DEBUG:colcon.colcon_core.task.python.build:While undoing a previous installation files outside the Python library path are being ignored: /home/yahboom/S24_RobotProgramming_eloquent/Lab4/roscourse_ws/install/python_turtle/share/python_turtle/package.xml
[3.419s] DEBUG:colcon.colcon_core.task.python.build:While undoing a previous installation files outside the Python library path are being ignored: /home/yahboom/S24_RobotProgramming_eloquent/Lab4/roscourse_ws/install/python_turtle/share/python_turtle/launch/turtle_teleop_launch.py
[3.419s] DEBUG:colcon.colcon_core.task.python.build:While undoing a previous installation files outside the Python library path are being ignored: /home/yahboom/S24_RobotProgramming_eloquent/Lab4/roscourse_ws/install/python_turtle/lib/python_turtle/service_client
[3.420s] DEBUG:colcon.colcon_core.task.python.build:While undoing a previous installation files outside the Python library path are being ignored: /home/yahboom/S24_RobotProgramming_eloquent/Lab4/roscourse_ws/install/python_turtle/lib/python_turtle/turtlebot_client
[3.420s] DEBUG:colcon.colcon_core.task.python.build:While undoing a previous installation files outside the Python library path are being ignored: /home/yahboom/S24_RobotProgramming_eloquent/Lab4/roscourse_ws/install/python_turtle/lib/python_turtle/turtlebot_server
[3.425s] DEBUG:colcon.colcon_core.event_handler.log_command:Invoking command in '/home/yahboom/S24_RobotProgramming_eloquent/Lab4/roscourse_ws/build/python_turtle': PYTHONPATH=/home/yahboom/S24_RobotProgramming_eloquent/Lab4/roscourse_ws/build/python_turtle/prefix_override:/home/yahboom/S24_RobotProgramming_eloquent/Lab4/roscourse_ws/install/python_turtle/lib/python3.8/site-packages:/home/yahboom/S24_RobotProgramming_eloquent/Lab4/roscourse_ws/install/turtle_interfaces/lib/python3.8/site-packages:/home/yahboom/S24_RobotProgramming_eloquent/Lab4/roscourse_ws/build/webcam:/home/yahboom/S24_RobotProgramming_eloquent/Lab4/roscourse_ws/install/webcam/lib/python3.8/site-packages:/home/yahboom/S24_RobotProgramming_eloquent/Lab4/roscourse_ws/install/python_turtle/lib/python3.8/site-packages:/home/yahboom/S24_RobotProgramming_eloquent/Lab4/roscourse_ws/build/teleop_twist_keyboard:/home/yahboom/S24_RobotProgramming_eloquent/Lab4/roscourse_ws/install/teleop_twist_keyboard/lib/python3.8/site-packages:/home/yahboom/yahboomcar_ros2_ws/yahboomcar_ws/install/yahboomcar_voice_ctrl/lib/python3.8/site-packages:/home/yahboom/yahboomcar_ros2_ws/yahboomcar_ws/install/yahboomcar_visual/lib/python3.8/site-packages:/home/yahboom/yahboomcar_ros2_ws/yahboomcar_ws/install/yahboomcar_rviz/lib/python3.8/site-packages:/home/yahboom/yahboomcar_ros2_ws/yahboomcar_ws/install/yahboomcar_nav/lib/python3.8/site-packages:/home/yahboom/yahboomcar_ros2_ws/yahboomcar_ws/install/yahboomcar_multi/lib/python3.8/site-packages:/home/yahboom/yahboomcar_ros2_ws/yahboomcar_ws/install/yahboomcar_msgs/lib/python3.8/site-packages:/home/yahboom/yahboomcar_ros2_ws/yahboomcar_ws/install/yahboomcar_mediapipe/lib/python3.8/site-packages:/home/yahboom/yahboomcar_ros2_ws/yahboomcar_ws/install/yahboomcar_linefollow/lib/python3.8/site-packages:/home/yahboom/yahboomcar_ros2_ws/yahboomcar_ws/install/yahboomcar_laser/lib/python3.8/site-packages:/home/yahboom/yahboomcar_ros2_ws/yahboomcar_ws/install/yahboomcar_description_x1/lib/python3.8/site-packages:/home/yahboom/yahboomcar_ros2_ws/yahboomcar_ws/install/yahboomcar_description/lib/python3.8/site-packages:/home/yahboom/yahboomcar_ros2_ws/yahboomcar_ws/install/yahboomcar_ctrl/lib/python3.8/site-packages:/home/yahboom/yahboomcar_ros2_ws/yahboomcar_ws/install/yahboomcar_bringup/lib/python3.8/site-packages:/home/yahboom/yahboomcar_ros2_ws/yahboomcar_ws/install/yahboomcar_astra/lib/python3.8/site-packages:/home/yahboom/yahboomcar_ros2_ws/yahboomcar_ws/install/robot_pose_publisher/lib/python3.8/site-packages:/home/yahboom/yahboomcar_ros2_ws/yahboomcar_ws/install/laserscan_to_point_pulisher/lib/python3.8/site-packages:/home/yahboom/yahboomcar_ros2_ws/software/library_ws/install/teb_msgs/lib/python3.8/site-packages:/home/yahboom/yahboomcar_ros2_ws/software/library_ws/install/costmap_converter_msgs/lib/python3.8/site-packages:/opt/ros/foxy/lib/python3.8/site-packages /usr/bin/python3 setup.py develop --editable --build-directory /home/yahboom/S24_RobotProgramming_eloquent/Lab4/roscourse_ws/build/python_turtle/build --no-deps install_data
[4.605s] Level 1:colcon.colcon_core.shell:create_environment_hook('python_turtle', 'pythonpath_develop')
[4.610s] INFO:colcon.colcon_core.shell:Creating environment hook '/home/yahboom/S24_RobotProgramming_eloquent/Lab4/roscourse_ws/build/python_turtle/share/python_turtle/hook/pythonpath_develop.ps1'
[4.611s] DEBUG:colcon.colcon_core.event_handler.log_command:Invoked command in '/home/yahboom/S24_RobotProgramming_eloquent/Lab4/roscourse_ws/build/python_turtle' returned '0': PYTHONPATH=/home/yahboom/S24_RobotProgramming_eloquent/Lab4/roscourse_ws/build/python_turtle/prefix_override:/home/yahboom/S24_RobotProgramming_eloquent/Lab4/roscourse_ws/install/python_turtle/lib/python3.8/site-packages:/home/yahboom/S24_RobotProgramming_eloquent/Lab4/roscourse_ws/install/turtle_interfaces/lib/python3.8/site-packages:/home/yahboom/S24_RobotProgramming_eloquent/Lab4/roscourse_ws/build/webcam:/home/yahboom/S24_RobotProgramming_eloquent/Lab4/roscourse_ws/install/webcam/lib/python3.8/site-packages:/home/yahboom/S24_RobotProgramming_eloquent/Lab4/roscourse_ws/install/python_turtle/lib/python3.8/site-packages:/home/yahboom/S24_RobotProgramming_eloquent/Lab4/roscourse_ws/build/teleop_twist_keyboard:/home/yahboom/S24_RobotProgramming_eloquent/Lab4/roscourse_ws/install/teleop_twist_keyboard/lib/python3.8/site-packages:/home/yahboom/yahboomcar_ros2_ws/yahboomcar_ws/install/yahboomcar_voice_ctrl/lib/python3.8/site-packages:/home/yahboom/yahboomcar_ros2_ws/yahboomcar_ws/install/yahboomcar_visual/lib/python3.8/site-packages:/home/yahboom/yahboomcar_ros2_ws/yahboomcar_ws/install/yahboomcar_rviz/lib/python3.8/site-packages:/home/yahboom/yahboomcar_ros2_ws/yahboomcar_ws/install/yahboomcar_nav/lib/python3.8/site-packages:/home/yahboom/yahboomcar_ros2_ws/yahboomcar_ws/install/yahboomcar_multi/lib/python3.8/site-packages:/home/yahboom/yahboomcar_ros2_ws/yahboomcar_ws/install/yahboomcar_msgs/lib/python3.8/site-packages:/home/yahboom/yahboomcar_ros2_ws/yahboomcar_ws/install/yahboomcar_mediapipe/lib/python3.8/site-packages:/home/yahboom/yahboomcar_ros2_ws/yahboomcar_ws/install/yahboomcar_linefollow/lib/python3.8/site-packages:/home/yahboom/yahboomcar_ros2_ws/yahboomcar_ws/install/yahboomcar_laser/lib/python3.8/site-packages:/home/yahboom/yahboomcar_ros2_ws/yahboomcar_ws/install/yahboomcar_description_x1/lib/python3.8/site-packages:/home/yahboom/yahboomcar_ros2_ws/yahboomcar_ws/install/yahboomcar_description/lib/python3.8/site-packages:/home/yahboom/yahboomcar_ros2_ws/yahboomcar_ws/install/yahboomcar_ctrl/lib/python3.8/site-packages:/home/yahboom/yahboomcar_ros2_ws/yahboomcar_ws/install/yahboomcar_bringup/lib/python3.8/site-packages:/home/yahboom/yahboomcar_ros2_ws/yahboomcar_ws/install/yahboomcar_astra/lib/python3.8/site-packages:/home/yahboom/yahboomcar_ros2_ws/yahboomcar_ws/install/robot_pose_publisher/lib/python3.8/site-packages:/home/yahboom/yahboomcar_ros2_ws/yahboomcar_ws/install/laserscan_to_point_pulisher/lib/python3.8/site-packages:/home/yahboom/yahboomcar_ros2_ws/software/library_ws/install/teb_msgs/lib/python3.8/site-packages:/home/yahboom/yahboomcar_ros2_ws/software/library_ws/install/costmap_converter_msgs/lib/python3.8/site-packages:/opt/ros/foxy/lib/python3.8/site-packages /usr/bin/python3 setup.py develop --editable --build-directory /home/yahboom/S24_RobotProgramming_eloquent/Lab4/roscourse_ws/build/python_turtle/build --no-deps install_data
[4.612s] INFO:colcon.colcon_core.shell:Creating environment descriptor '/home/yahboom/S24_RobotProgramming_eloquent/Lab4/roscourse_ws/build/python_turtle/share/python_turtle/hook/pythonpath_develop.dsv'
[4.613s] INFO:colcon.colcon_core.shell:Creating environment hook '/home/yahboom/S24_RobotProgramming_eloquent/Lab4/roscourse_ws/build/python_turtle/share/python_turtle/hook/pythonpath_develop.sh'
[4.625s] Level 1:colcon.colcon_core.environment:checking '/home/yahboom/S24_RobotProgramming_eloquent/Lab4/roscourse_ws/install/python_turtle' for CMake module files
[4.626s] Level 1:colcon.colcon_core.environment:checking '/home/yahboom/S24_RobotProgramming_eloquent/Lab4/roscourse_ws/install/python_turtle' for CMake config files
[4.627s] Level 1:colcon.colcon_core.environment:checking '/home/yahboom/S24_RobotProgramming_eloquent/Lab4/roscourse_ws/install/python_turtle/lib'
[4.628s] Level 1:colcon.colcon_core.environment:checking '/home/yahboom/S24_RobotProgramming_eloquent/Lab4/roscourse_ws/install/python_turtle/bin'
[4.628s] Level 1:colcon.colcon_core.environment:checking '/home/yahboom/S24_RobotProgramming_eloquent/Lab4/roscourse_ws/install/python_turtle/lib/pkgconfig/python_turtle.pc'
[4.628s] Level 1:colcon.colcon_core.environment:checking '/home/yahboom/S24_RobotProgramming_eloquent/Lab4/roscourse_ws/install/python_turtle/lib/python3.8/site-packages'
[4.629s] Level 1:colcon.colcon_core.shell:create_environment_hook('python_turtle', 'pythonpath')
[4.633s] INFO:colcon.colcon_core.shell:Creating environment hook '/home/yahboom/S24_RobotProgramming_eloquent/Lab4/roscourse_ws/install/python_turtle/share/python_turtle/hook/pythonpath.ps1'
[4.635s] INFO:colcon.colcon_core.shell:Creating environment descriptor '/home/yahboom/S24_RobotProgramming_eloquent/Lab4/roscourse_ws/install/python_turtle/share/python_turtle/hook/pythonpath.dsv'
[4.636s] INFO:colcon.colcon_core.shell:Creating environment hook '/home/yahboom/S24_RobotProgramming_eloquent/Lab4/roscourse_ws/install/python_turtle/share/python_turtle/hook/pythonpath.sh'
[4.637s] Level 1:colcon.colcon_core.environment:checking '/home/yahboom/S24_RobotProgramming_eloquent/Lab4/roscourse_ws/install/python_turtle/bin'
[4.637s] Level 1:colcon.colcon_core.environment:create_environment_scripts_only(python_turtle)
[4.641s] INFO:colcon.colcon_core.shell:Creating package script '/home/yahboom/S24_RobotProgramming_eloquent/Lab4/roscourse_ws/install/python_turtle/share/python_turtle/package.ps1'
[4.644s] INFO:colcon.colcon_core.shell:Creating package descriptor '/home/yahboom/S24_RobotProgramming_eloquent/Lab4/roscourse_ws/install/python_turtle/share/python_turtle/package.dsv'
[4.646s] INFO:colcon.colcon_core.shell:Creating package script '/home/yahboom/S24_RobotProgramming_eloquent/Lab4/roscourse_ws/install/python_turtle/share/python_turtle/package.sh'
[4.648s] INFO:colcon.colcon_core.shell:Creating package script '/home/yahboom/S24_RobotProgramming_eloquent/Lab4/roscourse_ws/install/python_turtle/share/python_turtle/package.bash'
[4.650s] INFO:colcon.colcon_core.shell:Creating package script '/home/yahboom/S24_RobotProgramming_eloquent/Lab4/roscourse_ws/install/python_turtle/share/python_turtle/package.zsh'
[4.652s] Level 1:colcon.colcon_core.environment:create_file_with_runtime_dependencies(/home/yahboom/S24_RobotProgramming_eloquent/Lab4/roscourse_ws/install/python_turtle/share/colcon-core/packages/python_turtle)
[4.653s] DEBUG:colcon.colcon_parallel_executor.executor.parallel:closing loop
[4.654s] DEBUG:colcon.colcon_parallel_executor.executor.parallel:loop closed
[4.654s] DEBUG:colcon.colcon_parallel_executor.executor.parallel:run_until_complete finished with '0'
[4.657s] DEBUG:colcon.colcon_core.event_reactor:joining thread
[4.669s] INFO:colcon.colcon_core.plugin_system:Skipping extension 'colcon_notification.desktop_notification.terminal_notifier': Not used on non-Darwin systems
[4.669s] INFO:colcon.colcon_core.plugin_system:Skipping extension 'colcon_notification.desktop_notification.win32': Not used on non-Windows systems
[4.669s] INFO:colcon.colcon_notification.desktop_notification:Sending desktop notification using 'notify2'
[4.708s] DEBUG:colcon.colcon_core.event_reactor:joined thread
[4.713s] INFO:colcon.colcon_core.shell:Creating prefix script '/home/yahboom/S24_RobotProgramming_eloquent/Lab4/roscourse_ws/install/local_setup.ps1'
[4.719s] INFO:colcon.colcon_core.shell:Creating prefix util module '/home/yahboom/S24_RobotProgramming_eloquent/Lab4/roscourse_ws/install/_local_setup_util_ps1.py'
[4.725s] INFO:colcon.colcon_core.shell:Creating prefix chain script '/home/yahboom/S24_RobotProgramming_eloquent/Lab4/roscourse_ws/install/setup.ps1'
[4.731s] INFO:colcon.colcon_core.shell:Creating prefix script '/home/yahboom/S24_RobotProgramming_eloquent/Lab4/roscourse_ws/install/local_setup.sh'
[4.733s] INFO:colcon.colcon_core.shell:Creating prefix util module '/home/yahboom/S24_RobotProgramming_eloquent/Lab4/roscourse_ws/install/_local_setup_util_sh.py'
[4.735s] INFO:colcon.colcon_core.shell:Creating prefix chain script '/home/yahboom/S24_RobotProgramming_eloquent/Lab4/roscourse_ws/install/setup.sh'
[4.743s] INFO:colcon.colcon_core.shell:Creating prefix script '/home/yahboom/S24_RobotProgramming_eloquent/Lab4/roscourse_ws/install/local_setup.bash'
[4.744s] INFO:colcon.colcon_core.shell:Creating prefix chain script '/home/yahboom/S24_RobotProgramming_eloquent/Lab4/roscourse_ws/install/setup.bash'
[4.753s] INFO:colcon.colcon_core.shell:Creating prefix script '/home/yahboom/S24_RobotProgramming_eloquent/Lab4/roscourse_ws/install/local_setup.zsh'
[4.754s] INFO:colcon.colcon_core.shell:Creating prefix chain script '/home/yahboom/S24_RobotProgramming_eloquent/Lab4/roscourse_ws/install/setup.zsh'
