[0.669s] Invoking command in '/home/yahboom/ArchDocs/ArchDocs/S24_RobotProgramming_eloquent/lab6-7/roscourse_sim_ws/src/my_robot': PYTHONPATH=/home/yahboom/ArchDocs/ArchDocs/S24_RobotProgramming_eloquent/lab6-7/roscourse_sim_ws/build/my_robot/prefix_override:/home/yahboom/ArchDocs/ArchDocs/S24_RobotProgramming_eloquent/lab6-7/roscourse_sim_ws/install/my_robot/lib/python3.8/site-packages:${PYTHONPATH} /usr/bin/python3 setup.py egg_info --egg-base ../../build/my_robot build --build-base /home/yahboom/ArchDocs/ArchDocs/S24_RobotProgramming_eloquent/lab6-7/roscourse_sim_ws/build/my_robot/build install --record /home/yahboom/ArchDocs/ArchDocs/S24_RobotProgramming_eloquent/lab6-7/roscourse_sim_ws/build/my_robot/install.log --install-scripts $base/lib/my_robot --single-version-externally-managed
[0.880s] running egg_info
[0.881s] writing ../../build/my_robot/my_robot.egg-info/PKG-INFO
[0.882s] writing dependency_links to ../../build/my_robot/my_robot.egg-info/dependency_links.txt
[0.883s] writing entry points to ../../build/my_robot/my_robot.egg-info/entry_points.txt
[0.884s] writing requirements to ../../build/my_robot/my_robot.egg-info/requires.txt
[0.884s] writing top-level names to ../../build/my_robot/my_robot.egg-info/top_level.txt
[0.921s] reading manifest file '../../build/my_robot/my_robot.egg-info/SOURCES.txt'
[0.924s] writing manifest file '../../build/my_robot/my_robot.egg-info/SOURCES.txt'
[0.925s] running build
[0.926s] running build_py
[0.927s] running install
[0.928s] running install_lib
[0.934s] running install_data
[0.935s] copying urdf/my_robot.urdf.xacro -> /home/yahboom/ArchDocs/ArchDocs/S24_RobotProgramming_eloquent/lab6-7/roscourse_sim_ws/install/my_robot/share/my_robot
[0.936s] running install_egg_info
[0.939s] removing '/home/yahboom/ArchDocs/ArchDocs/S24_RobotProgramming_eloquent/lab6-7/roscourse_sim_ws/install/my_robot/lib/python3.8/site-packages/my_robot-0.0.0-py3.8.egg-info' (and everything under it)
[0.943s] Copying ../../build/my_robot/my_robot.egg-info to /home/yahboom/ArchDocs/ArchDocs/S24_RobotProgramming_eloquent/lab6-7/roscourse_sim_ws/install/my_robot/lib/python3.8/site-packages/my_robot-0.0.0-py3.8.egg-info
[0.956s] running install_scripts
[0.973s] writing list of installed files to '/home/yahboom/ArchDocs/ArchDocs/S24_RobotProgramming_eloquent/lab6-7/roscourse_sim_ws/build/my_robot/install.log'
[0.991s] Invoked command in '/home/yahboom/ArchDocs/ArchDocs/S24_RobotProgramming_eloquent/lab6-7/roscourse_sim_ws/src/my_robot' returned '0': PYTHONPATH=/home/yahboom/ArchDocs/ArchDocs/S24_RobotProgramming_eloquent/lab6-7/roscourse_sim_ws/build/my_robot/prefix_override:/home/yahboom/ArchDocs/ArchDocs/S24_RobotProgramming_eloquent/lab6-7/roscourse_sim_ws/install/my_robot/lib/python3.8/site-packages:${PYTHONPATH} /usr/bin/python3 setup.py egg_info --egg-base ../../build/my_robot build --build-base /home/yahboom/ArchDocs/ArchDocs/S24_RobotProgramming_eloquent/lab6-7/roscourse_sim_ws/build/my_robot/build install --record /home/yahboom/ArchDocs/ArchDocs/S24_RobotProgramming_eloquent/lab6-7/roscourse_sim_ws/build/my_robot/install.log --install-scripts $base/lib/my_robot --single-version-externally-managed
