[0.896s] Invoking command in '/home/yahboom/ArchDocs/ArchDocs/S24_RobotProgramming_eloquent/lab6-7/roscourse_sim_ws/src/my_robot': PYTHONPATH=/home/yahboom/ArchDocs/ArchDocs/S24_RobotProgramming_eloquent/lab6-7/roscourse_sim_ws/build/my_robot/prefix_override:/home/yahboom/ArchDocs/ArchDocs/S24_RobotProgramming_eloquent/lab6-7/roscourse_sim_ws/install/my_robot/lib/python3.8/site-packages:${PYTHONPATH} /usr/bin/python3 setup.py egg_info --egg-base ../../build/my_robot build --build-base /home/yahboom/ArchDocs/ArchDocs/S24_RobotProgramming_eloquent/lab6-7/roscourse_sim_ws/build/my_robot/build install --record /home/yahboom/ArchDocs/ArchDocs/S24_RobotProgramming_eloquent/lab6-7/roscourse_sim_ws/build/my_robot/install.log --install-scripts $base/lib/my_robot --single-version-externally-managed
[1.182s] running egg_info
[1.183s] writing ../../build/my_robot/my_robot.egg-info/PKG-INFO
[1.184s] writing dependency_links to ../../build/my_robot/my_robot.egg-info/dependency_links.txt
[1.186s] writing entry points to ../../build/my_robot/my_robot.egg-info/entry_points.txt
[1.187s] writing requirements to ../../build/my_robot/my_robot.egg-info/requires.txt
[1.188s] writing top-level names to ../../build/my_robot/my_robot.egg-info/top_level.txt
[1.235s] reading manifest file '../../build/my_robot/my_robot.egg-info/SOURCES.txt'
[1.240s] writing manifest file '../../build/my_robot/my_robot.egg-info/SOURCES.txt'
[1.242s] running build
[1.243s] running build_py
[1.246s] running install
[1.247s] running install_lib
[1.252s] running install_data
[1.255s] copying launch/my_robot_gazebo_rviz.launch.py -> /home/yahboom/ArchDocs/ArchDocs/S24_RobotProgramming_eloquent/lab6-7/roscourse_sim_ws/install/my_robot/share/my_robot/launch
[1.257s] running install_egg_info
[1.260s] removing '/home/yahboom/ArchDocs/ArchDocs/S24_RobotProgramming_eloquent/lab6-7/roscourse_sim_ws/install/my_robot/lib/python3.8/site-packages/my_robot-0.0.0-py3.8.egg-info' (and everything under it)
[1.264s] Copying ../../build/my_robot/my_robot.egg-info to /home/yahboom/ArchDocs/ArchDocs/S24_RobotProgramming_eloquent/lab6-7/roscourse_sim_ws/install/my_robot/lib/python3.8/site-packages/my_robot-0.0.0-py3.8.egg-info
[1.280s] running install_scripts
[1.306s] writing list of installed files to '/home/yahboom/ArchDocs/ArchDocs/S24_RobotProgramming_eloquent/lab6-7/roscourse_sim_ws/build/my_robot/install.log'
[1.342s] Invoked command in '/home/yahboom/ArchDocs/ArchDocs/S24_RobotProgramming_eloquent/lab6-7/roscourse_sim_ws/src/my_robot' returned '0': PYTHONPATH=/home/yahboom/ArchDocs/ArchDocs/S24_RobotProgramming_eloquent/lab6-7/roscourse_sim_ws/build/my_robot/prefix_override:/home/yahboom/ArchDocs/ArchDocs/S24_RobotProgramming_eloquent/lab6-7/roscourse_sim_ws/install/my_robot/lib/python3.8/site-packages:${PYTHONPATH} /usr/bin/python3 setup.py egg_info --egg-base ../../build/my_robot build --build-base /home/yahboom/ArchDocs/ArchDocs/S24_RobotProgramming_eloquent/lab6-7/roscourse_sim_ws/build/my_robot/build install --record /home/yahboom/ArchDocs/ArchDocs/S24_RobotProgramming_eloquent/lab6-7/roscourse_sim_ws/build/my_robot/install.log --install-scripts $base/lib/my_robot --single-version-externally-managed
