[0.406s] DEBUG:colcon:Command line arguments: ['/usr/bin/colcon', 'build']
[0.406s] DEBUG:colcon:Parsed command line arguments: Namespace(allow_overriding=[], ament_cmake_args=None, base_paths=['.'], build_base='build', catkin_cmake_args=None, catkin_skip_building_tests=False, cmake_args=None, cmake_clean_cache=False, cmake_clean_first=False, cmake_force_configure=False, cmake_target=None, cmake_target_skip_unavailable=False, continue_on_error=False, event_handlers=None, executor='parallel', ignore_user_meta=False, install_base='install', log_base=None, log_level=None, main=<bound method BuildVerb.main of <colcon_core.verb.build.BuildVerb object at 0x7f9bd30ea6a0>>, merge_install=False, metas=['./colcon.meta'], packages_above=None, packages_above_and_dependencies=None, packages_above_depth=None, packages_end=None, packages_ignore=None, packages_ignore_regex=None, packages_select=None, packages_select_build_failed=False, packages_select_by_dep=None, packages_select_regex=None, packages_select_test_failures=False, packages_skip=None, packages_skip_build_finished=False, packages_skip_by_dep=None, packages_skip_regex=None, packages_skip_test_passed=False, packages_skip_up_to=None, packages_start=None, packages_up_to=None, packages_up_to_regex=None, parallel_workers=4, paths=None, symlink_install=False, test_result_base=None, verb_extension=<colcon_core.verb.build.BuildVerb object at 0x7f9bd30ea6a0>, verb_name='build', verb_parser=<colcon_defaults.argument_parser.defaults.DefaultArgumentsDecorator object at 0x7f9bd30eabe0>)
[0.480s] Level 1:colcon.colcon_core.package_discovery:discover_packages(colcon_meta) check parameters
[0.480s] Level 1:colcon.colcon_core.package_discovery:discover_packages(recursive) check parameters
[0.480s] Level 1:colcon.colcon_core.package_discovery:discover_packages(ignore) check parameters
[0.480s] Level 1:colcon.colcon_core.package_discovery:discover_packages(path) check parameters
[0.480s] Level 1:colcon.colcon_core.package_discovery:discover_packages(colcon_meta) discover
[0.480s] Level 1:colcon.colcon_core.package_discovery:discover_packages(recursive) discover
[0.480s] INFO:colcon.colcon_core.package_discovery:Crawling recursively for packages in '/home/yahboom/S24_RobotProgramming_eloquent/roscourse_sim_ws/src'
[0.480s] Level 1:colcon.colcon_core.package_identification:_identify(.) by extensions ['ignore', 'ignore_ament_install']
[0.481s] Level 1:colcon.colcon_core.package_identification:_identify(.) by extension 'ignore'
[0.481s] Level 1:colcon.colcon_core.package_identification:_identify(.) by extension 'ignore_ament_install'
[0.481s] Level 1:colcon.colcon_core.package_identification:_identify(.) by extensions ['colcon_pkg']
[0.481s] Level 1:colcon.colcon_core.package_identification:_identify(.) by extension 'colcon_pkg'
[0.481s] Level 1:colcon.colcon_core.package_identification:_identify(.) by extensions ['colcon_meta']
[0.481s] Level 1:colcon.colcon_core.package_identification:_identify(.) by extension 'colcon_meta'
[0.481s] Level 1:colcon.colcon_core.package_identification:_identify(.) by extensions ['ros']
[0.481s] Level 1:colcon.colcon_core.package_identification:_identify(.) by extension 'ros'
[0.507s] Level 1:colcon.colcon_core.package_identification:_identify(.) by extensions ['cmake', 'python']
[0.507s] Level 1:colcon.colcon_core.package_identification:_identify(.) by extension 'cmake'
[0.507s] Level 1:colcon.colcon_core.package_identification:_identify(.) by extension 'python'
[0.507s] Level 1:colcon.colcon_core.package_identification:_identify(.) by extensions ['python_setup_py']
[0.507s] Level 1:colcon.colcon_core.package_identification:_identify(.) by extension 'python_setup_py'
[0.508s] Level 1:colcon.colcon_core.package_identification:_identify(build) by extensions ['ignore', 'ignore_ament_install']
[0.508s] Level 1:colcon.colcon_core.package_identification:_identify(build) by extension 'ignore'
[0.508s] Level 1:colcon.colcon_core.package_identification:_identify(build) ignored
[0.508s] Level 1:colcon.colcon_core.package_identification:_identify(install) by extensions ['ignore', 'ignore_ament_install']
[0.508s] Level 1:colcon.colcon_core.package_identification:_identify(install) by extension 'ignore'
[0.508s] Level 1:colcon.colcon_core.package_identification:_identify(install) ignored
[0.508s] Level 1:colcon.colcon_core.package_identification:_identify(log) by extensions ['ignore', 'ignore_ament_install']
[0.508s] Level 1:colcon.colcon_core.package_identification:_identify(log) by extension 'ignore'
[0.508s] Level 1:colcon.colcon_core.package_identification:_identify(log) ignored
[0.508s] Level 1:colcon.colcon_core.package_identification:_identify(my_robot) by extensions ['ignore', 'ignore_ament_install']
[0.508s] Level 1:colcon.colcon_core.package_identification:_identify(my_robot) by extension 'ignore'
[0.508s] Level 1:colcon.colcon_core.package_identification:_identify(my_robot) by extension 'ignore_ament_install'
[0.508s] Level 1:colcon.colcon_core.package_identification:_identify(my_robot) by extensions ['colcon_pkg']
[0.508s] Level 1:colcon.colcon_core.package_identification:_identify(my_robot) by extension 'colcon_pkg'
[0.508s] Level 1:colcon.colcon_core.package_identification:_identify(my_robot) by extensions ['colcon_meta']
[0.508s] Level 1:colcon.colcon_core.package_identification:_identify(my_robot) by extension 'colcon_meta'
[0.508s] Level 1:colcon.colcon_core.package_identification:_identify(my_robot) by extensions ['ros']
[0.508s] Level 1:colcon.colcon_core.package_identification:_identify(my_robot) by extension 'ros'
[0.513s] DEBUG:colcon.colcon_core.package_identification:Package 'my_robot' with type 'ros.ament_python' and name 'my_robot'
[0.513s] Level 1:colcon.colcon_core.package_discovery:discover_packages(recursive) using defaults
[0.513s] Level 1:colcon.colcon_core.package_discovery:discover_packages(ignore) discover
[0.513s] Level 1:colcon.colcon_core.package_discovery:discover_packages(ignore) using defaults
[0.513s] Level 1:colcon.colcon_core.package_discovery:discover_packages(path) discover
[0.513s] Level 1:colcon.colcon_core.package_discovery:discover_packages(path) using defaults
[0.549s] Level 1:colcon.colcon_core.package_discovery:discover_packages(prefix_path) check parameters
[0.549s] Level 1:colcon.colcon_core.package_discovery:discover_packages(prefix_path) discover
[0.558s] DEBUG:colcon.colcon_installed_package_information.package_discovery:Found 10 installed packages in /home/yahboom/yahboomcar_ros2_ws/software/library_ws/install
[0.560s] DEBUG:colcon.colcon_installed_package_information.package_discovery:Found 20 installed packages in /home/yahboom/yahboomcar_ros2_ws/yahboomcar_ws/install
[0.562s] DEBUG:colcon.colcon_installed_package_information.package_discovery:Found 341 installed packages in /opt/ros/foxy
[0.563s] Level 1:colcon.colcon_core.package_discovery:discover_packages(prefix_path) using defaults
[0.698s] Level 5:colcon.colcon_core.verb:set package 'my_robot' build argument 'cmake_args' from command line to 'None'
[0.698s] Level 5:colcon.colcon_core.verb:set package 'my_robot' build argument 'cmake_target' from command line to 'None'
[0.698s] Level 5:colcon.colcon_core.verb:set package 'my_robot' build argument 'cmake_target_skip_unavailable' from command line to 'False'
[0.698s] Level 5:colcon.colcon_core.verb:set package 'my_robot' build argument 'cmake_clean_cache' from command line to 'False'
[0.698s] Level 5:colcon.colcon_core.verb:set package 'my_robot' build argument 'cmake_clean_first' from command line to 'False'
[0.698s] Level 5:colcon.colcon_core.verb:set package 'my_robot' build argument 'cmake_force_configure' from command line to 'False'
[0.698s] Level 5:colcon.colcon_core.verb:set package 'my_robot' build argument 'ament_cmake_args' from command line to 'None'
[0.698s] Level 5:colcon.colcon_core.verb:set package 'my_robot' build argument 'catkin_cmake_args' from command line to 'None'
[0.698s] Level 5:colcon.colcon_core.verb:set package 'my_robot' build argument 'catkin_skip_building_tests' from command line to 'False'
[0.698s] DEBUG:colcon.colcon_core.verb:Building package 'my_robot' with the following arguments: {'ament_cmake_args': None, 'build_base': '/home/yahboom/S24_RobotProgramming_eloquent/roscourse_sim_ws/src/build/my_robot', 'catkin_cmake_args': None, 'catkin_skip_building_tests': False, 'cmake_args': None, 'cmake_clean_cache': False, 'cmake_clean_first': False, 'cmake_force_configure': False, 'cmake_target': None, 'cmake_target_skip_unavailable': False, 'install_base': '/home/yahboom/S24_RobotProgramming_eloquent/roscourse_sim_ws/src/install/my_robot', 'merge_install': False, 'path': '/home/yahboom/S24_RobotProgramming_eloquent/roscourse_sim_ws/src/my_robot', 'symlink_install': False, 'test_result_base': None}
[0.699s] INFO:colcon.colcon_core.executor:Executing jobs using 'parallel' executor
[0.702s] DEBUG:colcon.colcon_parallel_executor.executor.parallel:run_until_complete
[0.702s] INFO:colcon.colcon_ros.task.ament_python.build:Building ROS package in '/home/yahboom/S24_RobotProgramming_eloquent/roscourse_sim_ws/src/my_robot' with build type 'ament_python'
[0.703s] Level 1:colcon.colcon_core.shell:create_environment_hook('my_robot', 'ament_prefix_path')
[0.717s] INFO:colcon.colcon_core.plugin_system:Skipping extension 'colcon_core.shell.bat': Not used on non-Windows systems
[0.717s] INFO:colcon.colcon_core.shell:Creating environment hook '/home/yahboom/S24_RobotProgramming_eloquent/roscourse_sim_ws/src/install/my_robot/share/my_robot/hook/ament_prefix_path.ps1'
[0.718s] INFO:colcon.colcon_core.shell:Creating environment descriptor '/home/yahboom/S24_RobotProgramming_eloquent/roscourse_sim_ws/src/install/my_robot/share/my_robot/hook/ament_prefix_path.dsv'
[0.719s] INFO:colcon.colcon_core.shell:Creating environment hook '/home/yahboom/S24_RobotProgramming_eloquent/roscourse_sim_ws/src/install/my_robot/share/my_robot/hook/ament_prefix_path.sh'
[0.721s] INFO:colcon.colcon_core.shell:Skip shell extension 'powershell' for command environment: Not usable outside of PowerShell
[0.722s] DEBUG:colcon.colcon_core.shell:Skip shell extension 'dsv' for command environment
[0.945s] INFO:colcon.colcon_core.task.python.build:Building Python package in '/home/yahboom/S24_RobotProgramming_eloquent/roscourse_sim_ws/src/my_robot'
[0.947s] INFO:colcon.colcon_core.shell:Skip shell extension 'powershell' for command environment: Not usable outside of PowerShell
[0.947s] DEBUG:colcon.colcon_core.shell:Skip shell extension 'dsv' for command environment
[1.454s] DEBUG:colcon.colcon_core.event_handler.log_command:Invoking command in '/home/yahboom/S24_RobotProgramming_eloquent/roscourse_sim_ws/src/my_robot': PYTHONPATH=/home/yahboom/S24_RobotProgramming_eloquent/roscourse_sim_ws/src/build/my_robot/prefix_override:/home/yahboom/S24_RobotProgramming_eloquent/roscourse_sim_ws/src/install/my_robot/lib/python3.8/site-packages:${PYTHONPATH} /usr/bin/python3 setup.py egg_info --egg-base ../build/my_robot build --build-base /home/yahboom/S24_RobotProgramming_eloquent/roscourse_sim_ws/src/build/my_robot/build install --record /home/yahboom/S24_RobotProgramming_eloquent/roscourse_sim_ws/src/build/my_robot/install.log --install-scripts $base/lib/my_robot --single-version-externally-managed
[1.734s] DEBUG:colcon.colcon_core.event_handler.log_command:Invoked command in '/home/yahboom/S24_RobotProgramming_eloquent/roscourse_sim_ws/src/my_robot' returned '0': PYTHONPATH=/home/yahboom/S24_RobotProgramming_eloquent/roscourse_sim_ws/src/build/my_robot/prefix_override:/home/yahboom/S24_RobotProgramming_eloquent/roscourse_sim_ws/src/install/my_robot/lib/python3.8/site-packages:${PYTHONPATH} /usr/bin/python3 setup.py egg_info --egg-base ../build/my_robot build --build-base /home/yahboom/S24_RobotProgramming_eloquent/roscourse_sim_ws/src/build/my_robot/build install --record /home/yahboom/S24_RobotProgramming_eloquent/roscourse_sim_ws/src/build/my_robot/install.log --install-scripts $base/lib/my_robot --single-version-externally-managed
[1.753s] Level 1:colcon.colcon_core.environment:checking '/home/yahboom/S24_RobotProgramming_eloquent/roscourse_sim_ws/src/install/my_robot' for CMake module files
[1.754s] Level 1:colcon.colcon_core.environment:checking '/home/yahboom/S24_RobotProgramming_eloquent/roscourse_sim_ws/src/install/my_robot' for CMake config files
[1.754s] Level 1:colcon.colcon_core.environment:checking '/home/yahboom/S24_RobotProgramming_eloquent/roscourse_sim_ws/src/install/my_robot/lib'
[1.754s] Level 1:colcon.colcon_core.environment:checking '/home/yahboom/S24_RobotProgramming_eloquent/roscourse_sim_ws/src/install/my_robot/bin'
[1.754s] Level 1:colcon.colcon_core.environment:checking '/home/yahboom/S24_RobotProgramming_eloquent/roscourse_sim_ws/src/install/my_robot/lib/pkgconfig/my_robot.pc'
[1.755s] Level 1:colcon.colcon_core.environment:checking '/home/yahboom/S24_RobotProgramming_eloquent/roscourse_sim_ws/src/install/my_robot/lib/python3.8/site-packages'
[1.755s] Level 1:colcon.colcon_core.shell:create_environment_hook('my_robot', 'pythonpath')
[1.756s] INFO:colcon.colcon_core.shell:Creating environment hook '/home/yahboom/S24_RobotProgramming_eloquent/roscourse_sim_ws/src/install/my_robot/share/my_robot/hook/pythonpath.ps1'
[1.757s] INFO:colcon.colcon_core.shell:Creating environment descriptor '/home/yahboom/S24_RobotProgramming_eloquent/roscourse_sim_ws/src/install/my_robot/share/my_robot/hook/pythonpath.dsv'
[1.757s] INFO:colcon.colcon_core.shell:Creating environment hook '/home/yahboom/S24_RobotProgramming_eloquent/roscourse_sim_ws/src/install/my_robot/share/my_robot/hook/pythonpath.sh'
[1.758s] Level 1:colcon.colcon_core.environment:checking '/home/yahboom/S24_RobotProgramming_eloquent/roscourse_sim_ws/src/install/my_robot/bin'
[1.758s] Level 1:colcon.colcon_core.environment:create_environment_scripts_only(my_robot)
[1.759s] INFO:colcon.colcon_core.shell:Creating package script '/home/yahboom/S24_RobotProgramming_eloquent/roscourse_sim_ws/src/install/my_robot/share/my_robot/package.ps1'
[1.760s] INFO:colcon.colcon_core.shell:Creating package descriptor '/home/yahboom/S24_RobotProgramming_eloquent/roscourse_sim_ws/src/install/my_robot/share/my_robot/package.dsv'
[1.761s] INFO:colcon.colcon_core.shell:Creating package script '/home/yahboom/S24_RobotProgramming_eloquent/roscourse_sim_ws/src/install/my_robot/share/my_robot/package.sh'
[1.763s] INFO:colcon.colcon_core.shell:Creating package script '/home/yahboom/S24_RobotProgramming_eloquent/roscourse_sim_ws/src/install/my_robot/share/my_robot/package.bash'
[1.764s] INFO:colcon.colcon_core.shell:Creating package script '/home/yahboom/S24_RobotProgramming_eloquent/roscourse_sim_ws/src/install/my_robot/share/my_robot/package.zsh'
[1.765s] Level 1:colcon.colcon_core.environment:create_file_with_runtime_dependencies(/home/yahboom/S24_RobotProgramming_eloquent/roscourse_sim_ws/src/install/my_robot/share/colcon-core/packages/my_robot)
[1.766s] DEBUG:colcon.colcon_parallel_executor.executor.parallel:closing loop
[1.767s] DEBUG:colcon.colcon_parallel_executor.executor.parallel:loop closed
[1.767s] DEBUG:colcon.colcon_parallel_executor.executor.parallel:run_until_complete finished with '0'
[1.767s] DEBUG:colcon.colcon_core.event_reactor:joining thread
[1.777s] INFO:colcon.colcon_core.plugin_system:Skipping extension 'colcon_notification.desktop_notification.terminal_notifier': Not used on non-Darwin systems
[1.777s] INFO:colcon.colcon_core.plugin_system:Skipping extension 'colcon_notification.desktop_notification.win32': Not used on non-Windows systems
[1.777s] INFO:colcon.colcon_notification.desktop_notification:Sending desktop notification using 'notify2'
[1.801s] DEBUG:colcon.colcon_core.event_reactor:joined thread
[1.802s] INFO:colcon.colcon_core.shell:Creating prefix script '/home/yahboom/S24_RobotProgramming_eloquent/roscourse_sim_ws/src/install/local_setup.ps1'
[1.804s] INFO:colcon.colcon_core.shell:Creating prefix util module '/home/yahboom/S24_RobotProgramming_eloquent/roscourse_sim_ws/src/install/_local_setup_util_ps1.py'
[1.806s] INFO:colcon.colcon_core.shell:Creating prefix chain script '/home/yahboom/S24_RobotProgramming_eloquent/roscourse_sim_ws/src/install/setup.ps1'
[1.809s] INFO:colcon.colcon_core.shell:Creating prefix script '/home/yahboom/S24_RobotProgramming_eloquent/roscourse_sim_ws/src/install/local_setup.sh'
[1.812s] INFO:colcon.colcon_core.shell:Creating prefix util module '/home/yahboom/S24_RobotProgramming_eloquent/roscourse_sim_ws/src/install/_local_setup_util_sh.py'
[1.812s] INFO:colcon.colcon_core.shell:Creating prefix chain script '/home/yahboom/S24_RobotProgramming_eloquent/roscourse_sim_ws/src/install/setup.sh'
[1.815s] INFO:colcon.colcon_core.shell:Creating prefix script '/home/yahboom/S24_RobotProgramming_eloquent/roscourse_sim_ws/src/install/local_setup.bash'
[1.816s] INFO:colcon.colcon_core.shell:Creating prefix chain script '/home/yahboom/S24_RobotProgramming_eloquent/roscourse_sim_ws/src/install/setup.bash'
[1.820s] INFO:colcon.colcon_core.shell:Creating prefix script '/home/yahboom/S24_RobotProgramming_eloquent/roscourse_sim_ws/src/install/local_setup.zsh'
[1.821s] INFO:colcon.colcon_core.shell:Creating prefix chain script '/home/yahboom/S24_RobotProgramming_eloquent/roscourse_sim_ws/src/install/setup.zsh'
