[0.111s] Invoking command in '/home/yahboom/ArchDocs/SharedDocs/S24_RobotProgramming_eloquent/Lab3-4/roscourse_ws/build/turtle_interfaces': CMAKE_PREFIX_PATH=${CMAKE_PREFIX_PATH}:/home/yahboom/ArchDocs/SharedDocs/S24_RobotProgramming_eloquent/Lab3-4/roscourse_ws/install/webcam:/home/yahboom/ArchDocs/SharedDocs/S24_RobotProgramming_eloquent/Lab3-4/roscourse_ws/install/python_turtle:/home/yahboom/ArchDocs/SharedDocs/S24_RobotProgramming_eloquent/Lab3-4/roscourse_ws/install/teleop_twist_keyboard:/home/yahboom/yahboomcar_ros2_ws/yahboomcar_ws/install/yahboomcar_voice_ctrl:/home/yahboom/yahboomcar_ros2_ws/yahboomcar_ws/install/yahboomcar_visual:/home/yahboom/yahboomcar_ros2_ws/yahboomcar_ws/install/yahboomcar_rviz:/home/yahboom/yahboomcar_ros2_ws/yahboomcar_ws/install/yahboomcar_nav:/home/yahboom/yahboomcar_ros2_ws/yahboomcar_ws/install/yahboomcar_multi:/home/yahboom/yahboomcar_ros2_ws/yahboomcar_ws/install/yahboomcar_mediapipe:/home/yahboom/yahboomcar_ros2_ws/yahboomcar_ws/install/yahboomcar_linefollow:/home/yahboom/yahboomcar_ros2_ws/yahboomcar_ws/install/yahboomcar_laser:/home/yahboom/yahboomcar_ros2_ws/yahboomcar_ws/install/yahboomcar_description_x1:/home/yahboom/yahboomcar_ros2_ws/yahboomcar_ws/install/yahboomcar_description:/home/yahboom/yahboomcar_ros2_ws/yahboomcar_ws/install/yahboomcar_ctrl:/home/yahboom/yahboomcar_ros2_ws/yahboomcar_ws/install/yahboomcar_bringup:/home/yahboom/yahboomcar_ros2_ws/yahboomcar_ws/install/yahboomcar_astra:/home/yahboom/yahboomcar_ros2_ws/yahboomcar_ws/install/robot_pose_publisher:/home/yahboom/yahboomcar_ros2_ws/yahboomcar_ws/install/laserscan_to_point_pulisher:/opt/ros/foxy /usr/bin/cmake --build /home/yahboom/ArchDocs/SharedDocs/S24_RobotProgramming_eloquent/Lab3-4/roscourse_ws/build/turtle_interfaces -- -j8 -l8
[0.436s] [  2%] Built target turtle_interfaces__cpp
[0.439s] [ 12%] Built target turtle_interfaces__rosidl_generator_c
[0.560s] [ 23%] Built target turtle_interfaces__rosidl_typesupport_fastrtps_cpp
[0.576s] [ 34%] Built target turtle_interfaces__rosidl_typesupport_cpp
[0.587s] [ 44%] Built target turtle_interfaces__rosidl_typesupport_introspection_cpp
[0.599s] [ 55%] Built target turtle_interfaces__rosidl_typesupport_c
[0.608s] [ 65%] Built target turtle_interfaces__rosidl_typesupport_introspection_c
[0.685s] [ 76%] Built target turtle_interfaces__rosidl_typesupport_fastrtps_c
[0.765s] [ 76%] Built target turtle_interfaces
[0.844s] [ 78%] Built target turtle_interfaces__py
[0.962s] [ 87%] Built target turtle_interfaces__python
[1.127s] [ 91%] Built target turtle_interfaces__rosidl_typesupport_fastrtps_c__pyext
[1.143s] [100%] Built target turtle_interfaces__rosidl_typesupport_c__pyext
[1.144s] [100%] Built target turtle_interfaces__rosidl_typesupport_introspection_c__pyext
[1.182s] Invoked command in '/home/yahboom/ArchDocs/SharedDocs/S24_RobotProgramming_eloquent/Lab3-4/roscourse_ws/build/turtle_interfaces' returned '0': CMAKE_PREFIX_PATH=${CMAKE_PREFIX_PATH}:/home/yahboom/ArchDocs/SharedDocs/S24_RobotProgramming_eloquent/Lab3-4/roscourse_ws/install/webcam:/home/yahboom/ArchDocs/SharedDocs/S24_RobotProgramming_eloquent/Lab3-4/roscourse_ws/install/python_turtle:/home/yahboom/ArchDocs/SharedDocs/S24_RobotProgramming_eloquent/Lab3-4/roscourse_ws/install/teleop_twist_keyboard:/home/yahboom/yahboomcar_ros2_ws/yahboomcar_ws/install/yahboomcar_voice_ctrl:/home/yahboom/yahboomcar_ros2_ws/yahboomcar_ws/install/yahboomcar_visual:/home/yahboom/yahboomcar_ros2_ws/yahboomcar_ws/install/yahboomcar_rviz:/home/yahboom/yahboomcar_ros2_ws/yahboomcar_ws/install/yahboomcar_nav:/home/yahboom/yahboomcar_ros2_ws/yahboomcar_ws/install/yahboomcar_multi:/home/yahboom/yahboomcar_ros2_ws/yahboomcar_ws/install/yahboomcar_mediapipe:/home/yahboom/yahboomcar_ros2_ws/yahboomcar_ws/install/yahboomcar_linefollow:/home/yahboom/yahboomcar_ros2_ws/yahboomcar_ws/install/yahboomcar_laser:/home/yahboom/yahboomcar_ros2_ws/yahboomcar_ws/install/yahboomcar_description_x1:/home/yahboom/yahboomcar_ros2_ws/yahboomcar_ws/install/yahboomcar_description:/home/yahboom/yahboomcar_ros2_ws/yahboomcar_ws/install/yahboomcar_ctrl:/home/yahboom/yahboomcar_ros2_ws/yahboomcar_ws/install/yahboomcar_bringup:/home/yahboom/yahboomcar_ros2_ws/yahboomcar_ws/install/yahboomcar_astra:/home/yahboom/yahboomcar_ros2_ws/yahboomcar_ws/install/robot_pose_publisher:/home/yahboom/yahboomcar_ros2_ws/yahboomcar_ws/install/laserscan_to_point_pulisher:/opt/ros/foxy /usr/bin/cmake --build /home/yahboom/ArchDocs/SharedDocs/S24_RobotProgramming_eloquent/Lab3-4/roscourse_ws/build/turtle_interfaces -- -j8 -l8
[1.599s] Invoking command in '/home/yahboom/ArchDocs/SharedDocs/S24_RobotProgramming_eloquent/Lab3-4/roscourse_ws/build/turtle_interfaces': CMAKE_PREFIX_PATH=${CMAKE_PREFIX_PATH}:/home/yahboom/ArchDocs/SharedDocs/S24_RobotProgramming_eloquent/Lab3-4/roscourse_ws/install/webcam:/home/yahboom/ArchDocs/SharedDocs/S24_RobotProgramming_eloquent/Lab3-4/roscourse_ws/install/python_turtle:/home/yahboom/ArchDocs/SharedDocs/S24_RobotProgramming_eloquent/Lab3-4/roscourse_ws/install/teleop_twist_keyboard:/home/yahboom/yahboomcar_ros2_ws/yahboomcar_ws/install/yahboomcar_voice_ctrl:/home/yahboom/yahboomcar_ros2_ws/yahboomcar_ws/install/yahboomcar_visual:/home/yahboom/yahboomcar_ros2_ws/yahboomcar_ws/install/yahboomcar_rviz:/home/yahboom/yahboomcar_ros2_ws/yahboomcar_ws/install/yahboomcar_nav:/home/yahboom/yahboomcar_ros2_ws/yahboomcar_ws/install/yahboomcar_multi:/home/yahboom/yahboomcar_ros2_ws/yahboomcar_ws/install/yahboomcar_mediapipe:/home/yahboom/yahboomcar_ros2_ws/yahboomcar_ws/install/yahboomcar_linefollow:/home/yahboom/yahboomcar_ros2_ws/yahboomcar_ws/install/yahboomcar_laser:/home/yahboom/yahboomcar_ros2_ws/yahboomcar_ws/install/yahboomcar_description_x1:/home/yahboom/yahboomcar_ros2_ws/yahboomcar_ws/install/yahboomcar_description:/home/yahboom/yahboomcar_ros2_ws/yahboomcar_ws/install/yahboomcar_ctrl:/home/yahboom/yahboomcar_ros2_ws/yahboomcar_ws/install/yahboomcar_bringup:/home/yahboom/yahboomcar_ros2_ws/yahboomcar_ws/install/yahboomcar_astra:/home/yahboom/yahboomcar_ros2_ws/yahboomcar_ws/install/robot_pose_publisher:/home/yahboom/yahboomcar_ros2_ws/yahboomcar_ws/install/laserscan_to_point_pulisher:/opt/ros/foxy /usr/bin/cmake --install /home/yahboom/ArchDocs/SharedDocs/S24_RobotProgramming_eloquent/Lab3-4/roscourse_ws/build/turtle_interfaces
[1.622s] -- Install configuration: ""
[1.626s] -- Up-to-date: /home/yahboom/ArchDocs/SharedDocs/S24_RobotProgramming_eloquent/Lab3-4/roscourse_ws/install/turtle_interfaces/share/ament_index/resource_index/rosidl_interfaces/turtle_interfaces
[1.628s] -- Up-to-date: /home/yahboom/ArchDocs/SharedDocs/S24_RobotProgramming_eloquent/Lab3-4/roscourse_ws/install/turtle_interfaces/include/turtle_interfaces
[1.629s] -- Up-to-date: /home/yahboom/ArchDocs/SharedDocs/S24_RobotProgramming_eloquent/Lab3-4/roscourse_ws/install/turtle_interfaces/include/turtle_interfaces/msg
[1.630s] -- Up-to-date: /home/yahboom/ArchDocs/SharedDocs/S24_RobotProgramming_eloquent/Lab3-4/roscourse_ws/install/turtle_interfaces/include/turtle_interfaces/msg/detail
[1.631s] -- Up-to-date: /home/yahboom/ArchDocs/SharedDocs/S24_RobotProgramming_eloquent/Lab3-4/roscourse_ws/install/turtle_interfaces/include/turtle_interfaces/msg/detail/turtle_msg__type_support.h
[1.634s] -- Up-to-date: /home/yahboom/ArchDocs/SharedDocs/S24_RobotProgramming_eloquent/Lab3-4/roscourse_ws/install/turtle_interfaces/include/turtle_interfaces/msg/detail/turtle_msg__functions.c
[1.636s] -- Up-to-date: /home/yahboom/ArchDocs/SharedDocs/S24_RobotProgramming_eloquent/Lab3-4/roscourse_ws/install/turtle_interfaces/include/turtle_interfaces/msg/detail/turtle_msg__functions.h
[1.636s] -- Up-to-date: /home/yahboom/ArchDocs/SharedDocs/S24_RobotProgramming_eloquent/Lab3-4/roscourse_ws/install/turtle_interfaces/include/turtle_interfaces/msg/detail/turtle_msg__struct.h
[1.637s] -- Up-to-date: /home/yahboom/ArchDocs/SharedDocs/S24_RobotProgramming_eloquent/Lab3-4/roscourse_ws/install/turtle_interfaces/include/turtle_interfaces/msg/rosidl_generator_c__visibility_control.h
[1.638s] -- Up-to-date: /home/yahboom/ArchDocs/SharedDocs/S24_RobotProgramming_eloquent/Lab3-4/roscourse_ws/install/turtle_interfaces/include/turtle_interfaces/msg/turtle_msg.h
[1.639s] -- Up-to-date: /home/yahboom/ArchDocs/SharedDocs/S24_RobotProgramming_eloquent/Lab3-4/roscourse_ws/install/turtle_interfaces/include/turtle_interfaces/srv
[1.640s] -- Up-to-date: /home/yahboom/ArchDocs/SharedDocs/S24_RobotProgramming_eloquent/Lab3-4/roscourse_ws/install/turtle_interfaces/include/turtle_interfaces/srv/detail
[1.640s] -- Up-to-date: /home/yahboom/ArchDocs/SharedDocs/S24_RobotProgramming_eloquent/Lab3-4/roscourse_ws/install/turtle_interfaces/include/turtle_interfaces/srv/detail/set_color__struct.h
[1.641s] -- Up-to-date: /home/yahboom/ArchDocs/SharedDocs/S24_RobotProgramming_eloquent/Lab3-4/roscourse_ws/install/turtle_interfaces/include/turtle_interfaces/srv/detail/set_pose__functions.c
[1.643s] -- Up-to-date: /home/yahboom/ArchDocs/SharedDocs/S24_RobotProgramming_eloquent/Lab3-4/roscourse_ws/install/turtle_interfaces/include/turtle_interfaces/srv/detail/set_pose__type_support.h
[1.645s] -- Up-to-date: /home/yahboom/ArchDocs/SharedDocs/S24_RobotProgramming_eloquent/Lab3-4/roscourse_ws/install/turtle_interfaces/include/turtle_interfaces/srv/detail/set_pose__struct.h
[1.646s] -- Up-to-date: /home/yahboom/ArchDocs/SharedDocs/S24_RobotProgramming_eloquent/Lab3-4/roscourse_ws/install/turtle_interfaces/include/turtle_interfaces/srv/detail/set_color__functions.c
[1.649s] -- Up-to-date: /home/yahboom/ArchDocs/SharedDocs/S24_RobotProgramming_eloquent/Lab3-4/roscourse_ws/install/turtle_interfaces/include/turtle_interfaces/srv/detail/set_color__type_support.h
[1.651s] -- Up-to-date: /home/yahboom/ArchDocs/SharedDocs/S24_RobotProgramming_eloquent/Lab3-4/roscourse_ws/install/turtle_interfaces/include/turtle_interfaces/srv/detail/set_color__functions.h
[1.653s] -- Up-to-date: /home/yahboom/ArchDocs/SharedDocs/S24_RobotProgramming_eloquent/Lab3-4/roscourse_ws/install/turtle_interfaces/include/turtle_interfaces/srv/detail/set_pose__functions.h
[1.656s] -- Up-to-date: /home/yahboom/ArchDocs/SharedDocs/S24_RobotProgramming_eloquent/Lab3-4/roscourse_ws/install/turtle_interfaces/include/turtle_interfaces/srv/set_color.h
[1.656s] -- Up-to-date: /home/yahboom/ArchDocs/SharedDocs/S24_RobotProgramming_eloquent/Lab3-4/roscourse_ws/install/turtle_interfaces/include/turtle_interfaces/srv/set_pose.h
[1.658s] -- Up-to-date: /home/yahboom/ArchDocs/SharedDocs/S24_RobotProgramming_eloquent/Lab3-4/roscourse_ws/install/turtle_interfaces/share/turtle_interfaces/environment/library_path.sh
[1.658s] -- Up-to-date: /home/yahboom/ArchDocs/SharedDocs/S24_RobotProgramming_eloquent/Lab3-4/roscourse_ws/install/turtle_interfaces/share/turtle_interfaces/environment/library_path.dsv
[1.663s] -- Up-to-date: /home/yahboom/ArchDocs/SharedDocs/S24_RobotProgramming_eloquent/Lab3-4/roscourse_ws/install/turtle_interfaces/lib/libturtle_interfaces__rosidl_generator_c.so
[1.666s] -- Up-to-date: /home/yahboom/ArchDocs/SharedDocs/S24_RobotProgramming_eloquent/Lab3-4/roscourse_ws/install/turtle_interfaces/include/turtle_interfaces
[1.669s] -- Up-to-date: /home/yahboom/ArchDocs/SharedDocs/S24_RobotProgramming_eloquent/Lab3-4/roscourse_ws/install/turtle_interfaces/include/turtle_interfaces/msg
[1.671s] -- Up-to-date: /home/yahboom/ArchDocs/SharedDocs/S24_RobotProgramming_eloquent/Lab3-4/roscourse_ws/install/turtle_interfaces/include/turtle_interfaces/msg/rosidl_typesupport_fastrtps_c__visibility_control.h
[1.676s] -- Up-to-date: /home/yahboom/ArchDocs/SharedDocs/S24_RobotProgramming_eloquent/Lab3-4/roscourse_ws/install/turtle_interfaces/include/turtle_interfaces/msg/detail
[1.679s] -- Up-to-date: /home/yahboom/ArchDocs/SharedDocs/S24_RobotProgramming_eloquent/Lab3-4/roscourse_ws/install/turtle_interfaces/include/turtle_interfaces/msg/detail/turtle_msg__rosidl_typesupport_fastrtps_c.h
[1.681s] -- Up-to-date: /home/yahboom/ArchDocs/SharedDocs/S24_RobotProgramming_eloquent/Lab3-4/roscourse_ws/install/turtle_interfaces/include/turtle_interfaces/srv
[1.682s] -- Up-to-date: /home/yahboom/ArchDocs/SharedDocs/S24_RobotProgramming_eloquent/Lab3-4/roscourse_ws/install/turtle_interfaces/include/turtle_interfaces/srv/detail
[1.685s] -- Up-to-date: /home/yahboom/ArchDocs/SharedDocs/S24_RobotProgramming_eloquent/Lab3-4/roscourse_ws/install/turtle_interfaces/include/turtle_interfaces/srv/detail/set_pose__rosidl_typesupport_fastrtps_c.h
[1.687s] -- Up-to-date: /home/yahboom/ArchDocs/SharedDocs/S24_RobotProgramming_eloquent/Lab3-4/roscourse_ws/install/turtle_interfaces/include/turtle_interfaces/srv/detail/set_color__rosidl_typesupport_fastrtps_c.h
[1.689s] -- Up-to-date: /home/yahboom/ArchDocs/SharedDocs/S24_RobotProgramming_eloquent/Lab3-4/roscourse_ws/install/turtle_interfaces/lib/libturtle_interfaces__rosidl_typesupport_fastrtps_c.so
[1.690s] -- Up-to-date: /home/yahboom/ArchDocs/SharedDocs/S24_RobotProgramming_eloquent/Lab3-4/roscourse_ws/install/turtle_interfaces/include/turtle_interfaces
[1.691s] -- Up-to-date: /home/yahboom/ArchDocs/SharedDocs/S24_RobotProgramming_eloquent/Lab3-4/roscourse_ws/install/turtle_interfaces/include/turtle_interfaces/msg
[1.693s] -- Up-to-date: /home/yahboom/ArchDocs/SharedDocs/S24_RobotProgramming_eloquent/Lab3-4/roscourse_ws/install/turtle_interfaces/include/turtle_interfaces/msg/rosidl_typesupport_fastrtps_cpp__visibility_control.h
[1.696s] -- Up-to-date: /home/yahboom/ArchDocs/SharedDocs/S24_RobotProgramming_eloquent/Lab3-4/roscourse_ws/install/turtle_interfaces/include/turtle_interfaces/msg/detail
[1.697s] -- Up-to-date: /home/yahboom/ArchDocs/SharedDocs/S24_RobotProgramming_eloquent/Lab3-4/roscourse_ws/install/turtle_interfaces/include/turtle_interfaces/msg/detail/turtle_msg__rosidl_typesupport_fastrtps_cpp.hpp
[1.698s] -- Up-to-date: /home/yahboom/ArchDocs/SharedDocs/S24_RobotProgramming_eloquent/Lab3-4/roscourse_ws/install/turtle_interfaces/include/turtle_interfaces/msg/detail/dds_fastrtps
[1.700s] -- Up-to-date: /home/yahboom/ArchDocs/SharedDocs/S24_RobotProgramming_eloquent/Lab3-4/roscourse_ws/install/turtle_interfaces/include/turtle_interfaces/srv
[1.703s] -- Up-to-date: /home/yahboom/ArchDocs/SharedDocs/S24_RobotProgramming_eloquent/Lab3-4/roscourse_ws/install/turtle_interfaces/include/turtle_interfaces/srv/detail
[1.705s] -- Up-to-date: /home/yahboom/ArchDocs/SharedDocs/S24_RobotProgramming_eloquent/Lab3-4/roscourse_ws/install/turtle_interfaces/include/turtle_interfaces/srv/detail/set_pose__rosidl_typesupport_fastrtps_cpp.hpp
[1.707s] -- Up-to-date: /home/yahboom/ArchDocs/SharedDocs/S24_RobotProgramming_eloquent/Lab3-4/roscourse_ws/install/turtle_interfaces/include/turtle_interfaces/srv/detail/set_color__rosidl_typesupport_fastrtps_cpp.hpp
[1.711s] -- Up-to-date: /home/yahboom/ArchDocs/SharedDocs/S24_RobotProgramming_eloquent/Lab3-4/roscourse_ws/install/turtle_interfaces/include/turtle_interfaces/srv/detail/dds_fastrtps
[1.711s] -- Up-to-date: /home/yahboom/ArchDocs/SharedDocs/S24_RobotProgramming_eloquent/Lab3-4/roscourse_ws/install/turtle_interfaces/lib/libturtle_interfaces__rosidl_typesupport_fastrtps_cpp.so
[1.713s] -- Up-to-date: /home/yahboom/ArchDocs/SharedDocs/S24_RobotProgramming_eloquent/Lab3-4/roscourse_ws/install/turtle_interfaces/include/turtle_interfaces
[1.716s] -- Up-to-date: /home/yahboom/ArchDocs/SharedDocs/S24_RobotProgramming_eloquent/Lab3-4/roscourse_ws/install/turtle_interfaces/include/turtle_interfaces/msg
[1.717s] -- Up-to-date: /home/yahboom/ArchDocs/SharedDocs/S24_RobotProgramming_eloquent/Lab3-4/roscourse_ws/install/turtle_interfaces/include/turtle_interfaces/msg/rosidl_typesupport_introspection_c__visibility_control.h
[1.717s] -- Up-to-date: /home/yahboom/ArchDocs/SharedDocs/S24_RobotProgramming_eloquent/Lab3-4/roscourse_ws/install/turtle_interfaces/include/turtle_interfaces/msg/detail
[1.718s] -- Up-to-date: /home/yahboom/ArchDocs/SharedDocs/S24_RobotProgramming_eloquent/Lab3-4/roscourse_ws/install/turtle_interfaces/include/turtle_interfaces/msg/detail/turtle_msg__rosidl_typesupport_introspection_c.h
[1.720s] -- Up-to-date: /home/yahboom/ArchDocs/SharedDocs/S24_RobotProgramming_eloquent/Lab3-4/roscourse_ws/install/turtle_interfaces/include/turtle_interfaces/msg/detail/turtle_msg__type_support.c
[1.721s] -- Up-to-date: /home/yahboom/ArchDocs/SharedDocs/S24_RobotProgramming_eloquent/Lab3-4/roscourse_ws/install/turtle_interfaces/include/turtle_interfaces/srv
[1.724s] -- Up-to-date: /home/yahboom/ArchDocs/SharedDocs/S24_RobotProgramming_eloquent/Lab3-4/roscourse_ws/install/turtle_interfaces/include/turtle_interfaces/srv/detail
[1.728s] -- Up-to-date: /home/yahboom/ArchDocs/SharedDocs/S24_RobotProgramming_eloquent/Lab3-4/roscourse_ws/install/turtle_interfaces/include/turtle_interfaces/srv/detail/set_pose__rosidl_typesupport_introspection_c.h
[1.731s] -- Up-to-date: /home/yahboom/ArchDocs/SharedDocs/S24_RobotProgramming_eloquent/Lab3-4/roscourse_ws/install/turtle_interfaces/include/turtle_interfaces/srv/detail/set_color__type_support.c
[1.734s] -- Up-to-date: /home/yahboom/ArchDocs/SharedDocs/S24_RobotProgramming_eloquent/Lab3-4/roscourse_ws/install/turtle_interfaces/include/turtle_interfaces/srv/detail/set_color__rosidl_typesupport_introspection_c.h
[1.738s] -- Up-to-date: /home/yahboom/ArchDocs/SharedDocs/S24_RobotProgramming_eloquent/Lab3-4/roscourse_ws/install/turtle_interfaces/include/turtle_interfaces/srv/detail/set_pose__type_support.c
[1.741s] -- Up-to-date: /home/yahboom/ArchDocs/SharedDocs/S24_RobotProgramming_eloquent/Lab3-4/roscourse_ws/install/turtle_interfaces/lib/libturtle_interfaces__rosidl_typesupport_introspection_c.so
[1.742s] -- Up-to-date: /home/yahboom/ArchDocs/SharedDocs/S24_RobotProgramming_eloquent/Lab3-4/roscourse_ws/install/turtle_interfaces/lib/libturtle_interfaces__rosidl_typesupport_c.so
[1.745s] -- Up-to-date: /home/yahboom/ArchDocs/SharedDocs/S24_RobotProgramming_eloquent/Lab3-4/roscourse_ws/install/turtle_interfaces/include/turtle_interfaces
[1.745s] -- Up-to-date: /home/yahboom/ArchDocs/SharedDocs/S24_RobotProgramming_eloquent/Lab3-4/roscourse_ws/install/turtle_interfaces/include/turtle_interfaces/msg
[1.747s] -- Up-to-date: /home/yahboom/ArchDocs/SharedDocs/S24_RobotProgramming_eloquent/Lab3-4/roscourse_ws/install/turtle_interfaces/include/turtle_interfaces/msg/turtle_msg.hpp
[1.753s] -- Up-to-date: /home/yahboom/ArchDocs/SharedDocs/S24_RobotProgramming_eloquent/Lab3-4/roscourse_ws/install/turtle_interfaces/include/turtle_interfaces/msg/detail
[1.754s] -- Up-to-date: /home/yahboom/ArchDocs/SharedDocs/S24_RobotProgramming_eloquent/Lab3-4/roscourse_ws/install/turtle_interfaces/include/turtle_interfaces/msg/detail/turtle_msg__builder.hpp
[1.755s] -- Up-to-date: /home/yahboom/ArchDocs/SharedDocs/S24_RobotProgramming_eloquent/Lab3-4/roscourse_ws/install/turtle_interfaces/include/turtle_interfaces/msg/detail/turtle_msg__traits.hpp
[1.756s] -- Up-to-date: /home/yahboom/ArchDocs/SharedDocs/S24_RobotProgramming_eloquent/Lab3-4/roscourse_ws/install/turtle_interfaces/include/turtle_interfaces/msg/detail/turtle_msg__struct.hpp
[1.756s] -- Up-to-date: /home/yahboom/ArchDocs/SharedDocs/S24_RobotProgramming_eloquent/Lab3-4/roscourse_ws/install/turtle_interfaces/include/turtle_interfaces/srv
[1.757s] -- Up-to-date: /home/yahboom/ArchDocs/SharedDocs/S24_RobotProgramming_eloquent/Lab3-4/roscourse_ws/install/turtle_interfaces/include/turtle_interfaces/srv/set_color.hpp
[1.758s] -- Up-to-date: /home/yahboom/ArchDocs/SharedDocs/S24_RobotProgramming_eloquent/Lab3-4/roscourse_ws/install/turtle_interfaces/include/turtle_interfaces/srv/detail
[1.759s] -- Up-to-date: /home/yahboom/ArchDocs/SharedDocs/S24_RobotProgramming_eloquent/Lab3-4/roscourse_ws/install/turtle_interfaces/include/turtle_interfaces/srv/detail/set_color__traits.hpp
[1.759s] -- Up-to-date: /home/yahboom/ArchDocs/SharedDocs/S24_RobotProgramming_eloquent/Lab3-4/roscourse_ws/install/turtle_interfaces/include/turtle_interfaces/srv/detail/set_color__builder.hpp
[1.761s] -- Up-to-date: /home/yahboom/ArchDocs/SharedDocs/S24_RobotProgramming_eloquent/Lab3-4/roscourse_ws/install/turtle_interfaces/include/turtle_interfaces/srv/detail/set_pose__struct.hpp
[1.763s] -- Up-to-date: /home/yahboom/ArchDocs/SharedDocs/S24_RobotProgramming_eloquent/Lab3-4/roscourse_ws/install/turtle_interfaces/include/turtle_interfaces/srv/detail/set_pose__traits.hpp
[1.765s] -- Up-to-date: /home/yahboom/ArchDocs/SharedDocs/S24_RobotProgramming_eloquent/Lab3-4/roscourse_ws/install/turtle_interfaces/include/turtle_interfaces/srv/detail/set_pose__builder.hpp
[1.765s] -- Up-to-date: /home/yahboom/ArchDocs/SharedDocs/S24_RobotProgramming_eloquent/Lab3-4/roscourse_ws/install/turtle_interfaces/include/turtle_interfaces/srv/detail/set_color__struct.hpp
[1.766s] -- Up-to-date: /home/yahboom/ArchDocs/SharedDocs/S24_RobotProgramming_eloquent/Lab3-4/roscourse_ws/install/turtle_interfaces/include/turtle_interfaces/srv/set_pose.hpp
[1.766s] -- Up-to-date: /home/yahboom/ArchDocs/SharedDocs/S24_RobotProgramming_eloquent/Lab3-4/roscourse_ws/install/turtle_interfaces/include/turtle_interfaces
[1.767s] -- Up-to-date: /home/yahboom/ArchDocs/SharedDocs/S24_RobotProgramming_eloquent/Lab3-4/roscourse_ws/install/turtle_interfaces/include/turtle_interfaces/msg
[1.767s] -- Up-to-date: /home/yahboom/ArchDocs/SharedDocs/S24_RobotProgramming_eloquent/Lab3-4/roscourse_ws/install/turtle_interfaces/include/turtle_interfaces/msg/detail
[1.768s] -- Up-to-date: /home/yahboom/ArchDocs/SharedDocs/S24_RobotProgramming_eloquent/Lab3-4/roscourse_ws/install/turtle_interfaces/include/turtle_interfaces/msg/detail/turtle_msg__type_support.cpp
[1.768s] -- Up-to-date: /home/yahboom/ArchDocs/SharedDocs/S24_RobotProgramming_eloquent/Lab3-4/roscourse_ws/install/turtle_interfaces/include/turtle_interfaces/msg/detail/turtle_msg__rosidl_typesupport_introspection_cpp.hpp
[1.769s] -- Up-to-date: /home/yahboom/ArchDocs/SharedDocs/S24_RobotProgramming_eloquent/Lab3-4/roscourse_ws/install/turtle_interfaces/include/turtle_interfaces/srv
[1.769s] -- Up-to-date: /home/yahboom/ArchDocs/SharedDocs/S24_RobotProgramming_eloquent/Lab3-4/roscourse_ws/install/turtle_interfaces/include/turtle_interfaces/srv/detail
[1.775s] -- Up-to-date: /home/yahboom/ArchDocs/SharedDocs/S24_RobotProgramming_eloquent/Lab3-4/roscourse_ws/install/turtle_interfaces/include/turtle_interfaces/srv/detail/set_color__rosidl_typesupport_introspection_cpp.hpp
[1.775s] -- Up-to-date: /home/yahboom/ArchDocs/SharedDocs/S24_RobotProgramming_eloquent/Lab3-4/roscourse_ws/install/turtle_interfaces/include/turtle_interfaces/srv/detail/set_pose__type_support.cpp
[1.776s] -- Up-to-date: /home/yahboom/ArchDocs/SharedDocs/S24_RobotProgramming_eloquent/Lab3-4/roscourse_ws/install/turtle_interfaces/include/turtle_interfaces/srv/detail/set_pose__rosidl_typesupport_introspection_cpp.hpp
[1.777s] -- Up-to-date: /home/yahboom/ArchDocs/SharedDocs/S24_RobotProgramming_eloquent/Lab3-4/roscourse_ws/install/turtle_interfaces/include/turtle_interfaces/srv/detail/set_color__type_support.cpp
[1.777s] -- Up-to-date: /home/yahboom/ArchDocs/SharedDocs/S24_RobotProgramming_eloquent/Lab3-4/roscourse_ws/install/turtle_interfaces/lib/libturtle_interfaces__rosidl_typesupport_introspection_cpp.so
[1.778s] -- Up-to-date: /home/yahboom/ArchDocs/SharedDocs/S24_RobotProgramming_eloquent/Lab3-4/roscourse_ws/install/turtle_interfaces/lib/libturtle_interfaces__rosidl_typesupport_cpp.so
[1.778s] -- Up-to-date: /home/yahboom/ArchDocs/SharedDocs/S24_RobotProgramming_eloquent/Lab3-4/roscourse_ws/install/turtle_interfaces/share/turtle_interfaces/environment/pythonpath.sh
[1.779s] -- Up-to-date: /home/yahboom/ArchDocs/SharedDocs/S24_RobotProgramming_eloquent/Lab3-4/roscourse_ws/install/turtle_interfaces/share/turtle_interfaces/environment/pythonpath.dsv
[1.779s] -- Up-to-date: /home/yahboom/ArchDocs/SharedDocs/S24_RobotProgramming_eloquent/Lab3-4/roscourse_ws/install/turtle_interfaces/lib/python3.8/site-packages/turtle_interfaces/__init__.py
[1.817s] -- Up-to-date: /home/yahboom/ArchDocs/SharedDocs/S24_RobotProgramming_eloquent/Lab3-4/roscourse_ws/install/turtle_interfaces/lib/python3.8/site-packages/turtle_interfaces/msg
[1.818s] -- Up-to-date: /home/yahboom/ArchDocs/SharedDocs/S24_RobotProgramming_eloquent/Lab3-4/roscourse_ws/install/turtle_interfaces/lib/python3.8/site-packages/turtle_interfaces/msg/_turtle_msg_s.c
[1.819s] -- Up-to-date: /home/yahboom/ArchDocs/SharedDocs/S24_RobotProgramming_eloquent/Lab3-4/roscourse_ws/install/turtle_interfaces/lib/python3.8/site-packages/turtle_interfaces/msg/__init__.py
[1.821s] -- Up-to-date: /home/yahboom/ArchDocs/SharedDocs/S24_RobotProgramming_eloquent/Lab3-4/roscourse_ws/install/turtle_interfaces/lib/python3.8/site-packages/turtle_interfaces/msg/_turtle_msg.py
[1.823s] -- Up-to-date: /home/yahboom/ArchDocs/SharedDocs/S24_RobotProgramming_eloquent/Lab3-4/roscourse_ws/install/turtle_interfaces/lib/python3.8/site-packages/turtle_interfaces/srv
[1.824s] -- Up-to-date: /home/yahboom/ArchDocs/SharedDocs/S24_RobotProgramming_eloquent/Lab3-4/roscourse_ws/install/turtle_interfaces/lib/python3.8/site-packages/turtle_interfaces/srv/_set_pose_s.c
[1.825s] -- Up-to-date: /home/yahboom/ArchDocs/SharedDocs/S24_RobotProgramming_eloquent/Lab3-4/roscourse_ws/install/turtle_interfaces/lib/python3.8/site-packages/turtle_interfaces/srv/_set_color.py
[1.826s] -- Up-to-date: /home/yahboom/ArchDocs/SharedDocs/S24_RobotProgramming_eloquent/Lab3-4/roscourse_ws/install/turtle_interfaces/lib/python3.8/site-packages/turtle_interfaces/srv/_set_color_s.c
[1.826s] -- Up-to-date: /home/yahboom/ArchDocs/SharedDocs/S24_RobotProgramming_eloquent/Lab3-4/roscourse_ws/install/turtle_interfaces/lib/python3.8/site-packages/turtle_interfaces/srv/__init__.py
[1.827s] -- Up-to-date: /home/yahboom/ArchDocs/SharedDocs/S24_RobotProgramming_eloquent/Lab3-4/roscourse_ws/install/turtle_interfaces/lib/python3.8/site-packages/turtle_interfaces/srv/_set_pose.py
[1.828s] -- Up-to-date: /home/yahboom/ArchDocs/SharedDocs/S24_RobotProgramming_eloquent/Lab3-4/roscourse_ws/install/turtle_interfaces/lib/python3.8/site-packages/turtle_interfaces/turtle_interfaces_s__rosidl_typesupport_fastrtps_c.cpython-38-x86_64-linux-gnu.so
[1.830s] -- Up-to-date: /home/yahboom/ArchDocs/SharedDocs/S24_RobotProgramming_eloquent/Lab3-4/roscourse_ws/install/turtle_interfaces/lib/python3.8/site-packages/turtle_interfaces/turtle_interfaces_s__rosidl_typesupport_introspection_c.cpython-38-x86_64-linux-gnu.so
[1.832s] -- Up-to-date: /home/yahboom/ArchDocs/SharedDocs/S24_RobotProgramming_eloquent/Lab3-4/roscourse_ws/install/turtle_interfaces/lib/python3.8/site-packages/turtle_interfaces/turtle_interfaces_s__rosidl_typesupport_c.cpython-38-x86_64-linux-gnu.so
[1.835s] -- Up-to-date: /home/yahboom/ArchDocs/SharedDocs/S24_RobotProgramming_eloquent/Lab3-4/roscourse_ws/install/turtle_interfaces/lib/libturtle_interfaces__python.so
[1.844s] -- Up-to-date: /home/yahboom/ArchDocs/SharedDocs/S24_RobotProgramming_eloquent/Lab3-4/roscourse_ws/install/turtle_interfaces/share/turtle_interfaces/msg/TurtleMsg.idl
[1.845s] -- Up-to-date: /home/yahboom/ArchDocs/SharedDocs/S24_RobotProgramming_eloquent/Lab3-4/roscourse_ws/install/turtle_interfaces/share/turtle_interfaces/srv/SetPose.idl
[1.845s] -- Up-to-date: /home/yahboom/ArchDocs/SharedDocs/S24_RobotProgramming_eloquent/Lab3-4/roscourse_ws/install/turtle_interfaces/share/turtle_interfaces/srv/SetColor.idl
[1.846s] -- Up-to-date: /home/yahboom/ArchDocs/SharedDocs/S24_RobotProgramming_eloquent/Lab3-4/roscourse_ws/install/turtle_interfaces/share/turtle_interfaces/msg/TurtleMsg.msg
[1.847s] -- Up-to-date: /home/yahboom/ArchDocs/SharedDocs/S24_RobotProgramming_eloquent/Lab3-4/roscourse_ws/install/turtle_interfaces/share/turtle_interfaces/srv/SetPose.srv
[1.848s] -- Up-to-date: /home/yahboom/ArchDocs/SharedDocs/S24_RobotProgramming_eloquent/Lab3-4/roscourse_ws/install/turtle_interfaces/share/turtle_interfaces/srv/SetPose_Request.msg
[1.849s] -- Up-to-date: /home/yahboom/ArchDocs/SharedDocs/S24_RobotProgramming_eloquent/Lab3-4/roscourse_ws/install/turtle_interfaces/share/turtle_interfaces/srv/SetPose_Response.msg
[1.849s] -- Up-to-date: /home/yahboom/ArchDocs/SharedDocs/S24_RobotProgramming_eloquent/Lab3-4/roscourse_ws/install/turtle_interfaces/share/turtle_interfaces/srv/SetColor.srv
[1.850s] -- Up-to-date: /home/yahboom/ArchDocs/SharedDocs/S24_RobotProgramming_eloquent/Lab3-4/roscourse_ws/install/turtle_interfaces/share/turtle_interfaces/srv/SetColor_Request.msg
[1.851s] -- Up-to-date: /home/yahboom/ArchDocs/SharedDocs/S24_RobotProgramming_eloquent/Lab3-4/roscourse_ws/install/turtle_interfaces/share/turtle_interfaces/srv/SetColor_Response.msg
[1.852s] -- Up-to-date: /home/yahboom/ArchDocs/SharedDocs/S24_RobotProgramming_eloquent/Lab3-4/roscourse_ws/install/turtle_interfaces/share/ament_index/resource_index/package_run_dependencies/turtle_interfaces
[1.853s] -- Up-to-date: /home/yahboom/ArchDocs/SharedDocs/S24_RobotProgramming_eloquent/Lab3-4/roscourse_ws/install/turtle_interfaces/share/ament_index/resource_index/parent_prefix_path/turtle_interfaces
[1.853s] -- Up-to-date: /home/yahboom/ArchDocs/SharedDocs/S24_RobotProgramming_eloquent/Lab3-4/roscourse_ws/install/turtle_interfaces/share/turtle_interfaces/environment/ament_prefix_path.sh
[1.854s] -- Up-to-date: /home/yahboom/ArchDocs/SharedDocs/S24_RobotProgramming_eloquent/Lab3-4/roscourse_ws/install/turtle_interfaces/share/turtle_interfaces/environment/ament_prefix_path.dsv
[1.855s] -- Up-to-date: /home/yahboom/ArchDocs/SharedDocs/S24_RobotProgramming_eloquent/Lab3-4/roscourse_ws/install/turtle_interfaces/share/turtle_interfaces/environment/path.sh
[1.856s] -- Up-to-date: /home/yahboom/ArchDocs/SharedDocs/S24_RobotProgramming_eloquent/Lab3-4/roscourse_ws/install/turtle_interfaces/share/turtle_interfaces/environment/path.dsv
[1.857s] -- Up-to-date: /home/yahboom/ArchDocs/SharedDocs/S24_RobotProgramming_eloquent/Lab3-4/roscourse_ws/install/turtle_interfaces/share/turtle_interfaces/local_setup.bash
[1.858s] -- Up-to-date: /home/yahboom/ArchDocs/SharedDocs/S24_RobotProgramming_eloquent/Lab3-4/roscourse_ws/install/turtle_interfaces/share/turtle_interfaces/local_setup.sh
[1.858s] -- Up-to-date: /home/yahboom/ArchDocs/SharedDocs/S24_RobotProgramming_eloquent/Lab3-4/roscourse_ws/install/turtle_interfaces/share/turtle_interfaces/local_setup.zsh
[1.859s] -- Up-to-date: /home/yahboom/ArchDocs/SharedDocs/S24_RobotProgramming_eloquent/Lab3-4/roscourse_ws/install/turtle_interfaces/share/turtle_interfaces/local_setup.dsv
[1.860s] -- Installing: /home/yahboom/ArchDocs/SharedDocs/S24_RobotProgramming_eloquent/Lab3-4/roscourse_ws/install/turtle_interfaces/share/turtle_interfaces/package.dsv
[1.863s] -- Up-to-date: /home/yahboom/ArchDocs/SharedDocs/S24_RobotProgramming_eloquent/Lab3-4/roscourse_ws/install/turtle_interfaces/share/ament_index/resource_index/packages/turtle_interfaces
[1.865s] -- Up-to-date: /home/yahboom/ArchDocs/SharedDocs/S24_RobotProgramming_eloquent/Lab3-4/roscourse_ws/install/turtle_interfaces/share/turtle_interfaces/cmake/turtle_interfaces__rosidl_generator_cExport.cmake
[1.867s] -- Up-to-date: /home/yahboom/ArchDocs/SharedDocs/S24_RobotProgramming_eloquent/Lab3-4/roscourse_ws/install/turtle_interfaces/share/turtle_interfaces/cmake/turtle_interfaces__rosidl_generator_cExport-noconfig.cmake
[1.868s] -- Up-to-date: /home/yahboom/ArchDocs/SharedDocs/S24_RobotProgramming_eloquent/Lab3-4/roscourse_ws/install/turtle_interfaces/share/turtle_interfaces/cmake/turtle_interfaces__rosidl_typesupport_introspection_cExport.cmake
[1.869s] -- Up-to-date: /home/yahboom/ArchDocs/SharedDocs/S24_RobotProgramming_eloquent/Lab3-4/roscourse_ws/install/turtle_interfaces/share/turtle_interfaces/cmake/turtle_interfaces__rosidl_typesupport_introspection_cExport-noconfig.cmake
[1.870s] -- Up-to-date: /home/yahboom/ArchDocs/SharedDocs/S24_RobotProgramming_eloquent/Lab3-4/roscourse_ws/install/turtle_interfaces/share/turtle_interfaces/cmake/turtle_interfaces__rosidl_typesupport_cExport.cmake
[1.871s] -- Up-to-date: /home/yahboom/ArchDocs/SharedDocs/S24_RobotProgramming_eloquent/Lab3-4/roscourse_ws/install/turtle_interfaces/share/turtle_interfaces/cmake/turtle_interfaces__rosidl_typesupport_cExport-noconfig.cmake
[1.872s] -- Up-to-date: /home/yahboom/ArchDocs/SharedDocs/S24_RobotProgramming_eloquent/Lab3-4/roscourse_ws/install/turtle_interfaces/share/turtle_interfaces/cmake/turtle_interfaces__rosidl_generator_cppExport.cmake
[1.874s] -- Up-to-date: /home/yahboom/ArchDocs/SharedDocs/S24_RobotProgramming_eloquent/Lab3-4/roscourse_ws/install/turtle_interfaces/share/turtle_interfaces/cmake/turtle_interfaces__rosidl_typesupport_introspection_cppExport.cmake
[1.875s] -- Up-to-date: /home/yahboom/ArchDocs/SharedDocs/S24_RobotProgramming_eloquent/Lab3-4/roscourse_ws/install/turtle_interfaces/share/turtle_interfaces/cmake/turtle_interfaces__rosidl_typesupport_introspection_cppExport-noconfig.cmake
[1.876s] -- Up-to-date: /home/yahboom/ArchDocs/SharedDocs/S24_RobotProgramming_eloquent/Lab3-4/roscourse_ws/install/turtle_interfaces/share/turtle_interfaces/cmake/turtle_interfaces__rosidl_typesupport_cppExport.cmake
[1.877s] -- Up-to-date: /home/yahboom/ArchDocs/SharedDocs/S24_RobotProgramming_eloquent/Lab3-4/roscourse_ws/install/turtle_interfaces/share/turtle_interfaces/cmake/turtle_interfaces__rosidl_typesupport_cppExport-noconfig.cmake
[1.878s] -- Up-to-date: /home/yahboom/ArchDocs/SharedDocs/S24_RobotProgramming_eloquent/Lab3-4/roscourse_ws/install/turtle_interfaces/share/turtle_interfaces/cmake/rosidl_cmake-extras.cmake
[1.879s] -- Up-to-date: /home/yahboom/ArchDocs/SharedDocs/S24_RobotProgramming_eloquent/Lab3-4/roscourse_ws/install/turtle_interfaces/share/turtle_interfaces/cmake/ament_cmake_export_dependencies-extras.cmake
[1.879s] -- Up-to-date: /home/yahboom/ArchDocs/SharedDocs/S24_RobotProgramming_eloquent/Lab3-4/roscourse_ws/install/turtle_interfaces/share/turtle_interfaces/cmake/ament_cmake_export_libraries-extras.cmake
[1.880s] -- Up-to-date: /home/yahboom/ArchDocs/SharedDocs/S24_RobotProgramming_eloquent/Lab3-4/roscourse_ws/install/turtle_interfaces/share/turtle_interfaces/cmake/ament_cmake_export_targets-extras.cmake
[1.881s] -- Up-to-date: /home/yahboom/ArchDocs/SharedDocs/S24_RobotProgramming_eloquent/Lab3-4/roscourse_ws/install/turtle_interfaces/share/turtle_interfaces/cmake/ament_cmake_export_include_directories-extras.cmake
[1.882s] -- Up-to-date: /home/yahboom/ArchDocs/SharedDocs/S24_RobotProgramming_eloquent/Lab3-4/roscourse_ws/install/turtle_interfaces/share/turtle_interfaces/cmake/rosidl_cmake_export_typesupport_libraries-extras.cmake
[1.883s] -- Up-to-date: /home/yahboom/ArchDocs/SharedDocs/S24_RobotProgramming_eloquent/Lab3-4/roscourse_ws/install/turtle_interfaces/share/turtle_interfaces/cmake/rosidl_cmake_export_typesupport_targets-extras.cmake
[1.883s] -- Up-to-date: /home/yahboom/ArchDocs/SharedDocs/S24_RobotProgramming_eloquent/Lab3-4/roscourse_ws/install/turtle_interfaces/share/turtle_interfaces/cmake/turtle_interfacesConfig.cmake
[1.884s] -- Up-to-date: /home/yahboom/ArchDocs/SharedDocs/S24_RobotProgramming_eloquent/Lab3-4/roscourse_ws/install/turtle_interfaces/share/turtle_interfaces/cmake/turtle_interfacesConfig-version.cmake
[1.885s] -- Up-to-date: /home/yahboom/ArchDocs/SharedDocs/S24_RobotProgramming_eloquent/Lab3-4/roscourse_ws/install/turtle_interfaces/share/turtle_interfaces/package.xml
[1.890s] Invoked command in '/home/yahboom/ArchDocs/SharedDocs/S24_RobotProgramming_eloquent/Lab3-4/roscourse_ws/build/turtle_interfaces' returned '0': CMAKE_PREFIX_PATH=${CMAKE_PREFIX_PATH}:/home/yahboom/ArchDocs/SharedDocs/S24_RobotProgramming_eloquent/Lab3-4/roscourse_ws/install/webcam:/home/yahboom/ArchDocs/SharedDocs/S24_RobotProgramming_eloquent/Lab3-4/roscourse_ws/install/python_turtle:/home/yahboom/ArchDocs/SharedDocs/S24_RobotProgramming_eloquent/Lab3-4/roscourse_ws/install/teleop_twist_keyboard:/home/yahboom/yahboomcar_ros2_ws/yahboomcar_ws/install/yahboomcar_voice_ctrl:/home/yahboom/yahboomcar_ros2_ws/yahboomcar_ws/install/yahboomcar_visual:/home/yahboom/yahboomcar_ros2_ws/yahboomcar_ws/install/yahboomcar_rviz:/home/yahboom/yahboomcar_ros2_ws/yahboomcar_ws/install/yahboomcar_nav:/home/yahboom/yahboomcar_ros2_ws/yahboomcar_ws/install/yahboomcar_multi:/home/yahboom/yahboomcar_ros2_ws/yahboomcar_ws/install/yahboomcar_mediapipe:/home/yahboom/yahboomcar_ros2_ws/yahboomcar_ws/install/yahboomcar_linefollow:/home/yahboom/yahboomcar_ros2_ws/yahboomcar_ws/install/yahboomcar_laser:/home/yahboom/yahboomcar_ros2_ws/yahboomcar_ws/install/yahboomcar_description_x1:/home/yahboom/yahboomcar_ros2_ws/yahboomcar_ws/install/yahboomcar_description:/home/yahboom/yahboomcar_ros2_ws/yahboomcar_ws/install/yahboomcar_ctrl:/home/yahboom/yahboomcar_ros2_ws/yahboomcar_ws/install/yahboomcar_bringup:/home/yahboom/yahboomcar_ros2_ws/yahboomcar_ws/install/yahboomcar_astra:/home/yahboom/yahboomcar_ros2_ws/yahboomcar_ws/install/robot_pose_publisher:/home/yahboom/yahboomcar_ros2_ws/yahboomcar_ws/install/laserscan_to_point_pulisher:/opt/ros/foxy /usr/bin/cmake --install /home/yahboom/ArchDocs/SharedDocs/S24_RobotProgramming_eloquent/Lab3-4/roscourse_ws/build/turtle_interfaces
