[0.942s] Invoking command in '/home/yahboom/S24_RobotProgramming_Master/S24_RobotProgramming_eloquent/project_ws/src/draw_shape': AMENT_PREFIX_PATH=/home/yahboom/S24_RobotProgramming_Master/S24_RobotProgramming_eloquent/project_ws/install/draw_shape_interfaces:${AMENT_PREFIX_PATH} CMAKE_PREFIX_PATH=/home/yahboom/S24_RobotProgramming_Master/S24_RobotProgramming_eloquent/project_ws/install/draw_shape_interfaces:${CMAKE_PREFIX_PATH} LD_LIBRARY_PATH=/home/yahboom/S24_RobotProgramming_Master/S24_RobotProgramming_eloquent/project_ws/install/draw_shape_interfaces/lib:${LD_LIBRARY_PATH} PYTHONPATH=/home/yahboom/S24_RobotProgramming_Master/S24_RobotProgramming_eloquent/project_ws/build/draw_shape/prefix_override:/home/yahboom/S24_RobotProgramming_Master/S24_RobotProgramming_eloquent/project_ws/install/draw_shape/lib/python3.8/site-packages:/home/yahboom/S24_RobotProgramming_Master/S24_RobotProgramming_eloquent/project_ws/install/draw_shape_interfaces/lib/python3.8/site-packages:${PYTHONPATH} /usr/bin/python3 setup.py egg_info --egg-base ../../build/draw_shape build --build-base /home/yahboom/S24_RobotProgramming_Master/S24_RobotProgramming_eloquent/project_ws/build/draw_shape/build install --record /home/yahboom/S24_RobotProgramming_Master/S24_RobotProgramming_eloquent/project_ws/build/draw_shape/install.log --install-scripts $base/lib/draw_shape --single-version-externally-managed
[1.191s] running egg_info
[1.192s] writing ../../build/draw_shape/draw_shape.egg-info/PKG-INFO
[1.192s] writing dependency_links to ../../build/draw_shape/draw_shape.egg-info/dependency_links.txt
[1.192s] writing entry points to ../../build/draw_shape/draw_shape.egg-info/entry_points.txt
[1.193s] writing requirements to ../../build/draw_shape/draw_shape.egg-info/requires.txt
[1.193s] writing top-level names to ../../build/draw_shape/draw_shape.egg-info/top_level.txt
[1.226s] reading manifest file '../../build/draw_shape/draw_shape.egg-info/SOURCES.txt'
[1.227s] writing manifest file '../../build/draw_shape/draw_shape.egg-info/SOURCES.txt'
[1.227s] running build
[1.227s] running build_py
[1.227s] copying draw_shape/go_to_point_server.py -> /home/yahboom/S24_RobotProgramming_Master/S24_RobotProgramming_eloquent/project_ws/build/draw_shape/build/lib/draw_shape
[1.228s] running install
[1.229s] running install_lib
[1.230s] copying /home/yahboom/S24_RobotProgramming_Master/S24_RobotProgramming_eloquent/project_ws/build/draw_shape/build/lib/draw_shape/go_to_point_server.py -> /home/yahboom/S24_RobotProgramming_Master/S24_RobotProgramming_eloquent/project_ws/install/draw_shape/lib/python3.8/site-packages/draw_shape
[1.230s] byte-compiling /home/yahboom/S24_RobotProgramming_Master/S24_RobotProgramming_eloquent/project_ws/install/draw_shape/lib/python3.8/site-packages/draw_shape/go_to_point_server.py to go_to_point_server.cpython-38.pyc
[1.232s] running install_data
[1.233s] running install_egg_info
[1.235s] removing '/home/yahboom/S24_RobotProgramming_Master/S24_RobotProgramming_eloquent/project_ws/install/draw_shape/lib/python3.8/site-packages/draw_shape-0.0.0-py3.8.egg-info' (and everything under it)
[1.235s] Copying ../../build/draw_shape/draw_shape.egg-info to /home/yahboom/S24_RobotProgramming_Master/S24_RobotProgramming_eloquent/project_ws/install/draw_shape/lib/python3.8/site-packages/draw_shape-0.0.0-py3.8.egg-info
[1.236s] running install_scripts
[1.254s] Installing go_to_point script to /home/yahboom/S24_RobotProgramming_Master/S24_RobotProgramming_eloquent/project_ws/install/draw_shape/lib/draw_shape
[1.254s] Installing shape_sub script to /home/yahboom/S24_RobotProgramming_Master/S24_RobotProgramming_eloquent/project_ws/install/draw_shape/lib/draw_shape
[1.254s] writing list of installed files to '/home/yahboom/S24_RobotProgramming_Master/S24_RobotProgramming_eloquent/project_ws/build/draw_shape/install.log'
[1.279s] Invoked command in '/home/yahboom/S24_RobotProgramming_Master/S24_RobotProgramming_eloquent/project_ws/src/draw_shape' returned '0': AMENT_PREFIX_PATH=/home/yahboom/S24_RobotProgramming_Master/S24_RobotProgramming_eloquent/project_ws/install/draw_shape_interfaces:${AMENT_PREFIX_PATH} CMAKE_PREFIX_PATH=/home/yahboom/S24_RobotProgramming_Master/S24_RobotProgramming_eloquent/project_ws/install/draw_shape_interfaces:${CMAKE_PREFIX_PATH} LD_LIBRARY_PATH=/home/yahboom/S24_RobotProgramming_Master/S24_RobotProgramming_eloquent/project_ws/install/draw_shape_interfaces/lib:${LD_LIBRARY_PATH} PYTHONPATH=/home/yahboom/S24_RobotProgramming_Master/S24_RobotProgramming_eloquent/project_ws/build/draw_shape/prefix_override:/home/yahboom/S24_RobotProgramming_Master/S24_RobotProgramming_eloquent/project_ws/install/draw_shape/lib/python3.8/site-packages:/home/yahboom/S24_RobotProgramming_Master/S24_RobotProgramming_eloquent/project_ws/install/draw_shape_interfaces/lib/python3.8/site-packages:${PYTHONPATH} /usr/bin/python3 setup.py egg_info --egg-base ../../build/draw_shape build --build-base /home/yahboom/S24_RobotProgramming_Master/S24_RobotProgramming_eloquent/project_ws/build/draw_shape/build install --record /home/yahboom/S24_RobotProgramming_Master/S24_RobotProgramming_eloquent/project_ws/build/draw_shape/install.log --install-scripts $base/lib/draw_shape --single-version-externally-managed
