[1.431s] Invoking command in '/home/yahboom/S24_RobotProgramming_eloquent/Lab4/roscourse_ws/build/python_turtle': AMENT_PREFIX_PATH=/home/yahboom/S24_RobotProgramming_eloquent/Lab4/roscourse_ws/install/turtle_interfaces:${AMENT_PREFIX_PATH} CMAKE_PREFIX_PATH=/home/yahboom/S24_RobotProgramming_eloquent/Lab4/roscourse_ws/install/turtle_interfaces:${CMAKE_PREFIX_PATH} LD_LIBRARY_PATH=/home/yahboom/S24_RobotProgramming_eloquent/Lab4/roscourse_ws/install/turtle_interfaces/lib:${LD_LIBRARY_PATH} PYTHONPATH=/home/yahboom/S24_RobotProgramming_eloquent/Lab4/roscourse_ws/build/python_turtle/prefix_override:/home/yahboom/S24_RobotProgramming_eloquent/Lab4/roscourse_ws/install/python_turtle/lib/python3.8/site-packages:/home/yahboom/S24_RobotProgramming_eloquent/Lab4/roscourse_ws/install/turtle_interfaces/lib/python3.8/site-packages:${PYTHONPATH} /usr/bin/python3 setup.py develop --uninstall --editable --build-directory /home/yahboom/S24_RobotProgramming_eloquent/Lab4/roscourse_ws/build/python_turtle/build
[1.880s] running develop
[2.154s] Removing /home/yahboom/S24_RobotProgramming_eloquent/Lab4/roscourse_ws/install/python_turtle/lib/python3.8/site-packages/python-turtle.egg-link (link to .)
[2.192s] Invoked command in '/home/yahboom/S24_RobotProgramming_eloquent/Lab4/roscourse_ws/build/python_turtle' returned '0': AMENT_PREFIX_PATH=/home/yahboom/S24_RobotProgramming_eloquent/Lab4/roscourse_ws/install/turtle_interfaces:${AMENT_PREFIX_PATH} CMAKE_PREFIX_PATH=/home/yahboom/S24_RobotProgramming_eloquent/Lab4/roscourse_ws/install/turtle_interfaces:${CMAKE_PREFIX_PATH} LD_LIBRARY_PATH=/home/yahboom/S24_RobotProgramming_eloquent/Lab4/roscourse_ws/install/turtle_interfaces/lib:${LD_LIBRARY_PATH} PYTHONPATH=/home/yahboom/S24_RobotProgramming_eloquent/Lab4/roscourse_ws/build/python_turtle/prefix_override:/home/yahboom/S24_RobotProgramming_eloquent/Lab4/roscourse_ws/install/python_turtle/lib/python3.8/site-packages:/home/yahboom/S24_RobotProgramming_eloquent/Lab4/roscourse_ws/install/turtle_interfaces/lib/python3.8/site-packages:${PYTHONPATH} /usr/bin/python3 setup.py develop --uninstall --editable --build-directory /home/yahboom/S24_RobotProgramming_eloquent/Lab4/roscourse_ws/build/python_turtle/build
[2.198s] Invoking command in '/home/yahboom/S24_RobotProgramming_eloquent/Lab4/roscourse_ws/src/python_turtle': AMENT_PREFIX_PATH=/home/yahboom/S24_RobotProgramming_eloquent/Lab4/roscourse_ws/install/turtle_interfaces:${AMENT_PREFIX_PATH} CMAKE_PREFIX_PATH=/home/yahboom/S24_RobotProgramming_eloquent/Lab4/roscourse_ws/install/turtle_interfaces:${CMAKE_PREFIX_PATH} LD_LIBRARY_PATH=/home/yahboom/S24_RobotProgramming_eloquent/Lab4/roscourse_ws/install/turtle_interfaces/lib:${LD_LIBRARY_PATH} PYTHONPATH=/home/yahboom/S24_RobotProgramming_eloquent/Lab4/roscourse_ws/build/python_turtle/prefix_override:/home/yahboom/S24_RobotProgramming_eloquent/Lab4/roscourse_ws/install/python_turtle/lib/python3.8/site-packages:/home/yahboom/S24_RobotProgramming_eloquent/Lab4/roscourse_ws/install/turtle_interfaces/lib/python3.8/site-packages:${PYTHONPATH} /usr/bin/python3 setup.py egg_info --egg-base ../../build/python_turtle build --build-base /home/yahboom/S24_RobotProgramming_eloquent/Lab4/roscourse_ws/build/python_turtle/build install --record /home/yahboom/S24_RobotProgramming_eloquent/Lab4/roscourse_ws/build/python_turtle/install.log --install-scripts $base/lib/python_turtle --single-version-externally-managed
[2.580s] running egg_info
[2.581s] writing ../../build/python_turtle/python_turtle.egg-info/PKG-INFO
[2.582s] writing dependency_links to ../../build/python_turtle/python_turtle.egg-info/dependency_links.txt
[2.582s] writing entry points to ../../build/python_turtle/python_turtle.egg-info/entry_points.txt
[2.583s] writing requirements to ../../build/python_turtle/python_turtle.egg-info/requires.txt
[2.584s] writing top-level names to ../../build/python_turtle/python_turtle.egg-info/top_level.txt
[2.638s] reading manifest file '../../build/python_turtle/python_turtle.egg-info/SOURCES.txt'
[2.640s] writing manifest file '../../build/python_turtle/python_turtle.egg-info/SOURCES.txt'
[2.641s] running build
[2.641s] running build_py
[2.642s] copying python_turtle/turtlebot_client.py -> /home/yahboom/S24_RobotProgramming_eloquent/Lab4/roscourse_ws/build/python_turtle/build/lib/python_turtle
[2.642s] copying python_turtle/turtlebot_server.py -> /home/yahboom/S24_RobotProgramming_eloquent/Lab4/roscourse_ws/build/python_turtle/build/lib/python_turtle
[2.643s] running install
[2.645s] running install_lib
[2.646s] creating /home/yahboom/S24_RobotProgramming_eloquent/Lab4/roscourse_ws/install/python_turtle/lib/python3.8/site-packages/python_turtle
[2.647s] copying /home/yahboom/S24_RobotProgramming_eloquent/Lab4/roscourse_ws/build/python_turtle/build/lib/python_turtle/__init__.py -> /home/yahboom/S24_RobotProgramming_eloquent/Lab4/roscourse_ws/install/python_turtle/lib/python3.8/site-packages/python_turtle
[2.647s] copying /home/yahboom/S24_RobotProgramming_eloquent/Lab4/roscourse_ws/build/python_turtle/build/lib/python_turtle/turtlebot_client.py -> /home/yahboom/S24_RobotProgramming_eloquent/Lab4/roscourse_ws/install/python_turtle/lib/python3.8/site-packages/python_turtle
[2.648s] copying /home/yahboom/S24_RobotProgramming_eloquent/Lab4/roscourse_ws/build/python_turtle/build/lib/python_turtle/turtlebot_server.py -> /home/yahboom/S24_RobotProgramming_eloquent/Lab4/roscourse_ws/install/python_turtle/lib/python3.8/site-packages/python_turtle
[2.648s] copying /home/yahboom/S24_RobotProgramming_eloquent/Lab4/roscourse_ws/build/python_turtle/build/lib/python_turtle/service_client.py -> /home/yahboom/S24_RobotProgramming_eloquent/Lab4/roscourse_ws/install/python_turtle/lib/python3.8/site-packages/python_turtle
[2.649s] byte-compiling /home/yahboom/S24_RobotProgramming_eloquent/Lab4/roscourse_ws/install/python_turtle/lib/python3.8/site-packages/python_turtle/__init__.py to __init__.cpython-38.pyc
[2.651s] byte-compiling /home/yahboom/S24_RobotProgramming_eloquent/Lab4/roscourse_ws/install/python_turtle/lib/python3.8/site-packages/python_turtle/turtlebot_client.py to turtlebot_client.cpython-38.pyc
[2.653s] byte-compiling /home/yahboom/S24_RobotProgramming_eloquent/Lab4/roscourse_ws/install/python_turtle/lib/python3.8/site-packages/python_turtle/turtlebot_server.py to turtlebot_server.cpython-38.pyc
[2.654s] byte-compiling /home/yahboom/S24_RobotProgramming_eloquent/Lab4/roscourse_ws/install/python_turtle/lib/python3.8/site-packages/python_turtle/service_client.py to service_client.cpython-38.pyc
[2.655s] running install_data
[2.656s] copying launch/turtle_teleop_launch.py -> /home/yahboom/S24_RobotProgramming_eloquent/Lab4/roscourse_ws/install/python_turtle/share/python_turtle/launch
[2.656s] running install_egg_info
[2.659s] Copying ../../build/python_turtle/python_turtle.egg-info to /home/yahboom/S24_RobotProgramming_eloquent/Lab4/roscourse_ws/install/python_turtle/lib/python3.8/site-packages/python_turtle-0.0.0-py3.8.egg-info
[2.661s] running install_scripts
[2.689s] Installing service_client script to /home/yahboom/S24_RobotProgramming_eloquent/Lab4/roscourse_ws/install/python_turtle/lib/python_turtle
[2.690s] Installing turtlebot_client script to /home/yahboom/S24_RobotProgramming_eloquent/Lab4/roscourse_ws/install/python_turtle/lib/python_turtle
[2.690s] Installing turtlebot_server script to /home/yahboom/S24_RobotProgramming_eloquent/Lab4/roscourse_ws/install/python_turtle/lib/python_turtle
[2.691s] writing list of installed files to '/home/yahboom/S24_RobotProgramming_eloquent/Lab4/roscourse_ws/build/python_turtle/install.log'
[2.728s] Invoked command in '/home/yahboom/S24_RobotProgramming_eloquent/Lab4/roscourse_ws/src/python_turtle' returned '0': AMENT_PREFIX_PATH=/home/yahboom/S24_RobotProgramming_eloquent/Lab4/roscourse_ws/install/turtle_interfaces:${AMENT_PREFIX_PATH} CMAKE_PREFIX_PATH=/home/yahboom/S24_RobotProgramming_eloquent/Lab4/roscourse_ws/install/turtle_interfaces:${CMAKE_PREFIX_PATH} LD_LIBRARY_PATH=/home/yahboom/S24_RobotProgramming_eloquent/Lab4/roscourse_ws/install/turtle_interfaces/lib:${LD_LIBRARY_PATH} PYTHONPATH=/home/yahboom/S24_RobotProgramming_eloquent/Lab4/roscourse_ws/build/python_turtle/prefix_override:/home/yahboom/S24_RobotProgramming_eloquent/Lab4/roscourse_ws/install/python_turtle/lib/python3.8/site-packages:/home/yahboom/S24_RobotProgramming_eloquent/Lab4/roscourse_ws/install/turtle_interfaces/lib/python3.8/site-packages:${PYTHONPATH} /usr/bin/python3 setup.py egg_info --egg-base ../../build/python_turtle build --build-base /home/yahboom/S24_RobotProgramming_eloquent/Lab4/roscourse_ws/build/python_turtle/build install --record /home/yahboom/S24_RobotProgramming_eloquent/Lab4/roscourse_ws/build/python_turtle/install.log --install-scripts $base/lib/python_turtle --single-version-externally-managed
