[2.892s] Invoking command in '/home/yahboom/S24_RobotProgramming_Master/S24_RobotProgramming_eloquent/project_ws/src/rosmaster_sim': PYTHONPATH=/home/yahboom/S24_RobotProgramming_Master/S24_RobotProgramming_eloquent/project_ws/build/rosmaster_sim/prefix_override:/home/yahboom/S24_RobotProgramming_Master/S24_RobotProgramming_eloquent/project_ws/install/rosmaster_sim/lib/python3.8/site-packages:${PYTHONPATH} /usr/bin/python3 setup.py egg_info --egg-base ../../build/rosmaster_sim build --build-base /home/yahboom/S24_RobotProgramming_Master/S24_RobotProgramming_eloquent/project_ws/build/rosmaster_sim/build install --record /home/yahboom/S24_RobotProgramming_Master/S24_RobotProgramming_eloquent/project_ws/build/rosmaster_sim/install.log --install-scripts $base/lib/rosmaster_sim --single-version-externally-managed
[3.782s] running egg_info
[3.783s] writing ../../build/rosmaster_sim/rosmaster_sim.egg-info/PKG-INFO
[3.786s] writing dependency_links to ../../build/rosmaster_sim/rosmaster_sim.egg-info/dependency_links.txt
[3.787s] writing entry points to ../../build/rosmaster_sim/rosmaster_sim.egg-info/entry_points.txt
[3.787s] writing requirements to ../../build/rosmaster_sim/rosmaster_sim.egg-info/requires.txt
[3.788s] writing top-level names to ../../build/rosmaster_sim/rosmaster_sim.egg-info/top_level.txt
[3.881s] reading manifest file '../../build/rosmaster_sim/rosmaster_sim.egg-info/SOURCES.txt'
[3.885s] writing manifest file '../../build/rosmaster_sim/rosmaster_sim.egg-info/SOURCES.txt'
[3.886s] running build
[3.886s] running build_py
[3.887s] running install
[3.891s] running install_lib
[3.896s] running install_data
[3.897s] copying urdf/yahboomcar_X3.urdf -> /home/yahboom/S24_RobotProgramming_Master/S24_RobotProgramming_eloquent/project_ws/install/rosmaster_sim/share/rosmaster_sim
[3.899s] copying urdf/yahboomcar_X3.urdf -> /home/yahboom/S24_RobotProgramming_Master/S24_RobotProgramming_eloquent/project_ws/install/rosmaster_sim/share/rosmaster_sim/urdf
[3.900s] running install_egg_info
[3.906s] removing '/home/yahboom/S24_RobotProgramming_Master/S24_RobotProgramming_eloquent/project_ws/install/rosmaster_sim/lib/python3.8/site-packages/rosmaster_sim-0.0.0-py3.8.egg-info' (and everything under it)
[3.906s] Copying ../../build/rosmaster_sim/rosmaster_sim.egg-info to /home/yahboom/S24_RobotProgramming_Master/S24_RobotProgramming_eloquent/project_ws/install/rosmaster_sim/lib/python3.8/site-packages/rosmaster_sim-0.0.0-py3.8.egg-info
[3.909s] running install_scripts
[3.959s] writing list of installed files to '/home/yahboom/S24_RobotProgramming_Master/S24_RobotProgramming_eloquent/project_ws/build/rosmaster_sim/install.log'
[4.018s] Invoked command in '/home/yahboom/S24_RobotProgramming_Master/S24_RobotProgramming_eloquent/project_ws/src/rosmaster_sim' returned '0': PYTHONPATH=/home/yahboom/S24_RobotProgramming_Master/S24_RobotProgramming_eloquent/project_ws/build/rosmaster_sim/prefix_override:/home/yahboom/S24_RobotProgramming_Master/S24_RobotProgramming_eloquent/project_ws/install/rosmaster_sim/lib/python3.8/site-packages:${PYTHONPATH} /usr/bin/python3 setup.py egg_info --egg-base ../../build/rosmaster_sim build --build-base /home/yahboom/S24_RobotProgramming_Master/S24_RobotProgramming_eloquent/project_ws/build/rosmaster_sim/build install --record /home/yahboom/S24_RobotProgramming_Master/S24_RobotProgramming_eloquent/project_ws/build/rosmaster_sim/install.log --install-scripts $base/lib/rosmaster_sim --single-version-externally-managed
