[1.493s] Invoking command in '/home/yahboom/S24_RobotProgramming_eloquent/Lab3/roscourse_ws/build/webcam': PYTHONPATH=/home/yahboom/S24_RobotProgramming_eloquent/Lab3/roscourse_ws/build/webcam/prefix_override:/home/yahboom/S24_RobotProgramming_eloquent/Lab3/roscourse_ws/install/webcam/lib/python3.8/site-packages:${PYTHONPATH} /usr/bin/python3 setup.py develop --uninstall --editable --build-directory /home/yahboom/S24_RobotProgramming_eloquent/Lab3/roscourse_ws/build/webcam/build
[2.027s] running develop
[2.372s] Invoked command in '/home/yahboom/S24_RobotProgramming_eloquent/Lab3/roscourse_ws/build/webcam' returned '0': PYTHONPATH=/home/yahboom/S24_RobotProgramming_eloquent/Lab3/roscourse_ws/build/webcam/prefix_override:/home/yahboom/S24_RobotProgramming_eloquent/Lab3/roscourse_ws/install/webcam/lib/python3.8/site-packages:${PYTHONPATH} /usr/bin/python3 setup.py develop --uninstall --editable --build-directory /home/yahboom/S24_RobotProgramming_eloquent/Lab3/roscourse_ws/build/webcam/build
[2.379s] Invoking command in '/home/yahboom/S24_RobotProgramming_eloquent/Lab3/roscourse_ws/src/webcam': PYTHONPATH=/home/yahboom/S24_RobotProgramming_eloquent/Lab3/roscourse_ws/build/webcam/prefix_override:/home/yahboom/S24_RobotProgramming_eloquent/Lab3/roscourse_ws/install/webcam/lib/python3.8/site-packages:${PYTHONPATH} /usr/bin/python3 setup.py egg_info --egg-base ../../build/webcam build --build-base /home/yahboom/S24_RobotProgramming_eloquent/Lab3/roscourse_ws/build/webcam/build install --record /home/yahboom/S24_RobotProgramming_eloquent/Lab3/roscourse_ws/build/webcam/install.log --install-scripts $base/lib/webcam --single-version-externally-managed
[2.871s] running egg_info
[2.871s] writing ../../build/webcam/webcam.egg-info/PKG-INFO
[2.873s] writing dependency_links to ../../build/webcam/webcam.egg-info/dependency_links.txt
[2.873s] writing entry points to ../../build/webcam/webcam.egg-info/entry_points.txt
[2.874s] writing requirements to ../../build/webcam/webcam.egg-info/requires.txt
[2.874s] writing top-level names to ../../build/webcam/webcam.egg-info/top_level.txt
[2.958s] reading manifest file '../../build/webcam/webcam.egg-info/SOURCES.txt'
[2.960s] writing manifest file '../../build/webcam/webcam.egg-info/SOURCES.txt'
[2.961s] running build
[2.961s] running build_py
[2.962s] copying webcam/cam_sub.py -> /home/yahboom/S24_RobotProgramming_eloquent/Lab3/roscourse_ws/build/webcam/build/lib/webcam
[2.963s] running install
[2.965s] running install_lib
[2.967s] copying /home/yahboom/S24_RobotProgramming_eloquent/Lab3/roscourse_ws/build/webcam/build/lib/webcam/cam_sub.py -> /home/yahboom/S24_RobotProgramming_eloquent/Lab3/roscourse_ws/install/webcam/lib/python3.8/site-packages/webcam
[2.969s] byte-compiling /home/yahboom/S24_RobotProgramming_eloquent/Lab3/roscourse_ws/install/webcam/lib/python3.8/site-packages/webcam/cam_sub.py to cam_sub.cpython-38.pyc
[2.972s] running install_data
[2.972s] copying package.xml -> /home/yahboom/S24_RobotProgramming_eloquent/Lab3/roscourse_ws/install/webcam/share/webcam
[2.973s] running install_egg_info
[2.977s] removing '/home/yahboom/S24_RobotProgramming_eloquent/Lab3/roscourse_ws/install/webcam/lib/python3.8/site-packages/webcam-0.0.0-py3.8.egg-info' (and everything under it)
[2.978s] Copying ../../build/webcam/webcam.egg-info to /home/yahboom/S24_RobotProgramming_eloquent/Lab3/roscourse_ws/install/webcam/lib/python3.8/site-packages/webcam-0.0.0-py3.8.egg-info
[2.983s] running install_scripts
[3.017s] Installing webcam_pub script to /home/yahboom/S24_RobotProgramming_eloquent/Lab3/roscourse_ws/install/webcam/lib/webcam
[3.017s] Installing webcam_sub script to /home/yahboom/S24_RobotProgramming_eloquent/Lab3/roscourse_ws/install/webcam/lib/webcam
[3.018s] writing list of installed files to '/home/yahboom/S24_RobotProgramming_eloquent/Lab3/roscourse_ws/build/webcam/install.log'
[3.072s] Invoked command in '/home/yahboom/S24_RobotProgramming_eloquent/Lab3/roscourse_ws/src/webcam' returned '0': PYTHONPATH=/home/yahboom/S24_RobotProgramming_eloquent/Lab3/roscourse_ws/build/webcam/prefix_override:/home/yahboom/S24_RobotProgramming_eloquent/Lab3/roscourse_ws/install/webcam/lib/python3.8/site-packages:${PYTHONPATH} /usr/bin/python3 setup.py egg_info --egg-base ../../build/webcam build --build-base /home/yahboom/S24_RobotProgramming_eloquent/Lab3/roscourse_ws/build/webcam/build install --record /home/yahboom/S24_RobotProgramming_eloquent/Lab3/roscourse_ws/build/webcam/install.log --install-scripts $base/lib/webcam --single-version-externally-managed
