[5.276s] Invoking command in '/home/yahboom/S24_RobotProgramming_eloquent/Lab4/roscourse_ws/src/teleop_twist_keyboard': PYTHONPATH=/home/yahboom/S24_RobotProgramming_eloquent/Lab4/roscourse_ws/build/teleop_twist_keyboard/prefix_override:/home/yahboom/S24_RobotProgramming_eloquent/Lab4/roscourse_ws/install/teleop_twist_keyboard/lib/python3.8/site-packages:${PYTHONPATH} /usr/bin/python3 setup.py egg_info --egg-base ../../build/teleop_twist_keyboard build --build-base /home/yahboom/S24_RobotProgramming_eloquent/Lab4/roscourse_ws/build/teleop_twist_keyboard/build install --record /home/yahboom/S24_RobotProgramming_eloquent/Lab4/roscourse_ws/build/teleop_twist_keyboard/install.log --single-version-externally-managed
[6.536s] running egg_info
[6.538s] writing ../../build/teleop_twist_keyboard/teleop_twist_keyboard.egg-info/PKG-INFO
[6.538s] writing dependency_links to ../../build/teleop_twist_keyboard/teleop_twist_keyboard.egg-info/dependency_links.txt
[6.538s] writing entry points to ../../build/teleop_twist_keyboard/teleop_twist_keyboard.egg-info/entry_points.txt
[6.538s] writing requirements to ../../build/teleop_twist_keyboard/teleop_twist_keyboard.egg-info/requires.txt
[6.538s] writing top-level names to ../../build/teleop_twist_keyboard/teleop_twist_keyboard.egg-info/top_level.txt
[6.678s] reading manifest file '../../build/teleop_twist_keyboard/teleop_twist_keyboard.egg-info/SOURCES.txt'
[6.682s] writing manifest file '../../build/teleop_twist_keyboard/teleop_twist_keyboard.egg-info/SOURCES.txt'
[6.683s] running build
[6.685s] running build_py
[6.693s] running install
[6.695s] running install_lib
[6.696s] copying /home/yahboom/S24_RobotProgramming_eloquent/Lab4/roscourse_ws/build/teleop_twist_keyboard/build/lib/teleop_twist_keyboard.py -> /home/yahboom/S24_RobotProgramming_eloquent/Lab4/roscourse_ws/install/teleop_twist_keyboard/lib/python3.8/site-packages
[6.700s] byte-compiling /home/yahboom/S24_RobotProgramming_eloquent/Lab4/roscourse_ws/install/teleop_twist_keyboard/lib/python3.8/site-packages/teleop_twist_keyboard.py to teleop_twist_keyboard.cpython-38.pyc
[6.709s] running install_data
[6.711s] running install_egg_info
[6.720s] removing '/home/yahboom/S24_RobotProgramming_eloquent/Lab4/roscourse_ws/install/teleop_twist_keyboard/lib/python3.8/site-packages/teleop_twist_keyboard-2.3.2-py3.8.egg-info' (and everything under it)
[6.738s] Copying ../../build/teleop_twist_keyboard/teleop_twist_keyboard.egg-info to /home/yahboom/S24_RobotProgramming_eloquent/Lab4/roscourse_ws/install/teleop_twist_keyboard/lib/python3.8/site-packages/teleop_twist_keyboard-2.3.2-py3.8.egg-info
[6.740s] running install_scripts
[6.813s] Installing teleop_twist_keyboard script to /home/yahboom/S24_RobotProgramming_eloquent/Lab4/roscourse_ws/install/teleop_twist_keyboard/lib/teleop_twist_keyboard
[6.815s] writing list of installed files to '/home/yahboom/S24_RobotProgramming_eloquent/Lab4/roscourse_ws/build/teleop_twist_keyboard/install.log'
[6.977s] Invoked command in '/home/yahboom/S24_RobotProgramming_eloquent/Lab4/roscourse_ws/src/teleop_twist_keyboard' returned '0': PYTHONPATH=/home/yahboom/S24_RobotProgramming_eloquent/Lab4/roscourse_ws/build/teleop_twist_keyboard/prefix_override:/home/yahboom/S24_RobotProgramming_eloquent/Lab4/roscourse_ws/install/teleop_twist_keyboard/lib/python3.8/site-packages:${PYTHONPATH} /usr/bin/python3 setup.py egg_info --egg-base ../../build/teleop_twist_keyboard build --build-base /home/yahboom/S24_RobotProgramming_eloquent/Lab4/roscourse_ws/build/teleop_twist_keyboard/build install --record /home/yahboom/S24_RobotProgramming_eloquent/Lab4/roscourse_ws/build/teleop_twist_keyboard/install.log --single-version-externally-managed
