[0.509s] Invoking command in '/home/yahboom/S24_RobotProgramming_eloquent/lab3/roscourse_ws/build/turtle_interfaces': CMAKE_PREFIX_PATH=${CMAKE_PREFIX_PATH}:/home/yahboom/yahboomcar_ros2_ws/yahboomcar_ws/install/yahboomcar_voice_ctrl:/home/yahboom/yahboomcar_ros2_ws/yahboomcar_ws/install/yahboomcar_visual:/home/yahboom/yahboomcar_ros2_ws/yahboomcar_ws/install/yahboomcar_rviz:/home/yahboom/yahboomcar_ros2_ws/yahboomcar_ws/install/yahboomcar_nav:/home/yahboom/yahboomcar_ros2_ws/yahboomcar_ws/install/yahboomcar_multi:/home/yahboom/yahboomcar_ros2_ws/yahboomcar_ws/install/yahboomcar_mediapipe:/home/yahboom/yahboomcar_ros2_ws/yahboomcar_ws/install/yahboomcar_linefollow:/home/yahboom/yahboomcar_ros2_ws/yahboomcar_ws/install/yahboomcar_laser:/home/yahboom/yahboomcar_ros2_ws/yahboomcar_ws/install/yahboomcar_description_x1:/home/yahboom/yahboomcar_ros2_ws/yahboomcar_ws/install/yahboomcar_description:/home/yahboom/yahboomcar_ros2_ws/yahboomcar_ws/install/yahboomcar_ctrl:/home/yahboom/yahboomcar_ros2_ws/yahboomcar_ws/install/yahboomcar_bringup:/home/yahboom/yahboomcar_ros2_ws/yahboomcar_ws/install/yahboomcar_astra:/home/yahboom/yahboomcar_ros2_ws/yahboomcar_ws/install/robot_pose_publisher:/home/yahboom/yahboomcar_ros2_ws/yahboomcar_ws/install/laserscan_to_point_pulisher:/opt/ros/foxy /usr/bin/cmake --build /home/yahboom/S24_RobotProgramming_eloquent/lab3/roscourse_ws/build/turtle_interfaces -- -j4 -l4
[0.787s] [  2%] Built target turtle_interfaces__cpp
[0.788s] [ 12%] Built target turtle_interfaces__rosidl_generator_c
[0.788s] [ 23%] Built target turtle_interfaces__rosidl_typesupport_cpp
[0.791s] [ 34%] Built target turtle_interfaces__rosidl_typesupport_fastrtps_cpp
[0.791s] [ 44%] Built target turtle_interfaces__rosidl_typesupport_introspection_cpp
[0.791s] [ 55%] Built target turtle_interfaces__rosidl_typesupport_c
[0.791s] [ 65%] Built target turtle_interfaces__rosidl_typesupport_introspection_c
[0.791s] [ 76%] Built target turtle_interfaces__rosidl_typesupport_fastrtps_c
[0.792s] [ 76%] Built target turtle_interfaces
[0.792s] [ 78%] Built target turtle_interfaces__py
[0.792s] [ 87%] Built target turtle_interfaces__python
[0.792s] [ 95%] Built target turtle_interfaces__rosidl_typesupport_c__pyext
[0.792s] [ 95%] Built target turtle_interfaces__rosidl_typesupport_fastrtps_c__pyext
[0.792s] [100%] Built target turtle_interfaces__rosidl_typesupport_introspection_c__pyext
[0.792s] Invoked command in '/home/yahboom/S24_RobotProgramming_eloquent/lab3/roscourse_ws/build/turtle_interfaces' returned '0': CMAKE_PREFIX_PATH=${CMAKE_PREFIX_PATH}:/home/yahboom/yahboomcar_ros2_ws/yahboomcar_ws/install/yahboomcar_voice_ctrl:/home/yahboom/yahboomcar_ros2_ws/yahboomcar_ws/install/yahboomcar_visual:/home/yahboom/yahboomcar_ros2_ws/yahboomcar_ws/install/yahboomcar_rviz:/home/yahboom/yahboomcar_ros2_ws/yahboomcar_ws/install/yahboomcar_nav:/home/yahboom/yahboomcar_ros2_ws/yahboomcar_ws/install/yahboomcar_multi:/home/yahboom/yahboomcar_ros2_ws/yahboomcar_ws/install/yahboomcar_mediapipe:/home/yahboom/yahboomcar_ros2_ws/yahboomcar_ws/install/yahboomcar_linefollow:/home/yahboom/yahboomcar_ros2_ws/yahboomcar_ws/install/yahboomcar_laser:/home/yahboom/yahboomcar_ros2_ws/yahboomcar_ws/install/yahboomcar_description_x1:/home/yahboom/yahboomcar_ros2_ws/yahboomcar_ws/install/yahboomcar_description:/home/yahboom/yahboomcar_ros2_ws/yahboomcar_ws/install/yahboomcar_ctrl:/home/yahboom/yahboomcar_ros2_ws/yahboomcar_ws/install/yahboomcar_bringup:/home/yahboom/yahboomcar_ros2_ws/yahboomcar_ws/install/yahboomcar_astra:/home/yahboom/yahboomcar_ros2_ws/yahboomcar_ws/install/robot_pose_publisher:/home/yahboom/yahboomcar_ros2_ws/yahboomcar_ws/install/laserscan_to_point_pulisher:/opt/ros/foxy /usr/bin/cmake --build /home/yahboom/S24_RobotProgramming_eloquent/lab3/roscourse_ws/build/turtle_interfaces -- -j4 -l4
[0.909s] Invoking command in '/home/yahboom/S24_RobotProgramming_eloquent/lab3/roscourse_ws/build/turtle_interfaces': CMAKE_PREFIX_PATH=${CMAKE_PREFIX_PATH}:/home/yahboom/yahboomcar_ros2_ws/yahboomcar_ws/install/yahboomcar_voice_ctrl:/home/yahboom/yahboomcar_ros2_ws/yahboomcar_ws/install/yahboomcar_visual:/home/yahboom/yahboomcar_ros2_ws/yahboomcar_ws/install/yahboomcar_rviz:/home/yahboom/yahboomcar_ros2_ws/yahboomcar_ws/install/yahboomcar_nav:/home/yahboom/yahboomcar_ros2_ws/yahboomcar_ws/install/yahboomcar_multi:/home/yahboom/yahboomcar_ros2_ws/yahboomcar_ws/install/yahboomcar_mediapipe:/home/yahboom/yahboomcar_ros2_ws/yahboomcar_ws/install/yahboomcar_linefollow:/home/yahboom/yahboomcar_ros2_ws/yahboomcar_ws/install/yahboomcar_laser:/home/yahboom/yahboomcar_ros2_ws/yahboomcar_ws/install/yahboomcar_description_x1:/home/yahboom/yahboomcar_ros2_ws/yahboomcar_ws/install/yahboomcar_description:/home/yahboom/yahboomcar_ros2_ws/yahboomcar_ws/install/yahboomcar_ctrl:/home/yahboom/yahboomcar_ros2_ws/yahboomcar_ws/install/yahboomcar_bringup:/home/yahboom/yahboomcar_ros2_ws/yahboomcar_ws/install/yahboomcar_astra:/home/yahboom/yahboomcar_ros2_ws/yahboomcar_ws/install/robot_pose_publisher:/home/yahboom/yahboomcar_ros2_ws/yahboomcar_ws/install/laserscan_to_point_pulisher:/opt/ros/foxy /usr/bin/cmake --install /home/yahboom/S24_RobotProgramming_eloquent/lab3/roscourse_ws/build/turtle_interfaces
[0.923s] -- Install configuration: ""
[0.923s] -- Execute custom install script
[0.924s] -- Up-to-date symlink: /home/yahboom/S24_RobotProgramming_eloquent/lab3/roscourse_ws/install/turtle_interfaces/share/ament_index/resource_index/rosidl_interfaces/turtle_interfaces
[0.924s] -- Up-to-date symlink: /home/yahboom/S24_RobotProgramming_eloquent/lab3/roscourse_ws/install/turtle_interfaces/include/turtle_interfaces/msg/detail/turtle_msg__functions.h
[0.925s] -- Up-to-date symlink: /home/yahboom/S24_RobotProgramming_eloquent/lab3/roscourse_ws/install/turtle_interfaces/include/turtle_interfaces/msg/detail/turtle_msg__struct.h
[0.925s] -- Up-to-date symlink: /home/yahboom/S24_RobotProgramming_eloquent/lab3/roscourse_ws/install/turtle_interfaces/include/turtle_interfaces/msg/detail/turtle_msg__type_support.h
[0.925s] -- Up-to-date symlink: /home/yahboom/S24_RobotProgramming_eloquent/lab3/roscourse_ws/install/turtle_interfaces/include/turtle_interfaces/msg/rosidl_generator_c__visibility_control.h
[0.925s] -- Up-to-date symlink: /home/yahboom/S24_RobotProgramming_eloquent/lab3/roscourse_ws/install/turtle_interfaces/include/turtle_interfaces/msg/turtle_msg.h
[0.925s] -- Up-to-date symlink: /home/yahboom/S24_RobotProgramming_eloquent/lab3/roscourse_ws/install/turtle_interfaces/include/turtle_interfaces/srv/detail/set_color__functions.h
[0.926s] -- Up-to-date symlink: /home/yahboom/S24_RobotProgramming_eloquent/lab3/roscourse_ws/install/turtle_interfaces/include/turtle_interfaces/srv/detail/set_color__struct.h
[0.926s] -- Up-to-date symlink: /home/yahboom/S24_RobotProgramming_eloquent/lab3/roscourse_ws/install/turtle_interfaces/include/turtle_interfaces/srv/detail/set_color__type_support.h
[0.926s] -- Up-to-date symlink: /home/yahboom/S24_RobotProgramming_eloquent/lab3/roscourse_ws/install/turtle_interfaces/include/turtle_interfaces/srv/detail/set_pose__functions.h
[0.926s] -- Up-to-date symlink: /home/yahboom/S24_RobotProgramming_eloquent/lab3/roscourse_ws/install/turtle_interfaces/include/turtle_interfaces/srv/detail/set_pose__struct.h
[0.926s] -- Up-to-date symlink: /home/yahboom/S24_RobotProgramming_eloquent/lab3/roscourse_ws/install/turtle_interfaces/include/turtle_interfaces/srv/detail/set_pose__type_support.h
[0.927s] -- Up-to-date symlink: /home/yahboom/S24_RobotProgramming_eloquent/lab3/roscourse_ws/install/turtle_interfaces/include/turtle_interfaces/srv/set_color.h
[0.927s] -- Up-to-date symlink: /home/yahboom/S24_RobotProgramming_eloquent/lab3/roscourse_ws/install/turtle_interfaces/include/turtle_interfaces/srv/set_pose.h
[0.927s] -- Up-to-date symlink: /home/yahboom/S24_RobotProgramming_eloquent/lab3/roscourse_ws/install/turtle_interfaces/share/turtle_interfaces/environment/library_path.sh
[0.927s] -- Up-to-date symlink: /home/yahboom/S24_RobotProgramming_eloquent/lab3/roscourse_ws/install/turtle_interfaces/share/turtle_interfaces/environment/library_path.dsv
[0.928s] -- Up-to-date symlink: /home/yahboom/S24_RobotProgramming_eloquent/lab3/roscourse_ws/install/turtle_interfaces/include/turtle_interfaces/msg/detail/turtle_msg__rosidl_typesupport_fastrtps_c.h
[0.928s] -- Up-to-date symlink: /home/yahboom/S24_RobotProgramming_eloquent/lab3/roscourse_ws/install/turtle_interfaces/include/turtle_interfaces/msg/rosidl_typesupport_fastrtps_c__visibility_control.h
[0.929s] -- Up-to-date symlink: /home/yahboom/S24_RobotProgramming_eloquent/lab3/roscourse_ws/install/turtle_interfaces/include/turtle_interfaces/srv/detail/set_color__rosidl_typesupport_fastrtps_c.h
[0.929s] -- Up-to-date symlink: /home/yahboom/S24_RobotProgramming_eloquent/lab3/roscourse_ws/install/turtle_interfaces/include/turtle_interfaces/srv/detail/set_pose__rosidl_typesupport_fastrtps_c.h
[0.929s] -- Up-to-date symlink: /home/yahboom/S24_RobotProgramming_eloquent/lab3/roscourse_ws/install/turtle_interfaces/lib/libturtle_interfaces__rosidl_typesupport_fastrtps_c.so
[0.930s] -- Up-to-date symlink: /home/yahboom/S24_RobotProgramming_eloquent/lab3/roscourse_ws/install/turtle_interfaces/include/turtle_interfaces/msg/detail/turtle_msg__rosidl_typesupport_fastrtps_cpp.hpp
[0.930s] -- Up-to-date symlink: /home/yahboom/S24_RobotProgramming_eloquent/lab3/roscourse_ws/install/turtle_interfaces/include/turtle_interfaces/msg/rosidl_typesupport_fastrtps_cpp__visibility_control.h
[0.930s] -- Up-to-date symlink: /home/yahboom/S24_RobotProgramming_eloquent/lab3/roscourse_ws/install/turtle_interfaces/include/turtle_interfaces/srv/detail/set_color__rosidl_typesupport_fastrtps_cpp.hpp
[0.931s] -- Up-to-date symlink: /home/yahboom/S24_RobotProgramming_eloquent/lab3/roscourse_ws/install/turtle_interfaces/include/turtle_interfaces/srv/detail/set_pose__rosidl_typesupport_fastrtps_cpp.hpp
[0.931s] -- Up-to-date symlink: /home/yahboom/S24_RobotProgramming_eloquent/lab3/roscourse_ws/install/turtle_interfaces/lib/libturtle_interfaces__rosidl_typesupport_fastrtps_cpp.so
[0.932s] -- Up-to-date symlink: /home/yahboom/S24_RobotProgramming_eloquent/lab3/roscourse_ws/install/turtle_interfaces/include/turtle_interfaces/msg/detail/turtle_msg__rosidl_typesupport_introspection_c.h
[0.932s] -- Up-to-date symlink: /home/yahboom/S24_RobotProgramming_eloquent/lab3/roscourse_ws/install/turtle_interfaces/include/turtle_interfaces/msg/rosidl_typesupport_introspection_c__visibility_control.h
[0.932s] -- Up-to-date symlink: /home/yahboom/S24_RobotProgramming_eloquent/lab3/roscourse_ws/install/turtle_interfaces/include/turtle_interfaces/srv/detail/set_color__rosidl_typesupport_introspection_c.h
[0.932s] -- Up-to-date symlink: /home/yahboom/S24_RobotProgramming_eloquent/lab3/roscourse_ws/install/turtle_interfaces/include/turtle_interfaces/srv/detail/set_pose__rosidl_typesupport_introspection_c.h
[0.933s] -- Up-to-date symlink: /home/yahboom/S24_RobotProgramming_eloquent/lab3/roscourse_ws/install/turtle_interfaces/include/turtle_interfaces/msg/detail/turtle_msg__builder.hpp
[0.933s] -- Up-to-date symlink: /home/yahboom/S24_RobotProgramming_eloquent/lab3/roscourse_ws/install/turtle_interfaces/include/turtle_interfaces/msg/detail/turtle_msg__struct.hpp
[0.933s] -- Up-to-date symlink: /home/yahboom/S24_RobotProgramming_eloquent/lab3/roscourse_ws/install/turtle_interfaces/include/turtle_interfaces/msg/detail/turtle_msg__traits.hpp
[0.933s] -- Up-to-date symlink: /home/yahboom/S24_RobotProgramming_eloquent/lab3/roscourse_ws/install/turtle_interfaces/include/turtle_interfaces/msg/turtle_msg.hpp
[0.934s] -- Up-to-date symlink: /home/yahboom/S24_RobotProgramming_eloquent/lab3/roscourse_ws/install/turtle_interfaces/include/turtle_interfaces/srv/detail/set_color__builder.hpp
[0.934s] -- Up-to-date symlink: /home/yahboom/S24_RobotProgramming_eloquent/lab3/roscourse_ws/install/turtle_interfaces/include/turtle_interfaces/srv/detail/set_color__struct.hpp
[0.934s] -- Up-to-date symlink: /home/yahboom/S24_RobotProgramming_eloquent/lab3/roscourse_ws/install/turtle_interfaces/include/turtle_interfaces/srv/detail/set_color__traits.hpp
[0.934s] -- Up-to-date symlink: /home/yahboom/S24_RobotProgramming_eloquent/lab3/roscourse_ws/install/turtle_interfaces/include/turtle_interfaces/srv/detail/set_pose__builder.hpp
[0.934s] -- Up-to-date symlink: /home/yahboom/S24_RobotProgramming_eloquent/lab3/roscourse_ws/install/turtle_interfaces/include/turtle_interfaces/srv/detail/set_pose__struct.hpp
[0.935s] -- Up-to-date symlink: /home/yahboom/S24_RobotProgramming_eloquent/lab3/roscourse_ws/install/turtle_interfaces/include/turtle_interfaces/srv/detail/set_pose__traits.hpp
[0.935s] -- Up-to-date symlink: /home/yahboom/S24_RobotProgramming_eloquent/lab3/roscourse_ws/install/turtle_interfaces/include/turtle_interfaces/srv/set_color.hpp
[0.935s] -- Up-to-date symlink: /home/yahboom/S24_RobotProgramming_eloquent/lab3/roscourse_ws/install/turtle_interfaces/include/turtle_interfaces/srv/set_pose.hpp
[0.936s] -- Up-to-date symlink: /home/yahboom/S24_RobotProgramming_eloquent/lab3/roscourse_ws/install/turtle_interfaces/include/turtle_interfaces/msg/detail/turtle_msg__rosidl_typesupport_introspection_cpp.hpp
[0.936s] -- Up-to-date symlink: /home/yahboom/S24_RobotProgramming_eloquent/lab3/roscourse_ws/install/turtle_interfaces/include/turtle_interfaces/srv/detail/set_color__rosidl_typesupport_introspection_cpp.hpp
[0.936s] -- Up-to-date symlink: /home/yahboom/S24_RobotProgramming_eloquent/lab3/roscourse_ws/install/turtle_interfaces/include/turtle_interfaces/srv/detail/set_pose__rosidl_typesupport_introspection_cpp.hpp
[0.936s] -- Up-to-date symlink: /home/yahboom/S24_RobotProgramming_eloquent/lab3/roscourse_ws/install/turtle_interfaces/share/turtle_interfaces/environment/pythonpath.sh
[0.937s] -- Up-to-date symlink: /home/yahboom/S24_RobotProgramming_eloquent/lab3/roscourse_ws/install/turtle_interfaces/share/turtle_interfaces/environment/pythonpath.dsv
[0.937s] -- Up-to-date symlink: /home/yahboom/S24_RobotProgramming_eloquent/lab3/roscourse_ws/install/turtle_interfaces/lib/python3.8/site-packages/turtle_interfaces/__init__.py
[0.938s] -- Up-to-date symlink: /home/yahboom/S24_RobotProgramming_eloquent/lab3/roscourse_ws/install/turtle_interfaces/lib/python3.8/site-packages/turtle_interfaces/msg/__init__.py
[0.938s] -- Up-to-date symlink: /home/yahboom/S24_RobotProgramming_eloquent/lab3/roscourse_ws/install/turtle_interfaces/lib/python3.8/site-packages/turtle_interfaces/msg/_turtle_msg.py
[0.938s] -- Up-to-date symlink: /home/yahboom/S24_RobotProgramming_eloquent/lab3/roscourse_ws/install/turtle_interfaces/lib/python3.8/site-packages/turtle_interfaces/srv/__init__.py
[0.938s] -- Up-to-date symlink: /home/yahboom/S24_RobotProgramming_eloquent/lab3/roscourse_ws/install/turtle_interfaces/lib/python3.8/site-packages/turtle_interfaces/srv/_set_color.py
[0.939s] -- Up-to-date symlink: /home/yahboom/S24_RobotProgramming_eloquent/lab3/roscourse_ws/install/turtle_interfaces/lib/python3.8/site-packages/turtle_interfaces/srv/_set_pose.py
[0.939s] -- Up-to-date symlink: /home/yahboom/S24_RobotProgramming_eloquent/lab3/roscourse_ws/install/turtle_interfaces/lib/python3.8/site-packages/turtle_interfaces/turtle_interfaces_s__rosidl_typesupport_fastrtps_c.cpython-38-x86_64-linux-gnu.so
[0.940s] -- Up-to-date symlink: /home/yahboom/S24_RobotProgramming_eloquent/lab3/roscourse_ws/install/turtle_interfaces/lib/python3.8/site-packages/turtle_interfaces/turtle_interfaces_s__rosidl_typesupport_introspection_c.cpython-38-x86_64-linux-gnu.so
[0.940s] -- Up-to-date symlink: /home/yahboom/S24_RobotProgramming_eloquent/lab3/roscourse_ws/install/turtle_interfaces/lib/python3.8/site-packages/turtle_interfaces/turtle_interfaces_s__rosidl_typesupport_c.cpython-38-x86_64-linux-gnu.so
[0.940s] -- Up-to-date symlink: /home/yahboom/S24_RobotProgramming_eloquent/lab3/roscourse_ws/install/turtle_interfaces/lib/libturtle_interfaces__python.so
[0.941s] -- Up-to-date symlink: /home/yahboom/S24_RobotProgramming_eloquent/lab3/roscourse_ws/install/turtle_interfaces/share/turtle_interfaces/msg/TurtleMsg.idl
[0.941s] -- Up-to-date symlink: /home/yahboom/S24_RobotProgramming_eloquent/lab3/roscourse_ws/install/turtle_interfaces/share/turtle_interfaces/srv/SetPose.idl
[0.941s] -- Up-to-date symlink: /home/yahboom/S24_RobotProgramming_eloquent/lab3/roscourse_ws/install/turtle_interfaces/share/turtle_interfaces/srv/SetColor.idl
[0.942s] -- Up-to-date symlink: /home/yahboom/S24_RobotProgramming_eloquent/lab3/roscourse_ws/install/turtle_interfaces/share/turtle_interfaces/msg/TurtleMsg.msg
[0.942s] -- Up-to-date symlink: /home/yahboom/S24_RobotProgramming_eloquent/lab3/roscourse_ws/install/turtle_interfaces/share/turtle_interfaces/srv/SetPose.srv
[0.942s] -- Up-to-date symlink: /home/yahboom/S24_RobotProgramming_eloquent/lab3/roscourse_ws/install/turtle_interfaces/share/turtle_interfaces/srv/SetPose_Request.msg
[0.943s] -- Up-to-date symlink: /home/yahboom/S24_RobotProgramming_eloquent/lab3/roscourse_ws/install/turtle_interfaces/share/turtle_interfaces/srv/SetPose_Response.msg
[0.943s] -- Up-to-date symlink: /home/yahboom/S24_RobotProgramming_eloquent/lab3/roscourse_ws/install/turtle_interfaces/share/turtle_interfaces/srv/SetColor.srv
[0.943s] -- Up-to-date symlink: /home/yahboom/S24_RobotProgramming_eloquent/lab3/roscourse_ws/install/turtle_interfaces/share/turtle_interfaces/srv/SetColor_Request.msg
[0.943s] -- Up-to-date symlink: /home/yahboom/S24_RobotProgramming_eloquent/lab3/roscourse_ws/install/turtle_interfaces/share/turtle_interfaces/srv/SetColor_Response.msg
[0.944s] -- Up-to-date symlink: /home/yahboom/S24_RobotProgramming_eloquent/lab3/roscourse_ws/install/turtle_interfaces/share/ament_index/resource_index/package_run_dependencies/turtle_interfaces
[0.944s] -- Up-to-date symlink: /home/yahboom/S24_RobotProgramming_eloquent/lab3/roscourse_ws/install/turtle_interfaces/share/ament_index/resource_index/parent_prefix_path/turtle_interfaces
[0.944s] -- Up-to-date symlink: /home/yahboom/S24_RobotProgramming_eloquent/lab3/roscourse_ws/install/turtle_interfaces/share/turtle_interfaces/environment/ament_prefix_path.sh
[0.945s] -- Up-to-date symlink: /home/yahboom/S24_RobotProgramming_eloquent/lab3/roscourse_ws/install/turtle_interfaces/share/turtle_interfaces/environment/ament_prefix_path.dsv
[0.945s] -- Up-to-date symlink: /home/yahboom/S24_RobotProgramming_eloquent/lab3/roscourse_ws/install/turtle_interfaces/share/turtle_interfaces/environment/path.sh
[0.945s] -- Up-to-date symlink: /home/yahboom/S24_RobotProgramming_eloquent/lab3/roscourse_ws/install/turtle_interfaces/share/turtle_interfaces/environment/path.dsv
[0.946s] -- Up-to-date symlink: /home/yahboom/S24_RobotProgramming_eloquent/lab3/roscourse_ws/install/turtle_interfaces/share/turtle_interfaces/local_setup.bash
[0.946s] -- Up-to-date symlink: /home/yahboom/S24_RobotProgramming_eloquent/lab3/roscourse_ws/install/turtle_interfaces/share/turtle_interfaces/local_setup.sh
[0.946s] -- Up-to-date symlink: /home/yahboom/S24_RobotProgramming_eloquent/lab3/roscourse_ws/install/turtle_interfaces/share/turtle_interfaces/local_setup.zsh
[0.946s] -- Up-to-date symlink: /home/yahboom/S24_RobotProgramming_eloquent/lab3/roscourse_ws/install/turtle_interfaces/share/turtle_interfaces/local_setup.dsv
[0.947s] -- Symlinking: /home/yahboom/S24_RobotProgramming_eloquent/lab3/roscourse_ws/install/turtle_interfaces/share/turtle_interfaces/package.dsv
[0.955s] -- Up-to-date symlink: /home/yahboom/S24_RobotProgramming_eloquent/lab3/roscourse_ws/install/turtle_interfaces/share/ament_index/resource_index/packages/turtle_interfaces
[0.955s] -- Up-to-date symlink: /home/yahboom/S24_RobotProgramming_eloquent/lab3/roscourse_ws/install/turtle_interfaces/share/turtle_interfaces/cmake/rosidl_cmake-extras.cmake
[0.956s] -- Up-to-date symlink: /home/yahboom/S24_RobotProgramming_eloquent/lab3/roscourse_ws/install/turtle_interfaces/share/turtle_interfaces/cmake/ament_cmake_export_dependencies-extras.cmake
[0.956s] -- Up-to-date symlink: /home/yahboom/S24_RobotProgramming_eloquent/lab3/roscourse_ws/install/turtle_interfaces/share/turtle_interfaces/cmake/ament_cmake_export_libraries-extras.cmake
[0.956s] -- Up-to-date symlink: /home/yahboom/S24_RobotProgramming_eloquent/lab3/roscourse_ws/install/turtle_interfaces/share/turtle_interfaces/cmake/ament_cmake_export_targets-extras.cmake
[0.956s] -- Up-to-date symlink: /home/yahboom/S24_RobotProgramming_eloquent/lab3/roscourse_ws/install/turtle_interfaces/share/turtle_interfaces/cmake/ament_cmake_export_include_directories-extras.cmake
[0.956s] -- Up-to-date symlink: /home/yahboom/S24_RobotProgramming_eloquent/lab3/roscourse_ws/install/turtle_interfaces/share/turtle_interfaces/cmake/rosidl_cmake_export_typesupport_libraries-extras.cmake
[0.957s] -- Up-to-date symlink: /home/yahboom/S24_RobotProgramming_eloquent/lab3/roscourse_ws/install/turtle_interfaces/share/turtle_interfaces/cmake/rosidl_cmake_export_typesupport_targets-extras.cmake
[0.957s] -- Up-to-date symlink: /home/yahboom/S24_RobotProgramming_eloquent/lab3/roscourse_ws/install/turtle_interfaces/share/turtle_interfaces/cmake/turtle_interfacesConfig.cmake
[0.957s] -- Up-to-date symlink: /home/yahboom/S24_RobotProgramming_eloquent/lab3/roscourse_ws/install/turtle_interfaces/share/turtle_interfaces/cmake/turtle_interfacesConfig-version.cmake
[0.957s] -- Up-to-date symlink: /home/yahboom/S24_RobotProgramming_eloquent/lab3/roscourse_ws/install/turtle_interfaces/share/turtle_interfaces/package.xml
[0.957s] -- Up-to-date: /home/yahboom/S24_RobotProgramming_eloquent/lab3/roscourse_ws/install/turtle_interfaces/lib/libturtle_interfaces__rosidl_generator_c.so
[0.958s] -- Up-to-date: /home/yahboom/S24_RobotProgramming_eloquent/lab3/roscourse_ws/install/turtle_interfaces/lib/libturtle_interfaces__rosidl_typesupport_introspection_c.so
[0.958s] -- Up-to-date: /home/yahboom/S24_RobotProgramming_eloquent/lab3/roscourse_ws/install/turtle_interfaces/lib/libturtle_interfaces__rosidl_typesupport_c.so
[0.958s] -- Up-to-date: /home/yahboom/S24_RobotProgramming_eloquent/lab3/roscourse_ws/install/turtle_interfaces/lib/libturtle_interfaces__rosidl_typesupport_introspection_cpp.so
[0.958s] -- Up-to-date: /home/yahboom/S24_RobotProgramming_eloquent/lab3/roscourse_ws/install/turtle_interfaces/lib/libturtle_interfaces__rosidl_typesupport_cpp.so
[1.001s] -- Up-to-date: /home/yahboom/S24_RobotProgramming_eloquent/lab3/roscourse_ws/install/turtle_interfaces/share/turtle_interfaces/cmake/turtle_interfaces__rosidl_generator_cExport.cmake
[1.001s] -- Up-to-date: /home/yahboom/S24_RobotProgramming_eloquent/lab3/roscourse_ws/install/turtle_interfaces/share/turtle_interfaces/cmake/turtle_interfaces__rosidl_generator_cExport-noconfig.cmake
[1.001s] -- Up-to-date: /home/yahboom/S24_RobotProgramming_eloquent/lab3/roscourse_ws/install/turtle_interfaces/share/turtle_interfaces/cmake/turtle_interfaces__rosidl_typesupport_introspection_cExport.cmake
[1.001s] -- Up-to-date: /home/yahboom/S24_RobotProgramming_eloquent/lab3/roscourse_ws/install/turtle_interfaces/share/turtle_interfaces/cmake/turtle_interfaces__rosidl_typesupport_introspection_cExport-noconfig.cmake
[1.001s] -- Up-to-date: /home/yahboom/S24_RobotProgramming_eloquent/lab3/roscourse_ws/install/turtle_interfaces/share/turtle_interfaces/cmake/turtle_interfaces__rosidl_typesupport_cExport.cmake
[1.001s] -- Up-to-date: /home/yahboom/S24_RobotProgramming_eloquent/lab3/roscourse_ws/install/turtle_interfaces/share/turtle_interfaces/cmake/turtle_interfaces__rosidl_typesupport_cExport-noconfig.cmake
[1.002s] -- Up-to-date: /home/yahboom/S24_RobotProgramming_eloquent/lab3/roscourse_ws/install/turtle_interfaces/share/turtle_interfaces/cmake/turtle_interfaces__rosidl_generator_cppExport.cmake
[1.002s] -- Up-to-date: /home/yahboom/S24_RobotProgramming_eloquent/lab3/roscourse_ws/install/turtle_interfaces/share/turtle_interfaces/cmake/turtle_interfaces__rosidl_typesupport_introspection_cppExport.cmake
[1.010s] -- Up-to-date: /home/yahboom/S24_RobotProgramming_eloquent/lab3/roscourse_ws/install/turtle_interfaces/share/turtle_interfaces/cmake/turtle_interfaces__rosidl_typesupport_introspection_cppExport-noconfig.cmake
[1.010s] -- Up-to-date: /home/yahboom/S24_RobotProgramming_eloquent/lab3/roscourse_ws/install/turtle_interfaces/share/turtle_interfaces/cmake/turtle_interfaces__rosidl_typesupport_cppExport.cmake
[1.010s] -- Up-to-date: /home/yahboom/S24_RobotProgramming_eloquent/lab3/roscourse_ws/install/turtle_interfaces/share/turtle_interfaces/cmake/turtle_interfaces__rosidl_typesupport_cppExport-noconfig.cmake
[1.010s] Invoked command in '/home/yahboom/S24_RobotProgramming_eloquent/lab3/roscourse_ws/build/turtle_interfaces' returned '0': CMAKE_PREFIX_PATH=${CMAKE_PREFIX_PATH}:/home/yahboom/yahboomcar_ros2_ws/yahboomcar_ws/install/yahboomcar_voice_ctrl:/home/yahboom/yahboomcar_ros2_ws/yahboomcar_ws/install/yahboomcar_visual:/home/yahboom/yahboomcar_ros2_ws/yahboomcar_ws/install/yahboomcar_rviz:/home/yahboom/yahboomcar_ros2_ws/yahboomcar_ws/install/yahboomcar_nav:/home/yahboom/yahboomcar_ros2_ws/yahboomcar_ws/install/yahboomcar_multi:/home/yahboom/yahboomcar_ros2_ws/yahboomcar_ws/install/yahboomcar_mediapipe:/home/yahboom/yahboomcar_ros2_ws/yahboomcar_ws/install/yahboomcar_linefollow:/home/yahboom/yahboomcar_ros2_ws/yahboomcar_ws/install/yahboomcar_laser:/home/yahboom/yahboomcar_ros2_ws/yahboomcar_ws/install/yahboomcar_description_x1:/home/yahboom/yahboomcar_ros2_ws/yahboomcar_ws/install/yahboomcar_description:/home/yahboom/yahboomcar_ros2_ws/yahboomcar_ws/install/yahboomcar_ctrl:/home/yahboom/yahboomcar_ros2_ws/yahboomcar_ws/install/yahboomcar_bringup:/home/yahboom/yahboomcar_ros2_ws/yahboomcar_ws/install/yahboomcar_astra:/home/yahboom/yahboomcar_ros2_ws/yahboomcar_ws/install/robot_pose_publisher:/home/yahboom/yahboomcar_ros2_ws/yahboomcar_ws/install/laserscan_to_point_pulisher:/opt/ros/foxy /usr/bin/cmake --install /home/yahboom/S24_RobotProgramming_eloquent/lab3/roscourse_ws/build/turtle_interfaces
