-- Found ament_cmake: 0.9.11 (/opt/ros/foxy/share/ament_cmake/cmake)
-- Found PythonInterp: /usr/bin/python3 (found suitable version "3.8.10", minimum required is "3") 
-- Using PYTHON_EXECUTABLE: /usr/bin/python3
-- Override CMake install command with custom implementation using symlinks instead of copying resources
-- Found ament_lint_auto: 0.9.8 (/opt/ros/foxy/share/ament_lint_auto/cmake)
-- Found geometry_msgs: 2.0.5 (/opt/ros/foxy/share/geometry_msgs/cmake)
-- Using all available rosidl_typesupport_c: rosidl_typesupport_fastrtps_c;rosidl_typesupport_introspection_c
-- Found rosidl_adapter: 1.3.0 (/opt/ros/foxy/share/rosidl_adapter/cmake)
-- Using all available rosidl_typesupport_cpp: rosidl_typesupport_fastrtps_cpp;rosidl_typesupport_introspection_cpp
-- Found rosidl_default_generators: 1.0.1 (/opt/ros/foxy/share/rosidl_default_generators/cmake)
-- Found PythonInterp: /usr/bin/python3 (found version "3.8.10") 
-- Found ament_cmake_ros: 0.9.2 (/opt/ros/foxy/share/ament_cmake_ros/cmake)
-- Using all available rosidl_typesupport_c: rosidl_typesupport_fastrtps_c;rosidl_typesupport_introspection_c
-- Using all available rosidl_typesupport_cpp: rosidl_typesupport_fastrtps_cpp;rosidl_typesupport_introspection_cpp
-- Found PythonInterp: /usr/bin/python3 (found suitable version "3.8.10", minimum required is "3.5") 
-- Found python_cmake_module: 0.8.1 (/opt/ros/foxy/share/python_cmake_module/cmake)
-- Using PYTHON_EXECUTABLE: /usr/bin/python3
-- Using PYTHON_INCLUDE_DIRS: /usr/include/python3.8
-- Using PYTHON_LIBRARIES: /usr/lib/x86_64-linux-gnu/libpython3.8.so
-- Added test 'copyright' to check source files copyright and LICENSE
-- Added test 'lint_cmake' to check CMake code style
-- Added test 'xmllint' to check XML markup files
-- Configuring done
-- Generating done
-- Build files have been written to: /home/yahboom/S24_RobotProgramming_eloquent/Lab4/roscourse_ws/build/turtle_interfaces
[ 10%] Built target turtle_interfaces__rosidl_generator_c
[ 12%] Built target turtle_interfaces__cpp
[ 23%] Built target turtle_interfaces__rosidl_typesupport_introspection_c
[ 34%] Built target turtle_interfaces__rosidl_typesupport_c
[ 44%] Built target turtle_interfaces__rosidl_typesupport_cpp
[ 46%] [32m[1mLinking CXX shared library libturtle_interfaces__rosidl_typesupport_fastrtps_cpp.so[0m
[ 57%] Built target turtle_interfaces__rosidl_typesupport_introspection_cpp
[ 65%] Built target turtle_interfaces__rosidl_typesupport_fastrtps_cpp
[ 68%] [32m[1mLinking CXX shared library libturtle_interfaces__rosidl_typesupport_fastrtps_c.so[0m
[ 76%] Built target turtle_interfaces__rosidl_typesupport_fastrtps_c
[ 76%] Built target turtle_interfaces
[ 78%] Built target turtle_interfaces__py
[ 80%] [32m[1mLinking C shared library rosidl_generator_py/turtle_interfaces/libturtle_interfaces__python.so[0m
[ 87%] Built target turtle_interfaces__python
[ 89%] [32m[1mLinking C shared library rosidl_generator_py/turtle_interfaces/turtle_interfaces_s__rosidl_typesupport_c.cpython-38-x86_64-linux-gnu.so[0m
[ 91%] [32m[1mLinking CXX shared library rosidl_generator_py/turtle_interfaces/turtle_interfaces_s__rosidl_typesupport_fastrtps_c.cpython-38-x86_64-linux-gnu.so[0m
[ 93%] [32m[1mLinking C shared library rosidl_generator_py/turtle_interfaces/turtle_interfaces_s__rosidl_typesupport_introspection_c.cpython-38-x86_64-linux-gnu.so[0m
[ 95%] Built target turtle_interfaces__rosidl_typesupport_c__pyext
[ 97%] Built target turtle_interfaces__rosidl_typesupport_introspection_c__pyext
[100%] Built target turtle_interfaces__rosidl_typesupport_fastrtps_c__pyext
-- Install configuration: ""
-- Execute custom install script
-- Symlinking: /home/yahboom/S24_RobotProgramming_eloquent/Lab4/roscourse_ws/install/turtle_interfaces/share/ament_index/resource_index/rosidl_interfaces/turtle_interfaces
-- Symlinking: /home/yahboom/S24_RobotProgramming_eloquent/Lab4/roscourse_ws/install/turtle_interfaces/include/turtle_interfaces/msg/detail/turtle_msg__functions.h
-- Symlinking: /home/yahboom/S24_RobotProgramming_eloquent/Lab4/roscourse_ws/install/turtle_interfaces/include/turtle_interfaces/msg/detail/turtle_msg__struct.h
-- Symlinking: /home/yahboom/S24_RobotProgramming_eloquent/Lab4/roscourse_ws/install/turtle_interfaces/include/turtle_interfaces/msg/detail/turtle_msg__type_support.h
-- Symlinking: /home/yahboom/S24_RobotProgramming_eloquent/Lab4/roscourse_ws/install/turtle_interfaces/include/turtle_interfaces/msg/rosidl_generator_c__visibility_control.h
-- Symlinking: /home/yahboom/S24_RobotProgramming_eloquent/Lab4/roscourse_ws/install/turtle_interfaces/include/turtle_interfaces/msg/turtle_msg.h
-- Symlinking: /home/yahboom/S24_RobotProgramming_eloquent/Lab4/roscourse_ws/install/turtle_interfaces/include/turtle_interfaces/srv/detail/set_color__functions.h
-- Symlinking: /home/yahboom/S24_RobotProgramming_eloquent/Lab4/roscourse_ws/install/turtle_interfaces/include/turtle_interfaces/srv/detail/set_color__struct.h
-- Symlinking: /home/yahboom/S24_RobotProgramming_eloquent/Lab4/roscourse_ws/install/turtle_interfaces/include/turtle_interfaces/srv/detail/set_color__type_support.h
-- Symlinking: /home/yahboom/S24_RobotProgramming_eloquent/Lab4/roscourse_ws/install/turtle_interfaces/include/turtle_interfaces/srv/detail/set_pose__functions.h
-- Symlinking: /home/yahboom/S24_RobotProgramming_eloquent/Lab4/roscourse_ws/install/turtle_interfaces/include/turtle_interfaces/srv/detail/set_pose__struct.h
-- Symlinking: /home/yahboom/S24_RobotProgramming_eloquent/Lab4/roscourse_ws/install/turtle_interfaces/include/turtle_interfaces/srv/detail/set_pose__type_support.h
-- Symlinking: /home/yahboom/S24_RobotProgramming_eloquent/Lab4/roscourse_ws/install/turtle_interfaces/include/turtle_interfaces/srv/set_color.h
-- Symlinking: /home/yahboom/S24_RobotProgramming_eloquent/Lab4/roscourse_ws/install/turtle_interfaces/include/turtle_interfaces/srv/set_pose.h
-- Up-to-date symlink: /home/yahboom/S24_RobotProgramming_eloquent/Lab4/roscourse_ws/install/turtle_interfaces/share/turtle_interfaces/environment/library_path.sh
-- Symlinking: /home/yahboom/S24_RobotProgramming_eloquent/Lab4/roscourse_ws/install/turtle_interfaces/share/turtle_interfaces/environment/library_path.dsv
-- Symlinking: /home/yahboom/S24_RobotProgramming_eloquent/Lab4/roscourse_ws/install/turtle_interfaces/include/turtle_interfaces/msg/detail/turtle_msg__rosidl_typesupport_fastrtps_c.h
-- Symlinking: /home/yahboom/S24_RobotProgramming_eloquent/Lab4/roscourse_ws/install/turtle_interfaces/include/turtle_interfaces/msg/rosidl_typesupport_fastrtps_c__visibility_control.h
-- Symlinking: /home/yahboom/S24_RobotProgramming_eloquent/Lab4/roscourse_ws/install/turtle_interfaces/include/turtle_interfaces/srv/detail/set_color__rosidl_typesupport_fastrtps_c.h
-- Symlinking: /home/yahboom/S24_RobotProgramming_eloquent/Lab4/roscourse_ws/install/turtle_interfaces/include/turtle_interfaces/srv/detail/set_pose__rosidl_typesupport_fastrtps_c.h
-- Symlinking: /home/yahboom/S24_RobotProgramming_eloquent/Lab4/roscourse_ws/install/turtle_interfaces/lib/libturtle_interfaces__rosidl_typesupport_fastrtps_c.so
-- Symlinking: /home/yahboom/S24_RobotProgramming_eloquent/Lab4/roscourse_ws/install/turtle_interfaces/include/turtle_interfaces/msg/detail/turtle_msg__rosidl_typesupport_fastrtps_cpp.hpp
-- Symlinking: /home/yahboom/S24_RobotProgramming_eloquent/Lab4/roscourse_ws/install/turtle_interfaces/include/turtle_interfaces/msg/rosidl_typesupport_fastrtps_cpp__visibility_control.h
-- Symlinking: /home/yahboom/S24_RobotProgramming_eloquent/Lab4/roscourse_ws/install/turtle_interfaces/include/turtle_interfaces/srv/detail/set_color__rosidl_typesupport_fastrtps_cpp.hpp
-- Symlinking: /home/yahboom/S24_RobotProgramming_eloquent/Lab4/roscourse_ws/install/turtle_interfaces/include/turtle_interfaces/srv/detail/set_pose__rosidl_typesupport_fastrtps_cpp.hpp
-- Symlinking: /home/yahboom/S24_RobotProgramming_eloquent/Lab4/roscourse_ws/install/turtle_interfaces/lib/libturtle_interfaces__rosidl_typesupport_fastrtps_cpp.so
-- Symlinking: /home/yahboom/S24_RobotProgramming_eloquent/Lab4/roscourse_ws/install/turtle_interfaces/include/turtle_interfaces/msg/detail/turtle_msg__rosidl_typesupport_introspection_c.h
-- Symlinking: /home/yahboom/S24_RobotProgramming_eloquent/Lab4/roscourse_ws/install/turtle_interfaces/include/turtle_interfaces/msg/rosidl_typesupport_introspection_c__visibility_control.h
-- Symlinking: /home/yahboom/S24_RobotProgramming_eloquent/Lab4/roscourse_ws/install/turtle_interfaces/include/turtle_interfaces/srv/detail/set_color__rosidl_typesupport_introspection_c.h
-- Symlinking: /home/yahboom/S24_RobotProgramming_eloquent/Lab4/roscourse_ws/install/turtle_interfaces/include/turtle_interfaces/srv/detail/set_pose__rosidl_typesupport_introspection_c.h
-- Symlinking: /home/yahboom/S24_RobotProgramming_eloquent/Lab4/roscourse_ws/install/turtle_interfaces/include/turtle_interfaces/msg/detail/turtle_msg__builder.hpp
-- Symlinking: /home/yahboom/S24_RobotProgramming_eloquent/Lab4/roscourse_ws/install/turtle_interfaces/include/turtle_interfaces/msg/detail/turtle_msg__struct.hpp
-- Symlinking: /home/yahboom/S24_RobotProgramming_eloquent/Lab4/roscourse_ws/install/turtle_interfaces/include/turtle_interfaces/msg/detail/turtle_msg__traits.hpp
-- Symlinking: /home/yahboom/S24_RobotProgramming_eloquent/Lab4/roscourse_ws/install/turtle_interfaces/include/turtle_interfaces/msg/turtle_msg.hpp
-- Symlinking: /home/yahboom/S24_RobotProgramming_eloquent/Lab4/roscourse_ws/install/turtle_interfaces/include/turtle_interfaces/srv/detail/set_color__builder.hpp
-- Symlinking: /home/yahboom/S24_RobotProgramming_eloquent/Lab4/roscourse_ws/install/turtle_interfaces/include/turtle_interfaces/srv/detail/set_color__struct.hpp
-- Symlinking: /home/yahboom/S24_RobotProgramming_eloquent/Lab4/roscourse_ws/install/turtle_interfaces/include/turtle_interfaces/srv/detail/set_color__traits.hpp
-- Symlinking: /home/yahboom/S24_RobotProgramming_eloquent/Lab4/roscourse_ws/install/turtle_interfaces/include/turtle_interfaces/srv/detail/set_pose__builder.hpp
-- Symlinking: /home/yahboom/S24_RobotProgramming_eloquent/Lab4/roscourse_ws/install/turtle_interfaces/include/turtle_interfaces/srv/detail/set_pose__struct.hpp
-- Symlinking: /home/yahboom/S24_RobotProgramming_eloquent/Lab4/roscourse_ws/install/turtle_interfaces/include/turtle_interfaces/srv/detail/set_pose__traits.hpp
-- Symlinking: /home/yahboom/S24_RobotProgramming_eloquent/Lab4/roscourse_ws/install/turtle_interfaces/include/turtle_interfaces/srv/set_color.hpp
-- Symlinking: /home/yahboom/S24_RobotProgramming_eloquent/Lab4/roscourse_ws/install/turtle_interfaces/include/turtle_interfaces/srv/set_pose.hpp
-- Symlinking: /home/yahboom/S24_RobotProgramming_eloquent/Lab4/roscourse_ws/install/turtle_interfaces/include/turtle_interfaces/msg/detail/turtle_msg__rosidl_typesupport_introspection_cpp.hpp
-- Symlinking: /home/yahboom/S24_RobotProgramming_eloquent/Lab4/roscourse_ws/install/turtle_interfaces/include/turtle_interfaces/srv/detail/set_color__rosidl_typesupport_introspection_cpp.hpp
-- Symlinking: /home/yahboom/S24_RobotProgramming_eloquent/Lab4/roscourse_ws/install/turtle_interfaces/include/turtle_interfaces/srv/detail/set_pose__rosidl_typesupport_introspection_cpp.hpp
-- Symlinking: /home/yahboom/S24_RobotProgramming_eloquent/Lab4/roscourse_ws/install/turtle_interfaces/share/turtle_interfaces/environment/pythonpath.sh
-- Symlinking: /home/yahboom/S24_RobotProgramming_eloquent/Lab4/roscourse_ws/install/turtle_interfaces/share/turtle_interfaces/environment/pythonpath.dsv
-- Symlinking: /home/yahboom/S24_RobotProgramming_eloquent/Lab4/roscourse_ws/install/turtle_interfaces/lib/python3.8/site-packages/turtle_interfaces/__init__.py
-- Symlinking: /home/yahboom/S24_RobotProgramming_eloquent/Lab4/roscourse_ws/install/turtle_interfaces/lib/python3.8/site-packages/turtle_interfaces/msg/__init__.py
-- Symlinking: /home/yahboom/S24_RobotProgramming_eloquent/Lab4/roscourse_ws/install/turtle_interfaces/lib/python3.8/site-packages/turtle_interfaces/msg/_turtle_msg.py
-- Symlinking: /home/yahboom/S24_RobotProgramming_eloquent/Lab4/roscourse_ws/install/turtle_interfaces/lib/python3.8/site-packages/turtle_interfaces/srv/__init__.py
-- Symlinking: /home/yahboom/S24_RobotProgramming_eloquent/Lab4/roscourse_ws/install/turtle_interfaces/lib/python3.8/site-packages/turtle_interfaces/srv/_set_color.py
-- Symlinking: /home/yahboom/S24_RobotProgramming_eloquent/Lab4/roscourse_ws/install/turtle_interfaces/lib/python3.8/site-packages/turtle_interfaces/srv/_set_pose.py
-- Symlinking: /home/yahboom/S24_RobotProgramming_eloquent/Lab4/roscourse_ws/install/turtle_interfaces/lib/python3.8/site-packages/turtle_interfaces/turtle_interfaces_s__rosidl_typesupport_fastrtps_c.cpython-38-x86_64-linux-gnu.so
-- Symlinking: /home/yahboom/S24_RobotProgramming_eloquent/Lab4/roscourse_ws/install/turtle_interfaces/lib/python3.8/site-packages/turtle_interfaces/turtle_interfaces_s__rosidl_typesupport_introspection_c.cpython-38-x86_64-linux-gnu.so
-- Symlinking: /home/yahboom/S24_RobotProgramming_eloquent/Lab4/roscourse_ws/install/turtle_interfaces/lib/python3.8/site-packages/turtle_interfaces/turtle_interfaces_s__rosidl_typesupport_c.cpython-38-x86_64-linux-gnu.so
-- Symlinking: /home/yahboom/S24_RobotProgramming_eloquent/Lab4/roscourse_ws/install/turtle_interfaces/lib/libturtle_interfaces__python.so
-- Symlinking: /home/yahboom/S24_RobotProgramming_eloquent/Lab4/roscourse_ws/install/turtle_interfaces/share/turtle_interfaces/msg/TurtleMsg.idl
-- Symlinking: /home/yahboom/S24_RobotProgramming_eloquent/Lab4/roscourse_ws/install/turtle_interfaces/share/turtle_interfaces/srv/SetPose.idl
-- Symlinking: /home/yahboom/S24_RobotProgramming_eloquent/Lab4/roscourse_ws/install/turtle_interfaces/share/turtle_interfaces/srv/SetColor.idl
-- Symlinking: /home/yahboom/S24_RobotProgramming_eloquent/Lab4/roscourse_ws/install/turtle_interfaces/share/turtle_interfaces/msg/TurtleMsg.msg
-- Symlinking: /home/yahboom/S24_RobotProgramming_eloquent/Lab4/roscourse_ws/install/turtle_interfaces/share/turtle_interfaces/srv/SetPose.srv
-- Symlinking: /home/yahboom/S24_RobotProgramming_eloquent/Lab4/roscourse_ws/install/turtle_interfaces/share/turtle_interfaces/srv/SetPose_Request.msg
-- Symlinking: /home/yahboom/S24_RobotProgramming_eloquent/Lab4/roscourse_ws/install/turtle_interfaces/share/turtle_interfaces/srv/SetPose_Response.msg
-- Symlinking: /home/yahboom/S24_RobotProgramming_eloquent/Lab4/roscourse_ws/install/turtle_interfaces/share/turtle_interfaces/srv/SetColor.srv
-- Symlinking: /home/yahboom/S24_RobotProgramming_eloquent/Lab4/roscourse_ws/install/turtle_interfaces/share/turtle_interfaces/srv/SetColor_Request.msg
-- Symlinking: /home/yahboom/S24_RobotProgramming_eloquent/Lab4/roscourse_ws/install/turtle_interfaces/share/turtle_interfaces/srv/SetColor_Response.msg
-- Symlinking: /home/yahboom/S24_RobotProgramming_eloquent/Lab4/roscourse_ws/install/turtle_interfaces/share/ament_index/resource_index/package_run_dependencies/turtle_interfaces
-- Symlinking: /home/yahboom/S24_RobotProgramming_eloquent/Lab4/roscourse_ws/install/turtle_interfaces/share/ament_index/resource_index/parent_prefix_path/turtle_interfaces
-- Up-to-date symlink: /home/yahboom/S24_RobotProgramming_eloquent/Lab4/roscourse_ws/install/turtle_interfaces/share/turtle_interfaces/environment/ament_prefix_path.sh
-- Symlinking: /home/yahboom/S24_RobotProgramming_eloquent/Lab4/roscourse_ws/install/turtle_interfaces/share/turtle_interfaces/environment/ament_prefix_path.dsv
-- Up-to-date symlink: /home/yahboom/S24_RobotProgramming_eloquent/Lab4/roscourse_ws/install/turtle_interfaces/share/turtle_interfaces/environment/path.sh
-- Symlinking: /home/yahboom/S24_RobotProgramming_eloquent/Lab4/roscourse_ws/install/turtle_interfaces/share/turtle_interfaces/environment/path.dsv
-- Symlinking: /home/yahboom/S24_RobotProgramming_eloquent/Lab4/roscourse_ws/install/turtle_interfaces/share/turtle_interfaces/local_setup.bash
-- Symlinking: /home/yahboom/S24_RobotProgramming_eloquent/Lab4/roscourse_ws/install/turtle_interfaces/share/turtle_interfaces/local_setup.sh
-- Symlinking: /home/yahboom/S24_RobotProgramming_eloquent/Lab4/roscourse_ws/install/turtle_interfaces/share/turtle_interfaces/local_setup.zsh
-- Symlinking: /home/yahboom/S24_RobotProgramming_eloquent/Lab4/roscourse_ws/install/turtle_interfaces/share/turtle_interfaces/local_setup.dsv
-- Symlinking: /home/yahboom/S24_RobotProgramming_eloquent/Lab4/roscourse_ws/install/turtle_interfaces/share/turtle_interfaces/package.dsv
-- Symlinking: /home/yahboom/S24_RobotProgramming_eloquent/Lab4/roscourse_ws/install/turtle_interfaces/share/ament_index/resource_index/packages/turtle_interfaces
-- Symlinking: /home/yahboom/S24_RobotProgramming_eloquent/Lab4/roscourse_ws/install/turtle_interfaces/share/turtle_interfaces/cmake/rosidl_cmake-extras.cmake
-- Symlinking: /home/yahboom/S24_RobotProgramming_eloquent/Lab4/roscourse_ws/install/turtle_interfaces/share/turtle_interfaces/cmake/ament_cmake_export_dependencies-extras.cmake
-- Symlinking: /home/yahboom/S24_RobotProgramming_eloquent/Lab4/roscourse_ws/install/turtle_interfaces/share/turtle_interfaces/cmake/ament_cmake_export_libraries-extras.cmake
-- Symlinking: /home/yahboom/S24_RobotProgramming_eloquent/Lab4/roscourse_ws/install/turtle_interfaces/share/turtle_interfaces/cmake/ament_cmake_export_targets-extras.cmake
-- Symlinking: /home/yahboom/S24_RobotProgramming_eloquent/Lab4/roscourse_ws/install/turtle_interfaces/share/turtle_interfaces/cmake/ament_cmake_export_include_directories-extras.cmake
-- Symlinking: /home/yahboom/S24_RobotProgramming_eloquent/Lab4/roscourse_ws/install/turtle_interfaces/share/turtle_interfaces/cmake/rosidl_cmake_export_typesupport_libraries-extras.cmake
-- Symlinking: /home/yahboom/S24_RobotProgramming_eloquent/Lab4/roscourse_ws/install/turtle_interfaces/share/turtle_interfaces/cmake/rosidl_cmake_export_typesupport_targets-extras.cmake
-- Symlinking: /home/yahboom/S24_RobotProgramming_eloquent/Lab4/roscourse_ws/install/turtle_interfaces/share/turtle_interfaces/cmake/turtle_interfacesConfig.cmake
-- Symlinking: /home/yahboom/S24_RobotProgramming_eloquent/Lab4/roscourse_ws/install/turtle_interfaces/share/turtle_interfaces/cmake/turtle_interfacesConfig-version.cmake
-- Symlinking: /home/yahboom/S24_RobotProgramming_eloquent/Lab4/roscourse_ws/install/turtle_interfaces/share/turtle_interfaces/package.xml
-- Up-to-date: /home/yahboom/S24_RobotProgramming_eloquent/Lab4/roscourse_ws/install/turtle_interfaces/lib/libturtle_interfaces__rosidl_generator_c.so
-- Up-to-date: /home/yahboom/S24_RobotProgramming_eloquent/Lab4/roscourse_ws/install/turtle_interfaces/lib/libturtle_interfaces__rosidl_typesupport_introspection_c.so
-- Up-to-date: /home/yahboom/S24_RobotProgramming_eloquent/Lab4/roscourse_ws/install/turtle_interfaces/lib/libturtle_interfaces__rosidl_typesupport_c.so
-- Up-to-date: /home/yahboom/S24_RobotProgramming_eloquent/Lab4/roscourse_ws/install/turtle_interfaces/lib/libturtle_interfaces__rosidl_typesupport_introspection_cpp.so
-- Up-to-date: /home/yahboom/S24_RobotProgramming_eloquent/Lab4/roscourse_ws/install/turtle_interfaces/lib/libturtle_interfaces__rosidl_typesupport_cpp.so
Compiling '/home/yahboom/S24_RobotProgramming_eloquent/Lab4/roscourse_ws/install/turtle_interfaces/lib/python3.8/site-packages/turtle_interfaces/__init__.py'...
-- Up-to-date: /home/yahboom/S24_RobotProgramming_eloquent/Lab4/roscourse_ws/install/turtle_interfaces/share/turtle_interfaces/cmake/turtle_interfaces__rosidl_generator_cExport.cmake
-- Installing: /home/yahboom/S24_RobotProgramming_eloquent/Lab4/roscourse_ws/install/turtle_interfaces/share/turtle_interfaces/cmake/turtle_interfaces__rosidl_generator_cExport-noconfig.cmake
-- Up-to-date: /home/yahboom/S24_RobotProgramming_eloquent/Lab4/roscourse_ws/install/turtle_interfaces/share/turtle_interfaces/cmake/turtle_interfaces__rosidl_typesupport_introspection_cExport.cmake
-- Installing: /home/yahboom/S24_RobotProgramming_eloquent/Lab4/roscourse_ws/install/turtle_interfaces/share/turtle_interfaces/cmake/turtle_interfaces__rosidl_typesupport_introspection_cExport-noconfig.cmake
-- Up-to-date: /home/yahboom/S24_RobotProgramming_eloquent/Lab4/roscourse_ws/install/turtle_interfaces/share/turtle_interfaces/cmake/turtle_interfaces__rosidl_typesupport_cExport.cmake
-- Installing: /home/yahboom/S24_RobotProgramming_eloquent/Lab4/roscourse_ws/install/turtle_interfaces/share/turtle_interfaces/cmake/turtle_interfaces__rosidl_typesupport_cExport-noconfig.cmake
-- Up-to-date: /home/yahboom/S24_RobotProgramming_eloquent/Lab4/roscourse_ws/install/turtle_interfaces/share/turtle_interfaces/cmake/turtle_interfaces__rosidl_generator_cppExport.cmake
-- Up-to-date: /home/yahboom/S24_RobotProgramming_eloquent/Lab4/roscourse_ws/install/turtle_interfaces/share/turtle_interfaces/cmake/turtle_interfaces__rosidl_typesupport_introspection_cppExport.cmake
-- Installing: /home/yahboom/S24_RobotProgramming_eloquent/Lab4/roscourse_ws/install/turtle_interfaces/share/turtle_interfaces/cmake/turtle_interfaces__rosidl_typesupport_introspection_cppExport-noconfig.cmake
-- Up-to-date: /home/yahboom/S24_RobotProgramming_eloquent/Lab4/roscourse_ws/install/turtle_interfaces/share/turtle_interfaces/cmake/turtle_interfaces__rosidl_typesupport_cppExport.cmake
-- Installing: /home/yahboom/S24_RobotProgramming_eloquent/Lab4/roscourse_ws/install/turtle_interfaces/share/turtle_interfaces/cmake/turtle_interfaces__rosidl_typesupport_cppExport-noconfig.cmake
