[1.806s] DEBUG:colcon:Command line arguments: ['/usr/bin/colcon', 'build']
[1.807s] DEBUG:colcon:Parsed command line arguments: Namespace(allow_overriding=[], ament_cmake_args=None, base_paths=['.'], build_base='build', catkin_cmake_args=None, catkin_skip_building_tests=False, cmake_args=None, cmake_clean_cache=False, cmake_clean_first=False, cmake_force_configure=False, cmake_target=None, cmake_target_skip_unavailable=False, continue_on_error=False, event_handlers=None, executor='parallel', ignore_user_meta=False, install_base='install', log_base=None, log_level=None, main=<bound method BuildVerb.main of <colcon_core.verb.build.BuildVerb object at 0x7f004c70fd60>>, merge_install=False, metas=['./colcon.meta'], packages_above=None, packages_above_and_dependencies=None, packages_above_depth=None, packages_end=None, packages_ignore=None, packages_ignore_regex=None, packages_select=None, packages_select_build_failed=False, packages_select_by_dep=None, packages_select_regex=None, packages_select_test_failures=False, packages_skip=None, packages_skip_build_finished=False, packages_skip_by_dep=None, packages_skip_regex=None, packages_skip_test_passed=False, packages_skip_up_to=None, packages_start=None, packages_up_to=None, packages_up_to_regex=None, parallel_workers=4, paths=None, symlink_install=False, test_result_base=None, verb_extension=<colcon_core.verb.build.BuildVerb object at 0x7f004c70fd60>, verb_name='build', verb_parser=<colcon_defaults.argument_parser.defaults.DefaultArgumentsDecorator object at 0x7f004c71c310>)
[1.926s] Level 1:colcon.colcon_core.package_discovery:discover_packages(colcon_meta) check parameters
[1.927s] Level 1:colcon.colcon_core.package_discovery:discover_packages(recursive) check parameters
[1.927s] Level 1:colcon.colcon_core.package_discovery:discover_packages(ignore) check parameters
[1.927s] Level 1:colcon.colcon_core.package_discovery:discover_packages(path) check parameters
[1.927s] Level 1:colcon.colcon_core.package_discovery:discover_packages(colcon_meta) discover
[1.928s] Level 1:colcon.colcon_core.package_discovery:discover_packages(recursive) discover
[1.928s] INFO:colcon.colcon_core.package_discovery:Crawling recursively for packages in '/home/yahboom/S24_RobotProgramming_Master/S24_RobotProgramming_eloquent/project_ws'
[1.929s] Level 1:colcon.colcon_core.package_identification:_identify(.) by extensions ['ignore', 'ignore_ament_install']
[1.930s] Level 1:colcon.colcon_core.package_identification:_identify(.) by extension 'ignore'
[1.930s] Level 1:colcon.colcon_core.package_identification:_identify(.) by extension 'ignore_ament_install'
[1.931s] Level 1:colcon.colcon_core.package_identification:_identify(.) by extensions ['colcon_pkg']
[1.931s] Level 1:colcon.colcon_core.package_identification:_identify(.) by extension 'colcon_pkg'
[1.931s] Level 1:colcon.colcon_core.package_identification:_identify(.) by extensions ['colcon_meta']
[1.931s] Level 1:colcon.colcon_core.package_identification:_identify(.) by extension 'colcon_meta'
[1.932s] Level 1:colcon.colcon_core.package_identification:_identify(.) by extensions ['ros']
[1.932s] Level 1:colcon.colcon_core.package_identification:_identify(.) by extension 'ros'
[2.027s] Level 1:colcon.colcon_core.package_identification:_identify(.) by extensions ['cmake', 'python']
[2.028s] Level 1:colcon.colcon_core.package_identification:_identify(.) by extension 'cmake'
[2.028s] Level 1:colcon.colcon_core.package_identification:_identify(.) by extension 'python'
[2.029s] Level 1:colcon.colcon_core.package_identification:_identify(.) by extensions ['python_setup_py']
[2.029s] Level 1:colcon.colcon_core.package_identification:_identify(.) by extension 'python_setup_py'
[2.030s] Level 1:colcon.colcon_core.package_identification:_identify(build) by extensions ['ignore', 'ignore_ament_install']
[2.031s] Level 1:colcon.colcon_core.package_identification:_identify(build) by extension 'ignore'
[2.031s] Level 1:colcon.colcon_core.package_identification:_identify(build) ignored
[2.032s] Level 1:colcon.colcon_core.package_identification:_identify(install) by extensions ['ignore', 'ignore_ament_install']
[2.033s] Level 1:colcon.colcon_core.package_identification:_identify(install) by extension 'ignore'
[2.033s] Level 1:colcon.colcon_core.package_identification:_identify(install) ignored
[2.034s] Level 1:colcon.colcon_core.package_identification:_identify(log) by extensions ['ignore', 'ignore_ament_install']
[2.034s] Level 1:colcon.colcon_core.package_identification:_identify(log) by extension 'ignore'
[2.035s] Level 1:colcon.colcon_core.package_identification:_identify(log) ignored
[2.035s] Level 1:colcon.colcon_core.package_identification:_identify(src) by extensions ['ignore', 'ignore_ament_install']
[2.036s] Level 1:colcon.colcon_core.package_identification:_identify(src) by extension 'ignore'
[2.036s] Level 1:colcon.colcon_core.package_identification:_identify(src) by extension 'ignore_ament_install'
[2.036s] Level 1:colcon.colcon_core.package_identification:_identify(src) by extensions ['colcon_pkg']
[2.036s] Level 1:colcon.colcon_core.package_identification:_identify(src) by extension 'colcon_pkg'
[2.036s] Level 1:colcon.colcon_core.package_identification:_identify(src) by extensions ['colcon_meta']
[2.037s] Level 1:colcon.colcon_core.package_identification:_identify(src) by extension 'colcon_meta'
[2.037s] Level 1:colcon.colcon_core.package_identification:_identify(src) by extensions ['ros']
[2.037s] Level 1:colcon.colcon_core.package_identification:_identify(src) by extension 'ros'
[2.037s] Level 1:colcon.colcon_core.package_identification:_identify(src) by extensions ['cmake', 'python']
[2.037s] Level 1:colcon.colcon_core.package_identification:_identify(src) by extension 'cmake'
[2.038s] Level 1:colcon.colcon_core.package_identification:_identify(src) by extension 'python'
[2.038s] Level 1:colcon.colcon_core.package_identification:_identify(src) by extensions ['python_setup_py']
[2.038s] Level 1:colcon.colcon_core.package_identification:_identify(src) by extension 'python_setup_py'
[2.039s] Level 1:colcon.colcon_core.package_identification:_identify(src/rosmaster_sim) by extensions ['ignore', 'ignore_ament_install']
[2.040s] Level 1:colcon.colcon_core.package_identification:_identify(src/rosmaster_sim) by extension 'ignore'
[2.041s] Level 1:colcon.colcon_core.package_identification:_identify(src/rosmaster_sim) by extension 'ignore_ament_install'
[2.041s] Level 1:colcon.colcon_core.package_identification:_identify(src/rosmaster_sim) by extensions ['colcon_pkg']
[2.041s] Level 1:colcon.colcon_core.package_identification:_identify(src/rosmaster_sim) by extension 'colcon_pkg'
[2.042s] Level 1:colcon.colcon_core.package_identification:_identify(src/rosmaster_sim) by extensions ['colcon_meta']
[2.042s] Level 1:colcon.colcon_core.package_identification:_identify(src/rosmaster_sim) by extension 'colcon_meta'
[2.043s] Level 1:colcon.colcon_core.package_identification:_identify(src/rosmaster_sim) by extensions ['ros']
[2.043s] Level 1:colcon.colcon_core.package_identification:_identify(src/rosmaster_sim) by extension 'ros'
[2.054s] DEBUG:colcon.colcon_core.package_identification:Package 'src/rosmaster_sim' with type 'ros.ament_python' and name 'rosmaster_sim'
[2.054s] Level 1:colcon.colcon_core.package_discovery:discover_packages(recursive) using defaults
[2.055s] Level 1:colcon.colcon_core.package_discovery:discover_packages(ignore) discover
[2.055s] Level 1:colcon.colcon_core.package_discovery:discover_packages(ignore) using defaults
[2.055s] Level 1:colcon.colcon_core.package_discovery:discover_packages(path) discover
[2.056s] Level 1:colcon.colcon_core.package_discovery:discover_packages(path) using defaults
[2.194s] Level 1:colcon.colcon_core.package_discovery:discover_packages(prefix_path) check parameters
[2.195s] Level 1:colcon.colcon_core.package_discovery:discover_packages(prefix_path) discover
[2.227s] DEBUG:colcon.colcon_installed_package_information.package_discovery:Found 1 installed packages in /home/yahboom/S24_RobotProgramming_Master/S24_RobotProgramming_eloquent/project_ws/install
[2.233s] DEBUG:colcon.colcon_installed_package_information.package_discovery:Found 1 installed packages in /home/yahboom/S24_RobotProgramming_eloquent/Lab6/roscourse_sim_ws/install
[2.240s] DEBUG:colcon.colcon_installed_package_information.package_discovery:Found 10 installed packages in /home/yahboom/yahboomcar_ros2_ws/software/library_ws/install
[2.253s] DEBUG:colcon.colcon_installed_package_information.package_discovery:Found 20 installed packages in /home/yahboom/yahboomcar_ros2_ws/yahboomcar_ws/install
[2.268s] DEBUG:colcon.colcon_installed_package_information.package_discovery:Found 348 installed packages in /opt/ros/foxy
[2.280s] Level 1:colcon.colcon_core.package_discovery:discover_packages(prefix_path) using defaults
[2.639s] Level 5:colcon.colcon_core.verb:set package 'rosmaster_sim' build argument 'cmake_args' from command line to 'None'
[2.639s] Level 5:colcon.colcon_core.verb:set package 'rosmaster_sim' build argument 'cmake_target' from command line to 'None'
[2.639s] Level 5:colcon.colcon_core.verb:set package 'rosmaster_sim' build argument 'cmake_target_skip_unavailable' from command line to 'False'
[2.639s] Level 5:colcon.colcon_core.verb:set package 'rosmaster_sim' build argument 'cmake_clean_cache' from command line to 'False'
[2.639s] Level 5:colcon.colcon_core.verb:set package 'rosmaster_sim' build argument 'cmake_clean_first' from command line to 'False'
[2.640s] Level 5:colcon.colcon_core.verb:set package 'rosmaster_sim' build argument 'cmake_force_configure' from command line to 'False'
[2.640s] Level 5:colcon.colcon_core.verb:set package 'rosmaster_sim' build argument 'ament_cmake_args' from command line to 'None'
[2.640s] Level 5:colcon.colcon_core.verb:set package 'rosmaster_sim' build argument 'catkin_cmake_args' from command line to 'None'
[2.640s] Level 5:colcon.colcon_core.verb:set package 'rosmaster_sim' build argument 'catkin_skip_building_tests' from command line to 'False'
[2.640s] DEBUG:colcon.colcon_core.verb:Building package 'rosmaster_sim' with the following arguments: {'ament_cmake_args': None, 'build_base': '/home/yahboom/S24_RobotProgramming_Master/S24_RobotProgramming_eloquent/project_ws/build/rosmaster_sim', 'catkin_cmake_args': None, 'catkin_skip_building_tests': False, 'cmake_args': None, 'cmake_clean_cache': False, 'cmake_clean_first': False, 'cmake_force_configure': False, 'cmake_target': None, 'cmake_target_skip_unavailable': False, 'install_base': '/home/yahboom/S24_RobotProgramming_Master/S24_RobotProgramming_eloquent/project_ws/install/rosmaster_sim', 'merge_install': False, 'path': '/home/yahboom/S24_RobotProgramming_Master/S24_RobotProgramming_eloquent/project_ws/src/rosmaster_sim', 'symlink_install': False, 'test_result_base': None}
[2.644s] INFO:colcon.colcon_core.executor:Executing jobs using 'parallel' executor
[2.664s] DEBUG:colcon.colcon_parallel_executor.executor.parallel:run_until_complete
[2.665s] INFO:colcon.colcon_ros.task.ament_python.build:Building ROS package in '/home/yahboom/S24_RobotProgramming_Master/S24_RobotProgramming_eloquent/project_ws/src/rosmaster_sim' with build type 'ament_python'
[2.666s] Level 1:colcon.colcon_core.shell:create_environment_hook('rosmaster_sim', 'ament_prefix_path')
[2.689s] INFO:colcon.colcon_core.plugin_system:Skipping extension 'colcon_core.shell.bat': Not used on non-Windows systems
[2.690s] INFO:colcon.colcon_core.shell:Creating environment hook '/home/yahboom/S24_RobotProgramming_Master/S24_RobotProgramming_eloquent/project_ws/install/rosmaster_sim/share/rosmaster_sim/hook/ament_prefix_path.ps1'
[2.692s] INFO:colcon.colcon_core.shell:Creating environment descriptor '/home/yahboom/S24_RobotProgramming_Master/S24_RobotProgramming_eloquent/project_ws/install/rosmaster_sim/share/rosmaster_sim/hook/ament_prefix_path.dsv'
[2.694s] INFO:colcon.colcon_core.shell:Creating environment hook '/home/yahboom/S24_RobotProgramming_Master/S24_RobotProgramming_eloquent/project_ws/install/rosmaster_sim/share/rosmaster_sim/hook/ament_prefix_path.sh'
[2.702s] INFO:colcon.colcon_core.shell:Skip shell extension 'powershell' for command environment: Not usable outside of PowerShell
[2.703s] DEBUG:colcon.colcon_core.shell:Skip shell extension 'dsv' for command environment
[3.657s] INFO:colcon.colcon_core.task.python.build:Building Python package in '/home/yahboom/S24_RobotProgramming_Master/S24_RobotProgramming_eloquent/project_ws/src/rosmaster_sim'
[3.668s] INFO:colcon.colcon_core.shell:Skip shell extension 'powershell' for command environment: Not usable outside of PowerShell
[3.669s] DEBUG:colcon.colcon_core.shell:Skip shell extension 'dsv' for command environment
[5.789s] DEBUG:colcon.colcon_core.event_handler.log_command:Invoking command in '/home/yahboom/S24_RobotProgramming_Master/S24_RobotProgramming_eloquent/project_ws/src/rosmaster_sim': PYTHONPATH=/home/yahboom/S24_RobotProgramming_Master/S24_RobotProgramming_eloquent/project_ws/build/rosmaster_sim/prefix_override:/home/yahboom/S24_RobotProgramming_Master/S24_RobotProgramming_eloquent/project_ws/install/rosmaster_sim/lib/python3.8/site-packages:${PYTHONPATH} /usr/bin/python3 setup.py egg_info --egg-base ../../build/rosmaster_sim build --build-base /home/yahboom/S24_RobotProgramming_Master/S24_RobotProgramming_eloquent/project_ws/build/rosmaster_sim/build install --record /home/yahboom/S24_RobotProgramming_Master/S24_RobotProgramming_eloquent/project_ws/build/rosmaster_sim/install.log --install-scripts $base/lib/rosmaster_sim --single-version-externally-managed
[6.957s] DEBUG:colcon.colcon_core.event_handler.log_command:Invoked command in '/home/yahboom/S24_RobotProgramming_Master/S24_RobotProgramming_eloquent/project_ws/src/rosmaster_sim' returned '0': PYTHONPATH=/home/yahboom/S24_RobotProgramming_Master/S24_RobotProgramming_eloquent/project_ws/build/rosmaster_sim/prefix_override:/home/yahboom/S24_RobotProgramming_Master/S24_RobotProgramming_eloquent/project_ws/install/rosmaster_sim/lib/python3.8/site-packages:${PYTHONPATH} /usr/bin/python3 setup.py egg_info --egg-base ../../build/rosmaster_sim build --build-base /home/yahboom/S24_RobotProgramming_Master/S24_RobotProgramming_eloquent/project_ws/build/rosmaster_sim/build install --record /home/yahboom/S24_RobotProgramming_Master/S24_RobotProgramming_eloquent/project_ws/build/rosmaster_sim/install.log --install-scripts $base/lib/rosmaster_sim --single-version-externally-managed
[6.985s] Level 1:colcon.colcon_core.environment:checking '/home/yahboom/S24_RobotProgramming_Master/S24_RobotProgramming_eloquent/project_ws/install/rosmaster_sim' for CMake module files
[6.987s] Level 1:colcon.colcon_core.environment:checking '/home/yahboom/S24_RobotProgramming_Master/S24_RobotProgramming_eloquent/project_ws/install/rosmaster_sim' for CMake config files
[6.990s] Level 1:colcon.colcon_core.environment:checking '/home/yahboom/S24_RobotProgramming_Master/S24_RobotProgramming_eloquent/project_ws/install/rosmaster_sim/lib'
[6.991s] Level 1:colcon.colcon_core.environment:checking '/home/yahboom/S24_RobotProgramming_Master/S24_RobotProgramming_eloquent/project_ws/install/rosmaster_sim/bin'
[6.991s] Level 1:colcon.colcon_core.environment:checking '/home/yahboom/S24_RobotProgramming_Master/S24_RobotProgramming_eloquent/project_ws/install/rosmaster_sim/lib/pkgconfig/rosmaster_sim.pc'
[6.992s] Level 1:colcon.colcon_core.environment:checking '/home/yahboom/S24_RobotProgramming_Master/S24_RobotProgramming_eloquent/project_ws/install/rosmaster_sim/lib/python3.8/site-packages'
[6.993s] Level 1:colcon.colcon_core.shell:create_environment_hook('rosmaster_sim', 'pythonpath')
[6.996s] INFO:colcon.colcon_core.shell:Creating environment hook '/home/yahboom/S24_RobotProgramming_Master/S24_RobotProgramming_eloquent/project_ws/install/rosmaster_sim/share/rosmaster_sim/hook/pythonpath.ps1'
[6.998s] INFO:colcon.colcon_core.shell:Creating environment descriptor '/home/yahboom/S24_RobotProgramming_Master/S24_RobotProgramming_eloquent/project_ws/install/rosmaster_sim/share/rosmaster_sim/hook/pythonpath.dsv'
[7.000s] INFO:colcon.colcon_core.shell:Creating environment hook '/home/yahboom/S24_RobotProgramming_Master/S24_RobotProgramming_eloquent/project_ws/install/rosmaster_sim/share/rosmaster_sim/hook/pythonpath.sh'
[7.002s] Level 1:colcon.colcon_core.environment:checking '/home/yahboom/S24_RobotProgramming_Master/S24_RobotProgramming_eloquent/project_ws/install/rosmaster_sim/bin'
[7.002s] Level 1:colcon.colcon_core.environment:create_environment_scripts_only(rosmaster_sim)
[7.007s] INFO:colcon.colcon_core.shell:Creating package script '/home/yahboom/S24_RobotProgramming_Master/S24_RobotProgramming_eloquent/project_ws/install/rosmaster_sim/share/rosmaster_sim/package.ps1'
[7.010s] INFO:colcon.colcon_core.shell:Creating package descriptor '/home/yahboom/S24_RobotProgramming_Master/S24_RobotProgramming_eloquent/project_ws/install/rosmaster_sim/share/rosmaster_sim/package.dsv'
[7.012s] INFO:colcon.colcon_core.shell:Creating package script '/home/yahboom/S24_RobotProgramming_Master/S24_RobotProgramming_eloquent/project_ws/install/rosmaster_sim/share/rosmaster_sim/package.sh'
[7.016s] INFO:colcon.colcon_core.shell:Creating package script '/home/yahboom/S24_RobotProgramming_Master/S24_RobotProgramming_eloquent/project_ws/install/rosmaster_sim/share/rosmaster_sim/package.bash'
[7.020s] INFO:colcon.colcon_core.shell:Creating package script '/home/yahboom/S24_RobotProgramming_Master/S24_RobotProgramming_eloquent/project_ws/install/rosmaster_sim/share/rosmaster_sim/package.zsh'
[7.023s] Level 1:colcon.colcon_core.environment:create_file_with_runtime_dependencies(/home/yahboom/S24_RobotProgramming_Master/S24_RobotProgramming_eloquent/project_ws/install/rosmaster_sim/share/colcon-core/packages/rosmaster_sim)
[7.027s] DEBUG:colcon.colcon_parallel_executor.executor.parallel:closing loop
[7.028s] DEBUG:colcon.colcon_parallel_executor.executor.parallel:loop closed
[7.028s] DEBUG:colcon.colcon_parallel_executor.executor.parallel:run_until_complete finished with '0'
[7.028s] DEBUG:colcon.colcon_core.event_reactor:joining thread
[7.044s] INFO:colcon.colcon_core.plugin_system:Skipping extension 'colcon_notification.desktop_notification.terminal_notifier': Not used on non-Darwin systems
[7.045s] INFO:colcon.colcon_core.plugin_system:Skipping extension 'colcon_notification.desktop_notification.win32': Not used on non-Windows systems
[7.045s] INFO:colcon.colcon_notification.desktop_notification:Sending desktop notification using 'notify2'
[7.123s] DEBUG:colcon.colcon_core.event_reactor:joined thread
[7.128s] INFO:colcon.colcon_core.shell:Creating prefix script '/home/yahboom/S24_RobotProgramming_Master/S24_RobotProgramming_eloquent/project_ws/install/local_setup.ps1'
[7.131s] INFO:colcon.colcon_core.shell:Creating prefix util module '/home/yahboom/S24_RobotProgramming_Master/S24_RobotProgramming_eloquent/project_ws/install/_local_setup_util_ps1.py'
[7.135s] INFO:colcon.colcon_core.shell:Creating prefix chain script '/home/yahboom/S24_RobotProgramming_Master/S24_RobotProgramming_eloquent/project_ws/install/setup.ps1'
[7.147s] INFO:colcon.colcon_core.shell:Creating prefix script '/home/yahboom/S24_RobotProgramming_Master/S24_RobotProgramming_eloquent/project_ws/install/local_setup.sh'
[7.152s] INFO:colcon.colcon_core.shell:Creating prefix util module '/home/yahboom/S24_RobotProgramming_Master/S24_RobotProgramming_eloquent/project_ws/install/_local_setup_util_sh.py'
[7.155s] INFO:colcon.colcon_core.shell:Creating prefix chain script '/home/yahboom/S24_RobotProgramming_Master/S24_RobotProgramming_eloquent/project_ws/install/setup.sh'
[7.166s] INFO:colcon.colcon_core.shell:Creating prefix script '/home/yahboom/S24_RobotProgramming_Master/S24_RobotProgramming_eloquent/project_ws/install/local_setup.bash'
[7.168s] INFO:colcon.colcon_core.shell:Creating prefix chain script '/home/yahboom/S24_RobotProgramming_Master/S24_RobotProgramming_eloquent/project_ws/install/setup.bash'
[7.180s] INFO:colcon.colcon_core.shell:Creating prefix script '/home/yahboom/S24_RobotProgramming_Master/S24_RobotProgramming_eloquent/project_ws/install/local_setup.zsh'
[7.182s] INFO:colcon.colcon_core.shell:Creating prefix chain script '/home/yahboom/S24_RobotProgramming_Master/S24_RobotProgramming_eloquent/project_ws/install/setup.zsh'
