[0.994s] Invoking command in '/home/yahboom/S24_RobotProgramming_eloquent/roscourse_sim_ws/src/my_robot': PYTHONPATH=/home/yahboom/S24_RobotProgramming_eloquent/roscourse_sim_ws/build/my_robot/prefix_override:/home/yahboom/S24_RobotProgramming_eloquent/roscourse_sim_ws/install/my_robot/lib/python3.8/site-packages:${PYTHONPATH} /usr/bin/python3 setup.py egg_info --egg-base ../../build/my_robot build --build-base /home/yahboom/S24_RobotProgramming_eloquent/roscourse_sim_ws/build/my_robot/build install --record /home/yahboom/S24_RobotProgramming_eloquent/roscourse_sim_ws/build/my_robot/install.log --install-scripts $base/lib/my_robot --single-version-externally-managed
[1.192s] running egg_info
[1.193s] writing ../../build/my_robot/my_robot.egg-info/PKG-INFO
[1.193s] writing dependency_links to ../../build/my_robot/my_robot.egg-info/dependency_links.txt
[1.193s] writing entry points to ../../build/my_robot/my_robot.egg-info/entry_points.txt
[1.194s] writing requirements to ../../build/my_robot/my_robot.egg-info/requires.txt
[1.194s] writing top-level names to ../../build/my_robot/my_robot.egg-info/top_level.txt
[1.225s] reading manifest file '../../build/my_robot/my_robot.egg-info/SOURCES.txt'
[1.226s] writing manifest file '../../build/my_robot/my_robot.egg-info/SOURCES.txt'
[1.227s] running build
[1.227s] running build_py
[1.227s] running install
[1.227s] running install_lib
[1.229s] running install_data
[1.229s] copying urdf/my_robot.urdf.xacro -> /home/yahboom/S24_RobotProgramming_eloquent/roscourse_sim_ws/install/my_robot/share/my_robot
[1.230s] running install_egg_info
[1.232s] removing '/home/yahboom/S24_RobotProgramming_eloquent/roscourse_sim_ws/install/my_robot/lib/python3.8/site-packages/my_robot-0.0.0-py3.8.egg-info' (and everything under it)
[1.232s] Copying ../../build/my_robot/my_robot.egg-info to /home/yahboom/S24_RobotProgramming_eloquent/roscourse_sim_ws/install/my_robot/lib/python3.8/site-packages/my_robot-0.0.0-py3.8.egg-info
[1.233s] running install_scripts
[1.249s] writing list of installed files to '/home/yahboom/S24_RobotProgramming_eloquent/roscourse_sim_ws/build/my_robot/install.log'
[1.279s] Invoked command in '/home/yahboom/S24_RobotProgramming_eloquent/roscourse_sim_ws/src/my_robot' returned '0': PYTHONPATH=/home/yahboom/S24_RobotProgramming_eloquent/roscourse_sim_ws/build/my_robot/prefix_override:/home/yahboom/S24_RobotProgramming_eloquent/roscourse_sim_ws/install/my_robot/lib/python3.8/site-packages:${PYTHONPATH} /usr/bin/python3 setup.py egg_info --egg-base ../../build/my_robot build --build-base /home/yahboom/S24_RobotProgramming_eloquent/roscourse_sim_ws/build/my_robot/build install --record /home/yahboom/S24_RobotProgramming_eloquent/roscourse_sim_ws/build/my_robot/install.log --install-scripts $base/lib/my_robot --single-version-externally-managed
