[0.762s] Invoking command in '/home/yahboom/S24_RobotProgramming_eloquent/roscourse_sim_ws/src/my_robot': PYTHONPATH=/home/yahboom/S24_RobotProgramming_eloquent/roscourse_sim_ws/build/my_robot/prefix_override:/home/yahboom/S24_RobotProgramming_eloquent/roscourse_sim_ws/install/my_robot/lib/python3.8/site-packages:${PYTHONPATH} /usr/bin/python3 setup.py egg_info --egg-base ../../build/my_robot build --build-base /home/yahboom/S24_RobotProgramming_eloquent/roscourse_sim_ws/build/my_robot/build install --record /home/yahboom/S24_RobotProgramming_eloquent/roscourse_sim_ws/build/my_robot/install.log --install-scripts $base/lib/my_robot --single-version-externally-managed
[1.040s] running egg_info
[1.041s] writing ../../build/my_robot/my_robot.egg-info/PKG-INFO
[1.041s] writing dependency_links to ../../build/my_robot/my_robot.egg-info/dependency_links.txt
[1.042s] writing entry points to ../../build/my_robot/my_robot.egg-info/entry_points.txt
[1.042s] writing requirements to ../../build/my_robot/my_robot.egg-info/requires.txt
[1.043s] writing top-level names to ../../build/my_robot/my_robot.egg-info/top_level.txt
[1.101s] reading manifest file '../../build/my_robot/my_robot.egg-info/SOURCES.txt'
[1.102s] writing manifest file '../../build/my_robot/my_robot.egg-info/SOURCES.txt'
[1.103s] running build
[1.103s] running build_py
[1.104s] running install
[1.104s] running install_lib
[1.107s] running install_data
[1.109s] copying launch/my_robot_gazebo_rviz.launch.py -> /home/yahboom/S24_RobotProgramming_eloquent/roscourse_sim_ws/install/my_robot/share/my_robot/launch
[1.109s] running install_egg_info
[1.112s] removing '/home/yahboom/S24_RobotProgramming_eloquent/roscourse_sim_ws/install/my_robot/lib/python3.8/site-packages/my_robot-0.0.0-py3.8.egg-info' (and everything under it)
[1.112s] Copying ../../build/my_robot/my_robot.egg-info to /home/yahboom/S24_RobotProgramming_eloquent/roscourse_sim_ws/install/my_robot/lib/python3.8/site-packages/my_robot-0.0.0-py3.8.egg-info
[1.114s] running install_scripts
[1.133s] writing list of installed files to '/home/yahboom/S24_RobotProgramming_eloquent/roscourse_sim_ws/build/my_robot/install.log'
[1.167s] Invoked command in '/home/yahboom/S24_RobotProgramming_eloquent/roscourse_sim_ws/src/my_robot' returned '0': PYTHONPATH=/home/yahboom/S24_RobotProgramming_eloquent/roscourse_sim_ws/build/my_robot/prefix_override:/home/yahboom/S24_RobotProgramming_eloquent/roscourse_sim_ws/install/my_robot/lib/python3.8/site-packages:${PYTHONPATH} /usr/bin/python3 setup.py egg_info --egg-base ../../build/my_robot build --build-base /home/yahboom/S24_RobotProgramming_eloquent/roscourse_sim_ws/build/my_robot/build install --record /home/yahboom/S24_RobotProgramming_eloquent/roscourse_sim_ws/build/my_robot/install.log --install-scripts $base/lib/my_robot --single-version-externally-managed
