[0.642s] Invoking command in '/home/yahboom/S24_RobotProgramming_eloquent/Lab3/roscourse_ws/build/webcam': PYTHONPATH=/home/yahboom/S24_RobotProgramming_eloquent/Lab3/roscourse_ws/build/webcam/prefix_override:/home/yahboom/S24_RobotProgramming_eloquent/Lab3/roscourse_ws/install/webcam/lib/python3.8/site-packages:${PYTHONPATH} /usr/bin/python3 setup.py develop --uninstall --editable --build-directory /home/yahboom/S24_RobotProgramming_eloquent/Lab3/roscourse_ws/build/webcam/build
[0.863s] running develop
[0.974s] Removing /home/yahboom/S24_RobotProgramming_eloquent/Lab3/roscourse_ws/install/webcam/lib/python3.8/site-packages/webcam.egg-link (link to .)
[1.003s] Invoked command in '/home/yahboom/S24_RobotProgramming_eloquent/Lab3/roscourse_ws/build/webcam' returned '0': PYTHONPATH=/home/yahboom/S24_RobotProgramming_eloquent/Lab3/roscourse_ws/build/webcam/prefix_override:/home/yahboom/S24_RobotProgramming_eloquent/Lab3/roscourse_ws/install/webcam/lib/python3.8/site-packages:${PYTHONPATH} /usr/bin/python3 setup.py develop --uninstall --editable --build-directory /home/yahboom/S24_RobotProgramming_eloquent/Lab3/roscourse_ws/build/webcam/build
[1.006s] Invoking command in '/home/yahboom/S24_RobotProgramming_eloquent/Lab3/roscourse_ws/src/webcam': PYTHONPATH=/home/yahboom/S24_RobotProgramming_eloquent/Lab3/roscourse_ws/build/webcam/prefix_override:/home/yahboom/S24_RobotProgramming_eloquent/Lab3/roscourse_ws/install/webcam/lib/python3.8/site-packages:${PYTHONPATH} /usr/bin/python3 setup.py egg_info --egg-base ../../build/webcam build --build-base /home/yahboom/S24_RobotProgramming_eloquent/Lab3/roscourse_ws/build/webcam/build install --record /home/yahboom/S24_RobotProgramming_eloquent/Lab3/roscourse_ws/build/webcam/install.log --install-scripts $base/lib/webcam --single-version-externally-managed
[1.206s] running egg_info
[1.206s] writing ../../build/webcam/webcam.egg-info/PKG-INFO
[1.206s] writing dependency_links to ../../build/webcam/webcam.egg-info/dependency_links.txt
[1.207s] writing entry points to ../../build/webcam/webcam.egg-info/entry_points.txt
[1.207s] writing requirements to ../../build/webcam/webcam.egg-info/requires.txt
[1.207s] writing top-level names to ../../build/webcam/webcam.egg-info/top_level.txt
[1.238s] reading manifest file '../../build/webcam/webcam.egg-info/SOURCES.txt'
[1.239s] writing manifest file '../../build/webcam/webcam.egg-info/SOURCES.txt'
[1.239s] running build
[1.240s] running build_py
[1.240s] creating /home/yahboom/S24_RobotProgramming_eloquent/Lab3/roscourse_ws/build/webcam/build
[1.240s] creating /home/yahboom/S24_RobotProgramming_eloquent/Lab3/roscourse_ws/build/webcam/build/lib
[1.240s] creating /home/yahboom/S24_RobotProgramming_eloquent/Lab3/roscourse_ws/build/webcam/build/lib/webcam
[1.240s] copying webcam/__init__.py -> /home/yahboom/S24_RobotProgramming_eloquent/Lab3/roscourse_ws/build/webcam/build/lib/webcam
[1.241s] copying webcam/cam_sub.py -> /home/yahboom/S24_RobotProgramming_eloquent/Lab3/roscourse_ws/build/webcam/build/lib/webcam
[1.241s] copying webcam/cam_pub.py -> /home/yahboom/S24_RobotProgramming_eloquent/Lab3/roscourse_ws/build/webcam/build/lib/webcam
[1.241s] running install
[1.242s] running install_lib
[1.242s] creating /home/yahboom/S24_RobotProgramming_eloquent/Lab3/roscourse_ws/install/webcam/lib/python3.8/site-packages/webcam
[1.243s] copying /home/yahboom/S24_RobotProgramming_eloquent/Lab3/roscourse_ws/build/webcam/build/lib/webcam/__init__.py -> /home/yahboom/S24_RobotProgramming_eloquent/Lab3/roscourse_ws/install/webcam/lib/python3.8/site-packages/webcam
[1.243s] copying /home/yahboom/S24_RobotProgramming_eloquent/Lab3/roscourse_ws/build/webcam/build/lib/webcam/cam_sub.py -> /home/yahboom/S24_RobotProgramming_eloquent/Lab3/roscourse_ws/install/webcam/lib/python3.8/site-packages/webcam
[1.243s] copying /home/yahboom/S24_RobotProgramming_eloquent/Lab3/roscourse_ws/build/webcam/build/lib/webcam/cam_pub.py -> /home/yahboom/S24_RobotProgramming_eloquent/Lab3/roscourse_ws/install/webcam/lib/python3.8/site-packages/webcam
[1.243s] byte-compiling /home/yahboom/S24_RobotProgramming_eloquent/Lab3/roscourse_ws/install/webcam/lib/python3.8/site-packages/webcam/__init__.py to __init__.cpython-38.pyc
[1.244s] byte-compiling /home/yahboom/S24_RobotProgramming_eloquent/Lab3/roscourse_ws/install/webcam/lib/python3.8/site-packages/webcam/cam_sub.py to cam_sub.cpython-38.pyc
[1.245s] byte-compiling /home/yahboom/S24_RobotProgramming_eloquent/Lab3/roscourse_ws/install/webcam/lib/python3.8/site-packages/webcam/cam_pub.py to cam_pub.cpython-38.pyc
[1.245s] running install_data
[1.246s] running install_egg_info
[1.247s] Copying ../../build/webcam/webcam.egg-info to /home/yahboom/S24_RobotProgramming_eloquent/Lab3/roscourse_ws/install/webcam/lib/python3.8/site-packages/webcam-0.0.0-py3.8.egg-info
[1.248s] running install_scripts
[1.266s] Installing webcam_pub = webcam.cam_pub:mainwebcam_sub script to /home/yahboom/S24_RobotProgramming_eloquent/Lab3/roscourse_ws/install/webcam/lib/webcam
[1.266s] writing list of installed files to '/home/yahboom/S24_RobotProgramming_eloquent/Lab3/roscourse_ws/build/webcam/install.log'
[1.297s] Invoked command in '/home/yahboom/S24_RobotProgramming_eloquent/Lab3/roscourse_ws/src/webcam' returned '0': PYTHONPATH=/home/yahboom/S24_RobotProgramming_eloquent/Lab3/roscourse_ws/build/webcam/prefix_override:/home/yahboom/S24_RobotProgramming_eloquent/Lab3/roscourse_ws/install/webcam/lib/python3.8/site-packages:${PYTHONPATH} /usr/bin/python3 setup.py egg_info --egg-base ../../build/webcam build --build-base /home/yahboom/S24_RobotProgramming_eloquent/Lab3/roscourse_ws/build/webcam/build install --record /home/yahboom/S24_RobotProgramming_eloquent/Lab3/roscourse_ws/build/webcam/install.log --install-scripts $base/lib/webcam --single-version-externally-managed
