[1.330s] Invoking command in '/home/yahboom/S24_RobotProgramming_eloquent/lab3/roscourse_ws/src/python_turtle': PYTHONPATH=/home/yahboom/S24_RobotProgramming_eloquent/lab3/roscourse_ws/src/build/python_turtle/prefix_override:/home/yahboom/S24_RobotProgramming_eloquent/lab3/roscourse_ws/src/install/python_turtle/lib/python3.8/site-packages:${PYTHONPATH} /usr/bin/python3 setup.py egg_info --egg-base ../build/python_turtle build --build-base /home/yahboom/S24_RobotProgramming_eloquent/lab3/roscourse_ws/src/build/python_turtle/build install --record /home/yahboom/S24_RobotProgramming_eloquent/lab3/roscourse_ws/src/build/python_turtle/install.log --install-scripts $base/lib/python_turtle --single-version-externally-managed
[1.576s] running egg_info
[1.576s] writing ../build/python_turtle/python_turtle.egg-info/PKG-INFO
[1.577s] writing dependency_links to ../build/python_turtle/python_turtle.egg-info/dependency_links.txt
[1.577s] writing entry points to ../build/python_turtle/python_turtle.egg-info/entry_points.txt
[1.577s] writing requirements to ../build/python_turtle/python_turtle.egg-info/requires.txt
[1.577s] writing top-level names to ../build/python_turtle/python_turtle.egg-info/top_level.txt
[1.604s] reading manifest file '../build/python_turtle/python_turtle.egg-info/SOURCES.txt'
[1.604s] writing manifest file '../build/python_turtle/python_turtle.egg-info/SOURCES.txt'
[1.604s] running build
[1.604s] running build_py
[1.604s] running install
[1.605s] running install_lib
[1.606s] running install_data
[1.607s] running install_egg_info
[1.608s] removing '/home/yahboom/S24_RobotProgramming_eloquent/lab3/roscourse_ws/src/install/python_turtle/lib/python3.8/site-packages/python_turtle-0.0.0-py3.8.egg-info' (and everything under it)
[1.608s] Copying ../build/python_turtle/python_turtle.egg-info to /home/yahboom/S24_RobotProgramming_eloquent/lab3/roscourse_ws/src/install/python_turtle/lib/python3.8/site-packages/python_turtle-0.0.0-py3.8.egg-info
[1.609s] running install_scripts
[1.625s] Installing service_client script to /home/yahboom/S24_RobotProgramming_eloquent/lab3/roscourse_ws/src/install/python_turtle/lib/python_turtle
[1.625s] Installing turtlebot_client script to /home/yahboom/S24_RobotProgramming_eloquent/lab3/roscourse_ws/src/install/python_turtle/lib/python_turtle
[1.625s] Installing turtlebot_server script to /home/yahboom/S24_RobotProgramming_eloquent/lab3/roscourse_ws/src/install/python_turtle/lib/python_turtle
[1.625s] writing list of installed files to '/home/yahboom/S24_RobotProgramming_eloquent/lab3/roscourse_ws/src/build/python_turtle/install.log'
[1.650s] Invoked command in '/home/yahboom/S24_RobotProgramming_eloquent/lab3/roscourse_ws/src/python_turtle' returned '0': PYTHONPATH=/home/yahboom/S24_RobotProgramming_eloquent/lab3/roscourse_ws/src/build/python_turtle/prefix_override:/home/yahboom/S24_RobotProgramming_eloquent/lab3/roscourse_ws/src/install/python_turtle/lib/python3.8/site-packages:${PYTHONPATH} /usr/bin/python3 setup.py egg_info --egg-base ../build/python_turtle build --build-base /home/yahboom/S24_RobotProgramming_eloquent/lab3/roscourse_ws/src/build/python_turtle/build install --record /home/yahboom/S24_RobotProgramming_eloquent/lab3/roscourse_ws/src/build/python_turtle/install.log --install-scripts $base/lib/python_turtle --single-version-externally-managed
