running egg_info
creating ../../build/webcam/webcam.egg-info
writing ../../build/webcam/webcam.egg-info/PKG-INFO
writing dependency_links to ../../build/webcam/webcam.egg-info/dependency_links.txt
writing entry points to ../../build/webcam/webcam.egg-info/entry_points.txt
writing requirements to ../../build/webcam/webcam.egg-info/requires.txt
writing top-level names to ../../build/webcam/webcam.egg-info/top_level.txt
writing manifest file '../../build/webcam/webcam.egg-info/SOURCES.txt'
reading manifest file '../../build/webcam/webcam.egg-info/SOURCES.txt'
writing manifest file '../../build/webcam/webcam.egg-info/SOURCES.txt'
running build
running build_py
creating /home/yahboom/ArchDocs/SharedDocs/S24_RobotProgramming_eloquent/Lab3-4/roscourse_ws/build/webcam/build
creating /home/yahboom/ArchDocs/SharedDocs/S24_RobotProgramming_eloquent/Lab3-4/roscourse_ws/build/webcam/build/lib
creating /home/yahboom/ArchDocs/SharedDocs/S24_RobotProgramming_eloquent/Lab3-4/roscourse_ws/build/webcam/build/lib/webcam
copying webcam/cam_sub.py -> /home/yahboom/ArchDocs/SharedDocs/S24_RobotProgramming_eloquent/Lab3-4/roscourse_ws/build/webcam/build/lib/webcam
copying webcam/cam_pub.py -> /home/yahboom/ArchDocs/SharedDocs/S24_RobotProgramming_eloquent/Lab3-4/roscourse_ws/build/webcam/build/lib/webcam
copying webcam/__init__.py -> /home/yahboom/ArchDocs/SharedDocs/S24_RobotProgramming_eloquent/Lab3-4/roscourse_ws/build/webcam/build/lib/webcam
running install
running install_lib
running install_data
running install_egg_info
removing '/home/yahboom/ArchDocs/SharedDocs/S24_RobotProgramming_eloquent/Lab3-4/roscourse_ws/install/webcam/lib/python3.8/site-packages/webcam-0.0.0-py3.8.egg-info' (and everything under it)
Copying ../../build/webcam/webcam.egg-info to /home/yahboom/ArchDocs/SharedDocs/S24_RobotProgramming_eloquent/Lab3-4/roscourse_ws/install/webcam/lib/python3.8/site-packages/webcam-0.0.0-py3.8.egg-info
running install_scripts
Installing webcam_pub script to /home/yahboom/ArchDocs/SharedDocs/S24_RobotProgramming_eloquent/Lab3-4/roscourse_ws/install/webcam/lib/webcam
Installing webcam_sub script to /home/yahboom/ArchDocs/SharedDocs/S24_RobotProgramming_eloquent/Lab3-4/roscourse_ws/install/webcam/lib/webcam
writing list of installed files to '/home/yahboom/ArchDocs/SharedDocs/S24_RobotProgramming_eloquent/Lab3-4/roscourse_ws/build/webcam/install.log'
