[0.575s] Invoking command in '/home/yahboom/S24_RobotProgramming_eloquent/lab3/roscourse_ws/src/build/turtle_interfaces': CMAKE_PREFIX_PATH=${CMAKE_PREFIX_PATH}:/home/yahboom/yahboomcar_ros2_ws/yahboomcar_ws/install/yahboomcar_voice_ctrl:/home/yahboom/yahboomcar_ros2_ws/yahboomcar_ws/install/yahboomcar_visual:/home/yahboom/yahboomcar_ros2_ws/yahboomcar_ws/install/yahboomcar_rviz:/home/yahboom/yahboomcar_ros2_ws/yahboomcar_ws/install/yahboomcar_nav:/home/yahboom/yahboomcar_ros2_ws/yahboomcar_ws/install/yahboomcar_multi:/home/yahboom/yahboomcar_ros2_ws/yahboomcar_ws/install/yahboomcar_mediapipe:/home/yahboom/yahboomcar_ros2_ws/yahboomcar_ws/install/yahboomcar_linefollow:/home/yahboom/yahboomcar_ros2_ws/yahboomcar_ws/install/yahboomcar_laser:/home/yahboom/yahboomcar_ros2_ws/yahboomcar_ws/install/yahboomcar_description_x1:/home/yahboom/yahboomcar_ros2_ws/yahboomcar_ws/install/yahboomcar_description:/home/yahboom/yahboomcar_ros2_ws/yahboomcar_ws/install/yahboomcar_ctrl:/home/yahboom/yahboomcar_ros2_ws/yahboomcar_ws/install/yahboomcar_bringup:/home/yahboom/yahboomcar_ros2_ws/yahboomcar_ws/install/yahboomcar_astra:/home/yahboom/yahboomcar_ros2_ws/yahboomcar_ws/install/robot_pose_publisher:/home/yahboom/yahboomcar_ros2_ws/yahboomcar_ws/install/laserscan_to_point_pulisher:/opt/ros/foxy /usr/bin/cmake /home/yahboom/S24_RobotProgramming_eloquent/lab3/roscourse_ws/src/turtle_interfaces -DCMAKE_INSTALL_PREFIX=/home/yahboom/S24_RobotProgramming_eloquent/lab3/roscourse_ws/src/install/turtle_interfaces
[0.913s] -- The C compiler identification is GNU 9.4.0
[1.137s] -- The CXX compiler identification is GNU 9.4.0
[1.148s] -- Check for working C compiler: /usr/bin/cc
[1.267s] -- Check for working C compiler: /usr/bin/cc -- works
[1.269s] -- Detecting C compiler ABI info
[1.399s] -- Detecting C compiler ABI info - done
[1.415s] -- Detecting C compile features
[1.420s] -- Detecting C compile features - done
[1.426s] -- Check for working CXX compiler: /usr/bin/c++
[1.499s] -- Check for working CXX compiler: /usr/bin/c++ -- works
[1.501s] -- Detecting CXX compiler ABI info
[1.587s] -- Detecting CXX compiler ABI info - done
[1.604s] -- Detecting CXX compile features
[1.604s] -- Detecting CXX compile features - done
[1.612s] -- Found geometry_msgs: 2.0.5 (/opt/ros/foxy/share/geometry_msgs/cmake)
[1.652s] -- Found PythonInterp: /usr/bin/python3 (found suitable version "3.8.10", minimum required is "3") 
[1.652s] -- Using PYTHON_EXECUTABLE: /usr/bin/python3
[1.968s] -- Using all available rosidl_typesupport_c: rosidl_typesupport_fastrtps_c;rosidl_typesupport_introspection_c
[1.991s] -- Found rosidl_adapter: 1.3.0 (/opt/ros/foxy/share/rosidl_adapter/cmake)
[2.122s] -- Found OpenSSL: /usr/lib/x86_64-linux-gnu/libcrypto.so (found version "1.1.1f")  
[2.156s] -- Found FastRTPS: /opt/ros/foxy/include  
[2.272s] -- Using all available rosidl_typesupport_cpp: rosidl_typesupport_fastrtps_cpp;rosidl_typesupport_introspection_cpp
[2.393s] -- Found rosidl_default_generators: 1.0.1 (/opt/ros/foxy/share/rosidl_default_generators/cmake)
[2.441s] -- Found PythonInterp: /usr/bin/python3 (found version "3.8.10") 
[2.651s] -- Found ament_cmake_ros: 0.9.2 (/opt/ros/foxy/share/ament_cmake_ros/cmake)
[2.884s] -- Using all available rosidl_typesupport_c: rosidl_typesupport_fastrtps_c;rosidl_typesupport_introspection_c
[2.992s] -- Using all available rosidl_typesupport_cpp: rosidl_typesupport_fastrtps_cpp;rosidl_typesupport_introspection_cpp
[3.020s] -- Found PythonInterp: /usr/bin/python3 (found suitable version "3.8.10", minimum required is "3.5") 
[3.023s] -- Found python_cmake_module: 0.8.1 (/opt/ros/foxy/share/python_cmake_module/cmake)
[3.054s] -- Found PythonLibs: /usr/lib/x86_64-linux-gnu/libpython3.8.so (found suitable version "3.8.10", minimum required is "3.5") 
[3.054s] -- Using PYTHON_EXECUTABLE: /usr/bin/python3
[3.054s] -- Using PYTHON_INCLUDE_DIRS: /usr/include/python3.8
[3.054s] -- Using PYTHON_LIBRARIES: /usr/lib/x86_64-linux-gnu/libpython3.8.so
[3.075s] -- Found PythonExtra: .so  
[3.186s] -- Found ament_lint_auto: 0.9.8 (/opt/ros/foxy/share/ament_lint_auto/cmake)
[3.252s] -- Added test 'copyright' to check source files copyright and LICENSE
[3.257s] -- Added test 'lint_cmake' to check CMake code style
[3.260s] -- Added test 'xmllint' to check XML markup files
[3.265s] -- Configuring done
[3.349s] -- Generating done
[3.350s] -- Build files have been written to: /home/yahboom/S24_RobotProgramming_eloquent/lab3/roscourse_ws/src/build/turtle_interfaces
[3.357s] Invoked command in '/home/yahboom/S24_RobotProgramming_eloquent/lab3/roscourse_ws/src/build/turtle_interfaces' returned '0': CMAKE_PREFIX_PATH=${CMAKE_PREFIX_PATH}:/home/yahboom/yahboomcar_ros2_ws/yahboomcar_ws/install/yahboomcar_voice_ctrl:/home/yahboom/yahboomcar_ros2_ws/yahboomcar_ws/install/yahboomcar_visual:/home/yahboom/yahboomcar_ros2_ws/yahboomcar_ws/install/yahboomcar_rviz:/home/yahboom/yahboomcar_ros2_ws/yahboomcar_ws/install/yahboomcar_nav:/home/yahboom/yahboomcar_ros2_ws/yahboomcar_ws/install/yahboomcar_multi:/home/yahboom/yahboomcar_ros2_ws/yahboomcar_ws/install/yahboomcar_mediapipe:/home/yahboom/yahboomcar_ros2_ws/yahboomcar_ws/install/yahboomcar_linefollow:/home/yahboom/yahboomcar_ros2_ws/yahboomcar_ws/install/yahboomcar_laser:/home/yahboom/yahboomcar_ros2_ws/yahboomcar_ws/install/yahboomcar_description_x1:/home/yahboom/yahboomcar_ros2_ws/yahboomcar_ws/install/yahboomcar_description:/home/yahboom/yahboomcar_ros2_ws/yahboomcar_ws/install/yahboomcar_ctrl:/home/yahboom/yahboomcar_ros2_ws/yahboomcar_ws/install/yahboomcar_bringup:/home/yahboom/yahboomcar_ros2_ws/yahboomcar_ws/install/yahboomcar_astra:/home/yahboom/yahboomcar_ros2_ws/yahboomcar_ws/install/robot_pose_publisher:/home/yahboom/yahboomcar_ros2_ws/yahboomcar_ws/install/laserscan_to_point_pulisher:/opt/ros/foxy /usr/bin/cmake /home/yahboom/S24_RobotProgramming_eloquent/lab3/roscourse_ws/src/turtle_interfaces -DCMAKE_INSTALL_PREFIX=/home/yahboom/S24_RobotProgramming_eloquent/lab3/roscourse_ws/src/install/turtle_interfaces
[3.362s] Invoking command in '/home/yahboom/S24_RobotProgramming_eloquent/lab3/roscourse_ws/src/build/turtle_interfaces': CMAKE_PREFIX_PATH=${CMAKE_PREFIX_PATH}:/home/yahboom/yahboomcar_ros2_ws/yahboomcar_ws/install/yahboomcar_voice_ctrl:/home/yahboom/yahboomcar_ros2_ws/yahboomcar_ws/install/yahboomcar_visual:/home/yahboom/yahboomcar_ros2_ws/yahboomcar_ws/install/yahboomcar_rviz:/home/yahboom/yahboomcar_ros2_ws/yahboomcar_ws/install/yahboomcar_nav:/home/yahboom/yahboomcar_ros2_ws/yahboomcar_ws/install/yahboomcar_multi:/home/yahboom/yahboomcar_ros2_ws/yahboomcar_ws/install/yahboomcar_mediapipe:/home/yahboom/yahboomcar_ros2_ws/yahboomcar_ws/install/yahboomcar_linefollow:/home/yahboom/yahboomcar_ros2_ws/yahboomcar_ws/install/yahboomcar_laser:/home/yahboom/yahboomcar_ros2_ws/yahboomcar_ws/install/yahboomcar_description_x1:/home/yahboom/yahboomcar_ros2_ws/yahboomcar_ws/install/yahboomcar_description:/home/yahboom/yahboomcar_ros2_ws/yahboomcar_ws/install/yahboomcar_ctrl:/home/yahboom/yahboomcar_ros2_ws/yahboomcar_ws/install/yahboomcar_bringup:/home/yahboom/yahboomcar_ros2_ws/yahboomcar_ws/install/yahboomcar_astra:/home/yahboom/yahboomcar_ros2_ws/yahboomcar_ws/install/robot_pose_publisher:/home/yahboom/yahboomcar_ros2_ws/yahboomcar_ws/install/laserscan_to_point_pulisher:/opt/ros/foxy /usr/bin/cmake --build /home/yahboom/S24_RobotProgramming_eloquent/lab3/roscourse_ws/src/build/turtle_interfaces -- -j4 -l4
[3.400s] [35m[1mScanning dependencies of target turtle_interfaces__cpp[0m
[3.407s] [  2%] [34m[1mGenerating C code for ROS interfaces[0m
[3.411s] [  4%] [34m[1mGenerating C++ code for ROS interfaces[0m
[3.806s] [  4%] Built target turtle_interfaces__cpp
[3.818s] [  6%] [34m[1mGenerating C++ introspection for ROS interfaces[0m
[3.840s] [  8%] [34m[1mGenerating C++ type support for eProsima Fast-RTPS[0m
[3.853s] [ 10%] [34m[1mGenerating C++ type support dispatch for ROS interfaces[0m
[3.855s] [35m[1mScanning dependencies of target turtle_interfaces__rosidl_generator_c[0m
[3.879s] [ 12%] [32mBuilding C object CMakeFiles/turtle_interfaces__rosidl_generator_c.dir/rosidl_generator_c/turtle_interfaces/msg/detail/turtle_msg__functions.c.o[0m
[3.960s] [ 14%] [32mBuilding C object CMakeFiles/turtle_interfaces__rosidl_generator_c.dir/rosidl_generator_c/turtle_interfaces/srv/detail/set_pose__functions.c.o[0m
[4.023s] [ 17%] [32mBuilding C object CMakeFiles/turtle_interfaces__rosidl_generator_c.dir/rosidl_generator_c/turtle_interfaces/srv/detail/set_color__functions.c.o[0m
[4.077s] [ 19%] [32m[1mLinking C shared library libturtle_interfaces__rosidl_generator_c.so[0m
[4.133s] [ 19%] Built target turtle_interfaces__rosidl_generator_c
[4.145s] [ 21%] [34m[1mGenerating C type support dispatch for ROS interfaces[0m
[4.165s] [35m[1mScanning dependencies of target turtle_interfaces__rosidl_typesupport_introspection_cpp[0m
[4.182s] [35m[1mScanning dependencies of target turtle_interfaces__rosidl_typesupport_cpp[0m
[4.186s] [ 23%] [32mBuilding CXX object CMakeFiles/turtle_interfaces__rosidl_typesupport_introspection_cpp.dir/rosidl_typesupport_introspection_cpp/turtle_interfaces/msg/detail/turtle_msg__type_support.cpp.o[0m
[4.201s] [ 25%] [32mBuilding CXX object CMakeFiles/turtle_interfaces__rosidl_typesupport_cpp.dir/rosidl_typesupport_cpp/turtle_interfaces/msg/turtle_msg__type_support.cpp.o[0m
[4.224s] [35m[1mScanning dependencies of target turtle_interfaces__rosidl_typesupport_fastrtps_cpp[0m
[4.260s] [ 27%] [32mBuilding CXX object CMakeFiles/turtle_interfaces__rosidl_typesupport_fastrtps_cpp.dir/rosidl_typesupport_fastrtps_cpp/turtle_interfaces/msg/detail/dds_fastrtps/turtle_msg__type_support.cpp.o[0m
[4.450s] [35m[1mScanning dependencies of target turtle_interfaces__rosidl_typesupport_c[0m
[4.468s] [ 29%] [32mBuilding CXX object CMakeFiles/turtle_interfaces__rosidl_typesupport_c.dir/rosidl_typesupport_c/turtle_interfaces/msg/turtle_msg__type_support.cpp.o[0m
[4.509s] [ 31%] [32mBuilding CXX object CMakeFiles/turtle_interfaces__rosidl_typesupport_c.dir/rosidl_typesupport_c/turtle_interfaces/srv/set_pose__type_support.cpp.o[0m
[4.547s] [ 34%] [32mBuilding CXX object CMakeFiles/turtle_interfaces__rosidl_typesupport_c.dir/rosidl_typesupport_c/turtle_interfaces/srv/set_color__type_support.cpp.o[0m
[4.572s] [ 36%] [32m[1mLinking CXX shared library libturtle_interfaces__rosidl_typesupport_c.so[0m
[4.580s] [ 38%] [32mBuilding CXX object CMakeFiles/turtle_interfaces__rosidl_typesupport_cpp.dir/rosidl_typesupport_cpp/turtle_interfaces/srv/set_pose__type_support.cpp.o[0m
[4.581s] [ 40%] [32mBuilding CXX object CMakeFiles/turtle_interfaces__rosidl_typesupport_introspection_cpp.dir/rosidl_typesupport_introspection_cpp/turtle_interfaces/srv/detail/set_pose__type_support.cpp.o[0m
[4.615s] [ 40%] Built target turtle_interfaces__rosidl_typesupport_c
[4.627s] [ 42%] [34m[1mGenerating C introspection for ROS interfaces[0m
[4.833s] [ 44%] [32mBuilding CXX object CMakeFiles/turtle_interfaces__rosidl_typesupport_fastrtps_cpp.dir/rosidl_typesupport_fastrtps_cpp/turtle_interfaces/srv/detail/dds_fastrtps/set_pose__type_support.cpp.o[0m
[4.882s] [ 46%] [32mBuilding CXX object CMakeFiles/turtle_interfaces__rosidl_typesupport_cpp.dir/rosidl_typesupport_cpp/turtle_interfaces/srv/set_color__type_support.cpp.o[0m
[4.919s] [ 48%] [32mBuilding CXX object CMakeFiles/turtle_interfaces__rosidl_typesupport_introspection_cpp.dir/rosidl_typesupport_introspection_cpp/turtle_interfaces/srv/detail/set_color__type_support.cpp.o[0m
[4.993s] [35m[1mScanning dependencies of target turtle_interfaces__rosidl_typesupport_introspection_c[0m
[5.016s] [ 51%] [32mBuilding C object CMakeFiles/turtle_interfaces__rosidl_typesupport_introspection_c.dir/rosidl_typesupport_introspection_c/turtle_interfaces/msg/detail/turtle_msg__type_support.c.o[0m
[5.056s] [ 53%] [32mBuilding C object CMakeFiles/turtle_interfaces__rosidl_typesupport_introspection_c.dir/rosidl_typesupport_introspection_c/turtle_interfaces/srv/detail/set_pose__type_support.c.o[0m
[5.085s] [ 55%] [32mBuilding C object CMakeFiles/turtle_interfaces__rosidl_typesupport_introspection_c.dir/rosidl_typesupport_introspection_c/turtle_interfaces/srv/detail/set_color__type_support.c.o[0m
[5.121s] [ 57%] [32m[1mLinking C shared library libturtle_interfaces__rosidl_typesupport_introspection_c.so[0m
[5.148s] [ 59%] [32m[1mLinking CXX shared library libturtle_interfaces__rosidl_typesupport_cpp.so[0m
[5.157s] [ 59%] Built target turtle_interfaces__rosidl_typesupport_introspection_c
[5.168s] [ 61%] [32mBuilding CXX object CMakeFiles/turtle_interfaces__rosidl_typesupport_fastrtps_cpp.dir/rosidl_typesupport_fastrtps_cpp/turtle_interfaces/srv/detail/dds_fastrtps/set_color__type_support.cpp.o[0m
[5.196s] [ 61%] Built target turtle_interfaces__rosidl_typesupport_cpp
[5.199s] [ 63%] [32m[1mLinking CXX shared library libturtle_interfaces__rosidl_typesupport_introspection_cpp.so[0m
[5.261s] [ 63%] Built target turtle_interfaces__rosidl_typesupport_introspection_cpp
[5.554s] [ 65%] [32m[1mLinking CXX shared library libturtle_interfaces__rosidl_typesupport_fastrtps_cpp.so[0m
[5.656s] [ 65%] Built target turtle_interfaces__rosidl_typesupport_fastrtps_cpp
[5.666s] [ 68%] [34m[1mGenerating C type support for eProsima Fast-RTPS[0m
[5.923s] [35m[1mScanning dependencies of target turtle_interfaces__rosidl_typesupport_fastrtps_c[0m
[5.948s] [ 70%] [32mBuilding CXX object CMakeFiles/turtle_interfaces__rosidl_typesupport_fastrtps_c.dir/rosidl_typesupport_fastrtps_c/turtle_interfaces/msg/detail/turtle_msg__type_support_c.cpp.o[0m
[5.950s] [ 72%] [32mBuilding CXX object CMakeFiles/turtle_interfaces__rosidl_typesupport_fastrtps_c.dir/rosidl_typesupport_fastrtps_c/turtle_interfaces/srv/detail/set_pose__type_support_c.cpp.o[0m
[5.950s] [ 74%] [32mBuilding CXX object CMakeFiles/turtle_interfaces__rosidl_typesupport_fastrtps_c.dir/rosidl_typesupport_fastrtps_c/turtle_interfaces/srv/detail/set_color__type_support_c.cpp.o[0m
[6.308s] [ 76%] [32m[1mLinking CXX shared library libturtle_interfaces__rosidl_typesupport_fastrtps_c.so[0m
[6.400s] [ 76%] Built target turtle_interfaces__rosidl_typesupport_fastrtps_c
[6.408s] [35m[1mScanning dependencies of target turtle_interfaces[0m
[6.430s] [ 76%] Built target turtle_interfaces
[6.439s] [35m[1mScanning dependencies of target turtle_interfaces__py[0m
[6.459s] [ 78%] [34m[1mGenerating Python code for ROS interfaces[0m
[7.216s] [ 78%] Built target turtle_interfaces__py
[7.224s] [35m[1mScanning dependencies of target turtle_interfaces__python[0m
[7.276s] [ 80%] [32mBuilding C object CMakeFiles/turtle_interfaces__python.dir/rosidl_generator_py/turtle_interfaces/msg/_turtle_msg_s.c.o[0m
[7.276s] [ 82%] [32mBuilding C object CMakeFiles/turtle_interfaces__python.dir/rosidl_generator_py/turtle_interfaces/srv/_set_color_s.c.o[0m
[7.278s] [ 85%] [32mBuilding C object CMakeFiles/turtle_interfaces__python.dir/rosidl_generator_py/turtle_interfaces/srv/_set_pose_s.c.o[0m
[7.381s] [ 87%] [32m[1mLinking C shared library rosidl_generator_py/turtle_interfaces/libturtle_interfaces__python.so[0m
[7.443s] [ 87%] Built target turtle_interfaces__python
[7.462s] [35m[1mScanning dependencies of target turtle_interfaces__rosidl_typesupport_introspection_c__pyext[0m
[7.462s] [35m[1mScanning dependencies of target turtle_interfaces__rosidl_typesupport_c__pyext[0m
[7.462s] [35m[1mScanning dependencies of target turtle_interfaces__rosidl_typesupport_fastrtps_c__pyext[0m
[7.482s] [ 89%] [32mBuilding C object CMakeFiles/turtle_interfaces__rosidl_typesupport_introspection_c__pyext.dir/rosidl_generator_py/turtle_interfaces/_turtle_interfaces_s.ep.rosidl_typesupport_introspection_c.c.o[0m
[7.487s] [ 91%] [32mBuilding C object CMakeFiles/turtle_interfaces__rosidl_typesupport_c__pyext.dir/rosidl_generator_py/turtle_interfaces/_turtle_interfaces_s.ep.rosidl_typesupport_c.c.o[0m
[7.487s] [ 93%] [32mBuilding C object CMakeFiles/turtle_interfaces__rosidl_typesupport_fastrtps_c__pyext.dir/rosidl_generator_py/turtle_interfaces/_turtle_interfaces_s.ep.rosidl_typesupport_fastrtps_c.c.o[0m
[7.561s] [ 95%] [32m[1mLinking C shared library rosidl_generator_py/turtle_interfaces/turtle_interfaces_s__rosidl_typesupport_introspection_c.cpython-38-x86_64-linux-gnu.so[0m
[7.590s] [ 97%] [32m[1mLinking CXX shared library rosidl_generator_py/turtle_interfaces/turtle_interfaces_s__rosidl_typesupport_fastrtps_c.cpython-38-x86_64-linux-gnu.so[0m
[7.593s] [100%] [32m[1mLinking C shared library rosidl_generator_py/turtle_interfaces/turtle_interfaces_s__rosidl_typesupport_c.cpython-38-x86_64-linux-gnu.so[0m
[7.600s] [100%] Built target turtle_interfaces__rosidl_typesupport_introspection_c__pyext
[7.635s] [100%] Built target turtle_interfaces__rosidl_typesupport_c__pyext
[7.656s] [100%] Built target turtle_interfaces__rosidl_typesupport_fastrtps_c__pyext
[7.668s] Invoked command in '/home/yahboom/S24_RobotProgramming_eloquent/lab3/roscourse_ws/src/build/turtle_interfaces' returned '0': CMAKE_PREFIX_PATH=${CMAKE_PREFIX_PATH}:/home/yahboom/yahboomcar_ros2_ws/yahboomcar_ws/install/yahboomcar_voice_ctrl:/home/yahboom/yahboomcar_ros2_ws/yahboomcar_ws/install/yahboomcar_visual:/home/yahboom/yahboomcar_ros2_ws/yahboomcar_ws/install/yahboomcar_rviz:/home/yahboom/yahboomcar_ros2_ws/yahboomcar_ws/install/yahboomcar_nav:/home/yahboom/yahboomcar_ros2_ws/yahboomcar_ws/install/yahboomcar_multi:/home/yahboom/yahboomcar_ros2_ws/yahboomcar_ws/install/yahboomcar_mediapipe:/home/yahboom/yahboomcar_ros2_ws/yahboomcar_ws/install/yahboomcar_linefollow:/home/yahboom/yahboomcar_ros2_ws/yahboomcar_ws/install/yahboomcar_laser:/home/yahboom/yahboomcar_ros2_ws/yahboomcar_ws/install/yahboomcar_description_x1:/home/yahboom/yahboomcar_ros2_ws/yahboomcar_ws/install/yahboomcar_description:/home/yahboom/yahboomcar_ros2_ws/yahboomcar_ws/install/yahboomcar_ctrl:/home/yahboom/yahboomcar_ros2_ws/yahboomcar_ws/install/yahboomcar_bringup:/home/yahboom/yahboomcar_ros2_ws/yahboomcar_ws/install/yahboomcar_astra:/home/yahboom/yahboomcar_ros2_ws/yahboomcar_ws/install/robot_pose_publisher:/home/yahboom/yahboomcar_ros2_ws/yahboomcar_ws/install/laserscan_to_point_pulisher:/opt/ros/foxy /usr/bin/cmake --build /home/yahboom/S24_RobotProgramming_eloquent/lab3/roscourse_ws/src/build/turtle_interfaces -- -j4 -l4
[7.779s] Invoking command in '/home/yahboom/S24_RobotProgramming_eloquent/lab3/roscourse_ws/src/build/turtle_interfaces': CMAKE_PREFIX_PATH=${CMAKE_PREFIX_PATH}:/home/yahboom/yahboomcar_ros2_ws/yahboomcar_ws/install/yahboomcar_voice_ctrl:/home/yahboom/yahboomcar_ros2_ws/yahboomcar_ws/install/yahboomcar_visual:/home/yahboom/yahboomcar_ros2_ws/yahboomcar_ws/install/yahboomcar_rviz:/home/yahboom/yahboomcar_ros2_ws/yahboomcar_ws/install/yahboomcar_nav:/home/yahboom/yahboomcar_ros2_ws/yahboomcar_ws/install/yahboomcar_multi:/home/yahboom/yahboomcar_ros2_ws/yahboomcar_ws/install/yahboomcar_mediapipe:/home/yahboom/yahboomcar_ros2_ws/yahboomcar_ws/install/yahboomcar_linefollow:/home/yahboom/yahboomcar_ros2_ws/yahboomcar_ws/install/yahboomcar_laser:/home/yahboom/yahboomcar_ros2_ws/yahboomcar_ws/install/yahboomcar_description_x1:/home/yahboom/yahboomcar_ros2_ws/yahboomcar_ws/install/yahboomcar_description:/home/yahboom/yahboomcar_ros2_ws/yahboomcar_ws/install/yahboomcar_ctrl:/home/yahboom/yahboomcar_ros2_ws/yahboomcar_ws/install/yahboomcar_bringup:/home/yahboom/yahboomcar_ros2_ws/yahboomcar_ws/install/yahboomcar_astra:/home/yahboom/yahboomcar_ros2_ws/yahboomcar_ws/install/robot_pose_publisher:/home/yahboom/yahboomcar_ros2_ws/yahboomcar_ws/install/laserscan_to_point_pulisher:/opt/ros/foxy /usr/bin/cmake --install /home/yahboom/S24_RobotProgramming_eloquent/lab3/roscourse_ws/src/build/turtle_interfaces
[7.788s] -- Install configuration: ""
[7.788s] -- Installing: /home/yahboom/S24_RobotProgramming_eloquent/lab3/roscourse_ws/src/install/turtle_interfaces/share/ament_index/resource_index/rosidl_interfaces/turtle_interfaces
[7.789s] -- Installing: /home/yahboom/S24_RobotProgramming_eloquent/lab3/roscourse_ws/src/install/turtle_interfaces/include/turtle_interfaces
[7.789s] -- Installing: /home/yahboom/S24_RobotProgramming_eloquent/lab3/roscourse_ws/src/install/turtle_interfaces/include/turtle_interfaces/msg
[7.789s] -- Installing: /home/yahboom/S24_RobotProgramming_eloquent/lab3/roscourse_ws/src/install/turtle_interfaces/include/turtle_interfaces/msg/rosidl_generator_c__visibility_control.h
[7.789s] -- Installing: /home/yahboom/S24_RobotProgramming_eloquent/lab3/roscourse_ws/src/install/turtle_interfaces/include/turtle_interfaces/msg/detail
[7.789s] -- Installing: /home/yahboom/S24_RobotProgramming_eloquent/lab3/roscourse_ws/src/install/turtle_interfaces/include/turtle_interfaces/msg/detail/turtle_msg__struct.h
[7.789s] -- Installing: /home/yahboom/S24_RobotProgramming_eloquent/lab3/roscourse_ws/src/install/turtle_interfaces/include/turtle_interfaces/msg/detail/turtle_msg__functions.c
[7.789s] -- Installing: /home/yahboom/S24_RobotProgramming_eloquent/lab3/roscourse_ws/src/install/turtle_interfaces/include/turtle_interfaces/msg/detail/turtle_msg__functions.h
[7.790s] -- Installing: /home/yahboom/S24_RobotProgramming_eloquent/lab3/roscourse_ws/src/install/turtle_interfaces/include/turtle_interfaces/msg/detail/turtle_msg__type_support.h
[7.790s] -- Installing: /home/yahboom/S24_RobotProgramming_eloquent/lab3/roscourse_ws/src/install/turtle_interfaces/include/turtle_interfaces/msg/turtle_msg.h
[7.790s] -- Installing: /home/yahboom/S24_RobotProgramming_eloquent/lab3/roscourse_ws/src/install/turtle_interfaces/include/turtle_interfaces/srv
[7.790s] -- Installing: /home/yahboom/S24_RobotProgramming_eloquent/lab3/roscourse_ws/src/install/turtle_interfaces/include/turtle_interfaces/srv/detail
[7.790s] -- Installing: /home/yahboom/S24_RobotProgramming_eloquent/lab3/roscourse_ws/src/install/turtle_interfaces/include/turtle_interfaces/srv/detail/set_color__functions.h
[7.790s] -- Installing: /home/yahboom/S24_RobotProgramming_eloquent/lab3/roscourse_ws/src/install/turtle_interfaces/include/turtle_interfaces/srv/detail/set_pose__functions.c
[7.790s] -- Installing: /home/yahboom/S24_RobotProgramming_eloquent/lab3/roscourse_ws/src/install/turtle_interfaces/include/turtle_interfaces/srv/detail/set_color__struct.h
[7.790s] -- Installing: /home/yahboom/S24_RobotProgramming_eloquent/lab3/roscourse_ws/src/install/turtle_interfaces/include/turtle_interfaces/srv/detail/set_color__type_support.h
[7.791s] -- Installing: /home/yahboom/S24_RobotProgramming_eloquent/lab3/roscourse_ws/src/install/turtle_interfaces/include/turtle_interfaces/srv/detail/set_pose__type_support.h
[7.791s] -- Installing: /home/yahboom/S24_RobotProgramming_eloquent/lab3/roscourse_ws/src/install/turtle_interfaces/include/turtle_interfaces/srv/detail/set_pose__struct.h
[7.791s] -- Installing: /home/yahboom/S24_RobotProgramming_eloquent/lab3/roscourse_ws/src/install/turtle_interfaces/include/turtle_interfaces/srv/detail/set_color__functions.c
[7.791s] -- Installing: /home/yahboom/S24_RobotProgramming_eloquent/lab3/roscourse_ws/src/install/turtle_interfaces/include/turtle_interfaces/srv/detail/set_pose__functions.h
[7.791s] -- Installing: /home/yahboom/S24_RobotProgramming_eloquent/lab3/roscourse_ws/src/install/turtle_interfaces/include/turtle_interfaces/srv/set_color.h
[7.791s] -- Installing: /home/yahboom/S24_RobotProgramming_eloquent/lab3/roscourse_ws/src/install/turtle_interfaces/include/turtle_interfaces/srv/set_pose.h
[7.791s] -- Installing: /home/yahboom/S24_RobotProgramming_eloquent/lab3/roscourse_ws/src/install/turtle_interfaces/share/turtle_interfaces/environment/library_path.sh
[7.791s] -- Installing: /home/yahboom/S24_RobotProgramming_eloquent/lab3/roscourse_ws/src/install/turtle_interfaces/share/turtle_interfaces/environment/library_path.dsv
[7.792s] -- Installing: /home/yahboom/S24_RobotProgramming_eloquent/lab3/roscourse_ws/src/install/turtle_interfaces/lib/libturtle_interfaces__rosidl_generator_c.so
[7.792s] -- Set runtime path of "/home/yahboom/S24_RobotProgramming_eloquent/lab3/roscourse_ws/src/install/turtle_interfaces/lib/libturtle_interfaces__rosidl_generator_c.so" to ""
[7.792s] -- Up-to-date: /home/yahboom/S24_RobotProgramming_eloquent/lab3/roscourse_ws/src/install/turtle_interfaces/include/turtle_interfaces
[7.792s] -- Up-to-date: /home/yahboom/S24_RobotProgramming_eloquent/lab3/roscourse_ws/src/install/turtle_interfaces/include/turtle_interfaces/msg
[7.792s] -- Up-to-date: /home/yahboom/S24_RobotProgramming_eloquent/lab3/roscourse_ws/src/install/turtle_interfaces/include/turtle_interfaces/msg/detail
[7.792s] -- Installing: /home/yahboom/S24_RobotProgramming_eloquent/lab3/roscourse_ws/src/install/turtle_interfaces/include/turtle_interfaces/msg/detail/turtle_msg__rosidl_typesupport_fastrtps_c.h
[7.792s] -- Installing: /home/yahboom/S24_RobotProgramming_eloquent/lab3/roscourse_ws/src/install/turtle_interfaces/include/turtle_interfaces/msg/rosidl_typesupport_fastrtps_c__visibility_control.h
[7.792s] -- Up-to-date: /home/yahboom/S24_RobotProgramming_eloquent/lab3/roscourse_ws/src/install/turtle_interfaces/include/turtle_interfaces/srv
[7.792s] -- Up-to-date: /home/yahboom/S24_RobotProgramming_eloquent/lab3/roscourse_ws/src/install/turtle_interfaces/include/turtle_interfaces/srv/detail
[7.792s] -- Installing: /home/yahboom/S24_RobotProgramming_eloquent/lab3/roscourse_ws/src/install/turtle_interfaces/include/turtle_interfaces/srv/detail/set_color__rosidl_typesupport_fastrtps_c.h
[7.793s] -- Installing: /home/yahboom/S24_RobotProgramming_eloquent/lab3/roscourse_ws/src/install/turtle_interfaces/include/turtle_interfaces/srv/detail/set_pose__rosidl_typesupport_fastrtps_c.h
[7.793s] -- Installing: /home/yahboom/S24_RobotProgramming_eloquent/lab3/roscourse_ws/src/install/turtle_interfaces/lib/libturtle_interfaces__rosidl_typesupport_fastrtps_c.so
[7.793s] -- Set runtime path of "/home/yahboom/S24_RobotProgramming_eloquent/lab3/roscourse_ws/src/install/turtle_interfaces/lib/libturtle_interfaces__rosidl_typesupport_fastrtps_c.so" to ""
[7.793s] -- Up-to-date: /home/yahboom/S24_RobotProgramming_eloquent/lab3/roscourse_ws/src/install/turtle_interfaces/include/turtle_interfaces
[7.793s] -- Up-to-date: /home/yahboom/S24_RobotProgramming_eloquent/lab3/roscourse_ws/src/install/turtle_interfaces/include/turtle_interfaces/msg
[7.793s] -- Up-to-date: /home/yahboom/S24_RobotProgramming_eloquent/lab3/roscourse_ws/src/install/turtle_interfaces/include/turtle_interfaces/msg/detail
[7.793s] -- Installing: /home/yahboom/S24_RobotProgramming_eloquent/lab3/roscourse_ws/src/install/turtle_interfaces/include/turtle_interfaces/msg/detail/dds_fastrtps
[7.793s] -- Installing: /home/yahboom/S24_RobotProgramming_eloquent/lab3/roscourse_ws/src/install/turtle_interfaces/include/turtle_interfaces/msg/detail/turtle_msg__rosidl_typesupport_fastrtps_cpp.hpp
[7.794s] -- Installing: /home/yahboom/S24_RobotProgramming_eloquent/lab3/roscourse_ws/src/install/turtle_interfaces/include/turtle_interfaces/msg/rosidl_typesupport_fastrtps_cpp__visibility_control.h
[7.794s] -- Up-to-date: /home/yahboom/S24_RobotProgramming_eloquent/lab3/roscourse_ws/src/install/turtle_interfaces/include/turtle_interfaces/srv
[7.794s] -- Up-to-date: /home/yahboom/S24_RobotProgramming_eloquent/lab3/roscourse_ws/src/install/turtle_interfaces/include/turtle_interfaces/srv/detail
[7.794s] -- Installing: /home/yahboom/S24_RobotProgramming_eloquent/lab3/roscourse_ws/src/install/turtle_interfaces/include/turtle_interfaces/srv/detail/set_pose__rosidl_typesupport_fastrtps_cpp.hpp
[7.794s] -- Installing: /home/yahboom/S24_RobotProgramming_eloquent/lab3/roscourse_ws/src/install/turtle_interfaces/include/turtle_interfaces/srv/detail/set_color__rosidl_typesupport_fastrtps_cpp.hpp
[7.794s] -- Installing: /home/yahboom/S24_RobotProgramming_eloquent/lab3/roscourse_ws/src/install/turtle_interfaces/include/turtle_interfaces/srv/detail/dds_fastrtps
[7.794s] -- Installing: /home/yahboom/S24_RobotProgramming_eloquent/lab3/roscourse_ws/src/install/turtle_interfaces/lib/libturtle_interfaces__rosidl_typesupport_fastrtps_cpp.so
[7.794s] -- Set runtime path of "/home/yahboom/S24_RobotProgramming_eloquent/lab3/roscourse_ws/src/install/turtle_interfaces/lib/libturtle_interfaces__rosidl_typesupport_fastrtps_cpp.so" to ""
[7.795s] -- Up-to-date: /home/yahboom/S24_RobotProgramming_eloquent/lab3/roscourse_ws/src/install/turtle_interfaces/include/turtle_interfaces
[7.795s] -- Up-to-date: /home/yahboom/S24_RobotProgramming_eloquent/lab3/roscourse_ws/src/install/turtle_interfaces/include/turtle_interfaces/msg
[7.795s] -- Up-to-date: /home/yahboom/S24_RobotProgramming_eloquent/lab3/roscourse_ws/src/install/turtle_interfaces/include/turtle_interfaces/msg/detail
[7.795s] -- Installing: /home/yahboom/S24_RobotProgramming_eloquent/lab3/roscourse_ws/src/install/turtle_interfaces/include/turtle_interfaces/msg/detail/turtle_msg__type_support.c
[7.795s] -- Installing: /home/yahboom/S24_RobotProgramming_eloquent/lab3/roscourse_ws/src/install/turtle_interfaces/include/turtle_interfaces/msg/detail/turtle_msg__rosidl_typesupport_introspection_c.h
[7.795s] -- Installing: /home/yahboom/S24_RobotProgramming_eloquent/lab3/roscourse_ws/src/install/turtle_interfaces/include/turtle_interfaces/msg/rosidl_typesupport_introspection_c__visibility_control.h
[7.795s] -- Up-to-date: /home/yahboom/S24_RobotProgramming_eloquent/lab3/roscourse_ws/src/install/turtle_interfaces/include/turtle_interfaces/srv
[7.795s] -- Up-to-date: /home/yahboom/S24_RobotProgramming_eloquent/lab3/roscourse_ws/src/install/turtle_interfaces/include/turtle_interfaces/srv/detail
[7.795s] -- Installing: /home/yahboom/S24_RobotProgramming_eloquent/lab3/roscourse_ws/src/install/turtle_interfaces/include/turtle_interfaces/srv/detail/set_pose__rosidl_typesupport_introspection_c.h
[7.795s] -- Installing: /home/yahboom/S24_RobotProgramming_eloquent/lab3/roscourse_ws/src/install/turtle_interfaces/include/turtle_interfaces/srv/detail/set_color__type_support.c
[7.796s] -- Installing: /home/yahboom/S24_RobotProgramming_eloquent/lab3/roscourse_ws/src/install/turtle_interfaces/include/turtle_interfaces/srv/detail/set_pose__type_support.c
[7.796s] -- Installing: /home/yahboom/S24_RobotProgramming_eloquent/lab3/roscourse_ws/src/install/turtle_interfaces/include/turtle_interfaces/srv/detail/set_color__rosidl_typesupport_introspection_c.h
[7.796s] -- Installing: /home/yahboom/S24_RobotProgramming_eloquent/lab3/roscourse_ws/src/install/turtle_interfaces/lib/libturtle_interfaces__rosidl_typesupport_introspection_c.so
[7.796s] -- Set runtime path of "/home/yahboom/S24_RobotProgramming_eloquent/lab3/roscourse_ws/src/install/turtle_interfaces/lib/libturtle_interfaces__rosidl_typesupport_introspection_c.so" to ""
[7.796s] -- Installing: /home/yahboom/S24_RobotProgramming_eloquent/lab3/roscourse_ws/src/install/turtle_interfaces/lib/libturtle_interfaces__rosidl_typesupport_c.so
[7.796s] -- Set runtime path of "/home/yahboom/S24_RobotProgramming_eloquent/lab3/roscourse_ws/src/install/turtle_interfaces/lib/libturtle_interfaces__rosidl_typesupport_c.so" to ""
[7.796s] -- Up-to-date: /home/yahboom/S24_RobotProgramming_eloquent/lab3/roscourse_ws/src/install/turtle_interfaces/include/turtle_interfaces
[7.796s] -- Up-to-date: /home/yahboom/S24_RobotProgramming_eloquent/lab3/roscourse_ws/src/install/turtle_interfaces/include/turtle_interfaces/msg
[7.796s] -- Up-to-date: /home/yahboom/S24_RobotProgramming_eloquent/lab3/roscourse_ws/src/install/turtle_interfaces/include/turtle_interfaces/msg/detail
[7.797s] -- Installing: /home/yahboom/S24_RobotProgramming_eloquent/lab3/roscourse_ws/src/install/turtle_interfaces/include/turtle_interfaces/msg/detail/turtle_msg__builder.hpp
[7.797s] -- Installing: /home/yahboom/S24_RobotProgramming_eloquent/lab3/roscourse_ws/src/install/turtle_interfaces/include/turtle_interfaces/msg/detail/turtle_msg__traits.hpp
[7.797s] -- Installing: /home/yahboom/S24_RobotProgramming_eloquent/lab3/roscourse_ws/src/install/turtle_interfaces/include/turtle_interfaces/msg/detail/turtle_msg__struct.hpp
[7.797s] -- Installing: /home/yahboom/S24_RobotProgramming_eloquent/lab3/roscourse_ws/src/install/turtle_interfaces/include/turtle_interfaces/msg/turtle_msg.hpp
[7.797s] -- Up-to-date: /home/yahboom/S24_RobotProgramming_eloquent/lab3/roscourse_ws/src/install/turtle_interfaces/include/turtle_interfaces/srv
[7.797s] -- Up-to-date: /home/yahboom/S24_RobotProgramming_eloquent/lab3/roscourse_ws/src/install/turtle_interfaces/include/turtle_interfaces/srv/detail
[7.797s] -- Installing: /home/yahboom/S24_RobotProgramming_eloquent/lab3/roscourse_ws/src/install/turtle_interfaces/include/turtle_interfaces/srv/detail/set_color__struct.hpp
[7.797s] -- Installing: /home/yahboom/S24_RobotProgramming_eloquent/lab3/roscourse_ws/src/install/turtle_interfaces/include/turtle_interfaces/srv/detail/set_color__traits.hpp
[7.797s] -- Installing: /home/yahboom/S24_RobotProgramming_eloquent/lab3/roscourse_ws/src/install/turtle_interfaces/include/turtle_interfaces/srv/detail/set_pose__traits.hpp
[7.797s] -- Installing: /home/yahboom/S24_RobotProgramming_eloquent/lab3/roscourse_ws/src/install/turtle_interfaces/include/turtle_interfaces/srv/detail/set_pose__struct.hpp
[7.798s] -- Installing: /home/yahboom/S24_RobotProgramming_eloquent/lab3/roscourse_ws/src/install/turtle_interfaces/include/turtle_interfaces/srv/detail/set_color__builder.hpp
[7.798s] -- Installing: /home/yahboom/S24_RobotProgramming_eloquent/lab3/roscourse_ws/src/install/turtle_interfaces/include/turtle_interfaces/srv/detail/set_pose__builder.hpp
[7.798s] -- Installing: /home/yahboom/S24_RobotProgramming_eloquent/lab3/roscourse_ws/src/install/turtle_interfaces/include/turtle_interfaces/srv/set_pose.hpp
[7.798s] -- Installing: /home/yahboom/S24_RobotProgramming_eloquent/lab3/roscourse_ws/src/install/turtle_interfaces/include/turtle_interfaces/srv/set_color.hpp
[7.798s] -- Up-to-date: /home/yahboom/S24_RobotProgramming_eloquent/lab3/roscourse_ws/src/install/turtle_interfaces/include/turtle_interfaces
[7.798s] -- Up-to-date: /home/yahboom/S24_RobotProgramming_eloquent/lab3/roscourse_ws/src/install/turtle_interfaces/include/turtle_interfaces/msg
[7.798s] -- Up-to-date: /home/yahboom/S24_RobotProgramming_eloquent/lab3/roscourse_ws/src/install/turtle_interfaces/include/turtle_interfaces/msg/detail
[7.798s] -- Installing: /home/yahboom/S24_RobotProgramming_eloquent/lab3/roscourse_ws/src/install/turtle_interfaces/include/turtle_interfaces/msg/detail/turtle_msg__type_support.cpp
[7.798s] -- Installing: /home/yahboom/S24_RobotProgramming_eloquent/lab3/roscourse_ws/src/install/turtle_interfaces/include/turtle_interfaces/msg/detail/turtle_msg__rosidl_typesupport_introspection_cpp.hpp
[7.798s] -- Up-to-date: /home/yahboom/S24_RobotProgramming_eloquent/lab3/roscourse_ws/src/install/turtle_interfaces/include/turtle_interfaces/srv
[7.798s] -- Up-to-date: /home/yahboom/S24_RobotProgramming_eloquent/lab3/roscourse_ws/src/install/turtle_interfaces/include/turtle_interfaces/srv/detail
[7.798s] -- Installing: /home/yahboom/S24_RobotProgramming_eloquent/lab3/roscourse_ws/src/install/turtle_interfaces/include/turtle_interfaces/srv/detail/set_pose__rosidl_typesupport_introspection_cpp.hpp
[7.798s] -- Installing: /home/yahboom/S24_RobotProgramming_eloquent/lab3/roscourse_ws/src/install/turtle_interfaces/include/turtle_interfaces/srv/detail/set_color__type_support.cpp
[7.798s] -- Installing: /home/yahboom/S24_RobotProgramming_eloquent/lab3/roscourse_ws/src/install/turtle_interfaces/include/turtle_interfaces/srv/detail/set_color__rosidl_typesupport_introspection_cpp.hpp
[7.798s] -- Installing: /home/yahboom/S24_RobotProgramming_eloquent/lab3/roscourse_ws/src/install/turtle_interfaces/include/turtle_interfaces/srv/detail/set_pose__type_support.cpp
[7.799s] -- Installing: /home/yahboom/S24_RobotProgramming_eloquent/lab3/roscourse_ws/src/install/turtle_interfaces/lib/libturtle_interfaces__rosidl_typesupport_introspection_cpp.so
[7.799s] -- Set runtime path of "/home/yahboom/S24_RobotProgramming_eloquent/lab3/roscourse_ws/src/install/turtle_interfaces/lib/libturtle_interfaces__rosidl_typesupport_introspection_cpp.so" to ""
[7.799s] -- Installing: /home/yahboom/S24_RobotProgramming_eloquent/lab3/roscourse_ws/src/install/turtle_interfaces/lib/libturtle_interfaces__rosidl_typesupport_cpp.so
[7.799s] -- Set runtime path of "/home/yahboom/S24_RobotProgramming_eloquent/lab3/roscourse_ws/src/install/turtle_interfaces/lib/libturtle_interfaces__rosidl_typesupport_cpp.so" to ""
[7.799s] -- Installing: /home/yahboom/S24_RobotProgramming_eloquent/lab3/roscourse_ws/src/install/turtle_interfaces/share/turtle_interfaces/environment/pythonpath.sh
[7.799s] -- Installing: /home/yahboom/S24_RobotProgramming_eloquent/lab3/roscourse_ws/src/install/turtle_interfaces/share/turtle_interfaces/environment/pythonpath.dsv
[7.799s] -- Installing: /home/yahboom/S24_RobotProgramming_eloquent/lab3/roscourse_ws/src/install/turtle_interfaces/lib/python3.8/site-packages/turtle_interfaces/__init__.py
[7.837s] Compiling '/home/yahboom/S24_RobotProgramming_eloquent/lab3/roscourse_ws/src/install/turtle_interfaces/lib/python3.8/site-packages/turtle_interfaces/__init__.py'...
[7.840s] -- Installing: /home/yahboom/S24_RobotProgramming_eloquent/lab3/roscourse_ws/src/install/turtle_interfaces/lib/python3.8/site-packages/turtle_interfaces/msg
[7.840s] -- Installing: /home/yahboom/S24_RobotProgramming_eloquent/lab3/roscourse_ws/src/install/turtle_interfaces/lib/python3.8/site-packages/turtle_interfaces/msg/__init__.py
[7.840s] -- Installing: /home/yahboom/S24_RobotProgramming_eloquent/lab3/roscourse_ws/src/install/turtle_interfaces/lib/python3.8/site-packages/turtle_interfaces/msg/_turtle_msg_s.c
[7.841s] -- Installing: /home/yahboom/S24_RobotProgramming_eloquent/lab3/roscourse_ws/src/install/turtle_interfaces/lib/python3.8/site-packages/turtle_interfaces/msg/_turtle_msg.py
[7.841s] -- Installing: /home/yahboom/S24_RobotProgramming_eloquent/lab3/roscourse_ws/src/install/turtle_interfaces/lib/python3.8/site-packages/turtle_interfaces/srv
[7.841s] -- Installing: /home/yahboom/S24_RobotProgramming_eloquent/lab3/roscourse_ws/src/install/turtle_interfaces/lib/python3.8/site-packages/turtle_interfaces/srv/_set_color.py
[7.841s] -- Installing: /home/yahboom/S24_RobotProgramming_eloquent/lab3/roscourse_ws/src/install/turtle_interfaces/lib/python3.8/site-packages/turtle_interfaces/srv/__init__.py
[7.841s] -- Installing: /home/yahboom/S24_RobotProgramming_eloquent/lab3/roscourse_ws/src/install/turtle_interfaces/lib/python3.8/site-packages/turtle_interfaces/srv/_set_pose_s.c
[7.841s] -- Installing: /home/yahboom/S24_RobotProgramming_eloquent/lab3/roscourse_ws/src/install/turtle_interfaces/lib/python3.8/site-packages/turtle_interfaces/srv/_set_pose.py
[7.841s] -- Installing: /home/yahboom/S24_RobotProgramming_eloquent/lab3/roscourse_ws/src/install/turtle_interfaces/lib/python3.8/site-packages/turtle_interfaces/srv/_set_color_s.c
[7.841s] -- Installing: /home/yahboom/S24_RobotProgramming_eloquent/lab3/roscourse_ws/src/install/turtle_interfaces/lib/python3.8/site-packages/turtle_interfaces/turtle_interfaces_s__rosidl_typesupport_fastrtps_c.cpython-38-x86_64-linux-gnu.so
[7.842s] -- Set runtime path of "/home/yahboom/S24_RobotProgramming_eloquent/lab3/roscourse_ws/src/install/turtle_interfaces/lib/python3.8/site-packages/turtle_interfaces/turtle_interfaces_s__rosidl_typesupport_fastrtps_c.cpython-38-x86_64-linux-gnu.so" to ""
[7.842s] -- Installing: /home/yahboom/S24_RobotProgramming_eloquent/lab3/roscourse_ws/src/install/turtle_interfaces/lib/python3.8/site-packages/turtle_interfaces/turtle_interfaces_s__rosidl_typesupport_introspection_c.cpython-38-x86_64-linux-gnu.so
[7.843s] -- Set runtime path of "/home/yahboom/S24_RobotProgramming_eloquent/lab3/roscourse_ws/src/install/turtle_interfaces/lib/python3.8/site-packages/turtle_interfaces/turtle_interfaces_s__rosidl_typesupport_introspection_c.cpython-38-x86_64-linux-gnu.so" to ""
[7.843s] -- Installing: /home/yahboom/S24_RobotProgramming_eloquent/lab3/roscourse_ws/src/install/turtle_interfaces/lib/python3.8/site-packages/turtle_interfaces/turtle_interfaces_s__rosidl_typesupport_c.cpython-38-x86_64-linux-gnu.so
[7.844s] -- Set runtime path of "/home/yahboom/S24_RobotProgramming_eloquent/lab3/roscourse_ws/src/install/turtle_interfaces/lib/python3.8/site-packages/turtle_interfaces/turtle_interfaces_s__rosidl_typesupport_c.cpython-38-x86_64-linux-gnu.so" to ""
[7.844s] -- Installing: /home/yahboom/S24_RobotProgramming_eloquent/lab3/roscourse_ws/src/install/turtle_interfaces/lib/libturtle_interfaces__python.so
[7.844s] -- Set runtime path of "/home/yahboom/S24_RobotProgramming_eloquent/lab3/roscourse_ws/src/install/turtle_interfaces/lib/libturtle_interfaces__python.so" to ""
[7.844s] -- Installing: /home/yahboom/S24_RobotProgramming_eloquent/lab3/roscourse_ws/src/install/turtle_interfaces/share/turtle_interfaces/msg/TurtleMsg.idl
[7.845s] -- Installing: /home/yahboom/S24_RobotProgramming_eloquent/lab3/roscourse_ws/src/install/turtle_interfaces/share/turtle_interfaces/srv/SetPose.idl
[7.845s] -- Installing: /home/yahboom/S24_RobotProgramming_eloquent/lab3/roscourse_ws/src/install/turtle_interfaces/share/turtle_interfaces/srv/SetColor.idl
[7.845s] -- Installing: /home/yahboom/S24_RobotProgramming_eloquent/lab3/roscourse_ws/src/install/turtle_interfaces/share/turtle_interfaces/msg/TurtleMsg.msg
[7.845s] -- Installing: /home/yahboom/S24_RobotProgramming_eloquent/lab3/roscourse_ws/src/install/turtle_interfaces/share/turtle_interfaces/srv/SetPose.srv
[7.845s] -- Installing: /home/yahboom/S24_RobotProgramming_eloquent/lab3/roscourse_ws/src/install/turtle_interfaces/share/turtle_interfaces/srv/SetPose_Request.msg
[7.846s] -- Installing: /home/yahboom/S24_RobotProgramming_eloquent/lab3/roscourse_ws/src/install/turtle_interfaces/share/turtle_interfaces/srv/SetPose_Response.msg
[7.846s] -- Installing: /home/yahboom/S24_RobotProgramming_eloquent/lab3/roscourse_ws/src/install/turtle_interfaces/share/turtle_interfaces/srv/SetColor.srv
[7.846s] -- Installing: /home/yahboom/S24_RobotProgramming_eloquent/lab3/roscourse_ws/src/install/turtle_interfaces/share/turtle_interfaces/srv/SetColor_Request.msg
[7.846s] -- Installing: /home/yahboom/S24_RobotProgramming_eloquent/lab3/roscourse_ws/src/install/turtle_interfaces/share/turtle_interfaces/srv/SetColor_Response.msg
[7.846s] -- Installing: /home/yahboom/S24_RobotProgramming_eloquent/lab3/roscourse_ws/src/install/turtle_interfaces/share/ament_index/resource_index/package_run_dependencies/turtle_interfaces
[7.847s] -- Installing: /home/yahboom/S24_RobotProgramming_eloquent/lab3/roscourse_ws/src/install/turtle_interfaces/share/ament_index/resource_index/parent_prefix_path/turtle_interfaces
[7.847s] -- Installing: /home/yahboom/S24_RobotProgramming_eloquent/lab3/roscourse_ws/src/install/turtle_interfaces/share/turtle_interfaces/environment/ament_prefix_path.sh
[7.847s] -- Installing: /home/yahboom/S24_RobotProgramming_eloquent/lab3/roscourse_ws/src/install/turtle_interfaces/share/turtle_interfaces/environment/ament_prefix_path.dsv
[7.847s] -- Installing: /home/yahboom/S24_RobotProgramming_eloquent/lab3/roscourse_ws/src/install/turtle_interfaces/share/turtle_interfaces/environment/path.sh
[7.847s] -- Installing: /home/yahboom/S24_RobotProgramming_eloquent/lab3/roscourse_ws/src/install/turtle_interfaces/share/turtle_interfaces/environment/path.dsv
[7.847s] -- Installing: /home/yahboom/S24_RobotProgramming_eloquent/lab3/roscourse_ws/src/install/turtle_interfaces/share/turtle_interfaces/local_setup.bash
[7.848s] -- Installing: /home/yahboom/S24_RobotProgramming_eloquent/lab3/roscourse_ws/src/install/turtle_interfaces/share/turtle_interfaces/local_setup.sh
[7.848s] -- Installing: /home/yahboom/S24_RobotProgramming_eloquent/lab3/roscourse_ws/src/install/turtle_interfaces/share/turtle_interfaces/local_setup.zsh
[7.848s] -- Installing: /home/yahboom/S24_RobotProgramming_eloquent/lab3/roscourse_ws/src/install/turtle_interfaces/share/turtle_interfaces/local_setup.dsv
[7.848s] -- Installing: /home/yahboom/S24_RobotProgramming_eloquent/lab3/roscourse_ws/src/install/turtle_interfaces/share/turtle_interfaces/package.dsv
[7.848s] -- Installing: /home/yahboom/S24_RobotProgramming_eloquent/lab3/roscourse_ws/src/install/turtle_interfaces/share/ament_index/resource_index/packages/turtle_interfaces
[7.848s] -- Installing: /home/yahboom/S24_RobotProgramming_eloquent/lab3/roscourse_ws/src/install/turtle_interfaces/share/turtle_interfaces/cmake/turtle_interfaces__rosidl_generator_cExport.cmake
[7.848s] -- Installing: /home/yahboom/S24_RobotProgramming_eloquent/lab3/roscourse_ws/src/install/turtle_interfaces/share/turtle_interfaces/cmake/turtle_interfaces__rosidl_generator_cExport-noconfig.cmake
[7.849s] -- Installing: /home/yahboom/S24_RobotProgramming_eloquent/lab3/roscourse_ws/src/install/turtle_interfaces/share/turtle_interfaces/cmake/turtle_interfaces__rosidl_typesupport_introspection_cExport.cmake
[7.849s] -- Installing: /home/yahboom/S24_RobotProgramming_eloquent/lab3/roscourse_ws/src/install/turtle_interfaces/share/turtle_interfaces/cmake/turtle_interfaces__rosidl_typesupport_introspection_cExport-noconfig.cmake
[7.849s] -- Installing: /home/yahboom/S24_RobotProgramming_eloquent/lab3/roscourse_ws/src/install/turtle_interfaces/share/turtle_interfaces/cmake/turtle_interfaces__rosidl_typesupport_cExport.cmake
[7.849s] -- Installing: /home/yahboom/S24_RobotProgramming_eloquent/lab3/roscourse_ws/src/install/turtle_interfaces/share/turtle_interfaces/cmake/turtle_interfaces__rosidl_typesupport_cExport-noconfig.cmake
[7.849s] -- Installing: /home/yahboom/S24_RobotProgramming_eloquent/lab3/roscourse_ws/src/install/turtle_interfaces/share/turtle_interfaces/cmake/turtle_interfaces__rosidl_generator_cppExport.cmake
[7.849s] -- Installing: /home/yahboom/S24_RobotProgramming_eloquent/lab3/roscourse_ws/src/install/turtle_interfaces/share/turtle_interfaces/cmake/turtle_interfaces__rosidl_typesupport_introspection_cppExport.cmake
[7.850s] -- Installing: /home/yahboom/S24_RobotProgramming_eloquent/lab3/roscourse_ws/src/install/turtle_interfaces/share/turtle_interfaces/cmake/turtle_interfaces__rosidl_typesupport_introspection_cppExport-noconfig.cmake
[7.850s] -- Installing: /home/yahboom/S24_RobotProgramming_eloquent/lab3/roscourse_ws/src/install/turtle_interfaces/share/turtle_interfaces/cmake/turtle_interfaces__rosidl_typesupport_cppExport.cmake
[7.850s] -- Installing: /home/yahboom/S24_RobotProgramming_eloquent/lab3/roscourse_ws/src/install/turtle_interfaces/share/turtle_interfaces/cmake/turtle_interfaces__rosidl_typesupport_cppExport-noconfig.cmake
[7.850s] -- Installing: /home/yahboom/S24_RobotProgramming_eloquent/lab3/roscourse_ws/src/install/turtle_interfaces/share/turtle_interfaces/cmake/rosidl_cmake-extras.cmake
[7.850s] -- Installing: /home/yahboom/S24_RobotProgramming_eloquent/lab3/roscourse_ws/src/install/turtle_interfaces/share/turtle_interfaces/cmake/ament_cmake_export_dependencies-extras.cmake
[7.850s] -- Installing: /home/yahboom/S24_RobotProgramming_eloquent/lab3/roscourse_ws/src/install/turtle_interfaces/share/turtle_interfaces/cmake/ament_cmake_export_libraries-extras.cmake
[7.851s] -- Installing: /home/yahboom/S24_RobotProgramming_eloquent/lab3/roscourse_ws/src/install/turtle_interfaces/share/turtle_interfaces/cmake/ament_cmake_export_targets-extras.cmake
[7.851s] -- Installing: /home/yahboom/S24_RobotProgramming_eloquent/lab3/roscourse_ws/src/install/turtle_interfaces/share/turtle_interfaces/cmake/ament_cmake_export_include_directories-extras.cmake
[7.851s] -- Installing: /home/yahboom/S24_RobotProgramming_eloquent/lab3/roscourse_ws/src/install/turtle_interfaces/share/turtle_interfaces/cmake/rosidl_cmake_export_typesupport_libraries-extras.cmake
[7.851s] -- Installing: /home/yahboom/S24_RobotProgramming_eloquent/lab3/roscourse_ws/src/install/turtle_interfaces/share/turtle_interfaces/cmake/rosidl_cmake_export_typesupport_targets-extras.cmake
[7.851s] -- Installing: /home/yahboom/S24_RobotProgramming_eloquent/lab3/roscourse_ws/src/install/turtle_interfaces/share/turtle_interfaces/cmake/turtle_interfacesConfig.cmake
[7.851s] -- Installing: /home/yahboom/S24_RobotProgramming_eloquent/lab3/roscourse_ws/src/install/turtle_interfaces/share/turtle_interfaces/cmake/turtle_interfacesConfig-version.cmake
[7.851s] -- Installing: /home/yahboom/S24_RobotProgramming_eloquent/lab3/roscourse_ws/src/install/turtle_interfaces/share/turtle_interfaces/package.xml
[7.856s] Invoked command in '/home/yahboom/S24_RobotProgramming_eloquent/lab3/roscourse_ws/src/build/turtle_interfaces' returned '0': CMAKE_PREFIX_PATH=${CMAKE_PREFIX_PATH}:/home/yahboom/yahboomcar_ros2_ws/yahboomcar_ws/install/yahboomcar_voice_ctrl:/home/yahboom/yahboomcar_ros2_ws/yahboomcar_ws/install/yahboomcar_visual:/home/yahboom/yahboomcar_ros2_ws/yahboomcar_ws/install/yahboomcar_rviz:/home/yahboom/yahboomcar_ros2_ws/yahboomcar_ws/install/yahboomcar_nav:/home/yahboom/yahboomcar_ros2_ws/yahboomcar_ws/install/yahboomcar_multi:/home/yahboom/yahboomcar_ros2_ws/yahboomcar_ws/install/yahboomcar_mediapipe:/home/yahboom/yahboomcar_ros2_ws/yahboomcar_ws/install/yahboomcar_linefollow:/home/yahboom/yahboomcar_ros2_ws/yahboomcar_ws/install/yahboomcar_laser:/home/yahboom/yahboomcar_ros2_ws/yahboomcar_ws/install/yahboomcar_description_x1:/home/yahboom/yahboomcar_ros2_ws/yahboomcar_ws/install/yahboomcar_description:/home/yahboom/yahboomcar_ros2_ws/yahboomcar_ws/install/yahboomcar_ctrl:/home/yahboom/yahboomcar_ros2_ws/yahboomcar_ws/install/yahboomcar_bringup:/home/yahboom/yahboomcar_ros2_ws/yahboomcar_ws/install/yahboomcar_astra:/home/yahboom/yahboomcar_ros2_ws/yahboomcar_ws/install/robot_pose_publisher:/home/yahboom/yahboomcar_ros2_ws/yahboomcar_ws/install/laserscan_to_point_pulisher:/opt/ros/foxy /usr/bin/cmake --install /home/yahboom/S24_RobotProgramming_eloquent/lab3/roscourse_ws/src/build/turtle_interfaces
