[0.811s] Invoking command in '/home/yahboom/S24_RobotProgramming_eloquent/lab3/roscourse_ws/build/webcam': PYTHONPATH=/home/yahboom/S24_RobotProgramming_eloquent/lab3/roscourse_ws/build/webcam/prefix_override:/home/yahboom/S24_RobotProgramming_eloquent/lab3/roscourse_ws/install/webcam/lib/python3.8/site-packages:${PYTHONPATH} /usr/bin/python3 setup.py develop --uninstall --editable --build-directory /home/yahboom/S24_RobotProgramming_eloquent/lab3/roscourse_ws/build/webcam/build
[1.019s] running develop
[1.160s] Invoked command in '/home/yahboom/S24_RobotProgramming_eloquent/lab3/roscourse_ws/build/webcam' returned '0': PYTHONPATH=/home/yahboom/S24_RobotProgramming_eloquent/lab3/roscourse_ws/build/webcam/prefix_override:/home/yahboom/S24_RobotProgramming_eloquent/lab3/roscourse_ws/install/webcam/lib/python3.8/site-packages:${PYTHONPATH} /usr/bin/python3 setup.py develop --uninstall --editable --build-directory /home/yahboom/S24_RobotProgramming_eloquent/lab3/roscourse_ws/build/webcam/build
[1.163s] Invoking command in '/home/yahboom/S24_RobotProgramming_eloquent/lab3/roscourse_ws/src/webcam': PYTHONPATH=/home/yahboom/S24_RobotProgramming_eloquent/lab3/roscourse_ws/build/webcam/prefix_override:/home/yahboom/S24_RobotProgramming_eloquent/lab3/roscourse_ws/install/webcam/lib/python3.8/site-packages:${PYTHONPATH} /usr/bin/python3 setup.py egg_info --egg-base ../../build/webcam build --build-base /home/yahboom/S24_RobotProgramming_eloquent/lab3/roscourse_ws/build/webcam/build install --record /home/yahboom/S24_RobotProgramming_eloquent/lab3/roscourse_ws/build/webcam/install.log --install-scripts $base/lib/webcam --single-version-externally-managed
[1.322s] running egg_info
[1.322s] writing ../../build/webcam/webcam.egg-info/PKG-INFO
[1.323s] writing dependency_links to ../../build/webcam/webcam.egg-info/dependency_links.txt
[1.323s] writing entry points to ../../build/webcam/webcam.egg-info/entry_points.txt
[1.323s] writing requirements to ../../build/webcam/webcam.egg-info/requires.txt
[1.323s] writing top-level names to ../../build/webcam/webcam.egg-info/top_level.txt
[1.346s] reading manifest file '../../build/webcam/webcam.egg-info/SOURCES.txt'
[1.346s] writing manifest file '../../build/webcam/webcam.egg-info/SOURCES.txt'
[1.346s] running build
[1.346s] running build_py
[1.346s] running install
[1.347s] running install_lib
[1.348s] running install_data
[1.348s] running install_egg_info
[1.350s] removing '/home/yahboom/S24_RobotProgramming_eloquent/lab3/roscourse_ws/install/webcam/lib/python3.8/site-packages/webcam-0.0.0-py3.8.egg-info' (and everything under it)
[1.350s] Copying ../../build/webcam/webcam.egg-info to /home/yahboom/S24_RobotProgramming_eloquent/lab3/roscourse_ws/install/webcam/lib/python3.8/site-packages/webcam-0.0.0-py3.8.egg-info
[1.350s] running install_scripts
[1.364s] Installing webcam_pub script to /home/yahboom/S24_RobotProgramming_eloquent/lab3/roscourse_ws/install/webcam/lib/webcam
[1.364s] Installing webcam_sub script to /home/yahboom/S24_RobotProgramming_eloquent/lab3/roscourse_ws/install/webcam/lib/webcam
[1.365s] writing list of installed files to '/home/yahboom/S24_RobotProgramming_eloquent/lab3/roscourse_ws/build/webcam/install.log'
[1.387s] Invoked command in '/home/yahboom/S24_RobotProgramming_eloquent/lab3/roscourse_ws/src/webcam' returned '0': PYTHONPATH=/home/yahboom/S24_RobotProgramming_eloquent/lab3/roscourse_ws/build/webcam/prefix_override:/home/yahboom/S24_RobotProgramming_eloquent/lab3/roscourse_ws/install/webcam/lib/python3.8/site-packages:${PYTHONPATH} /usr/bin/python3 setup.py egg_info --egg-base ../../build/webcam build --build-base /home/yahboom/S24_RobotProgramming_eloquent/lab3/roscourse_ws/build/webcam/build install --record /home/yahboom/S24_RobotProgramming_eloquent/lab3/roscourse_ws/build/webcam/install.log --install-scripts $base/lib/webcam --single-version-externally-managed
