[1.329s] Invoking command in '/home/yahboom/S24_RobotProgramming_eloquent/lab3/roscourse_ws/src/teleop_twist_keyboard': PYTHONPATH=/home/yahboom/S24_RobotProgramming_eloquent/lab3/roscourse_ws/src/build/teleop_twist_keyboard/prefix_override:/home/yahboom/S24_RobotProgramming_eloquent/lab3/roscourse_ws/src/install/teleop_twist_keyboard/lib/python3.8/site-packages:${PYTHONPATH} /usr/bin/python3 setup.py egg_info --egg-base ../build/teleop_twist_keyboard build --build-base /home/yahboom/S24_RobotProgramming_eloquent/lab3/roscourse_ws/src/build/teleop_twist_keyboard/build install --record /home/yahboom/S24_RobotProgramming_eloquent/lab3/roscourse_ws/src/build/teleop_twist_keyboard/install.log --single-version-externally-managed
[1.578s] running egg_info
[1.578s] writing ../build/teleop_twist_keyboard/teleop_twist_keyboard.egg-info/PKG-INFO
[1.579s] writing dependency_links to ../build/teleop_twist_keyboard/teleop_twist_keyboard.egg-info/dependency_links.txt
[1.579s] writing entry points to ../build/teleop_twist_keyboard/teleop_twist_keyboard.egg-info/entry_points.txt
[1.579s] writing requirements to ../build/teleop_twist_keyboard/teleop_twist_keyboard.egg-info/requires.txt
[1.579s] writing top-level names to ../build/teleop_twist_keyboard/teleop_twist_keyboard.egg-info/top_level.txt
[1.626s] reading manifest file '../build/teleop_twist_keyboard/teleop_twist_keyboard.egg-info/SOURCES.txt'
[1.626s] writing manifest file '../build/teleop_twist_keyboard/teleop_twist_keyboard.egg-info/SOURCES.txt'
[1.626s] running build
[1.626s] running build_py
[1.626s] copying teleop_twist_keyboard.py -> /home/yahboom/S24_RobotProgramming_eloquent/lab3/roscourse_ws/src/build/teleop_twist_keyboard/build/lib
[1.626s] running install
[1.626s] running install_lib
[1.626s] copying /home/yahboom/S24_RobotProgramming_eloquent/lab3/roscourse_ws/src/build/teleop_twist_keyboard/build/lib/teleop_twist_keyboard.py -> /home/yahboom/S24_RobotProgramming_eloquent/lab3/roscourse_ws/src/install/teleop_twist_keyboard/lib/python3.8/site-packages
[1.627s] byte-compiling /home/yahboom/S24_RobotProgramming_eloquent/lab3/roscourse_ws/src/install/teleop_twist_keyboard/lib/python3.8/site-packages/teleop_twist_keyboard.py to teleop_twist_keyboard.cpython-38.pyc
[1.629s] running install_data
[1.630s] running install_egg_info
[1.632s] removing '/home/yahboom/S24_RobotProgramming_eloquent/lab3/roscourse_ws/src/install/teleop_twist_keyboard/lib/python3.8/site-packages/teleop_twist_keyboard-2.3.2-py3.8.egg-info' (and everything under it)
[1.632s] Copying ../build/teleop_twist_keyboard/teleop_twist_keyboard.egg-info to /home/yahboom/S24_RobotProgramming_eloquent/lab3/roscourse_ws/src/install/teleop_twist_keyboard/lib/python3.8/site-packages/teleop_twist_keyboard-2.3.2-py3.8.egg-info
[1.636s] running install_scripts
[1.649s] Installing teleop_twist_keyboard script to /home/yahboom/S24_RobotProgramming_eloquent/lab3/roscourse_ws/src/install/teleop_twist_keyboard/lib/teleop_twist_keyboard
[1.652s] writing list of installed files to '/home/yahboom/S24_RobotProgramming_eloquent/lab3/roscourse_ws/src/build/teleop_twist_keyboard/install.log'
[1.673s] Invoked command in '/home/yahboom/S24_RobotProgramming_eloquent/lab3/roscourse_ws/src/teleop_twist_keyboard' returned '0': PYTHONPATH=/home/yahboom/S24_RobotProgramming_eloquent/lab3/roscourse_ws/src/build/teleop_twist_keyboard/prefix_override:/home/yahboom/S24_RobotProgramming_eloquent/lab3/roscourse_ws/src/install/teleop_twist_keyboard/lib/python3.8/site-packages:${PYTHONPATH} /usr/bin/python3 setup.py egg_info --egg-base ../build/teleop_twist_keyboard build --build-base /home/yahboom/S24_RobotProgramming_eloquent/lab3/roscourse_ws/src/build/teleop_twist_keyboard/build install --record /home/yahboom/S24_RobotProgramming_eloquent/lab3/roscourse_ws/src/build/teleop_twist_keyboard/install.log --single-version-externally-managed
