[2.227s] Invoking command in '/home/yahboom/S24_RobotProgramming_eloquent/Lab6/roscourse_sim_ws/src/my_robot': PYTHONPATH=/home/yahboom/S24_RobotProgramming_eloquent/Lab6/roscourse_sim_ws/build/my_robot/prefix_override:/home/yahboom/S24_RobotProgramming_eloquent/Lab6/roscourse_sim_ws/install/my_robot/lib/python3.8/site-packages:${PYTHONPATH} /usr/bin/python3 setup.py egg_info --egg-base ../../build/my_robot build --build-base /home/yahboom/S24_RobotProgramming_eloquent/Lab6/roscourse_sim_ws/build/my_robot/build install --record /home/yahboom/S24_RobotProgramming_eloquent/Lab6/roscourse_sim_ws/build/my_robot/install.log --install-scripts $base/lib/my_robot --single-version-externally-managed
[4.662s] running egg_info
[4.711s] writing ../../build/my_robot/my_robot.egg-info/PKG-INFO
[4.712s] writing dependency_links to ../../build/my_robot/my_robot.egg-info/dependency_links.txt
[4.718s] writing entry points to ../../build/my_robot/my_robot.egg-info/entry_points.txt
[4.721s] writing requirements to ../../build/my_robot/my_robot.egg-info/requires.txt
[4.769s] writing top-level names to ../../build/my_robot/my_robot.egg-info/top_level.txt
[4.899s] reading manifest file '../../build/my_robot/my_robot.egg-info/SOURCES.txt'
[4.902s] writing manifest file '../../build/my_robot/my_robot.egg-info/SOURCES.txt'
[4.920s] running build
[4.923s] running build_py
[4.930s] running install
[4.932s] running install_lib
[4.933s] running install_data
[4.933s] copying urdf/my_robot.urdf -> /home/yahboom/S24_RobotProgramming_eloquent/Lab6/roscourse_sim_ws/install/my_robot/share/my_robot
[4.936s] running install_egg_info
[4.937s] removing '/home/yahboom/S24_RobotProgramming_eloquent/Lab6/roscourse_sim_ws/install/my_robot/lib/python3.8/site-packages/my_robot-0.0.0-py3.8.egg-info' (and everything under it)
[5.016s] Copying ../../build/my_robot/my_robot.egg-info to /home/yahboom/S24_RobotProgramming_eloquent/Lab6/roscourse_sim_ws/install/my_robot/lib/python3.8/site-packages/my_robot-0.0.0-py3.8.egg-info
[5.123s] running install_scripts
[5.273s] writing list of installed files to '/home/yahboom/S24_RobotProgramming_eloquent/Lab6/roscourse_sim_ws/build/my_robot/install.log'
[5.873s] Invoked command in '/home/yahboom/S24_RobotProgramming_eloquent/Lab6/roscourse_sim_ws/src/my_robot' returned '0': PYTHONPATH=/home/yahboom/S24_RobotProgramming_eloquent/Lab6/roscourse_sim_ws/build/my_robot/prefix_override:/home/yahboom/S24_RobotProgramming_eloquent/Lab6/roscourse_sim_ws/install/my_robot/lib/python3.8/site-packages:${PYTHONPATH} /usr/bin/python3 setup.py egg_info --egg-base ../../build/my_robot build --build-base /home/yahboom/S24_RobotProgramming_eloquent/Lab6/roscourse_sim_ws/build/my_robot/build install --record /home/yahboom/S24_RobotProgramming_eloquent/Lab6/roscourse_sim_ws/build/my_robot/install.log --install-scripts $base/lib/my_robot --single-version-externally-managed
