[1.556s] Invoking command in '/home/yahboom/S24_RobotProgramming_eloquent/Lab3/roscourse_ws/src/python_turtle': AMENT_PREFIX_PATH=/home/yahboom/S24_RobotProgramming_eloquent/Lab3/roscourse_ws/install/turtle_interfaces:${AMENT_PREFIX_PATH} CMAKE_PREFIX_PATH=/home/yahboom/S24_RobotProgramming_eloquent/Lab3/roscourse_ws/install/turtle_interfaces:${CMAKE_PREFIX_PATH} LD_LIBRARY_PATH=/home/yahboom/S24_RobotProgramming_eloquent/Lab3/roscourse_ws/install/turtle_interfaces/lib:${LD_LIBRARY_PATH} PYTHONPATH=/home/yahboom/S24_RobotProgramming_eloquent/Lab3/roscourse_ws/build/python_turtle/prefix_override:/home/yahboom/S24_RobotProgramming_eloquent/Lab3/roscourse_ws/install/python_turtle/lib/python3.8/site-packages:/home/yahboom/S24_RobotProgramming_eloquent/Lab3/roscourse_ws/install/turtle_interfaces/lib/python3.8/site-packages:${PYTHONPATH} /usr/bin/python3 setup.py egg_info --egg-base ../../build/python_turtle build --build-base /home/yahboom/S24_RobotProgramming_eloquent/Lab3/roscourse_ws/build/python_turtle/build install --record /home/yahboom/S24_RobotProgramming_eloquent/Lab3/roscourse_ws/build/python_turtle/install.log --install-scripts $base/lib/python_turtle --single-version-externally-managed
[1.920s] running egg_info
[1.920s] writing ../../build/python_turtle/python_turtle.egg-info/PKG-INFO
[1.922s] writing dependency_links to ../../build/python_turtle/python_turtle.egg-info/dependency_links.txt
[1.923s] writing entry points to ../../build/python_turtle/python_turtle.egg-info/entry_points.txt
[1.923s] writing requirements to ../../build/python_turtle/python_turtle.egg-info/requires.txt
[1.923s] writing top-level names to ../../build/python_turtle/python_turtle.egg-info/top_level.txt
[1.975s] reading manifest file '../../build/python_turtle/python_turtle.egg-info/SOURCES.txt'
[1.976s] writing manifest file '../../build/python_turtle/python_turtle.egg-info/SOURCES.txt'
[1.977s] running build
[1.977s] running build_py
[1.977s] running install
[1.978s] running install_lib
[1.984s] running install_data
[1.984s] running install_egg_info
[1.984s] removing '/home/yahboom/S24_RobotProgramming_eloquent/Lab3/roscourse_ws/install/python_turtle/lib/python3.8/site-packages/python_turtle-0.0.0-py3.8.egg-info' (and everything under it)
[1.985s] Copying ../../build/python_turtle/python_turtle.egg-info to /home/yahboom/S24_RobotProgramming_eloquent/Lab3/roscourse_ws/install/python_turtle/lib/python3.8/site-packages/python_turtle-0.0.0-py3.8.egg-info
[1.987s] running install_scripts
[2.014s] Installing service_client script to /home/yahboom/S24_RobotProgramming_eloquent/Lab3/roscourse_ws/install/python_turtle/lib/python_turtle
[2.015s] Installing turtlebot_client script to /home/yahboom/S24_RobotProgramming_eloquent/Lab3/roscourse_ws/install/python_turtle/lib/python_turtle
[2.015s] Installing turtlebot_server script to /home/yahboom/S24_RobotProgramming_eloquent/Lab3/roscourse_ws/install/python_turtle/lib/python_turtle
[2.016s] writing list of installed files to '/home/yahboom/S24_RobotProgramming_eloquent/Lab3/roscourse_ws/build/python_turtle/install.log'
[2.055s] Invoked command in '/home/yahboom/S24_RobotProgramming_eloquent/Lab3/roscourse_ws/src/python_turtle' returned '0': AMENT_PREFIX_PATH=/home/yahboom/S24_RobotProgramming_eloquent/Lab3/roscourse_ws/install/turtle_interfaces:${AMENT_PREFIX_PATH} CMAKE_PREFIX_PATH=/home/yahboom/S24_RobotProgramming_eloquent/Lab3/roscourse_ws/install/turtle_interfaces:${CMAKE_PREFIX_PATH} LD_LIBRARY_PATH=/home/yahboom/S24_RobotProgramming_eloquent/Lab3/roscourse_ws/install/turtle_interfaces/lib:${LD_LIBRARY_PATH} PYTHONPATH=/home/yahboom/S24_RobotProgramming_eloquent/Lab3/roscourse_ws/build/python_turtle/prefix_override:/home/yahboom/S24_RobotProgramming_eloquent/Lab3/roscourse_ws/install/python_turtle/lib/python3.8/site-packages:/home/yahboom/S24_RobotProgramming_eloquent/Lab3/roscourse_ws/install/turtle_interfaces/lib/python3.8/site-packages:${PYTHONPATH} /usr/bin/python3 setup.py egg_info --egg-base ../../build/python_turtle build --build-base /home/yahboom/S24_RobotProgramming_eloquent/Lab3/roscourse_ws/build/python_turtle/build install --record /home/yahboom/S24_RobotProgramming_eloquent/Lab3/roscourse_ws/build/python_turtle/install.log --install-scripts $base/lib/python_turtle --single-version-externally-managed
