[0.740s] Invoking command in '/home/yahboom/S24_RobotProgramming_eloquent/lab3/roscourse_ws/build/webcam': PYTHONPATH=/home/yahboom/S24_RobotProgramming_eloquent/lab3/roscourse_ws/build/webcam/prefix_override:/home/yahboom/S24_RobotProgramming_eloquent/lab3/roscourse_ws/install/webcam/lib/python3.8/site-packages:${PYTHONPATH} /usr/bin/python3 setup.py develop --editable --build-directory /home/yahboom/S24_RobotProgramming_eloquent/lab3/roscourse_ws/build/webcam/build --no-deps install_data
[0.934s] running develop
[1.050s] running egg_info
[1.050s] creating webcam.egg-info
[1.050s] writing webcam.egg-info/PKG-INFO
[1.050s] writing dependency_links to webcam.egg-info/dependency_links.txt
[1.050s] writing entry points to webcam.egg-info/entry_points.txt
[1.050s] writing requirements to webcam.egg-info/requires.txt
[1.050s] writing top-level names to webcam.egg-info/top_level.txt
[1.057s] writing manifest file 'webcam.egg-info/SOURCES.txt'
[1.098s] reading manifest file 'webcam.egg-info/SOURCES.txt'
[1.098s] writing manifest file 'webcam.egg-info/SOURCES.txt'
[1.126s] running build_ext
[1.127s] Creating /home/yahboom/S24_RobotProgramming_eloquent/lab3/roscourse_ws/install/webcam/lib/python3.8/site-packages/site.py
[1.129s] Creating /home/yahboom/S24_RobotProgramming_eloquent/lab3/roscourse_ws/install/webcam/lib/python3.8/site-packages/webcam.egg-link (link to .)
[1.129s] Installing webcam_pub = webcam.cam_pub:mainwebcam_sub script to /home/yahboom/S24_RobotProgramming_eloquent/lab3/roscourse_ws/install/webcam/lib/webcam
[1.130s] 
[1.130s] Installed /home/yahboom/S24_RobotProgramming_eloquent/lab3/roscourse_ws/build/webcam
[1.130s] running install_data
[1.130s] creating /home/yahboom/S24_RobotProgramming_eloquent/lab3/roscourse_ws/install/webcam/share/ament_index
[1.130s] creating /home/yahboom/S24_RobotProgramming_eloquent/lab3/roscourse_ws/install/webcam/share/ament_index/resource_index
[1.130s] creating /home/yahboom/S24_RobotProgramming_eloquent/lab3/roscourse_ws/install/webcam/share/ament_index/resource_index/packages
[1.130s] copying resource/webcam -> /home/yahboom/S24_RobotProgramming_eloquent/lab3/roscourse_ws/install/webcam/share/ament_index/resource_index/packages
[1.130s] copying package.xml -> /home/yahboom/S24_RobotProgramming_eloquent/lab3/roscourse_ws/install/webcam/share/webcam
[1.149s] Invoked command in '/home/yahboom/S24_RobotProgramming_eloquent/lab3/roscourse_ws/build/webcam' returned '0': PYTHONPATH=/home/yahboom/S24_RobotProgramming_eloquent/lab3/roscourse_ws/build/webcam/prefix_override:/home/yahboom/S24_RobotProgramming_eloquent/lab3/roscourse_ws/install/webcam/lib/python3.8/site-packages:${PYTHONPATH} /usr/bin/python3 setup.py develop --editable --build-directory /home/yahboom/S24_RobotProgramming_eloquent/lab3/roscourse_ws/build/webcam/build --no-deps install_data
